running develop
running egg_info
creating clearrun_ugv.egg-info
writing clearrun_ugv.egg-info/PKG-INFO
writing dependency_links to clearrun_ugv.egg-info/dependency_links.txt
writing entry points to clearrun_ugv.egg-info/entry_points.txt
writing requirements to clearrun_ugv.egg-info/requires.txt
writing top-level names to clearrun_ugv.egg-info/top_level.txt
writing manifest file 'clearrun_ugv.egg-info/SOURCES.txt'
reading manifest file 'clearrun_ugv.egg-info/SOURCES.txt'
writing manifest file 'clearrun_ugv.egg-info/SOURCES.txt'
running build_ext
Creating /home/gondal/Clear-Run/install/clearrun_ugv/lib/python3.12/site-packages/clearrun-ugv.egg-link (link to .)
Installing fod_retriever script to /home/gondal/Clear-Run/install/clearrun_ugv/lib/clearrun_ugv
Installing navigation_client script to /home/gondal/Clear-Run/install/clearrun_ugv/lib/clearrun_ugv
Installing scoop_controller script to /home/gondal/Clear-Run/install/clearrun_ugv/lib/clearrun_ugv

Installed /home/gondal/Clear-Run/build/clearrun_ugv
running symlink_data
creating /home/gondal/Clear-Run/install/clearrun_ugv/share/ament_index
creating /home/gondal/Clear-Run/install/clearrun_ugv/share/ament_index/resource_index
creating /home/gondal/Clear-Run/install/clearrun_ugv/share/ament_index/resource_index/packages
symbolically linking /home/gondal/Clear-Run/build/clearrun_ugv/resource/clearrun_ugv -> /home/gondal/Clear-Run/install/clearrun_ugv/share/ament_index/resource_index/packages
symbolically linking /home/gondal/Clear-Run/build/clearrun_ugv/package.xml -> /home/gondal/Clear-Run/install/clearrun_ugv/share/clearrun_ugv
creating /home/gondal/Clear-Run/install/clearrun_ugv/share/clearrun_ugv/launch
symbolically linking /home/gondal/Clear-Run/build/clearrun_ugv/launch/ugv.launch.py -> /home/gondal/Clear-Run/install/clearrun_ugv/share/clearrun_ugv/launch
creating /home/gondal/Clear-Run/install/clearrun_ugv/share/clearrun_ugv/config
symbolically linking /home/gondal/Clear-Run/build/clearrun_ugv/config/scoop.yaml -> /home/gondal/Clear-Run/install/clearrun_ugv/share/clearrun_ugv/config
symbolically linking /home/gondal/Clear-Run/build/clearrun_ugv/config/retriever.yaml -> /home/gondal/Clear-Run/install/clearrun_ugv/share/clearrun_ugv/config
symbolically linking /home/gondal/Clear-Run/build/clearrun_ugv/config/nav2_params.yaml -> /home/gondal/Clear-Run/install/clearrun_ugv/share/clearrun_ugv/config
creating /home/gondal/Clear-Run/install/clearrun_ugv/share/clearrun_ugv/maps
