running develop
running egg_info
creating clearrun_bringup.egg-info
writing clearrun_bringup.egg-info/PKG-INFO
writing dependency_links to clearrun_bringup.egg-info/dependency_links.txt
writing requirements to clearrun_bringup.egg-info/requires.txt
writing top-level names to clearrun_bringup.egg-info/top_level.txt
writing manifest file 'clearrun_bringup.egg-info/SOURCES.txt'
reading manifest file 'clearrun_bringup.egg-info/SOURCES.txt'
writing manifest file 'clearrun_bringup.egg-info/SOURCES.txt'
running build_ext
Creating /home/gondal/Clear-Run/install/clearrun_bringup/lib/python3.12/site-packages/clearrun-bringup.egg-link (link to .)

Installed /home/gondal/Clear-Run/build/clearrun_bringup
running symlink_data
creating /home/gondal/Clear-Run/install/clearrun_bringup/share/ament_index
creating /home/gondal/Clear-Run/install/clearrun_bringup/share/ament_index/resource_index
creating /home/gondal/Clear-Run/install/clearrun_bringup/share/ament_index/resource_index/packages
symbolically linking /home/gondal/Clear-Run/build/clearrun_bringup/resource/clearrun_bringup -> /home/gondal/Clear-Run/install/clearrun_bringup/share/ament_index/resource_index/packages
symbolically linking /home/gondal/Clear-Run/build/clearrun_bringup/package.xml -> /home/gondal/Clear-Run/install/clearrun_bringup/share/clearrun_bringup
creating /home/gondal/Clear-Run/install/clearrun_bringup/share/clearrun_bringup/launch
symbolically linking /home/gondal/Clear-Run/build/clearrun_bringup/launch/clearrun_full.launch.py -> /home/gondal/Clear-Run/install/clearrun_bringup/share/clearrun_bringup/launch
symbolically linking /home/gondal/Clear-Run/build/clearrun_bringup/launch/simulation.launch.py -> /home/gondal/Clear-Run/install/clearrun_bringup/share/clearrun_bringup/launch
creating /home/gondal/Clear-Run/install/clearrun_bringup/share/clearrun_bringup/config
creating /home/gondal/Clear-Run/install/clearrun_bringup/share/clearrun_bringup/rviz
symbolically linking /home/gondal/Clear-Run/build/clearrun_bringup/rviz/clearrun.rviz -> /home/gondal/Clear-Run/install/clearrun_bringup/share/clearrun_bringup/rviz
