[0.021s] Invoking command in '/home/gondal/Clear-Run/build/clearrun_msgs': CMAKE_PREFIX_PATH=${CMAKE_PREFIX_PATH}:/opt/ros/jazzy DEBUGINFOD_URLS=https://debuginfod.ubuntu.com VIRTUAL_ENV_PROMPT=(venv-ardupilot) /usr/bin/cmake --build /home/gondal/Clear-Run/build/clearrun_msgs -- -j8 -l8
[0.085s] -- Found ament_cmake: 2.5.4 (/opt/ros/jazzy/share/ament_cmake/cmake)
[0.131s] -- Found Python3: /home/gondal/venv-ardupilot/bin/python3 (found version "3.12.3") found components: Interpreter 
[0.252s] -- Override CMake install command with custom implementation using symlinks instead of copying resources
[0.278s] -- Found std_msgs: 5.3.6 (/opt/ros/jazzy/share/std_msgs/cmake)
[0.343s] -- Found rosidl_generator_c: 4.6.6 (/opt/ros/jazzy/share/rosidl_generator_c/cmake)
[0.359s] -- Found rosidl_generator_cpp: 4.6.6 (/opt/ros/jazzy/share/rosidl_generator_cpp/cmake)
[0.385s] -- Using all available rosidl_typesupport_c: rosidl_typesupport_fastrtps_c;rosidl_typesupport_introspection_c
[0.416s] -- Using all available rosidl_typesupport_cpp: rosidl_typesupport_fastrtps_cpp;rosidl_typesupport_introspection_cpp
[0.461s] -- Found geometry_msgs: 5.3.6 (/opt/ros/jazzy/share/geometry_msgs/cmake)
[0.484s] -- Found sensor_msgs: 5.3.6 (/opt/ros/jazzy/share/sensor_msgs/cmake)
[0.552s] -- Found rosidl_default_generators: 1.6.0 (/opt/ros/jazzy/share/rosidl_default_generators/cmake)
[0.569s] -- Found rosidl_adapter: 4.6.6 (/opt/ros/jazzy/share/rosidl_adapter/cmake)
[1.089s] -- Found ament_cmake_ros: 0.12.0 (/opt/ros/jazzy/share/ament_cmake_ros/cmake)
[1.628s] -- Using all available rosidl_typesupport_c: rosidl_typesupport_fastrtps_c;rosidl_typesupport_introspection_c
[1.840s] -- Using all available rosidl_typesupport_cpp: rosidl_typesupport_fastrtps_cpp;rosidl_typesupport_introspection_cpp
[1.844s] -- Found python_cmake_module: 0.11.1 (/opt/ros/jazzy/share/python_cmake_module/cmake)
[2.317s] -- Found Python3: /home/gondal/venv-ardupilot/bin/python3 (found version "3.12.3") found components: Interpreter Development NumPy Development.Module Development.Embed 
[2.403s] -- Found ament_lint_auto: 0.17.3 (/opt/ros/jazzy/share/ament_lint_auto/cmake)
[2.435s] -- Added test 'copyright' to check source files copyright and LICENSE
[2.439s] -- Added test 'lint_cmake' to check CMake code style
[2.441s] -- Added test 'xmllint' to check XML markup files
[2.450s] -- Configuring done (2.4s)
[2.549s] -- Generating done (0.1s)
[2.569s] -- Build files have been written to: /home/gondal/Clear-Run/build/clearrun_msgs
[2.633s] [  1%] Built target clearrun_msgs__rosidl_generator_type_description
[2.652s] [  1%] Built target ament_cmake_python_symlink_clearrun_msgs
[2.681s] [  3%] Built target clearrun_msgs__cpp
[2.695s] [ 25%] Built target clearrun_msgs__rosidl_generator_c
[2.785s] [ 34%] Built target clearrun_msgs__rosidl_typesupport_introspection_c
[2.790s] [ 43%] Built target clearrun_msgs__rosidl_typesupport_cpp
[2.797s] [ 59%] Built target clearrun_msgs__rosidl_typesupport_c
[2.797s] [ 62%] Built target clearrun_msgs__rosidl_typesupport_fastrtps_cpp
[2.798s] [ 71%] Built target clearrun_msgs__rosidl_typesupport_fastrtps_c
[2.809s] [ 81%] Built target clearrun_msgs__rosidl_typesupport_introspection_cpp
[2.865s] [ 81%] Built target clearrun_msgs
[2.925s] [ 82%] Built target clearrun_msgs__py
[3.012s] [ 90%] Built target clearrun_msgs__rosidl_generator_py
[3.087s] [ 93%] Built target clearrun_msgs_s__rosidl_typesupport_introspection_c
[3.097s] [ 96%] Built target clearrun_msgs_s__rosidl_typesupport_fastrtps_c
[3.101s] [100%] Built target clearrun_msgs_s__rosidl_typesupport_c
[3.451s] running egg_info
[3.522s] writing clearrun_msgs.egg-info/PKG-INFO
[3.523s] writing dependency_links to clearrun_msgs.egg-info/dependency_links.txt
[3.524s] writing top-level names to clearrun_msgs.egg-info/top_level.txt
[3.786s] reading manifest file 'clearrun_msgs.egg-info/SOURCES.txt'
[3.793s] writing manifest file 'clearrun_msgs.egg-info/SOURCES.txt'
[3.864s] [100%] Built target ament_cmake_python_build_clearrun_msgs_egg
[3.892s] Invoked command in '/home/gondal/Clear-Run/build/clearrun_msgs' returned '0': CMAKE_PREFIX_PATH=${CMAKE_PREFIX_PATH}:/opt/ros/jazzy DEBUGINFOD_URLS=https://debuginfod.ubuntu.com VIRTUAL_ENV_PROMPT=(venv-ardupilot) /usr/bin/cmake --build /home/gondal/Clear-Run/build/clearrun_msgs -- -j8 -l8
[3.916s] Invoking command in '/home/gondal/Clear-Run/build/clearrun_msgs': CMAKE_PREFIX_PATH=${CMAKE_PREFIX_PATH}:/opt/ros/jazzy DEBUGINFOD_URLS=https://debuginfod.ubuntu.com VIRTUAL_ENV_PROMPT=(venv-ardupilot) /usr/bin/cmake --install /home/gondal/Clear-Run/build/clearrun_msgs
[3.935s] -- Install configuration: ""
[3.937s] -- Execute custom install script
[3.938s] -- Up-to-date symlink: /home/gondal/Clear-Run/install/clearrun_msgs/share/ament_index/resource_index/rosidl_interfaces/clearrun_msgs
[3.938s] -- Up-to-date symlink: /home/gondal/Clear-Run/install/clearrun_msgs/share/clearrun_msgs/msg/FodLocation.json
[3.939s] -- Up-to-date symlink: /home/gondal/Clear-Run/install/clearrun_msgs/share/clearrun_msgs/msg/FodArray.json
[3.939s] -- Up-to-date symlink: /home/gondal/Clear-Run/install/clearrun_msgs/share/clearrun_msgs/msg/ScoopCommand.json
[3.940s] -- Up-to-date symlink: /home/gondal/Clear-Run/install/clearrun_msgs/share/clearrun_msgs/msg/ScoopStatus.json
[3.942s] -- Up-to-date symlink: /home/gondal/Clear-Run/install/clearrun_msgs/include/clearrun_msgs/clearrun_msgs/msg/detail/fod_array__functions.h
[3.943s] -- Up-to-date symlink: /home/gondal/Clear-Run/install/clearrun_msgs/include/clearrun_msgs/clearrun_msgs/msg/detail/fod_array__struct.h
[3.943s] -- Up-to-date symlink: /home/gondal/Clear-Run/install/clearrun_msgs/include/clearrun_msgs/clearrun_msgs/msg/detail/fod_array__type_support.h
[3.944s] -- Up-to-date symlink: /home/gondal/Clear-Run/install/clearrun_msgs/include/clearrun_msgs/clearrun_msgs/msg/detail/fod_location__functions.h
[3.945s] -- Up-to-date symlink: /home/gondal/Clear-Run/install/clearrun_msgs/include/clearrun_msgs/clearrun_msgs/msg/detail/fod_location__struct.h
[3.945s] -- Up-to-date symlink: /home/gondal/Clear-Run/install/clearrun_msgs/include/clearrun_msgs/clearrun_msgs/msg/detail/fod_location__type_support.h
[3.946s] -- Up-to-date symlink: /home/gondal/Clear-Run/install/clearrun_msgs/include/clearrun_msgs/clearrun_msgs/msg/detail/scoop_command__functions.h
[3.946s] -- Up-to-date symlink: /home/gondal/Clear-Run/install/clearrun_msgs/include/clearrun_msgs/clearrun_msgs/msg/detail/scoop_command__struct.h
[3.947s] -- Up-to-date symlink: /home/gondal/Clear-Run/install/clearrun_msgs/include/clearrun_msgs/clearrun_msgs/msg/detail/scoop_command__type_support.h
[3.948s] -- Up-to-date symlink: /home/gondal/Clear-Run/install/clearrun_msgs/include/clearrun_msgs/clearrun_msgs/msg/detail/scoop_status__functions.h
[3.948s] -- Up-to-date symlink: /home/gondal/Clear-Run/install/clearrun_msgs/include/clearrun_msgs/clearrun_msgs/msg/detail/scoop_status__struct.h
[3.949s] -- Up-to-date symlink: /home/gondal/Clear-Run/install/clearrun_msgs/include/clearrun_msgs/clearrun_msgs/msg/detail/scoop_status__type_support.h
[3.950s] -- Up-to-date symlink: /home/gondal/Clear-Run/install/clearrun_msgs/include/clearrun_msgs/clearrun_msgs/msg/fod_array.h
[3.950s] -- Up-to-date symlink: /home/gondal/Clear-Run/install/clearrun_msgs/include/clearrun_msgs/clearrun_msgs/msg/fod_location.h
[3.951s] -- Up-to-date symlink: /home/gondal/Clear-Run/install/clearrun_msgs/include/clearrun_msgs/clearrun_msgs/msg/rosidl_generator_c__visibility_control.h
[3.951s] -- Up-to-date symlink: /home/gondal/Clear-Run/install/clearrun_msgs/include/clearrun_msgs/clearrun_msgs/msg/scoop_command.h
[3.951s] -- Up-to-date symlink: /home/gondal/Clear-Run/install/clearrun_msgs/include/clearrun_msgs/clearrun_msgs/msg/scoop_status.h
[3.952s] -- Up-to-date symlink: /home/gondal/Clear-Run/install/clearrun_msgs/share/clearrun_msgs/environment/library_path.sh
[3.952s] -- Up-to-date symlink: /home/gondal/Clear-Run/install/clearrun_msgs/share/clearrun_msgs/environment/library_path.dsv
[3.954s] -- Up-to-date symlink: /home/gondal/Clear-Run/install/clearrun_msgs/include/clearrun_msgs/clearrun_msgs/msg/detail/fod_array__rosidl_typesupport_fastrtps_c.h
[3.955s] -- Up-to-date symlink: /home/gondal/Clear-Run/install/clearrun_msgs/include/clearrun_msgs/clearrun_msgs/msg/detail/fod_location__rosidl_typesupport_fastrtps_c.h
[3.955s] -- Up-to-date symlink: /home/gondal/Clear-Run/install/clearrun_msgs/include/clearrun_msgs/clearrun_msgs/msg/detail/scoop_command__rosidl_typesupport_fastrtps_c.h
[3.957s] -- Up-to-date symlink: /home/gondal/Clear-Run/install/clearrun_msgs/include/clearrun_msgs/clearrun_msgs/msg/detail/scoop_status__rosidl_typesupport_fastrtps_c.h
[3.957s] -- Up-to-date symlink: /home/gondal/Clear-Run/install/clearrun_msgs/include/clearrun_msgs/clearrun_msgs/msg/rosidl_typesupport_fastrtps_c__visibility_control.h
[3.959s] -- Up-to-date symlink: /home/gondal/Clear-Run/install/clearrun_msgs/include/clearrun_msgs/clearrun_msgs/msg/detail/fod_array__builder.hpp
[3.960s] -- Up-to-date symlink: /home/gondal/Clear-Run/install/clearrun_msgs/include/clearrun_msgs/clearrun_msgs/msg/detail/fod_array__struct.hpp
[3.961s] -- Up-to-date symlink: /home/gondal/Clear-Run/install/clearrun_msgs/include/clearrun_msgs/clearrun_msgs/msg/detail/fod_array__traits.hpp
[3.961s] -- Up-to-date symlink: /home/gondal/Clear-Run/install/clearrun_msgs/include/clearrun_msgs/clearrun_msgs/msg/detail/fod_array__type_support.hpp
[3.962s] -- Up-to-date symlink: /home/gondal/Clear-Run/install/clearrun_msgs/include/clearrun_msgs/clearrun_msgs/msg/detail/fod_location__builder.hpp
[3.963s] -- Up-to-date symlink: /home/gondal/Clear-Run/install/clearrun_msgs/include/clearrun_msgs/clearrun_msgs/msg/detail/fod_location__struct.hpp
[3.963s] -- Up-to-date symlink: /home/gondal/Clear-Run/install/clearrun_msgs/include/clearrun_msgs/clearrun_msgs/msg/detail/fod_location__traits.hpp
[3.964s] -- Up-to-date symlink: /home/gondal/Clear-Run/install/clearrun_msgs/include/clearrun_msgs/clearrun_msgs/msg/detail/fod_location__type_support.hpp
[3.964s] -- Up-to-date symlink: /home/gondal/Clear-Run/install/clearrun_msgs/include/clearrun_msgs/clearrun_msgs/msg/detail/scoop_command__builder.hpp
[3.965s] -- Up-to-date symlink: /home/gondal/Clear-Run/install/clearrun_msgs/include/clearrun_msgs/clearrun_msgs/msg/detail/scoop_command__struct.hpp
[3.965s] -- Up-to-date symlink: /home/gondal/Clear-Run/install/clearrun_msgs/include/clearrun_msgs/clearrun_msgs/msg/detail/scoop_command__traits.hpp
[3.966s] -- Up-to-date symlink: /home/gondal/Clear-Run/install/clearrun_msgs/include/clearrun_msgs/clearrun_msgs/msg/detail/scoop_command__type_support.hpp
[3.966s] -- Up-to-date symlink: /home/gondal/Clear-Run/install/clearrun_msgs/include/clearrun_msgs/clearrun_msgs/msg/detail/scoop_status__builder.hpp
[3.967s] -- Up-to-date symlink: /home/gondal/Clear-Run/install/clearrun_msgs/include/clearrun_msgs/clearrun_msgs/msg/detail/scoop_status__struct.hpp
[3.967s] -- Up-to-date symlink: /home/gondal/Clear-Run/install/clearrun_msgs/include/clearrun_msgs/clearrun_msgs/msg/detail/scoop_status__traits.hpp
[3.967s] -- Up-to-date symlink: /home/gondal/Clear-Run/install/clearrun_msgs/include/clearrun_msgs/clearrun_msgs/msg/detail/scoop_status__type_support.hpp
[3.968s] -- Up-to-date symlink: /home/gondal/Clear-Run/install/clearrun_msgs/include/clearrun_msgs/clearrun_msgs/msg/fod_array.hpp
[3.968s] -- Up-to-date symlink: /home/gondal/Clear-Run/install/clearrun_msgs/include/clearrun_msgs/clearrun_msgs/msg/fod_location.hpp
[3.968s] -- Up-to-date symlink: /home/gondal/Clear-Run/install/clearrun_msgs/include/clearrun_msgs/clearrun_msgs/msg/rosidl_generator_cpp__visibility_control.hpp
[3.968s] -- Up-to-date symlink: /home/gondal/Clear-Run/install/clearrun_msgs/include/clearrun_msgs/clearrun_msgs/msg/scoop_command.hpp
[3.968s] -- Up-to-date symlink: /home/gondal/Clear-Run/install/clearrun_msgs/include/clearrun_msgs/clearrun_msgs/msg/scoop_status.hpp
[3.969s] -- Up-to-date symlink: /home/gondal/Clear-Run/install/clearrun_msgs/include/clearrun_msgs/clearrun_msgs/msg/detail/fod_array__rosidl_typesupport_fastrtps_cpp.hpp
[3.970s] -- Up-to-date symlink: /home/gondal/Clear-Run/install/clearrun_msgs/include/clearrun_msgs/clearrun_msgs/msg/detail/fod_location__rosidl_typesupport_fastrtps_cpp.hpp
[3.970s] -- Up-to-date symlink: /home/gondal/Clear-Run/install/clearrun_msgs/include/clearrun_msgs/clearrun_msgs/msg/detail/scoop_command__rosidl_typesupport_fastrtps_cpp.hpp
[3.970s] -- Up-to-date symlink: /home/gondal/Clear-Run/install/clearrun_msgs/include/clearrun_msgs/clearrun_msgs/msg/detail/scoop_status__rosidl_typesupport_fastrtps_cpp.hpp
[3.971s] -- Up-to-date symlink: /home/gondal/Clear-Run/install/clearrun_msgs/include/clearrun_msgs/clearrun_msgs/msg/rosidl_typesupport_fastrtps_cpp__visibility_control.h
[3.972s] -- Up-to-date symlink: /home/gondal/Clear-Run/install/clearrun_msgs/include/clearrun_msgs/clearrun_msgs/msg/detail/fod_array__rosidl_typesupport_introspection_c.h
[3.972s] -- Up-to-date symlink: /home/gondal/Clear-Run/install/clearrun_msgs/include/clearrun_msgs/clearrun_msgs/msg/detail/fod_location__rosidl_typesupport_introspection_c.h
[3.972s] -- Up-to-date symlink: /home/gondal/Clear-Run/install/clearrun_msgs/include/clearrun_msgs/clearrun_msgs/msg/detail/scoop_command__rosidl_typesupport_introspection_c.h
[3.973s] -- Up-to-date symlink: /home/gondal/Clear-Run/install/clearrun_msgs/include/clearrun_msgs/clearrun_msgs/msg/detail/scoop_status__rosidl_typesupport_introspection_c.h
[3.973s] -- Up-to-date symlink: /home/gondal/Clear-Run/install/clearrun_msgs/include/clearrun_msgs/clearrun_msgs/msg/rosidl_typesupport_introspection_c__visibility_control.h
[3.974s] -- Up-to-date symlink: /home/gondal/Clear-Run/install/clearrun_msgs/include/clearrun_msgs/clearrun_msgs/msg/detail/fod_array__rosidl_typesupport_introspection_cpp.hpp
[3.975s] -- Up-to-date symlink: /home/gondal/Clear-Run/install/clearrun_msgs/include/clearrun_msgs/clearrun_msgs/msg/detail/fod_location__rosidl_typesupport_introspection_cpp.hpp
[3.976s] -- Up-to-date symlink: /home/gondal/Clear-Run/install/clearrun_msgs/include/clearrun_msgs/clearrun_msgs/msg/detail/scoop_command__rosidl_typesupport_introspection_cpp.hpp
[3.976s] -- Up-to-date symlink: /home/gondal/Clear-Run/install/clearrun_msgs/include/clearrun_msgs/clearrun_msgs/msg/detail/scoop_status__rosidl_typesupport_introspection_cpp.hpp
[3.976s] -- Up-to-date symlink: /home/gondal/Clear-Run/install/clearrun_msgs/share/clearrun_msgs/environment/pythonpath.sh
[3.977s] -- Up-to-date symlink: /home/gondal/Clear-Run/install/clearrun_msgs/share/clearrun_msgs/environment/pythonpath.dsv
[3.978s] -- Up-to-date symlink: /home/gondal/Clear-Run/install/clearrun_msgs/lib/python3.12/site-packages/clearrun_msgs-1.0.0-py3.12.egg-info/PKG-INFO
[3.979s] -- Up-to-date symlink: /home/gondal/Clear-Run/install/clearrun_msgs/lib/python3.12/site-packages/clearrun_msgs-1.0.0-py3.12.egg-info/SOURCES.txt
[3.979s] -- Up-to-date symlink: /home/gondal/Clear-Run/install/clearrun_msgs/lib/python3.12/site-packages/clearrun_msgs-1.0.0-py3.12.egg-info/dependency_links.txt
[3.979s] -- Up-to-date symlink: /home/gondal/Clear-Run/install/clearrun_msgs/lib/python3.12/site-packages/clearrun_msgs-1.0.0-py3.12.egg-info/top_level.txt
[3.981s] -- Up-to-date symlink: /home/gondal/Clear-Run/install/clearrun_msgs/lib/python3.12/site-packages/clearrun_msgs/__init__.py
[3.981s] -- Up-to-date symlink: /home/gondal/Clear-Run/install/clearrun_msgs/lib/python3.12/site-packages/clearrun_msgs/_clearrun_msgs_s.ep.rosidl_typesupport_c.c
[3.981s] -- Up-to-date symlink: /home/gondal/Clear-Run/install/clearrun_msgs/lib/python3.12/site-packages/clearrun_msgs/_clearrun_msgs_s.ep.rosidl_typesupport_fastrtps_c.c
[3.981s] -- Up-to-date symlink: /home/gondal/Clear-Run/install/clearrun_msgs/lib/python3.12/site-packages/clearrun_msgs/_clearrun_msgs_s.ep.rosidl_typesupport_introspection_c.c
[3.981s] -- Up-to-date symlink: /home/gondal/Clear-Run/install/clearrun_msgs/lib/python3.12/site-packages/clearrun_msgs/clearrun_msgs_s__rosidl_typesupport_c.so
[3.982s] -- Up-to-date symlink: /home/gondal/Clear-Run/install/clearrun_msgs/lib/python3.12/site-packages/clearrun_msgs/clearrun_msgs_s__rosidl_typesupport_fastrtps_c.so
[3.982s] -- Up-to-date symlink: /home/gondal/Clear-Run/install/clearrun_msgs/lib/python3.12/site-packages/clearrun_msgs/clearrun_msgs_s__rosidl_typesupport_introspection_c.so
[3.983s] -- Up-to-date symlink: /home/gondal/Clear-Run/install/clearrun_msgs/lib/python3.12/site-packages/clearrun_msgs/msg/__init__.py
[3.983s] -- Up-to-date symlink: /home/gondal/Clear-Run/install/clearrun_msgs/lib/python3.12/site-packages/clearrun_msgs/msg/_fod_array.py
[3.983s] -- Up-to-date symlink: /home/gondal/Clear-Run/install/clearrun_msgs/lib/python3.12/site-packages/clearrun_msgs/msg/_fod_array_s.c
[3.984s] -- Up-to-date symlink: /home/gondal/Clear-Run/install/clearrun_msgs/lib/python3.12/site-packages/clearrun_msgs/msg/_fod_location.py
[3.984s] -- Up-to-date symlink: /home/gondal/Clear-Run/install/clearrun_msgs/lib/python3.12/site-packages/clearrun_msgs/msg/_fod_location_s.c
[3.984s] -- Up-to-date symlink: /home/gondal/Clear-Run/install/clearrun_msgs/lib/python3.12/site-packages/clearrun_msgs/msg/_scoop_command.py
[3.984s] -- Up-to-date symlink: /home/gondal/Clear-Run/install/clearrun_msgs/lib/python3.12/site-packages/clearrun_msgs/msg/_scoop_command_s.c
[3.984s] -- Up-to-date symlink: /home/gondal/Clear-Run/install/clearrun_msgs/lib/python3.12/site-packages/clearrun_msgs/msg/_scoop_status.py
[3.985s] -- Up-to-date symlink: /home/gondal/Clear-Run/install/clearrun_msgs/lib/python3.12/site-packages/clearrun_msgs/msg/_scoop_status_s.c
[3.985s] -- Up-to-date symlink: /home/gondal/Clear-Run/install/clearrun_msgs/lib/python3.12/site-packages/clearrun_msgs/clearrun_msgs_s__rosidl_typesupport_fastrtps_c.so
[3.986s] -- Up-to-date symlink: /home/gondal/Clear-Run/install/clearrun_msgs/lib/python3.12/site-packages/clearrun_msgs/clearrun_msgs_s__rosidl_typesupport_introspection_c.so
[3.986s] -- Up-to-date symlink: /home/gondal/Clear-Run/install/clearrun_msgs/lib/python3.12/site-packages/clearrun_msgs/clearrun_msgs_s__rosidl_typesupport_c.so
[3.987s] -- Up-to-date symlink: /home/gondal/Clear-Run/install/clearrun_msgs/share/clearrun_msgs/msg/FodLocation.idl
[3.987s] -- Up-to-date symlink: /home/gondal/Clear-Run/install/clearrun_msgs/share/clearrun_msgs/msg/FodArray.idl
[3.987s] -- Up-to-date symlink: /home/gondal/Clear-Run/install/clearrun_msgs/share/clearrun_msgs/msg/ScoopCommand.idl
[3.988s] -- Up-to-date symlink: /home/gondal/Clear-Run/install/clearrun_msgs/share/clearrun_msgs/msg/ScoopStatus.idl
[3.988s] -- Up-to-date symlink: /home/gondal/Clear-Run/install/clearrun_msgs/share/clearrun_msgs/msg/FodLocation.msg
[3.988s] -- Up-to-date symlink: /home/gondal/Clear-Run/install/clearrun_msgs/share/clearrun_msgs/msg/FodArray.msg
[3.989s] -- Up-to-date symlink: /home/gondal/Clear-Run/install/clearrun_msgs/share/clearrun_msgs/msg/ScoopCommand.msg
[3.989s] -- Up-to-date symlink: /home/gondal/Clear-Run/install/clearrun_msgs/share/clearrun_msgs/msg/ScoopStatus.msg
[3.989s] -- Up-to-date symlink: /home/gondal/Clear-Run/install/clearrun_msgs/share/ament_index/resource_index/package_run_dependencies/clearrun_msgs
[3.990s] -- Up-to-date symlink: /home/gondal/Clear-Run/install/clearrun_msgs/share/ament_index/resource_index/parent_prefix_path/clearrun_msgs
[3.990s] -- Up-to-date symlink: /home/gondal/Clear-Run/install/clearrun_msgs/share/clearrun_msgs/environment/ament_prefix_path.sh
[3.991s] -- Up-to-date symlink: /home/gondal/Clear-Run/install/clearrun_msgs/share/clearrun_msgs/environment/ament_prefix_path.dsv
[3.992s] -- Up-to-date symlink: /home/gondal/Clear-Run/install/clearrun_msgs/share/clearrun_msgs/environment/path.sh
[3.992s] -- Up-to-date symlink: /home/gondal/Clear-Run/install/clearrun_msgs/share/clearrun_msgs/environment/path.dsv
[3.993s] -- Up-to-date symlink: /home/gondal/Clear-Run/install/clearrun_msgs/share/clearrun_msgs/local_setup.bash
[3.993s] -- Up-to-date symlink: /home/gondal/Clear-Run/install/clearrun_msgs/share/clearrun_msgs/local_setup.sh
[3.994s] -- Up-to-date symlink: /home/gondal/Clear-Run/install/clearrun_msgs/share/clearrun_msgs/local_setup.zsh
[3.995s] -- Up-to-date symlink: /home/gondal/Clear-Run/install/clearrun_msgs/share/clearrun_msgs/local_setup.dsv
[3.995s] -- Symlinking: /home/gondal/Clear-Run/install/clearrun_msgs/share/clearrun_msgs/package.dsv
[4.015s] -- Up-to-date symlink: /home/gondal/Clear-Run/install/clearrun_msgs/share/ament_index/resource_index/packages/clearrun_msgs
[4.016s] -- Up-to-date symlink: /home/gondal/Clear-Run/install/clearrun_msgs/share/clearrun_msgs/cmake/rosidl_cmake-extras.cmake
[4.016s] -- Up-to-date symlink: /home/gondal/Clear-Run/install/clearrun_msgs/share/clearrun_msgs/cmake/ament_cmake_export_dependencies-extras.cmake
[4.016s] -- Up-to-date symlink: /home/gondal/Clear-Run/install/clearrun_msgs/share/clearrun_msgs/cmake/ament_cmake_export_include_directories-extras.cmake
[4.017s] -- Up-to-date symlink: /home/gondal/Clear-Run/install/clearrun_msgs/share/clearrun_msgs/cmake/ament_cmake_export_libraries-extras.cmake
[4.017s] -- Up-to-date symlink: /home/gondal/Clear-Run/install/clearrun_msgs/share/clearrun_msgs/cmake/ament_cmake_export_targets-extras.cmake
[4.017s] -- Up-to-date symlink: /home/gondal/Clear-Run/install/clearrun_msgs/share/clearrun_msgs/cmake/rosidl_cmake_export_typesupport_targets-extras.cmake
[4.017s] -- Up-to-date symlink: /home/gondal/Clear-Run/install/clearrun_msgs/share/clearrun_msgs/cmake/rosidl_cmake_export_typesupport_libraries-extras.cmake
[4.018s] -- Up-to-date symlink: /home/gondal/Clear-Run/install/clearrun_msgs/share/clearrun_msgs/cmake/clearrun_msgsConfig.cmake
[4.018s] -- Up-to-date symlink: /home/gondal/Clear-Run/install/clearrun_msgs/share/clearrun_msgs/cmake/clearrun_msgsConfig-version.cmake
[4.018s] -- Up-to-date symlink: /home/gondal/Clear-Run/install/clearrun_msgs/share/clearrun_msgs/package.xml
[4.019s] -- Up-to-date: /home/gondal/Clear-Run/install/clearrun_msgs/lib/libclearrun_msgs__rosidl_generator_c.so
[4.020s] -- Up-to-date: /home/gondal/Clear-Run/install/clearrun_msgs/lib/libclearrun_msgs__rosidl_typesupport_fastrtps_c.so
[4.021s] -- Up-to-date: /home/gondal/Clear-Run/install/clearrun_msgs/lib/libclearrun_msgs__rosidl_typesupport_fastrtps_cpp.so
[4.022s] -- Up-to-date: /home/gondal/Clear-Run/install/clearrun_msgs/lib/libclearrun_msgs__rosidl_typesupport_introspection_c.so
[4.023s] -- Up-to-date: /home/gondal/Clear-Run/install/clearrun_msgs/lib/libclearrun_msgs__rosidl_typesupport_c.so
[4.024s] -- Up-to-date: /home/gondal/Clear-Run/install/clearrun_msgs/lib/libclearrun_msgs__rosidl_typesupport_introspection_cpp.so
[4.025s] -- Up-to-date: /home/gondal/Clear-Run/install/clearrun_msgs/lib/libclearrun_msgs__rosidl_typesupport_cpp.so
[4.104s] Listing '/home/gondal/Clear-Run/install/clearrun_msgs/lib/python3.12/site-packages/clearrun_msgs'...
[4.104s] Compiling '/home/gondal/Clear-Run/install/clearrun_msgs/lib/python3.12/site-packages/clearrun_msgs/__init__.py'...
[4.104s] Listing '/home/gondal/Clear-Run/install/clearrun_msgs/lib/python3.12/site-packages/clearrun_msgs/msg'...
[4.117s] -- Up-to-date: /home/gondal/Clear-Run/install/clearrun_msgs/lib/libclearrun_msgs__rosidl_generator_py.so
[4.118s] -- Up-to-date: /home/gondal/Clear-Run/install/clearrun_msgs/share/clearrun_msgs/cmake/export_clearrun_msgs__rosidl_generator_cExport.cmake
[4.119s] -- Up-to-date: /home/gondal/Clear-Run/install/clearrun_msgs/share/clearrun_msgs/cmake/export_clearrun_msgs__rosidl_generator_cExport-noconfig.cmake
[4.119s] -- Up-to-date: /home/gondal/Clear-Run/install/clearrun_msgs/share/clearrun_msgs/cmake/export_clearrun_msgs__rosidl_typesupport_fastrtps_cExport.cmake
[4.119s] -- Up-to-date: /home/gondal/Clear-Run/install/clearrun_msgs/share/clearrun_msgs/cmake/export_clearrun_msgs__rosidl_typesupport_fastrtps_cExport-noconfig.cmake
[4.120s] -- Up-to-date: /home/gondal/Clear-Run/install/clearrun_msgs/share/clearrun_msgs/cmake/export_clearrun_msgs__rosidl_generator_cppExport.cmake
[4.120s] -- Up-to-date: /home/gondal/Clear-Run/install/clearrun_msgs/share/clearrun_msgs/cmake/export_clearrun_msgs__rosidl_typesupport_fastrtps_cppExport.cmake
[4.121s] -- Up-to-date: /home/gondal/Clear-Run/install/clearrun_msgs/share/clearrun_msgs/cmake/export_clearrun_msgs__rosidl_typesupport_fastrtps_cppExport-noconfig.cmake
[4.121s] -- Up-to-date: /home/gondal/Clear-Run/install/clearrun_msgs/share/clearrun_msgs/cmake/clearrun_msgs__rosidl_typesupport_introspection_cExport.cmake
[4.122s] -- Up-to-date: /home/gondal/Clear-Run/install/clearrun_msgs/share/clearrun_msgs/cmake/clearrun_msgs__rosidl_typesupport_introspection_cExport-noconfig.cmake
[4.122s] -- Up-to-date: /home/gondal/Clear-Run/install/clearrun_msgs/share/clearrun_msgs/cmake/clearrun_msgs__rosidl_typesupport_cExport.cmake
[4.123s] -- Up-to-date: /home/gondal/Clear-Run/install/clearrun_msgs/share/clearrun_msgs/cmake/clearrun_msgs__rosidl_typesupport_cExport-noconfig.cmake
[4.123s] -- Up-to-date: /home/gondal/Clear-Run/install/clearrun_msgs/share/clearrun_msgs/cmake/clearrun_msgs__rosidl_typesupport_introspection_cppExport.cmake
[4.123s] -- Up-to-date: /home/gondal/Clear-Run/install/clearrun_msgs/share/clearrun_msgs/cmake/clearrun_msgs__rosidl_typesupport_introspection_cppExport-noconfig.cmake
[4.124s] -- Up-to-date: /home/gondal/Clear-Run/install/clearrun_msgs/share/clearrun_msgs/cmake/clearrun_msgs__rosidl_typesupport_cppExport.cmake
[4.124s] -- Up-to-date: /home/gondal/Clear-Run/install/clearrun_msgs/share/clearrun_msgs/cmake/clearrun_msgs__rosidl_typesupport_cppExport-noconfig.cmake
[4.124s] -- Up-to-date: /home/gondal/Clear-Run/install/clearrun_msgs/share/clearrun_msgs/cmake/export_clearrun_msgs__rosidl_generator_pyExport.cmake
[4.125s] -- Up-to-date: /home/gondal/Clear-Run/install/clearrun_msgs/share/clearrun_msgs/cmake/export_clearrun_msgs__rosidl_generator_pyExport-noconfig.cmake
[4.129s] Invoked command in '/home/gondal/Clear-Run/build/clearrun_msgs' returned '0': CMAKE_PREFIX_PATH=${CMAKE_PREFIX_PATH}:/opt/ros/jazzy DEBUGINFOD_URLS=https://debuginfod.ubuntu.com VIRTUAL_ENV_PROMPT=(venv-ardupilot) /usr/bin/cmake --install /home/gondal/Clear-Run/build/clearrun_msgs
