[0.286s] DEBUG:colcon:Command line arguments: ['/usr/bin/colcon', 'build', '--symlink-install']
[0.287s] DEBUG:colcon:Parsed command line arguments: Namespace(log_base=None, log_level=None, verb_name='build', build_base='build', install_base='install', merge_install=False, symlink_install=True, test_result_base=None, continue_on_error=False, executor='parallel', parallel_workers=8, event_handlers=None, ignore_user_meta=False, metas=['./colcon.meta'], base_paths=['.'], packages_ignore=None, packages_ignore_regex=None, paths=None, packages_up_to=None, packages_up_to_regex=None, packages_above=None, packages_above_and_dependencies=None, packages_above_depth=None, packages_select_by_dep=None, packages_skip_by_dep=None, packages_skip_up_to=None, packages_select_build_failed=False, packages_skip_build_finished=False, packages_select_test_failures=False, packages_skip_test_passed=False, packages_select=None, packages_skip=None, packages_select_regex=None, packages_skip_regex=None, packages_start=None, packages_end=None, allow_overriding=[], cmake_args=None, cmake_target=None, cmake_target_skip_unavailable=False, cmake_clean_cache=False, cmake_clean_first=False, cmake_force_configure=False, ament_cmake_args=None, catkin_cmake_args=None, catkin_skip_building_tests=False, mixin_files=None, mixin=None, verb_parser=<colcon_mixin.mixin.mixin_argument.MixinArgumentDecorator object at 0x7ba70e4c22d0>, verb_extension=<colcon_core.verb.build.BuildVerb object at 0x7ba70e4c1eb0>, main=<bound method BuildVerb.main of <colcon_core.verb.build.BuildVerb object at 0x7ba70e4c1eb0>>, mixin_verb=('build',))
[0.412s] Level 1:colcon.colcon_core.package_discovery:discover_packages(colcon_meta) check parameters
[0.412s] Level 1:colcon.colcon_core.package_discovery:discover_packages(recursive) check parameters
[0.412s] Level 1:colcon.colcon_core.package_discovery:discover_packages(ignore) check parameters
[0.412s] Level 1:colcon.colcon_core.package_discovery:discover_packages(path) check parameters
[0.412s] Level 1:colcon.colcon_core.package_discovery:discover_packages(colcon_meta) discover
[0.412s] Level 1:colcon.colcon_core.package_discovery:discover_packages(recursive) discover
[0.413s] INFO:colcon.colcon_core.package_discovery:Crawling recursively for packages in '/home/gondal/Clear-Run'
[0.413s] Level 1:colcon.colcon_core.package_identification:_identify(.) by extensions ['ignore', 'ignore_ament_install']
[0.413s] Level 1:colcon.colcon_core.package_identification:_identify(.) by extension 'ignore'
[0.413s] Level 1:colcon.colcon_core.package_identification:_identify(.) by extension 'ignore_ament_install'
[0.414s] Level 1:colcon.colcon_core.package_identification:_identify(.) by extensions ['colcon_pkg']
[0.414s] Level 1:colcon.colcon_core.package_identification:_identify(.) by extension 'colcon_pkg'
[0.414s] Level 1:colcon.colcon_core.package_identification:_identify(.) by extensions ['colcon_meta']
[0.414s] Level 1:colcon.colcon_core.package_identification:_identify(.) by extension 'colcon_meta'
[0.414s] Level 1:colcon.colcon_core.package_identification:_identify(.) by extensions ['ros']
[0.414s] Level 1:colcon.colcon_core.package_identification:_identify(.) by extension 'ros'
[0.500s] Level 1:colcon.colcon_core.package_identification:_identify(.) by extensions ['cmake', 'python']
[0.501s] Level 1:colcon.colcon_core.package_identification:_identify(.) by extension 'cmake'
[0.501s] Level 1:colcon.colcon_core.package_identification:_identify(.) by extension 'python'
[0.501s] Level 1:colcon.colcon_core.package_identification:_identify(.) by extensions ['python_setup_py']
[0.501s] Level 1:colcon.colcon_core.package_identification:_identify(.) by extension 'python_setup_py'
[0.502s] Level 1:colcon.colcon_core.package_identification:_identify(ai_development) by extensions ['ignore', 'ignore_ament_install']
[0.503s] Level 1:colcon.colcon_core.package_identification:_identify(ai_development) by extension 'ignore'
[0.503s] Level 1:colcon.colcon_core.package_identification:_identify(ai_development) by extension 'ignore_ament_install'
[0.504s] Level 1:colcon.colcon_core.package_identification:_identify(ai_development) by extensions ['colcon_pkg']
[0.504s] Level 1:colcon.colcon_core.package_identification:_identify(ai_development) by extension 'colcon_pkg'
[0.504s] Level 1:colcon.colcon_core.package_identification:_identify(ai_development) by extensions ['colcon_meta']
[0.504s] Level 1:colcon.colcon_core.package_identification:_identify(ai_development) by extension 'colcon_meta'
[0.504s] Level 1:colcon.colcon_core.package_identification:_identify(ai_development) by extensions ['ros']
[0.505s] Level 1:colcon.colcon_core.package_identification:_identify(ai_development) by extension 'ros'
[0.506s] Level 1:colcon.colcon_core.package_identification:_identify(ai_development) by extensions ['cmake', 'python']
[0.507s] Level 1:colcon.colcon_core.package_identification:_identify(ai_development) by extension 'cmake'
[0.507s] Level 1:colcon.colcon_core.package_identification:_identify(ai_development) by extension 'python'
[0.508s] Level 1:colcon.colcon_core.package_identification:_identify(ai_development) by extensions ['python_setup_py']
[0.508s] Level 1:colcon.colcon_core.package_identification:_identify(ai_development) by extension 'python_setup_py'
[0.508s] Level 1:colcon.colcon_core.package_identification:_identify(ai_development/weights) by extensions ['ignore', 'ignore_ament_install']
[0.509s] Level 1:colcon.colcon_core.package_identification:_identify(ai_development/weights) by extension 'ignore'
[0.510s] Level 1:colcon.colcon_core.package_identification:_identify(ai_development/weights) by extension 'ignore_ament_install'
[0.510s] Level 1:colcon.colcon_core.package_identification:_identify(ai_development/weights) by extensions ['colcon_pkg']
[0.511s] Level 1:colcon.colcon_core.package_identification:_identify(ai_development/weights) by extension 'colcon_pkg'
[0.512s] Level 1:colcon.colcon_core.package_identification:_identify(ai_development/weights) by extensions ['colcon_meta']
[0.512s] Level 1:colcon.colcon_core.package_identification:_identify(ai_development/weights) by extension 'colcon_meta'
[0.512s] Level 1:colcon.colcon_core.package_identification:_identify(ai_development/weights) by extensions ['ros']
[0.512s] Level 1:colcon.colcon_core.package_identification:_identify(ai_development/weights) by extension 'ros'
[0.513s] Level 1:colcon.colcon_core.package_identification:_identify(ai_development/weights) by extensions ['cmake', 'python']
[0.513s] Level 1:colcon.colcon_core.package_identification:_identify(ai_development/weights) by extension 'cmake'
[0.513s] Level 1:colcon.colcon_core.package_identification:_identify(ai_development/weights) by extension 'python'
[0.514s] Level 1:colcon.colcon_core.package_identification:_identify(ai_development/weights) by extensions ['python_setup_py']
[0.514s] Level 1:colcon.colcon_core.package_identification:_identify(ai_development/weights) by extension 'python_setup_py'
[0.515s] Level 1:colcon.colcon_core.package_identification:_identify(build) by extensions ['ignore', 'ignore_ament_install']
[0.516s] Level 1:colcon.colcon_core.package_identification:_identify(build) by extension 'ignore'
[0.517s] Level 1:colcon.colcon_core.package_identification:_identify(build) ignored
[0.518s] Level 1:colcon.colcon_core.package_identification:_identify(docker) by extensions ['ignore', 'ignore_ament_install']
[0.518s] Level 1:colcon.colcon_core.package_identification:_identify(docker) by extension 'ignore'
[0.519s] Level 1:colcon.colcon_core.package_identification:_identify(docker) by extension 'ignore_ament_install'
[0.519s] Level 1:colcon.colcon_core.package_identification:_identify(docker) by extensions ['colcon_pkg']
[0.519s] Level 1:colcon.colcon_core.package_identification:_identify(docker) by extension 'colcon_pkg'
[0.519s] Level 1:colcon.colcon_core.package_identification:_identify(docker) by extensions ['colcon_meta']
[0.519s] Level 1:colcon.colcon_core.package_identification:_identify(docker) by extension 'colcon_meta'
[0.520s] Level 1:colcon.colcon_core.package_identification:_identify(docker) by extensions ['ros']
[0.520s] Level 1:colcon.colcon_core.package_identification:_identify(docker) by extension 'ros'
[0.521s] Level 1:colcon.colcon_core.package_identification:_identify(docker) by extensions ['cmake', 'python']
[0.522s] Level 1:colcon.colcon_core.package_identification:_identify(docker) by extension 'cmake'
[0.522s] Level 1:colcon.colcon_core.package_identification:_identify(docker) by extension 'python'
[0.522s] Level 1:colcon.colcon_core.package_identification:_identify(docker) by extensions ['python_setup_py']
[0.522s] Level 1:colcon.colcon_core.package_identification:_identify(docker) by extension 'python_setup_py'
[0.523s] Level 1:colcon.colcon_core.package_identification:_identify(docs) by extensions ['ignore', 'ignore_ament_install']
[0.523s] Level 1:colcon.colcon_core.package_identification:_identify(docs) by extension 'ignore'
[0.523s] Level 1:colcon.colcon_core.package_identification:_identify(docs) by extension 'ignore_ament_install'
[0.524s] Level 1:colcon.colcon_core.package_identification:_identify(docs) by extensions ['colcon_pkg']
[0.524s] Level 1:colcon.colcon_core.package_identification:_identify(docs) by extension 'colcon_pkg'
[0.524s] Level 1:colcon.colcon_core.package_identification:_identify(docs) by extensions ['colcon_meta']
[0.524s] Level 1:colcon.colcon_core.package_identification:_identify(docs) by extension 'colcon_meta'
[0.524s] Level 1:colcon.colcon_core.package_identification:_identify(docs) by extensions ['ros']
[0.524s] Level 1:colcon.colcon_core.package_identification:_identify(docs) by extension 'ros'
[0.525s] Level 1:colcon.colcon_core.package_identification:_identify(docs) by extensions ['cmake', 'python']
[0.526s] Level 1:colcon.colcon_core.package_identification:_identify(docs) by extension 'cmake'
[0.526s] Level 1:colcon.colcon_core.package_identification:_identify(docs) by extension 'python'
[0.527s] Level 1:colcon.colcon_core.package_identification:_identify(docs) by extensions ['python_setup_py']
[0.527s] Level 1:colcon.colcon_core.package_identification:_identify(docs) by extension 'python_setup_py'
[0.527s] Level 1:colcon.colcon_core.package_identification:_identify(docs/hardware) by extensions ['ignore', 'ignore_ament_install']
[0.528s] Level 1:colcon.colcon_core.package_identification:_identify(docs/hardware) by extension 'ignore'
[0.528s] Level 1:colcon.colcon_core.package_identification:_identify(docs/hardware) by extension 'ignore_ament_install'
[0.528s] Level 1:colcon.colcon_core.package_identification:_identify(docs/hardware) by extensions ['colcon_pkg']
[0.529s] Level 1:colcon.colcon_core.package_identification:_identify(docs/hardware) by extension 'colcon_pkg'
[0.529s] Level 1:colcon.colcon_core.package_identification:_identify(docs/hardware) by extensions ['colcon_meta']
[0.529s] Level 1:colcon.colcon_core.package_identification:_identify(docs/hardware) by extension 'colcon_meta'
[0.529s] Level 1:colcon.colcon_core.package_identification:_identify(docs/hardware) by extensions ['ros']
[0.529s] Level 1:colcon.colcon_core.package_identification:_identify(docs/hardware) by extension 'ros'
[0.530s] Level 1:colcon.colcon_core.package_identification:_identify(docs/hardware) by extensions ['cmake', 'python']
[0.530s] Level 1:colcon.colcon_core.package_identification:_identify(docs/hardware) by extension 'cmake'
[0.530s] Level 1:colcon.colcon_core.package_identification:_identify(docs/hardware) by extension 'python'
[0.531s] Level 1:colcon.colcon_core.package_identification:_identify(docs/hardware) by extensions ['python_setup_py']
[0.531s] Level 1:colcon.colcon_core.package_identification:_identify(docs/hardware) by extension 'python_setup_py'
[0.531s] Level 1:colcon.colcon_core.package_identification:_identify(install) by extensions ['ignore', 'ignore_ament_install']
[0.532s] Level 1:colcon.colcon_core.package_identification:_identify(install) by extension 'ignore'
[0.532s] Level 1:colcon.colcon_core.package_identification:_identify(install) ignored
[0.532s] Level 1:colcon.colcon_core.package_identification:_identify(log) by extensions ['ignore', 'ignore_ament_install']
[0.533s] Level 1:colcon.colcon_core.package_identification:_identify(log) by extension 'ignore'
[0.533s] Level 1:colcon.colcon_core.package_identification:_identify(log) ignored
[0.533s] Level 1:colcon.colcon_core.package_identification:_identify(models) by extensions ['ignore', 'ignore_ament_install']
[0.534s] Level 1:colcon.colcon_core.package_identification:_identify(models) by extension 'ignore'
[0.534s] Level 1:colcon.colcon_core.package_identification:_identify(models) by extension 'ignore_ament_install'
[0.534s] Level 1:colcon.colcon_core.package_identification:_identify(models) by extensions ['colcon_pkg']
[0.535s] Level 1:colcon.colcon_core.package_identification:_identify(models) by extension 'colcon_pkg'
[0.535s] Level 1:colcon.colcon_core.package_identification:_identify(models) by extensions ['colcon_meta']
[0.535s] Level 1:colcon.colcon_core.package_identification:_identify(models) by extension 'colcon_meta'
[0.535s] Level 1:colcon.colcon_core.package_identification:_identify(models) by extensions ['ros']
[0.535s] Level 1:colcon.colcon_core.package_identification:_identify(models) by extension 'ros'
[0.536s] Level 1:colcon.colcon_core.package_identification:_identify(models) by extensions ['cmake', 'python']
[0.536s] Level 1:colcon.colcon_core.package_identification:_identify(models) by extension 'cmake'
[0.536s] Level 1:colcon.colcon_core.package_identification:_identify(models) by extension 'python'
[0.536s] Level 1:colcon.colcon_core.package_identification:_identify(models) by extensions ['python_setup_py']
[0.537s] Level 1:colcon.colcon_core.package_identification:_identify(models) by extension 'python_setup_py'
[0.537s] Level 1:colcon.colcon_core.package_identification:_identify(models/yolov11) by extensions ['ignore', 'ignore_ament_install']
[0.537s] Level 1:colcon.colcon_core.package_identification:_identify(models/yolov11) by extension 'ignore'
[0.537s] Level 1:colcon.colcon_core.package_identification:_identify(models/yolov11) by extension 'ignore_ament_install'
[0.538s] Level 1:colcon.colcon_core.package_identification:_identify(models/yolov11) by extensions ['colcon_pkg']
[0.538s] Level 1:colcon.colcon_core.package_identification:_identify(models/yolov11) by extension 'colcon_pkg'
[0.538s] Level 1:colcon.colcon_core.package_identification:_identify(models/yolov11) by extensions ['colcon_meta']
[0.538s] Level 1:colcon.colcon_core.package_identification:_identify(models/yolov11) by extension 'colcon_meta'
[0.538s] Level 1:colcon.colcon_core.package_identification:_identify(models/yolov11) by extensions ['ros']
[0.538s] Level 1:colcon.colcon_core.package_identification:_identify(models/yolov11) by extension 'ros'
[0.539s] Level 1:colcon.colcon_core.package_identification:_identify(models/yolov11) by extensions ['cmake', 'python']
[0.539s] Level 1:colcon.colcon_core.package_identification:_identify(models/yolov11) by extension 'cmake'
[0.539s] Level 1:colcon.colcon_core.package_identification:_identify(models/yolov11) by extension 'python'
[0.539s] Level 1:colcon.colcon_core.package_identification:_identify(models/yolov11) by extensions ['python_setup_py']
[0.539s] Level 1:colcon.colcon_core.package_identification:_identify(models/yolov11) by extension 'python_setup_py'
[0.540s] Level 1:colcon.colcon_core.package_identification:_identify(models/yolov12) by extensions ['ignore', 'ignore_ament_install']
[0.540s] Level 1:colcon.colcon_core.package_identification:_identify(models/yolov12) by extension 'ignore'
[0.540s] Level 1:colcon.colcon_core.package_identification:_identify(models/yolov12) by extension 'ignore_ament_install'
[0.540s] Level 1:colcon.colcon_core.package_identification:_identify(models/yolov12) by extensions ['colcon_pkg']
[0.541s] Level 1:colcon.colcon_core.package_identification:_identify(models/yolov12) by extension 'colcon_pkg'
[0.541s] Level 1:colcon.colcon_core.package_identification:_identify(models/yolov12) by extensions ['colcon_meta']
[0.541s] Level 1:colcon.colcon_core.package_identification:_identify(models/yolov12) by extension 'colcon_meta'
[0.541s] Level 1:colcon.colcon_core.package_identification:_identify(models/yolov12) by extensions ['ros']
[0.541s] Level 1:colcon.colcon_core.package_identification:_identify(models/yolov12) by extension 'ros'
[0.542s] Level 1:colcon.colcon_core.package_identification:_identify(models/yolov12) by extensions ['cmake', 'python']
[0.542s] Level 1:colcon.colcon_core.package_identification:_identify(models/yolov12) by extension 'cmake'
[0.542s] Level 1:colcon.colcon_core.package_identification:_identify(models/yolov12) by extension 'python'
[0.542s] Level 1:colcon.colcon_core.package_identification:_identify(models/yolov12) by extensions ['python_setup_py']
[0.542s] Level 1:colcon.colcon_core.package_identification:_identify(models/yolov12) by extension 'python_setup_py'
[0.543s] Level 1:colcon.colcon_core.package_identification:_identify(scripts) by extensions ['ignore', 'ignore_ament_install']
[0.543s] Level 1:colcon.colcon_core.package_identification:_identify(scripts) by extension 'ignore'
[0.543s] Level 1:colcon.colcon_core.package_identification:_identify(scripts) by extension 'ignore_ament_install'
[0.543s] Level 1:colcon.colcon_core.package_identification:_identify(scripts) by extensions ['colcon_pkg']
[0.544s] Level 1:colcon.colcon_core.package_identification:_identify(scripts) by extension 'colcon_pkg'
[0.544s] Level 1:colcon.colcon_core.package_identification:_identify(scripts) by extensions ['colcon_meta']
[0.544s] Level 1:colcon.colcon_core.package_identification:_identify(scripts) by extension 'colcon_meta'
[0.544s] Level 1:colcon.colcon_core.package_identification:_identify(scripts) by extensions ['ros']
[0.544s] Level 1:colcon.colcon_core.package_identification:_identify(scripts) by extension 'ros'
[0.545s] Level 1:colcon.colcon_core.package_identification:_identify(scripts) by extensions ['cmake', 'python']
[0.545s] Level 1:colcon.colcon_core.package_identification:_identify(scripts) by extension 'cmake'
[0.545s] Level 1:colcon.colcon_core.package_identification:_identify(scripts) by extension 'python'
[0.545s] Level 1:colcon.colcon_core.package_identification:_identify(scripts) by extensions ['python_setup_py']
[0.545s] Level 1:colcon.colcon_core.package_identification:_identify(scripts) by extension 'python_setup_py'
[0.546s] Level 1:colcon.colcon_core.package_identification:_identify(simulation) by extensions ['ignore', 'ignore_ament_install']
[0.546s] Level 1:colcon.colcon_core.package_identification:_identify(simulation) by extension 'ignore'
[0.546s] Level 1:colcon.colcon_core.package_identification:_identify(simulation) by extension 'ignore_ament_install'
[0.546s] Level 1:colcon.colcon_core.package_identification:_identify(simulation) by extensions ['colcon_pkg']
[0.547s] Level 1:colcon.colcon_core.package_identification:_identify(simulation) by extension 'colcon_pkg'
[0.547s] Level 1:colcon.colcon_core.package_identification:_identify(simulation) by extensions ['colcon_meta']
[0.547s] Level 1:colcon.colcon_core.package_identification:_identify(simulation) by extension 'colcon_meta'
[0.547s] Level 1:colcon.colcon_core.package_identification:_identify(simulation) by extensions ['ros']
[0.547s] Level 1:colcon.colcon_core.package_identification:_identify(simulation) by extension 'ros'
[0.547s] Level 1:colcon.colcon_core.package_identification:_identify(simulation) by extensions ['cmake', 'python']
[0.547s] Level 1:colcon.colcon_core.package_identification:_identify(simulation) by extension 'cmake'
[0.548s] Level 1:colcon.colcon_core.package_identification:_identify(simulation) by extension 'python'
[0.548s] Level 1:colcon.colcon_core.package_identification:_identify(simulation) by extensions ['python_setup_py']
[0.548s] Level 1:colcon.colcon_core.package_identification:_identify(simulation) by extension 'python_setup_py'
[0.548s] Level 1:colcon.colcon_core.package_identification:_identify(simulation/models) by extensions ['ignore', 'ignore_ament_install']
[0.548s] Level 1:colcon.colcon_core.package_identification:_identify(simulation/models) by extension 'ignore'
[0.548s] Level 1:colcon.colcon_core.package_identification:_identify(simulation/models) by extension 'ignore_ament_install'
[0.548s] Level 1:colcon.colcon_core.package_identification:_identify(simulation/models) by extensions ['colcon_pkg']
[0.549s] Level 1:colcon.colcon_core.package_identification:_identify(simulation/models) by extension 'colcon_pkg'
[0.549s] Level 1:colcon.colcon_core.package_identification:_identify(simulation/models) by extensions ['colcon_meta']
[0.549s] Level 1:colcon.colcon_core.package_identification:_identify(simulation/models) by extension 'colcon_meta'
[0.549s] Level 1:colcon.colcon_core.package_identification:_identify(simulation/models) by extensions ['ros']
[0.549s] Level 1:colcon.colcon_core.package_identification:_identify(simulation/models) by extension 'ros'
[0.549s] Level 1:colcon.colcon_core.package_identification:_identify(simulation/models) by extensions ['cmake', 'python']
[0.549s] Level 1:colcon.colcon_core.package_identification:_identify(simulation/models) by extension 'cmake'
[0.549s] Level 1:colcon.colcon_core.package_identification:_identify(simulation/models) by extension 'python'
[0.549s] Level 1:colcon.colcon_core.package_identification:_identify(simulation/models) by extensions ['python_setup_py']
[0.549s] Level 1:colcon.colcon_core.package_identification:_identify(simulation/models) by extension 'python_setup_py'
[0.549s] Level 1:colcon.colcon_core.package_identification:_identify(simulation/sitl_configs) by extensions ['ignore', 'ignore_ament_install']
[0.550s] Level 1:colcon.colcon_core.package_identification:_identify(simulation/sitl_configs) by extension 'ignore'
[0.550s] Level 1:colcon.colcon_core.package_identification:_identify(simulation/sitl_configs) by extension 'ignore_ament_install'
[0.550s] Level 1:colcon.colcon_core.package_identification:_identify(simulation/sitl_configs) by extensions ['colcon_pkg']
[0.550s] Level 1:colcon.colcon_core.package_identification:_identify(simulation/sitl_configs) by extension 'colcon_pkg'
[0.550s] Level 1:colcon.colcon_core.package_identification:_identify(simulation/sitl_configs) by extensions ['colcon_meta']
[0.550s] Level 1:colcon.colcon_core.package_identification:_identify(simulation/sitl_configs) by extension 'colcon_meta'
[0.550s] Level 1:colcon.colcon_core.package_identification:_identify(simulation/sitl_configs) by extensions ['ros']
[0.550s] Level 1:colcon.colcon_core.package_identification:_identify(simulation/sitl_configs) by extension 'ros'
[0.550s] Level 1:colcon.colcon_core.package_identification:_identify(simulation/sitl_configs) by extensions ['cmake', 'python']
[0.550s] Level 1:colcon.colcon_core.package_identification:_identify(simulation/sitl_configs) by extension 'cmake'
[0.550s] Level 1:colcon.colcon_core.package_identification:_identify(simulation/sitl_configs) by extension 'python'
[0.551s] Level 1:colcon.colcon_core.package_identification:_identify(simulation/sitl_configs) by extensions ['python_setup_py']
[0.551s] Level 1:colcon.colcon_core.package_identification:_identify(simulation/sitl_configs) by extension 'python_setup_py'
[0.551s] Level 1:colcon.colcon_core.package_identification:_identify(simulation/worlds) by extensions ['ignore', 'ignore_ament_install']
[0.551s] Level 1:colcon.colcon_core.package_identification:_identify(simulation/worlds) by extension 'ignore'
[0.551s] Level 1:colcon.colcon_core.package_identification:_identify(simulation/worlds) by extension 'ignore_ament_install'
[0.551s] Level 1:colcon.colcon_core.package_identification:_identify(simulation/worlds) by extensions ['colcon_pkg']
[0.551s] Level 1:colcon.colcon_core.package_identification:_identify(simulation/worlds) by extension 'colcon_pkg'
[0.551s] Level 1:colcon.colcon_core.package_identification:_identify(simulation/worlds) by extensions ['colcon_meta']
[0.551s] Level 1:colcon.colcon_core.package_identification:_identify(simulation/worlds) by extension 'colcon_meta'
[0.551s] Level 1:colcon.colcon_core.package_identification:_identify(simulation/worlds) by extensions ['ros']
[0.551s] Level 1:colcon.colcon_core.package_identification:_identify(simulation/worlds) by extension 'ros'
[0.552s] Level 1:colcon.colcon_core.package_identification:_identify(simulation/worlds) by extensions ['cmake', 'python']
[0.552s] Level 1:colcon.colcon_core.package_identification:_identify(simulation/worlds) by extension 'cmake'
[0.552s] Level 1:colcon.colcon_core.package_identification:_identify(simulation/worlds) by extension 'python'
[0.552s] Level 1:colcon.colcon_core.package_identification:_identify(simulation/worlds) by extensions ['python_setup_py']
[0.552s] Level 1:colcon.colcon_core.package_identification:_identify(simulation/worlds) by extension 'python_setup_py'
[0.552s] Level 1:colcon.colcon_core.package_identification:_identify(src) by extensions ['ignore', 'ignore_ament_install']
[0.552s] Level 1:colcon.colcon_core.package_identification:_identify(src) by extension 'ignore'
[0.552s] Level 1:colcon.colcon_core.package_identification:_identify(src) by extension 'ignore_ament_install'
[0.553s] Level 1:colcon.colcon_core.package_identification:_identify(src) by extensions ['colcon_pkg']
[0.553s] Level 1:colcon.colcon_core.package_identification:_identify(src) by extension 'colcon_pkg'
[0.553s] Level 1:colcon.colcon_core.package_identification:_identify(src) by extensions ['colcon_meta']
[0.553s] Level 1:colcon.colcon_core.package_identification:_identify(src) by extension 'colcon_meta'
[0.553s] Level 1:colcon.colcon_core.package_identification:_identify(src) by extensions ['ros']
[0.553s] Level 1:colcon.colcon_core.package_identification:_identify(src) by extension 'ros'
[0.553s] Level 1:colcon.colcon_core.package_identification:_identify(src) by extensions ['cmake', 'python']
[0.553s] Level 1:colcon.colcon_core.package_identification:_identify(src) by extension 'cmake'
[0.553s] Level 1:colcon.colcon_core.package_identification:_identify(src) by extension 'python'
[0.554s] Level 1:colcon.colcon_core.package_identification:_identify(src) by extensions ['python_setup_py']
[0.554s] Level 1:colcon.colcon_core.package_identification:_identify(src) by extension 'python_setup_py'
[0.554s] Level 1:colcon.colcon_core.package_identification:_identify(src/clear_run_interfaces) by extensions ['ignore', 'ignore_ament_install']
[0.554s] Level 1:colcon.colcon_core.package_identification:_identify(src/clear_run_interfaces) by extension 'ignore'
[0.554s] Level 1:colcon.colcon_core.package_identification:_identify(src/clear_run_interfaces) by extension 'ignore_ament_install'
[0.555s] Level 1:colcon.colcon_core.package_identification:_identify(src/clear_run_interfaces) by extensions ['colcon_pkg']
[0.555s] Level 1:colcon.colcon_core.package_identification:_identify(src/clear_run_interfaces) by extension 'colcon_pkg'
[0.555s] Level 1:colcon.colcon_core.package_identification:_identify(src/clear_run_interfaces) by extensions ['colcon_meta']
[0.555s] Level 1:colcon.colcon_core.package_identification:_identify(src/clear_run_interfaces) by extension 'colcon_meta'
[0.555s] Level 1:colcon.colcon_core.package_identification:_identify(src/clear_run_interfaces) by extensions ['ros']
[0.555s] Level 1:colcon.colcon_core.package_identification:_identify(src/clear_run_interfaces) by extension 'ros'
[0.556s] Level 1:colcon.colcon_core.package_identification:_identify(src/clear_run_interfaces) by extensions ['cmake', 'python']
[0.556s] Level 1:colcon.colcon_core.package_identification:_identify(src/clear_run_interfaces) by extension 'cmake'
[0.556s] Level 1:colcon.colcon_core.package_identification:_identify(src/clear_run_interfaces) by extension 'python'
[0.556s] Level 1:colcon.colcon_core.package_identification:_identify(src/clear_run_interfaces) by extensions ['python_setup_py']
[0.556s] Level 1:colcon.colcon_core.package_identification:_identify(src/clear_run_interfaces) by extension 'python_setup_py'
[0.556s] Level 1:colcon.colcon_core.package_identification:_identify(src/clear_run_interfaces/action) by extensions ['ignore', 'ignore_ament_install']
[0.556s] Level 1:colcon.colcon_core.package_identification:_identify(src/clear_run_interfaces/action) by extension 'ignore'
[0.557s] Level 1:colcon.colcon_core.package_identification:_identify(src/clear_run_interfaces/action) by extension 'ignore_ament_install'
[0.557s] Level 1:colcon.colcon_core.package_identification:_identify(src/clear_run_interfaces/action) by extensions ['colcon_pkg']
[0.557s] Level 1:colcon.colcon_core.package_identification:_identify(src/clear_run_interfaces/action) by extension 'colcon_pkg'
[0.557s] Level 1:colcon.colcon_core.package_identification:_identify(src/clear_run_interfaces/action) by extensions ['colcon_meta']
[0.557s] Level 1:colcon.colcon_core.package_identification:_identify(src/clear_run_interfaces/action) by extension 'colcon_meta'
[0.557s] Level 1:colcon.colcon_core.package_identification:_identify(src/clear_run_interfaces/action) by extensions ['ros']
[0.557s] Level 1:colcon.colcon_core.package_identification:_identify(src/clear_run_interfaces/action) by extension 'ros'
[0.557s] Level 1:colcon.colcon_core.package_identification:_identify(src/clear_run_interfaces/action) by extensions ['cmake', 'python']
[0.557s] Level 1:colcon.colcon_core.package_identification:_identify(src/clear_run_interfaces/action) by extension 'cmake'
[0.558s] Level 1:colcon.colcon_core.package_identification:_identify(src/clear_run_interfaces/action) by extension 'python'
[0.558s] Level 1:colcon.colcon_core.package_identification:_identify(src/clear_run_interfaces/action) by extensions ['python_setup_py']
[0.558s] Level 1:colcon.colcon_core.package_identification:_identify(src/clear_run_interfaces/action) by extension 'python_setup_py'
[0.558s] Level 1:colcon.colcon_core.package_identification:_identify(src/clear_run_interfaces/msg) by extensions ['ignore', 'ignore_ament_install']
[0.558s] Level 1:colcon.colcon_core.package_identification:_identify(src/clear_run_interfaces/msg) by extension 'ignore'
[0.558s] Level 1:colcon.colcon_core.package_identification:_identify(src/clear_run_interfaces/msg) by extension 'ignore_ament_install'
[0.558s] Level 1:colcon.colcon_core.package_identification:_identify(src/clear_run_interfaces/msg) by extensions ['colcon_pkg']
[0.559s] Level 1:colcon.colcon_core.package_identification:_identify(src/clear_run_interfaces/msg) by extension 'colcon_pkg'
[0.559s] Level 1:colcon.colcon_core.package_identification:_identify(src/clear_run_interfaces/msg) by extensions ['colcon_meta']
[0.559s] Level 1:colcon.colcon_core.package_identification:_identify(src/clear_run_interfaces/msg) by extension 'colcon_meta'
[0.559s] Level 1:colcon.colcon_core.package_identification:_identify(src/clear_run_interfaces/msg) by extensions ['ros']
[0.559s] Level 1:colcon.colcon_core.package_identification:_identify(src/clear_run_interfaces/msg) by extension 'ros'
[0.559s] Level 1:colcon.colcon_core.package_identification:_identify(src/clear_run_interfaces/msg) by extensions ['cmake', 'python']
[0.559s] Level 1:colcon.colcon_core.package_identification:_identify(src/clear_run_interfaces/msg) by extension 'cmake'
[0.559s] Level 1:colcon.colcon_core.package_identification:_identify(src/clear_run_interfaces/msg) by extension 'python'
[0.559s] Level 1:colcon.colcon_core.package_identification:_identify(src/clear_run_interfaces/msg) by extensions ['python_setup_py']
[0.560s] Level 1:colcon.colcon_core.package_identification:_identify(src/clear_run_interfaces/msg) by extension 'python_setup_py'
[0.560s] Level 1:colcon.colcon_core.package_identification:_identify(src/clearrun_bringup) by extensions ['ignore', 'ignore_ament_install']
[0.560s] Level 1:colcon.colcon_core.package_identification:_identify(src/clearrun_bringup) by extension 'ignore'
[0.560s] Level 1:colcon.colcon_core.package_identification:_identify(src/clearrun_bringup) by extension 'ignore_ament_install'
[0.560s] Level 1:colcon.colcon_core.package_identification:_identify(src/clearrun_bringup) by extensions ['colcon_pkg']
[0.560s] Level 1:colcon.colcon_core.package_identification:_identify(src/clearrun_bringup) by extension 'colcon_pkg'
[0.561s] Level 1:colcon.colcon_core.package_identification:_identify(src/clearrun_bringup) by extensions ['colcon_meta']
[0.561s] Level 1:colcon.colcon_core.package_identification:_identify(src/clearrun_bringup) by extension 'colcon_meta'
[0.561s] Level 1:colcon.colcon_core.package_identification:_identify(src/clearrun_bringup) by extensions ['ros']
[0.561s] Level 1:colcon.colcon_core.package_identification:_identify(src/clearrun_bringup) by extension 'ros'
[0.567s] DEBUG:colcon.colcon_core.package_identification:Package 'src/clearrun_bringup' with type 'ros.ament_python' and name 'clearrun_bringup'
[0.567s] Level 1:colcon.colcon_core.package_identification:_identify(src/clearrun_msgs) by extensions ['ignore', 'ignore_ament_install']
[0.567s] Level 1:colcon.colcon_core.package_identification:_identify(src/clearrun_msgs) by extension 'ignore'
[0.567s] Level 1:colcon.colcon_core.package_identification:_identify(src/clearrun_msgs) by extension 'ignore_ament_install'
[0.568s] Level 1:colcon.colcon_core.package_identification:_identify(src/clearrun_msgs) by extensions ['colcon_pkg']
[0.568s] Level 1:colcon.colcon_core.package_identification:_identify(src/clearrun_msgs) by extension 'colcon_pkg'
[0.568s] Level 1:colcon.colcon_core.package_identification:_identify(src/clearrun_msgs) by extensions ['colcon_meta']
[0.568s] Level 1:colcon.colcon_core.package_identification:_identify(src/clearrun_msgs) by extension 'colcon_meta'
[0.568s] Level 1:colcon.colcon_core.package_identification:_identify(src/clearrun_msgs) by extensions ['ros']
[0.568s] Level 1:colcon.colcon_core.package_identification:_identify(src/clearrun_msgs) by extension 'ros'
[0.571s] DEBUG:colcon.colcon_core.package_identification:Package 'src/clearrun_msgs' with type 'ros.ament_cmake' and name 'clearrun_msgs'
[0.571s] Level 1:colcon.colcon_core.package_identification:_identify(src/clearrun_uav) by extensions ['ignore', 'ignore_ament_install']
[0.571s] Level 1:colcon.colcon_core.package_identification:_identify(src/clearrun_uav) by extension 'ignore'
[0.572s] Level 1:colcon.colcon_core.package_identification:_identify(src/clearrun_uav) by extension 'ignore_ament_install'
[0.572s] Level 1:colcon.colcon_core.package_identification:_identify(src/clearrun_uav) by extensions ['colcon_pkg']
[0.572s] Level 1:colcon.colcon_core.package_identification:_identify(src/clearrun_uav) by extension 'colcon_pkg'
[0.572s] Level 1:colcon.colcon_core.package_identification:_identify(src/clearrun_uav) by extensions ['colcon_meta']
[0.572s] Level 1:colcon.colcon_core.package_identification:_identify(src/clearrun_uav) by extension 'colcon_meta'
[0.573s] Level 1:colcon.colcon_core.package_identification:_identify(src/clearrun_uav) by extensions ['ros']
[0.573s] Level 1:colcon.colcon_core.package_identification:_identify(src/clearrun_uav) by extension 'ros'
[0.575s] DEBUG:colcon.colcon_core.package_identification:Package 'src/clearrun_uav' with type 'ros.ament_python' and name 'clearrun_uav'
[0.575s] Level 1:colcon.colcon_core.package_identification:_identify(src/clearrun_ugv) by extensions ['ignore', 'ignore_ament_install']
[0.575s] Level 1:colcon.colcon_core.package_identification:_identify(src/clearrun_ugv) by extension 'ignore'
[0.576s] Level 1:colcon.colcon_core.package_identification:_identify(src/clearrun_ugv) by extension 'ignore_ament_install'
[0.576s] Level 1:colcon.colcon_core.package_identification:_identify(src/clearrun_ugv) by extensions ['colcon_pkg']
[0.576s] Level 1:colcon.colcon_core.package_identification:_identify(src/clearrun_ugv) by extension 'colcon_pkg'
[0.576s] Level 1:colcon.colcon_core.package_identification:_identify(src/clearrun_ugv) by extensions ['colcon_meta']
[0.576s] Level 1:colcon.colcon_core.package_identification:_identify(src/clearrun_ugv) by extension 'colcon_meta'
[0.576s] Level 1:colcon.colcon_core.package_identification:_identify(src/clearrun_ugv) by extensions ['ros']
[0.576s] Level 1:colcon.colcon_core.package_identification:_identify(src/clearrun_ugv) by extension 'ros'
[0.579s] DEBUG:colcon.colcon_core.package_identification:Package 'src/clearrun_ugv' with type 'ros.ament_python' and name 'clearrun_ugv'
[0.579s] Level 1:colcon.colcon_core.package_identification:_identify(src/uav_vision) by extensions ['ignore', 'ignore_ament_install']
[0.579s] Level 1:colcon.colcon_core.package_identification:_identify(src/uav_vision) by extension 'ignore'
[0.579s] Level 1:colcon.colcon_core.package_identification:_identify(src/uav_vision) by extension 'ignore_ament_install'
[0.580s] Level 1:colcon.colcon_core.package_identification:_identify(src/uav_vision) by extensions ['colcon_pkg']
[0.580s] Level 1:colcon.colcon_core.package_identification:_identify(src/uav_vision) by extension 'colcon_pkg'
[0.580s] Level 1:colcon.colcon_core.package_identification:_identify(src/uav_vision) by extensions ['colcon_meta']
[0.580s] Level 1:colcon.colcon_core.package_identification:_identify(src/uav_vision) by extension 'colcon_meta'
[0.580s] Level 1:colcon.colcon_core.package_identification:_identify(src/uav_vision) by extensions ['ros']
[0.580s] Level 1:colcon.colcon_core.package_identification:_identify(src/uav_vision) by extension 'ros'
[0.580s] Level 1:colcon.colcon_core.package_identification:_identify(src/uav_vision) by extensions ['cmake', 'python']
[0.580s] Level 1:colcon.colcon_core.package_identification:_identify(src/uav_vision) by extension 'cmake'
[0.580s] Level 1:colcon.colcon_core.package_identification:_identify(src/uav_vision) by extension 'python'
[0.580s] Level 1:colcon.colcon_core.package_identification:_identify(src/uav_vision) by extensions ['python_setup_py']
[0.580s] Level 1:colcon.colcon_core.package_identification:_identify(src/uav_vision) by extension 'python_setup_py'
[0.581s] Level 1:colcon.colcon_core.package_identification:_identify(src/uav_vision/config) by extensions ['ignore', 'ignore_ament_install']
[0.581s] Level 1:colcon.colcon_core.package_identification:_identify(src/uav_vision/config) by extension 'ignore'
[0.581s] Level 1:colcon.colcon_core.package_identification:_identify(src/uav_vision/config) by extension 'ignore_ament_install'
[0.581s] Level 1:colcon.colcon_core.package_identification:_identify(src/uav_vision/config) by extensions ['colcon_pkg']
[0.581s] Level 1:colcon.colcon_core.package_identification:_identify(src/uav_vision/config) by extension 'colcon_pkg'
[0.581s] Level 1:colcon.colcon_core.package_identification:_identify(src/uav_vision/config) by extensions ['colcon_meta']
[0.581s] Level 1:colcon.colcon_core.package_identification:_identify(src/uav_vision/config) by extension 'colcon_meta'
[0.581s] Level 1:colcon.colcon_core.package_identification:_identify(src/uav_vision/config) by extensions ['ros']
[0.581s] Level 1:colcon.colcon_core.package_identification:_identify(src/uav_vision/config) by extension 'ros'
[0.581s] Level 1:colcon.colcon_core.package_identification:_identify(src/uav_vision/config) by extensions ['cmake', 'python']
[0.582s] Level 1:colcon.colcon_core.package_identification:_identify(src/uav_vision/config) by extension 'cmake'
[0.582s] Level 1:colcon.colcon_core.package_identification:_identify(src/uav_vision/config) by extension 'python'
[0.582s] Level 1:colcon.colcon_core.package_identification:_identify(src/uav_vision/config) by extensions ['python_setup_py']
[0.582s] Level 1:colcon.colcon_core.package_identification:_identify(src/uav_vision/config) by extension 'python_setup_py'
[0.582s] Level 1:colcon.colcon_core.package_identification:_identify(src/uav_vision/scripts) by extensions ['ignore', 'ignore_ament_install']
[0.582s] Level 1:colcon.colcon_core.package_identification:_identify(src/uav_vision/scripts) by extension 'ignore'
[0.582s] Level 1:colcon.colcon_core.package_identification:_identify(src/uav_vision/scripts) by extension 'ignore_ament_install'
[0.583s] Level 1:colcon.colcon_core.package_identification:_identify(src/uav_vision/scripts) by extensions ['colcon_pkg']
[0.583s] Level 1:colcon.colcon_core.package_identification:_identify(src/uav_vision/scripts) by extension 'colcon_pkg'
[0.583s] Level 1:colcon.colcon_core.package_identification:_identify(src/uav_vision/scripts) by extensions ['colcon_meta']
[0.583s] Level 1:colcon.colcon_core.package_identification:_identify(src/uav_vision/scripts) by extension 'colcon_meta'
[0.583s] Level 1:colcon.colcon_core.package_identification:_identify(src/uav_vision/scripts) by extensions ['ros']
[0.583s] Level 1:colcon.colcon_core.package_identification:_identify(src/uav_vision/scripts) by extension 'ros'
[0.583s] Level 1:colcon.colcon_core.package_identification:_identify(src/uav_vision/scripts) by extensions ['cmake', 'python']
[0.583s] Level 1:colcon.colcon_core.package_identification:_identify(src/uav_vision/scripts) by extension 'cmake'
[0.583s] Level 1:colcon.colcon_core.package_identification:_identify(src/uav_vision/scripts) by extension 'python'
[0.583s] Level 1:colcon.colcon_core.package_identification:_identify(src/uav_vision/scripts) by extensions ['python_setup_py']
[0.584s] Level 1:colcon.colcon_core.package_identification:_identify(src/uav_vision/scripts) by extension 'python_setup_py'
[0.584s] Level 1:colcon.colcon_core.package_identification:_identify(src/ugv_control) by extensions ['ignore', 'ignore_ament_install']
[0.584s] Level 1:colcon.colcon_core.package_identification:_identify(src/ugv_control) by extension 'ignore'
[0.584s] Level 1:colcon.colcon_core.package_identification:_identify(src/ugv_control) by extension 'ignore_ament_install'
[0.584s] Level 1:colcon.colcon_core.package_identification:_identify(src/ugv_control) by extensions ['colcon_pkg']
[0.584s] Level 1:colcon.colcon_core.package_identification:_identify(src/ugv_control) by extension 'colcon_pkg'
[0.584s] Level 1:colcon.colcon_core.package_identification:_identify(src/ugv_control) by extensions ['colcon_meta']
[0.585s] Level 1:colcon.colcon_core.package_identification:_identify(src/ugv_control) by extension 'colcon_meta'
[0.585s] Level 1:colcon.colcon_core.package_identification:_identify(src/ugv_control) by extensions ['ros']
[0.585s] Level 1:colcon.colcon_core.package_identification:_identify(src/ugv_control) by extension 'ros'
[0.585s] Level 1:colcon.colcon_core.package_identification:_identify(src/ugv_control) by extensions ['cmake', 'python']
[0.585s] Level 1:colcon.colcon_core.package_identification:_identify(src/ugv_control) by extension 'cmake'
[0.585s] Level 1:colcon.colcon_core.package_identification:_identify(src/ugv_control) by extension 'python'
[0.585s] Level 1:colcon.colcon_core.package_identification:_identify(src/ugv_control) by extensions ['python_setup_py']
[0.585s] Level 1:colcon.colcon_core.package_identification:_identify(src/ugv_control) by extension 'python_setup_py'
[0.585s] Level 1:colcon.colcon_core.package_identification:_identify(src/ugv_control/scripts) by extensions ['ignore', 'ignore_ament_install']
[0.586s] Level 1:colcon.colcon_core.package_identification:_identify(src/ugv_control/scripts) by extension 'ignore'
[0.586s] Level 1:colcon.colcon_core.package_identification:_identify(src/ugv_control/scripts) by extension 'ignore_ament_install'
[0.586s] Level 1:colcon.colcon_core.package_identification:_identify(src/ugv_control/scripts) by extensions ['colcon_pkg']
[0.586s] Level 1:colcon.colcon_core.package_identification:_identify(src/ugv_control/scripts) by extension 'colcon_pkg'
[0.586s] Level 1:colcon.colcon_core.package_identification:_identify(src/ugv_control/scripts) by extensions ['colcon_meta']
[0.586s] Level 1:colcon.colcon_core.package_identification:_identify(src/ugv_control/scripts) by extension 'colcon_meta'
[0.586s] Level 1:colcon.colcon_core.package_identification:_identify(src/ugv_control/scripts) by extensions ['ros']
[0.586s] Level 1:colcon.colcon_core.package_identification:_identify(src/ugv_control/scripts) by extension 'ros'
[0.587s] Level 1:colcon.colcon_core.package_identification:_identify(src/ugv_control/scripts) by extensions ['cmake', 'python']
[0.587s] Level 1:colcon.colcon_core.package_identification:_identify(src/ugv_control/scripts) by extension 'cmake'
[0.587s] Level 1:colcon.colcon_core.package_identification:_identify(src/ugv_control/scripts) by extension 'python'
[0.587s] Level 1:colcon.colcon_core.package_identification:_identify(src/ugv_control/scripts) by extensions ['python_setup_py']
[0.587s] Level 1:colcon.colcon_core.package_identification:_identify(src/ugv_control/scripts) by extension 'python_setup_py'
[0.587s] Level 1:colcon.colcon_core.package_discovery:discover_packages(recursive) using defaults
[0.587s] Level 1:colcon.colcon_core.package_discovery:discover_packages(ignore) discover
[0.587s] Level 1:colcon.colcon_core.package_discovery:discover_packages(ignore) using defaults
[0.587s] Level 1:colcon.colcon_core.package_discovery:discover_packages(path) discover
[0.587s] Level 1:colcon.colcon_core.package_discovery:discover_packages(path) using defaults
[0.625s] Level 1:colcon.colcon_core.package_discovery:discover_packages(prefix_path) check parameters
[0.625s] Level 1:colcon.colcon_core.package_discovery:discover_packages(prefix_path) discover
[0.632s] DEBUG:colcon.colcon_installed_package_information.package_discovery:Found 390 installed packages in /opt/ros/jazzy
[0.634s] Level 1:colcon.colcon_core.package_discovery:discover_packages(prefix_path) using defaults
[0.726s] Level 5:colcon.colcon_core.verb:set package 'clearrun_msgs' build argument 'cmake_args' from command line to 'None'
[0.726s] Level 5:colcon.colcon_core.verb:set package 'clearrun_msgs' build argument 'cmake_target' from command line to 'None'
[0.727s] Level 5:colcon.colcon_core.verb:set package 'clearrun_msgs' build argument 'cmake_target_skip_unavailable' from command line to 'False'
[0.727s] Level 5:colcon.colcon_core.verb:set package 'clearrun_msgs' build argument 'cmake_clean_cache' from command line to 'False'
[0.727s] Level 5:colcon.colcon_core.verb:set package 'clearrun_msgs' build argument 'cmake_clean_first' from command line to 'False'
[0.727s] Level 5:colcon.colcon_core.verb:set package 'clearrun_msgs' build argument 'cmake_force_configure' from command line to 'False'
[0.727s] Level 5:colcon.colcon_core.verb:set package 'clearrun_msgs' build argument 'ament_cmake_args' from command line to 'None'
[0.727s] Level 5:colcon.colcon_core.verb:set package 'clearrun_msgs' build argument 'catkin_cmake_args' from command line to 'None'
[0.727s] Level 5:colcon.colcon_core.verb:set package 'clearrun_msgs' build argument 'catkin_skip_building_tests' from command line to 'False'
[0.727s] DEBUG:colcon.colcon_core.verb:Building package 'clearrun_msgs' with the following arguments: {'ament_cmake_args': None, 'build_base': '/home/gondal/Clear-Run/build/clearrun_msgs', 'catkin_cmake_args': None, 'catkin_skip_building_tests': False, 'cmake_args': None, 'cmake_clean_cache': False, 'cmake_clean_first': False, 'cmake_force_configure': False, 'cmake_target': None, 'cmake_target_skip_unavailable': False, 'install_base': '/home/gondal/Clear-Run/install/clearrun_msgs', 'merge_install': False, 'path': '/home/gondal/Clear-Run/src/clearrun_msgs', 'symlink_install': True, 'test_result_base': None}
[0.728s] Level 5:colcon.colcon_core.verb:set package 'clearrun_uav' build argument 'cmake_args' from command line to 'None'
[0.728s] Level 5:colcon.colcon_core.verb:set package 'clearrun_uav' build argument 'cmake_target' from command line to 'None'
[0.728s] Level 5:colcon.colcon_core.verb:set package 'clearrun_uav' build argument 'cmake_target_skip_unavailable' from command line to 'False'
[0.728s] Level 5:colcon.colcon_core.verb:set package 'clearrun_uav' build argument 'cmake_clean_cache' from command line to 'False'
[0.728s] Level 5:colcon.colcon_core.verb:set package 'clearrun_uav' build argument 'cmake_clean_first' from command line to 'False'
[0.728s] Level 5:colcon.colcon_core.verb:set package 'clearrun_uav' build argument 'cmake_force_configure' from command line to 'False'
[0.728s] Level 5:colcon.colcon_core.verb:set package 'clearrun_uav' build argument 'ament_cmake_args' from command line to 'None'
[0.728s] Level 5:colcon.colcon_core.verb:set package 'clearrun_uav' build argument 'catkin_cmake_args' from command line to 'None'
[0.728s] Level 5:colcon.colcon_core.verb:set package 'clearrun_uav' build argument 'catkin_skip_building_tests' from command line to 'False'
[0.728s] DEBUG:colcon.colcon_core.verb:Building package 'clearrun_uav' with the following arguments: {'ament_cmake_args': None, 'build_base': '/home/gondal/Clear-Run/build/clearrun_uav', 'catkin_cmake_args': None, 'catkin_skip_building_tests': False, 'cmake_args': None, 'cmake_clean_cache': False, 'cmake_clean_first': False, 'cmake_force_configure': False, 'cmake_target': None, 'cmake_target_skip_unavailable': False, 'install_base': '/home/gondal/Clear-Run/install/clearrun_uav', 'merge_install': False, 'path': '/home/gondal/Clear-Run/src/clearrun_uav', 'symlink_install': True, 'test_result_base': None}
[0.729s] Level 5:colcon.colcon_core.verb:set package 'clearrun_ugv' build argument 'cmake_args' from command line to 'None'
[0.729s] Level 5:colcon.colcon_core.verb:set package 'clearrun_ugv' build argument 'cmake_target' from command line to 'None'
[0.729s] Level 5:colcon.colcon_core.verb:set package 'clearrun_ugv' build argument 'cmake_target_skip_unavailable' from command line to 'False'
[0.729s] Level 5:colcon.colcon_core.verb:set package 'clearrun_ugv' build argument 'cmake_clean_cache' from command line to 'False'
[0.729s] Level 5:colcon.colcon_core.verb:set package 'clearrun_ugv' build argument 'cmake_clean_first' from command line to 'False'
[0.729s] Level 5:colcon.colcon_core.verb:set package 'clearrun_ugv' build argument 'cmake_force_configure' from command line to 'False'
[0.729s] Level 5:colcon.colcon_core.verb:set package 'clearrun_ugv' build argument 'ament_cmake_args' from command line to 'None'
[0.729s] Level 5:colcon.colcon_core.verb:set package 'clearrun_ugv' build argument 'catkin_cmake_args' from command line to 'None'
[0.729s] Level 5:colcon.colcon_core.verb:set package 'clearrun_ugv' build argument 'catkin_skip_building_tests' from command line to 'False'
[0.729s] DEBUG:colcon.colcon_core.verb:Building package 'clearrun_ugv' with the following arguments: {'ament_cmake_args': None, 'build_base': '/home/gondal/Clear-Run/build/clearrun_ugv', 'catkin_cmake_args': None, 'catkin_skip_building_tests': False, 'cmake_args': None, 'cmake_clean_cache': False, 'cmake_clean_first': False, 'cmake_force_configure': False, 'cmake_target': None, 'cmake_target_skip_unavailable': False, 'install_base': '/home/gondal/Clear-Run/install/clearrun_ugv', 'merge_install': False, 'path': '/home/gondal/Clear-Run/src/clearrun_ugv', 'symlink_install': True, 'test_result_base': None}
[0.730s] Level 5:colcon.colcon_core.verb:set package 'clearrun_bringup' build argument 'cmake_args' from command line to 'None'
[0.730s] Level 5:colcon.colcon_core.verb:set package 'clearrun_bringup' build argument 'cmake_target' from command line to 'None'
[0.730s] Level 5:colcon.colcon_core.verb:set package 'clearrun_bringup' build argument 'cmake_target_skip_unavailable' from command line to 'False'
[0.730s] Level 5:colcon.colcon_core.verb:set package 'clearrun_bringup' build argument 'cmake_clean_cache' from command line to 'False'
[0.730s] Level 5:colcon.colcon_core.verb:set package 'clearrun_bringup' build argument 'cmake_clean_first' from command line to 'False'
[0.730s] Level 5:colcon.colcon_core.verb:set package 'clearrun_bringup' build argument 'cmake_force_configure' from command line to 'False'
[0.730s] Level 5:colcon.colcon_core.verb:set package 'clearrun_bringup' build argument 'ament_cmake_args' from command line to 'None'
[0.730s] Level 5:colcon.colcon_core.verb:set package 'clearrun_bringup' build argument 'catkin_cmake_args' from command line to 'None'
[0.730s] Level 5:colcon.colcon_core.verb:set package 'clearrun_bringup' build argument 'catkin_skip_building_tests' from command line to 'False'
[0.730s] DEBUG:colcon.colcon_core.verb:Building package 'clearrun_bringup' with the following arguments: {'ament_cmake_args': None, 'build_base': '/home/gondal/Clear-Run/build/clearrun_bringup', 'catkin_cmake_args': None, 'catkin_skip_building_tests': False, 'cmake_args': None, 'cmake_clean_cache': False, 'cmake_clean_first': False, 'cmake_force_configure': False, 'cmake_target': None, 'cmake_target_skip_unavailable': False, 'install_base': '/home/gondal/Clear-Run/install/clearrun_bringup', 'merge_install': False, 'path': '/home/gondal/Clear-Run/src/clearrun_bringup', 'symlink_install': True, 'test_result_base': None}
[0.730s] INFO:colcon.colcon_core.executor:Executing jobs using 'parallel' executor
[0.732s] DEBUG:colcon.colcon_parallel_executor.executor.parallel:run_until_complete
[0.732s] INFO:colcon.colcon_ros.task.ament_cmake.build:Building ROS package in '/home/gondal/Clear-Run/src/clearrun_msgs' with build type 'ament_cmake'
[0.733s] INFO:colcon.colcon_cmake.task.cmake.build:Building CMake package in '/home/gondal/Clear-Run/src/clearrun_msgs'
[0.738s] INFO:colcon.colcon_core.plugin_system:Skipping extension 'colcon_core.shell.bat': Not used on non-Windows systems
[0.738s] INFO:colcon.colcon_core.shell:Skip shell extension 'powershell' for command environment: Not usable outside of PowerShell
[0.738s] DEBUG:colcon.colcon_core.shell:Skip shell extension 'dsv' for command environment
[0.756s] DEBUG:colcon.colcon_core.event_handler.log_command:Invoking command in '/home/gondal/Clear-Run/build/clearrun_msgs': CMAKE_PREFIX_PATH=${CMAKE_PREFIX_PATH}:/opt/ros/jazzy DEBUGINFOD_URLS=https://debuginfod.ubuntu.com VIRTUAL_ENV_PROMPT=(venv-ardupilot) /usr/bin/cmake --build /home/gondal/Clear-Run/build/clearrun_msgs -- -j8 -l8
[4.626s] DEBUG:colcon.colcon_core.event_handler.log_command:Invoked command in '/home/gondal/Clear-Run/build/clearrun_msgs' returned '0': CMAKE_PREFIX_PATH=${CMAKE_PREFIX_PATH}:/opt/ros/jazzy DEBUGINFOD_URLS=https://debuginfod.ubuntu.com VIRTUAL_ENV_PROMPT=(venv-ardupilot) /usr/bin/cmake --build /home/gondal/Clear-Run/build/clearrun_msgs -- -j8 -l8
[4.650s] DEBUG:colcon.colcon_core.event_handler.log_command:Invoking command in '/home/gondal/Clear-Run/build/clearrun_msgs': CMAKE_PREFIX_PATH=${CMAKE_PREFIX_PATH}:/opt/ros/jazzy DEBUGINFOD_URLS=https://debuginfod.ubuntu.com VIRTUAL_ENV_PROMPT=(venv-ardupilot) /usr/bin/cmake --install /home/gondal/Clear-Run/build/clearrun_msgs
[4.862s] Level 1:colcon.colcon_core.environment:create_environment_scripts_only(clearrun_msgs)
[4.863s] DEBUG:colcon.colcon_core.event_handler.log_command:Invoked command in '/home/gondal/Clear-Run/build/clearrun_msgs' returned '0': CMAKE_PREFIX_PATH=${CMAKE_PREFIX_PATH}:/opt/ros/jazzy DEBUGINFOD_URLS=https://debuginfod.ubuntu.com VIRTUAL_ENV_PROMPT=(venv-ardupilot) /usr/bin/cmake --install /home/gondal/Clear-Run/build/clearrun_msgs
[4.873s] Level 1:colcon.colcon_core.environment:checking '/home/gondal/Clear-Run/install/clearrun_msgs' for CMake module files
[4.876s] Level 1:colcon.colcon_core.environment:checking '/home/gondal/Clear-Run/install/clearrun_msgs' for CMake config files
[4.878s] Level 1:colcon.colcon_core.shell:create_environment_hook('clearrun_msgs', 'cmake_prefix_path')
[4.878s] INFO:colcon.colcon_core.shell:Creating environment hook '/home/gondal/Clear-Run/install/clearrun_msgs/share/clearrun_msgs/hook/cmake_prefix_path.ps1'
[4.880s] INFO:colcon.colcon_core.shell:Creating environment descriptor '/home/gondal/Clear-Run/install/clearrun_msgs/share/clearrun_msgs/hook/cmake_prefix_path.dsv'
[4.881s] INFO:colcon.colcon_core.shell:Creating environment hook '/home/gondal/Clear-Run/install/clearrun_msgs/share/clearrun_msgs/hook/cmake_prefix_path.sh'
[4.884s] Level 1:colcon.colcon_core.environment:checking '/home/gondal/Clear-Run/install/clearrun_msgs/lib'
[4.885s] Level 1:colcon.colcon_core.shell:create_environment_hook('clearrun_msgs', 'ld_library_path_lib')
[4.885s] INFO:colcon.colcon_core.shell:Creating environment hook '/home/gondal/Clear-Run/install/clearrun_msgs/share/clearrun_msgs/hook/ld_library_path_lib.ps1'
[4.886s] INFO:colcon.colcon_core.shell:Creating environment descriptor '/home/gondal/Clear-Run/install/clearrun_msgs/share/clearrun_msgs/hook/ld_library_path_lib.dsv'
[4.887s] INFO:colcon.colcon_core.shell:Creating environment hook '/home/gondal/Clear-Run/install/clearrun_msgs/share/clearrun_msgs/hook/ld_library_path_lib.sh'
[4.888s] Level 1:colcon.colcon_core.environment:checking '/home/gondal/Clear-Run/install/clearrun_msgs/bin'
[4.889s] Level 1:colcon.colcon_core.environment:checking '/home/gondal/Clear-Run/install/clearrun_msgs/lib/pkgconfig/clearrun_msgs.pc'
[4.889s] Level 1:colcon.colcon_core.environment:checking '/home/gondal/Clear-Run/install/clearrun_msgs/lib/python3.12/site-packages'
[4.890s] Level 1:colcon.colcon_core.shell:create_environment_hook('clearrun_msgs', 'pythonpath')
[4.890s] INFO:colcon.colcon_core.shell:Creating environment hook '/home/gondal/Clear-Run/install/clearrun_msgs/share/clearrun_msgs/hook/pythonpath.ps1'
[4.892s] INFO:colcon.colcon_core.shell:Creating environment descriptor '/home/gondal/Clear-Run/install/clearrun_msgs/share/clearrun_msgs/hook/pythonpath.dsv'
[4.893s] INFO:colcon.colcon_core.shell:Creating environment hook '/home/gondal/Clear-Run/install/clearrun_msgs/share/clearrun_msgs/hook/pythonpath.sh'
[4.895s] Level 1:colcon.colcon_core.environment:checking '/home/gondal/Clear-Run/install/clearrun_msgs/bin'
[4.896s] INFO:colcon.colcon_core.shell:Creating package script '/home/gondal/Clear-Run/install/clearrun_msgs/share/clearrun_msgs/package.ps1'
[4.899s] INFO:colcon.colcon_core.shell:Creating package descriptor '/home/gondal/Clear-Run/install/clearrun_msgs/share/clearrun_msgs/package.dsv'
[4.901s] INFO:colcon.colcon_core.shell:Creating package script '/home/gondal/Clear-Run/install/clearrun_msgs/share/clearrun_msgs/package.sh'
[4.903s] INFO:colcon.colcon_core.shell:Creating package script '/home/gondal/Clear-Run/install/clearrun_msgs/share/clearrun_msgs/package.bash'
[4.905s] INFO:colcon.colcon_core.shell:Creating package script '/home/gondal/Clear-Run/install/clearrun_msgs/share/clearrun_msgs/package.zsh'
[4.908s] Level 1:colcon.colcon_core.environment:create_file_with_runtime_dependencies(/home/gondal/Clear-Run/install/clearrun_msgs/share/colcon-core/packages/clearrun_msgs)
[4.910s] Level 1:colcon.colcon_core.environment:create_environment_scripts_only(clearrun_msgs)
[4.911s] Level 1:colcon.colcon_core.environment:checking '/home/gondal/Clear-Run/install/clearrun_msgs' for CMake module files
[4.913s] Level 1:colcon.colcon_core.environment:checking '/home/gondal/Clear-Run/install/clearrun_msgs' for CMake config files
[4.915s] Level 1:colcon.colcon_core.shell:create_environment_hook('clearrun_msgs', 'cmake_prefix_path')
[4.915s] INFO:colcon.colcon_core.shell:Creating environment hook '/home/gondal/Clear-Run/install/clearrun_msgs/share/clearrun_msgs/hook/cmake_prefix_path.ps1'
[4.917s] INFO:colcon.colcon_core.shell:Creating environment descriptor '/home/gondal/Clear-Run/install/clearrun_msgs/share/clearrun_msgs/hook/cmake_prefix_path.dsv'
[4.918s] INFO:colcon.colcon_core.shell:Creating environment hook '/home/gondal/Clear-Run/install/clearrun_msgs/share/clearrun_msgs/hook/cmake_prefix_path.sh'
[4.919s] Level 1:colcon.colcon_core.environment:checking '/home/gondal/Clear-Run/install/clearrun_msgs/lib'
[4.919s] Level 1:colcon.colcon_core.shell:create_environment_hook('clearrun_msgs', 'ld_library_path_lib')
[4.920s] INFO:colcon.colcon_core.shell:Creating environment hook '/home/gondal/Clear-Run/install/clearrun_msgs/share/clearrun_msgs/hook/ld_library_path_lib.ps1'
[4.921s] INFO:colcon.colcon_core.shell:Creating environment descriptor '/home/gondal/Clear-Run/install/clearrun_msgs/share/clearrun_msgs/hook/ld_library_path_lib.dsv'
[4.922s] INFO:colcon.colcon_core.shell:Creating environment hook '/home/gondal/Clear-Run/install/clearrun_msgs/share/clearrun_msgs/hook/ld_library_path_lib.sh'
[4.923s] Level 1:colcon.colcon_core.environment:checking '/home/gondal/Clear-Run/install/clearrun_msgs/bin'
[4.923s] Level 1:colcon.colcon_core.environment:checking '/home/gondal/Clear-Run/install/clearrun_msgs/lib/pkgconfig/clearrun_msgs.pc'
[4.924s] Level 1:colcon.colcon_core.environment:checking '/home/gondal/Clear-Run/install/clearrun_msgs/lib/python3.12/site-packages'
[4.925s] Level 1:colcon.colcon_core.shell:create_environment_hook('clearrun_msgs', 'pythonpath')
[4.925s] INFO:colcon.colcon_core.shell:Creating environment hook '/home/gondal/Clear-Run/install/clearrun_msgs/share/clearrun_msgs/hook/pythonpath.ps1'
[4.927s] INFO:colcon.colcon_core.shell:Creating environment descriptor '/home/gondal/Clear-Run/install/clearrun_msgs/share/clearrun_msgs/hook/pythonpath.dsv'
[4.928s] INFO:colcon.colcon_core.shell:Creating environment hook '/home/gondal/Clear-Run/install/clearrun_msgs/share/clearrun_msgs/hook/pythonpath.sh'
[4.931s] Level 1:colcon.colcon_core.environment:checking '/home/gondal/Clear-Run/install/clearrun_msgs/bin'
[4.932s] INFO:colcon.colcon_core.shell:Creating package script '/home/gondal/Clear-Run/install/clearrun_msgs/share/clearrun_msgs/package.ps1'
[4.933s] INFO:colcon.colcon_core.shell:Creating package descriptor '/home/gondal/Clear-Run/install/clearrun_msgs/share/clearrun_msgs/package.dsv'
[4.935s] INFO:colcon.colcon_core.shell:Creating package script '/home/gondal/Clear-Run/install/clearrun_msgs/share/clearrun_msgs/package.sh'
[4.937s] INFO:colcon.colcon_core.shell:Creating package script '/home/gondal/Clear-Run/install/clearrun_msgs/share/clearrun_msgs/package.bash'
[4.938s] INFO:colcon.colcon_core.shell:Creating package script '/home/gondal/Clear-Run/install/clearrun_msgs/share/clearrun_msgs/package.zsh'
[4.939s] Level 1:colcon.colcon_core.environment:create_file_with_runtime_dependencies(/home/gondal/Clear-Run/install/clearrun_msgs/share/colcon-core/packages/clearrun_msgs)
[4.939s] INFO:colcon.colcon_ros.task.ament_python.build:Building ROS package in '/home/gondal/Clear-Run/src/clearrun_uav' with build type 'ament_python'
[4.941s] Level 1:colcon.colcon_core.shell:create_environment_hook('clearrun_uav', 'ament_prefix_path')
[4.941s] INFO:colcon.colcon_core.shell:Creating environment hook '/home/gondal/Clear-Run/install/clearrun_uav/share/clearrun_uav/hook/ament_prefix_path.ps1'
[4.943s] INFO:colcon.colcon_core.shell:Creating environment descriptor '/home/gondal/Clear-Run/install/clearrun_uav/share/clearrun_uav/hook/ament_prefix_path.dsv'
[4.944s] INFO:colcon.colcon_core.shell:Creating environment hook '/home/gondal/Clear-Run/install/clearrun_uav/share/clearrun_uav/hook/ament_prefix_path.sh'
[4.946s] INFO:colcon.colcon_core.shell:Skip shell extension 'powershell' for command environment: Not usable outside of PowerShell
[4.946s] DEBUG:colcon.colcon_core.shell:Skip shell extension 'dsv' for command environment
[4.960s] INFO:colcon.colcon_ros.task.ament_python.build:Building ROS package in '/home/gondal/Clear-Run/src/clearrun_ugv' with build type 'ament_python'
[4.960s] Level 1:colcon.colcon_core.shell:create_environment_hook('clearrun_ugv', 'ament_prefix_path')
[4.961s] INFO:colcon.colcon_core.shell:Creating environment hook '/home/gondal/Clear-Run/install/clearrun_ugv/share/clearrun_ugv/hook/ament_prefix_path.ps1'
[4.963s] INFO:colcon.colcon_core.shell:Creating environment descriptor '/home/gondal/Clear-Run/install/clearrun_ugv/share/clearrun_ugv/hook/ament_prefix_path.dsv'
[4.964s] INFO:colcon.colcon_core.shell:Creating environment hook '/home/gondal/Clear-Run/install/clearrun_ugv/share/clearrun_ugv/hook/ament_prefix_path.sh'
[4.966s] INFO:colcon.colcon_core.shell:Skip shell extension 'powershell' for command environment: Not usable outside of PowerShell
[4.966s] DEBUG:colcon.colcon_core.shell:Skip shell extension 'dsv' for command environment
[5.584s] INFO:colcon.colcon_core.task.python.build:Building Python package in '/home/gondal/Clear-Run/src/clearrun_uav'
[5.584s] INFO:colcon.colcon_core.shell:Skip shell extension 'powershell' for command environment: Not usable outside of PowerShell
[5.584s] DEBUG:colcon.colcon_core.shell:Skip shell extension 'dsv' for command environment
[6.046s] INFO:colcon.colcon_core.task.python.build:Building Python package in '/home/gondal/Clear-Run/src/clearrun_ugv'
[6.046s] INFO:colcon.colcon_core.shell:Skip shell extension 'powershell' for command environment: Not usable outside of PowerShell
[6.047s] DEBUG:colcon.colcon_core.shell:Skip shell extension 'dsv' for command environment
[7.515s] DEBUG:colcon.colcon_core.event_handler.log_command:Invoking command in '/home/gondal/Clear-Run/build/clearrun_ugv': AMENT_PREFIX_PATH=/home/gondal/Clear-Run/install/clearrun_msgs:${AMENT_PREFIX_PATH} CMAKE_PREFIX_PATH=/home/gondal/Clear-Run/install/clearrun_msgs:${CMAKE_PREFIX_PATH} DEBUGINFOD_URLS=https://debuginfod.ubuntu.com LD_LIBRARY_PATH=/home/gondal/Clear-Run/install/clearrun_msgs/lib:${LD_LIBRARY_PATH} PYTHONPATH=/home/gondal/Clear-Run/build/clearrun_ugv/prefix_override:/usr/lib/python3/dist-packages/colcon_core/task/python/colcon_distutils_commands:/home/gondal/Clear-Run/install/clearrun_ugv/lib/python3.12/site-packages:/home/gondal/Clear-Run/install/clearrun_msgs/lib/python3.12/site-packages:${PYTHONPATH} VIRTUAL_ENV_PROMPT=(venv-ardupilot) /usr/bin/python3 -W ignore:setup.py install is deprecated -W ignore:easy_install command is deprecated setup.py develop --editable --build-directory /home/gondal/Clear-Run/build/clearrun_ugv/build --no-deps symlink_data
[7.520s] DEBUG:colcon.colcon_core.event_handler.log_command:Invoking command in '/home/gondal/Clear-Run/build/clearrun_uav': AMENT_PREFIX_PATH=/home/gondal/Clear-Run/install/clearrun_msgs:${AMENT_PREFIX_PATH} CMAKE_PREFIX_PATH=/home/gondal/Clear-Run/install/clearrun_msgs:${CMAKE_PREFIX_PATH} DEBUGINFOD_URLS=https://debuginfod.ubuntu.com LD_LIBRARY_PATH=/home/gondal/Clear-Run/install/clearrun_msgs/lib:${LD_LIBRARY_PATH} PYTHONPATH=/home/gondal/Clear-Run/build/clearrun_uav/prefix_override:/usr/lib/python3/dist-packages/colcon_core/task/python/colcon_distutils_commands:/home/gondal/Clear-Run/install/clearrun_uav/lib/python3.12/site-packages:/home/gondal/Clear-Run/install/clearrun_msgs/lib/python3.12/site-packages:${PYTHONPATH} VIRTUAL_ENV_PROMPT=(venv-ardupilot) /usr/bin/python3 -W ignore:setup.py install is deprecated -W ignore:easy_install command is deprecated setup.py develop --editable --build-directory /home/gondal/Clear-Run/build/clearrun_uav/build --no-deps symlink_data
[9.266s] Level 1:colcon.colcon_core.shell:create_environment_hook('clearrun_ugv', 'pythonpath_develop')
[9.266s] INFO:colcon.colcon_core.shell:Creating environment hook '/home/gondal/Clear-Run/build/clearrun_ugv/share/clearrun_ugv/hook/pythonpath_develop.ps1'
[9.267s] DEBUG:colcon.colcon_core.event_handler.log_command:Invoked command in '/home/gondal/Clear-Run/build/clearrun_ugv' returned '0': AMENT_PREFIX_PATH=/home/gondal/Clear-Run/install/clearrun_msgs:${AMENT_PREFIX_PATH} CMAKE_PREFIX_PATH=/home/gondal/Clear-Run/install/clearrun_msgs:${CMAKE_PREFIX_PATH} DEBUGINFOD_URLS=https://debuginfod.ubuntu.com LD_LIBRARY_PATH=/home/gondal/Clear-Run/install/clearrun_msgs/lib:${LD_LIBRARY_PATH} PYTHONPATH=/home/gondal/Clear-Run/build/clearrun_ugv/prefix_override:/usr/lib/python3/dist-packages/colcon_core/task/python/colcon_distutils_commands:/home/gondal/Clear-Run/install/clearrun_ugv/lib/python3.12/site-packages:/home/gondal/Clear-Run/install/clearrun_msgs/lib/python3.12/site-packages:${PYTHONPATH} VIRTUAL_ENV_PROMPT=(venv-ardupilot) /usr/bin/python3 -W ignore:setup.py install is deprecated -W ignore:easy_install command is deprecated setup.py develop --editable --build-directory /home/gondal/Clear-Run/build/clearrun_ugv/build --no-deps symlink_data
[9.268s] INFO:colcon.colcon_core.shell:Creating environment descriptor '/home/gondal/Clear-Run/build/clearrun_ugv/share/clearrun_ugv/hook/pythonpath_develop.dsv'
[9.269s] INFO:colcon.colcon_core.shell:Creating environment hook '/home/gondal/Clear-Run/build/clearrun_ugv/share/clearrun_ugv/hook/pythonpath_develop.sh'
[9.270s] Level 1:colcon.colcon_core.environment:checking '/home/gondal/Clear-Run/install/clearrun_ugv' for CMake module files
[9.271s] Level 1:colcon.colcon_core.environment:checking '/home/gondal/Clear-Run/install/clearrun_ugv' for CMake config files
[9.273s] Level 1:colcon.colcon_core.environment:checking '/home/gondal/Clear-Run/install/clearrun_ugv/lib'
[9.273s] Level 1:colcon.colcon_core.environment:checking '/home/gondal/Clear-Run/install/clearrun_ugv/bin'
[9.273s] Level 1:colcon.colcon_core.environment:checking '/home/gondal/Clear-Run/install/clearrun_ugv/lib/pkgconfig/clearrun_ugv.pc'
[9.273s] Level 1:colcon.colcon_core.environment:checking '/home/gondal/Clear-Run/install/clearrun_ugv/lib/python3.12/site-packages'
[9.273s] Level 1:colcon.colcon_core.shell:create_environment_hook('clearrun_ugv', 'pythonpath')
[9.274s] INFO:colcon.colcon_core.shell:Creating environment hook '/home/gondal/Clear-Run/install/clearrun_ugv/share/clearrun_ugv/hook/pythonpath.ps1'
[9.274s] INFO:colcon.colcon_core.shell:Creating environment descriptor '/home/gondal/Clear-Run/install/clearrun_ugv/share/clearrun_ugv/hook/pythonpath.dsv'
[9.275s] INFO:colcon.colcon_core.shell:Creating environment hook '/home/gondal/Clear-Run/install/clearrun_ugv/share/clearrun_ugv/hook/pythonpath.sh'
[9.276s] Level 1:colcon.colcon_core.environment:checking '/home/gondal/Clear-Run/install/clearrun_ugv/bin'
[9.276s] Level 1:colcon.colcon_core.environment:create_environment_scripts_only(clearrun_ugv)
[9.277s] INFO:colcon.colcon_core.shell:Creating package script '/home/gondal/Clear-Run/install/clearrun_ugv/share/clearrun_ugv/package.ps1'
[9.277s] INFO:colcon.colcon_core.shell:Creating package descriptor '/home/gondal/Clear-Run/install/clearrun_ugv/share/clearrun_ugv/package.dsv'
[9.278s] INFO:colcon.colcon_core.shell:Creating package script '/home/gondal/Clear-Run/install/clearrun_ugv/share/clearrun_ugv/package.sh'
[9.279s] INFO:colcon.colcon_core.shell:Creating package script '/home/gondal/Clear-Run/install/clearrun_ugv/share/clearrun_ugv/package.bash'
[9.280s] INFO:colcon.colcon_core.shell:Creating package script '/home/gondal/Clear-Run/install/clearrun_ugv/share/clearrun_ugv/package.zsh'
[9.280s] Level 1:colcon.colcon_core.environment:create_file_with_runtime_dependencies(/home/gondal/Clear-Run/install/clearrun_ugv/share/colcon-core/packages/clearrun_ugv)
[9.282s] Level 1:colcon.colcon_core.shell:create_environment_hook('clearrun_uav', 'pythonpath_develop')
[9.282s] INFO:colcon.colcon_core.shell:Creating environment hook '/home/gondal/Clear-Run/build/clearrun_uav/share/clearrun_uav/hook/pythonpath_develop.ps1'
[9.284s] INFO:colcon.colcon_core.shell:Creating environment descriptor '/home/gondal/Clear-Run/build/clearrun_uav/share/clearrun_uav/hook/pythonpath_develop.dsv'
[9.285s] DEBUG:colcon.colcon_core.event_handler.log_command:Invoked command in '/home/gondal/Clear-Run/build/clearrun_uav' returned '0': AMENT_PREFIX_PATH=/home/gondal/Clear-Run/install/clearrun_msgs:${AMENT_PREFIX_PATH} CMAKE_PREFIX_PATH=/home/gondal/Clear-Run/install/clearrun_msgs:${CMAKE_PREFIX_PATH} DEBUGINFOD_URLS=https://debuginfod.ubuntu.com LD_LIBRARY_PATH=/home/gondal/Clear-Run/install/clearrun_msgs/lib:${LD_LIBRARY_PATH} PYTHONPATH=/home/gondal/Clear-Run/build/clearrun_uav/prefix_override:/usr/lib/python3/dist-packages/colcon_core/task/python/colcon_distutils_commands:/home/gondal/Clear-Run/install/clearrun_uav/lib/python3.12/site-packages:/home/gondal/Clear-Run/install/clearrun_msgs/lib/python3.12/site-packages:${PYTHONPATH} VIRTUAL_ENV_PROMPT=(venv-ardupilot) /usr/bin/python3 -W ignore:setup.py install is deprecated -W ignore:easy_install command is deprecated setup.py develop --editable --build-directory /home/gondal/Clear-Run/build/clearrun_uav/build --no-deps symlink_data
[9.285s] INFO:colcon.colcon_core.shell:Creating environment hook '/home/gondal/Clear-Run/build/clearrun_uav/share/clearrun_uav/hook/pythonpath_develop.sh'
[9.286s] Level 1:colcon.colcon_core.environment:checking '/home/gondal/Clear-Run/install/clearrun_uav' for CMake module files
[9.287s] Level 1:colcon.colcon_core.environment:checking '/home/gondal/Clear-Run/install/clearrun_uav' for CMake config files
[9.288s] Level 1:colcon.colcon_core.environment:checking '/home/gondal/Clear-Run/install/clearrun_uav/lib'
[9.289s] Level 1:colcon.colcon_core.environment:checking '/home/gondal/Clear-Run/install/clearrun_uav/bin'
[9.289s] Level 1:colcon.colcon_core.environment:checking '/home/gondal/Clear-Run/install/clearrun_uav/lib/pkgconfig/clearrun_uav.pc'
[9.289s] Level 1:colcon.colcon_core.environment:checking '/home/gondal/Clear-Run/install/clearrun_uav/lib/python3.12/site-packages'
[9.289s] Level 1:colcon.colcon_core.shell:create_environment_hook('clearrun_uav', 'pythonpath')
[9.290s] INFO:colcon.colcon_core.shell:Creating environment hook '/home/gondal/Clear-Run/install/clearrun_uav/share/clearrun_uav/hook/pythonpath.ps1'
[9.290s] INFO:colcon.colcon_core.shell:Creating environment descriptor '/home/gondal/Clear-Run/install/clearrun_uav/share/clearrun_uav/hook/pythonpath.dsv'
[9.291s] INFO:colcon.colcon_core.shell:Creating environment hook '/home/gondal/Clear-Run/install/clearrun_uav/share/clearrun_uav/hook/pythonpath.sh'
[9.292s] Level 1:colcon.colcon_core.environment:checking '/home/gondal/Clear-Run/install/clearrun_uav/bin'
[9.292s] Level 1:colcon.colcon_core.environment:create_environment_scripts_only(clearrun_uav)
[9.293s] INFO:colcon.colcon_core.shell:Creating package script '/home/gondal/Clear-Run/install/clearrun_uav/share/clearrun_uav/package.ps1'
[9.293s] INFO:colcon.colcon_core.shell:Creating package descriptor '/home/gondal/Clear-Run/install/clearrun_uav/share/clearrun_uav/package.dsv'
[9.294s] INFO:colcon.colcon_core.shell:Creating package script '/home/gondal/Clear-Run/install/clearrun_uav/share/clearrun_uav/package.sh'
[9.295s] INFO:colcon.colcon_core.shell:Creating package script '/home/gondal/Clear-Run/install/clearrun_uav/share/clearrun_uav/package.bash'
[9.296s] INFO:colcon.colcon_core.shell:Creating package script '/home/gondal/Clear-Run/install/clearrun_uav/share/clearrun_uav/package.zsh'
[9.296s] Level 1:colcon.colcon_core.environment:create_file_with_runtime_dependencies(/home/gondal/Clear-Run/install/clearrun_uav/share/colcon-core/packages/clearrun_uav)
[9.297s] INFO:colcon.colcon_ros.task.ament_python.build:Building ROS package in '/home/gondal/Clear-Run/src/clearrun_bringup' with build type 'ament_python'
[9.297s] Level 1:colcon.colcon_core.shell:create_environment_hook('clearrun_bringup', 'ament_prefix_path')
[9.298s] INFO:colcon.colcon_core.shell:Creating environment hook '/home/gondal/Clear-Run/install/clearrun_bringup/share/clearrun_bringup/hook/ament_prefix_path.ps1'
[9.299s] INFO:colcon.colcon_core.shell:Creating environment descriptor '/home/gondal/Clear-Run/install/clearrun_bringup/share/clearrun_bringup/hook/ament_prefix_path.dsv'
[9.300s] INFO:colcon.colcon_core.shell:Creating environment hook '/home/gondal/Clear-Run/install/clearrun_bringup/share/clearrun_bringup/hook/ament_prefix_path.sh'
[9.300s] INFO:colcon.colcon_core.shell:Skip shell extension 'powershell' for command environment: Not usable outside of PowerShell
[9.300s] DEBUG:colcon.colcon_core.shell:Skip shell extension 'dsv' for command environment
[9.733s] INFO:colcon.colcon_core.task.python.build:Building Python package in '/home/gondal/Clear-Run/src/clearrun_bringup'
[9.733s] INFO:colcon.colcon_core.shell:Skip shell extension 'powershell' for command environment: Not usable outside of PowerShell
[9.733s] DEBUG:colcon.colcon_core.shell:Skip shell extension 'dsv' for command environment
[10.658s] DEBUG:colcon.colcon_core.event_handler.log_command:Invoking command in '/home/gondal/Clear-Run/build/clearrun_bringup': AMENT_PREFIX_PATH=/home/gondal/Clear-Run/install/clearrun_ugv:/home/gondal/Clear-Run/install/clearrun_uav:/home/gondal/Clear-Run/install/clearrun_msgs:${AMENT_PREFIX_PATH} CMAKE_PREFIX_PATH=/home/gondal/Clear-Run/install/clearrun_msgs:${CMAKE_PREFIX_PATH} DEBUGINFOD_URLS=https://debuginfod.ubuntu.com LD_LIBRARY_PATH=/home/gondal/Clear-Run/install/clearrun_msgs/lib:${LD_LIBRARY_PATH} PYTHONPATH=/home/gondal/Clear-Run/build/clearrun_bringup/prefix_override:/usr/lib/python3/dist-packages/colcon_core/task/python/colcon_distutils_commands:/home/gondal/Clear-Run/install/clearrun_bringup/lib/python3.12/site-packages:/home/gondal/Clear-Run/build/clearrun_ugv:/home/gondal/Clear-Run/install/clearrun_ugv/lib/python3.12/site-packages:/home/gondal/Clear-Run/build/clearrun_uav:/home/gondal/Clear-Run/install/clearrun_uav/lib/python3.12/site-packages:/home/gondal/Clear-Run/install/clearrun_msgs/lib/python3.12/site-packages:${PYTHONPATH} VIRTUAL_ENV_PROMPT=(venv-ardupilot) /usr/bin/python3 -W ignore:setup.py install is deprecated -W ignore:easy_install command is deprecated setup.py develop --editable --build-directory /home/gondal/Clear-Run/build/clearrun_bringup/build --no-deps symlink_data
[11.840s] Level 1:colcon.colcon_core.shell:create_environment_hook('clearrun_bringup', 'pythonpath_develop')
[11.841s] INFO:colcon.colcon_core.shell:Creating environment hook '/home/gondal/Clear-Run/build/clearrun_bringup/share/clearrun_bringup/hook/pythonpath_develop.ps1'
[11.841s] DEBUG:colcon.colcon_core.event_handler.log_command:Invoked command in '/home/gondal/Clear-Run/build/clearrun_bringup' returned '0': AMENT_PREFIX_PATH=/home/gondal/Clear-Run/install/clearrun_ugv:/home/gondal/Clear-Run/install/clearrun_uav:/home/gondal/Clear-Run/install/clearrun_msgs:${AMENT_PREFIX_PATH} CMAKE_PREFIX_PATH=/home/gondal/Clear-Run/install/clearrun_msgs:${CMAKE_PREFIX_PATH} DEBUGINFOD_URLS=https://debuginfod.ubuntu.com LD_LIBRARY_PATH=/home/gondal/Clear-Run/install/clearrun_msgs/lib:${LD_LIBRARY_PATH} PYTHONPATH=/home/gondal/Clear-Run/build/clearrun_bringup/prefix_override:/usr/lib/python3/dist-packages/colcon_core/task/python/colcon_distutils_commands:/home/gondal/Clear-Run/install/clearrun_bringup/lib/python3.12/site-packages:/home/gondal/Clear-Run/build/clearrun_ugv:/home/gondal/Clear-Run/install/clearrun_ugv/lib/python3.12/site-packages:/home/gondal/Clear-Run/build/clearrun_uav:/home/gondal/Clear-Run/install/clearrun_uav/lib/python3.12/site-packages:/home/gondal/Clear-Run/install/clearrun_msgs/lib/python3.12/site-packages:${PYTHONPATH} VIRTUAL_ENV_PROMPT=(venv-ardupilot) /usr/bin/python3 -W ignore:setup.py install is deprecated -W ignore:easy_install command is deprecated setup.py develop --editable --build-directory /home/gondal/Clear-Run/build/clearrun_bringup/build --no-deps symlink_data
[11.842s] INFO:colcon.colcon_core.shell:Creating environment descriptor '/home/gondal/Clear-Run/build/clearrun_bringup/share/clearrun_bringup/hook/pythonpath_develop.dsv'
[11.843s] INFO:colcon.colcon_core.shell:Creating environment hook '/home/gondal/Clear-Run/build/clearrun_bringup/share/clearrun_bringup/hook/pythonpath_develop.sh'
[11.844s] Level 1:colcon.colcon_core.environment:checking '/home/gondal/Clear-Run/install/clearrun_bringup' for CMake module files
[11.844s] Level 1:colcon.colcon_core.environment:checking '/home/gondal/Clear-Run/install/clearrun_bringup' for CMake config files
[11.845s] Level 1:colcon.colcon_core.environment:checking '/home/gondal/Clear-Run/install/clearrun_bringup/lib'
[11.845s] Level 1:colcon.colcon_core.environment:checking '/home/gondal/Clear-Run/install/clearrun_bringup/bin'
[11.846s] Level 1:colcon.colcon_core.environment:checking '/home/gondal/Clear-Run/install/clearrun_bringup/lib/pkgconfig/clearrun_bringup.pc'
[11.846s] Level 1:colcon.colcon_core.environment:checking '/home/gondal/Clear-Run/install/clearrun_bringup/lib/python3.12/site-packages'
[11.846s] Level 1:colcon.colcon_core.shell:create_environment_hook('clearrun_bringup', 'pythonpath')
[11.847s] INFO:colcon.colcon_core.shell:Creating environment hook '/home/gondal/Clear-Run/install/clearrun_bringup/share/clearrun_bringup/hook/pythonpath.ps1'
[11.847s] INFO:colcon.colcon_core.shell:Creating environment descriptor '/home/gondal/Clear-Run/install/clearrun_bringup/share/clearrun_bringup/hook/pythonpath.dsv'
[11.848s] INFO:colcon.colcon_core.shell:Creating environment hook '/home/gondal/Clear-Run/install/clearrun_bringup/share/clearrun_bringup/hook/pythonpath.sh'
[11.849s] Level 1:colcon.colcon_core.environment:checking '/home/gondal/Clear-Run/install/clearrun_bringup/bin'
[11.849s] Level 1:colcon.colcon_core.environment:create_environment_scripts_only(clearrun_bringup)
[11.849s] INFO:colcon.colcon_core.shell:Creating package script '/home/gondal/Clear-Run/install/clearrun_bringup/share/clearrun_bringup/package.ps1'
[11.850s] INFO:colcon.colcon_core.shell:Creating package descriptor '/home/gondal/Clear-Run/install/clearrun_bringup/share/clearrun_bringup/package.dsv'
[11.851s] INFO:colcon.colcon_core.shell:Creating package script '/home/gondal/Clear-Run/install/clearrun_bringup/share/clearrun_bringup/package.sh'
[11.851s] INFO:colcon.colcon_core.shell:Creating package script '/home/gondal/Clear-Run/install/clearrun_bringup/share/clearrun_bringup/package.bash'
[11.852s] INFO:colcon.colcon_core.shell:Creating package script '/home/gondal/Clear-Run/install/clearrun_bringup/share/clearrun_bringup/package.zsh'
[11.852s] Level 1:colcon.colcon_core.environment:create_file_with_runtime_dependencies(/home/gondal/Clear-Run/install/clearrun_bringup/share/colcon-core/packages/clearrun_bringup)
[11.853s] DEBUG:colcon.colcon_parallel_executor.executor.parallel:closing loop
[11.853s] DEBUG:colcon.colcon_parallel_executor.executor.parallel:loop closed
[11.853s] DEBUG:colcon.colcon_parallel_executor.executor.parallel:run_until_complete finished with '0'
[11.853s] DEBUG:colcon.colcon_core.event_reactor:joining thread
[11.866s] INFO:colcon.colcon_core.plugin_system:Skipping extension 'colcon_notification.desktop_notification.terminal_notifier': Not used on non-Darwin systems
[11.866s] INFO:colcon.colcon_core.plugin_system:Skipping extension 'colcon_notification.desktop_notification.win32': Not used on non-Windows systems
[11.866s] INFO:colcon.colcon_notification.desktop_notification:Sending desktop notification using 'notify2'
[11.889s] DEBUG:colcon.colcon_core.event_reactor:joined thread
[11.890s] INFO:colcon.colcon_core.shell:Creating prefix script '/home/gondal/Clear-Run/install/local_setup.ps1'
[11.893s] INFO:colcon.colcon_core.shell:Creating prefix util module '/home/gondal/Clear-Run/install/_local_setup_util_ps1.py'
[11.896s] INFO:colcon.colcon_core.shell:Creating prefix chain script '/home/gondal/Clear-Run/install/setup.ps1'
[11.899s] INFO:colcon.colcon_core.shell:Creating prefix script '/home/gondal/Clear-Run/install/local_setup.sh'
[11.900s] INFO:colcon.colcon_core.shell:Creating prefix util module '/home/gondal/Clear-Run/install/_local_setup_util_sh.py'
[11.901s] INFO:colcon.colcon_core.shell:Creating prefix chain script '/home/gondal/Clear-Run/install/setup.sh'
[11.903s] INFO:colcon.colcon_core.shell:Creating prefix script '/home/gondal/Clear-Run/install/local_setup.bash'
[11.904s] INFO:colcon.colcon_core.shell:Creating prefix chain script '/home/gondal/Clear-Run/install/setup.bash'
[11.905s] INFO:colcon.colcon_core.shell:Creating prefix script '/home/gondal/Clear-Run/install/local_setup.zsh'
[11.906s] INFO:colcon.colcon_core.shell:Creating prefix chain script '/home/gondal/Clear-Run/install/setup.zsh'
