[0.197s] DEBUG:colcon:Command line arguments: ['/usr/bin/colcon', 'build', '--symlink-install']
[0.197s] DEBUG:colcon:Parsed command line arguments: Namespace(log_base=None, log_level=None, verb_name='build', build_base='build', install_base='install', merge_install=False, symlink_install=True, test_result_base=None, continue_on_error=False, executor='parallel', parallel_workers=8, event_handlers=None, ignore_user_meta=False, metas=['./colcon.meta'], base_paths=['.'], packages_ignore=None, packages_ignore_regex=None, paths=None, packages_up_to=None, packages_up_to_regex=None, packages_above=None, packages_above_and_dependencies=None, packages_above_depth=None, packages_select_by_dep=None, packages_skip_by_dep=None, packages_skip_up_to=None, packages_select_build_failed=False, packages_skip_build_finished=False, packages_select_test_failures=False, packages_skip_test_passed=False, packages_select=None, packages_skip=None, packages_select_regex=None, packages_skip_regex=None, packages_start=None, packages_end=None, allow_overriding=[], cmake_args=None, cmake_target=None, cmake_target_skip_unavailable=False, cmake_clean_cache=False, cmake_clean_first=False, cmake_force_configure=False, ament_cmake_args=None, catkin_cmake_args=None, catkin_skip_building_tests=False, mixin_files=None, mixin=None, verb_parser=<colcon_mixin.mixin.mixin_argument.MixinArgumentDecorator object at 0x707099e941d0>, verb_extension=<colcon_core.verb.build.BuildVerb object at 0x707099e6bda0>, main=<bound method BuildVerb.main of <colcon_core.verb.build.BuildVerb object at 0x707099e6bda0>>, mixin_verb=('build',))
[0.261s] Level 1:colcon.colcon_core.package_discovery:discover_packages(colcon_meta) check parameters
[0.261s] Level 1:colcon.colcon_core.package_discovery:discover_packages(recursive) check parameters
[0.261s] Level 1:colcon.colcon_core.package_discovery:discover_packages(ignore) check parameters
[0.261s] Level 1:colcon.colcon_core.package_discovery:discover_packages(path) check parameters
[0.261s] Level 1:colcon.colcon_core.package_discovery:discover_packages(colcon_meta) discover
[0.262s] Level 1:colcon.colcon_core.package_discovery:discover_packages(recursive) discover
[0.262s] INFO:colcon.colcon_core.package_discovery:Crawling recursively for packages in '/home/gondal/Clear-Run'
[0.262s] Level 1:colcon.colcon_core.package_identification:_identify(.) by extensions ['ignore', 'ignore_ament_install']
[0.262s] Level 1:colcon.colcon_core.package_identification:_identify(.) by extension 'ignore'
[0.262s] Level 1:colcon.colcon_core.package_identification:_identify(.) by extension 'ignore_ament_install'
[0.262s] Level 1:colcon.colcon_core.package_identification:_identify(.) by extensions ['colcon_pkg']
[0.263s] Level 1:colcon.colcon_core.package_identification:_identify(.) by extension 'colcon_pkg'
[0.263s] Level 1:colcon.colcon_core.package_identification:_identify(.) by extensions ['colcon_meta']
[0.263s] Level 1:colcon.colcon_core.package_identification:_identify(.) by extension 'colcon_meta'
[0.263s] Level 1:colcon.colcon_core.package_identification:_identify(.) by extensions ['ros']
[0.263s] Level 1:colcon.colcon_core.package_identification:_identify(.) by extension 'ros'
[0.304s] Level 1:colcon.colcon_core.package_identification:_identify(.) by extensions ['cmake', 'python']
[0.304s] Level 1:colcon.colcon_core.package_identification:_identify(.) by extension 'cmake'
[0.304s] Level 1:colcon.colcon_core.package_identification:_identify(.) by extension 'python'
[0.304s] Level 1:colcon.colcon_core.package_identification:_identify(.) by extensions ['python_setup_py']
[0.304s] Level 1:colcon.colcon_core.package_identification:_identify(.) by extension 'python_setup_py'
[0.305s] Level 1:colcon.colcon_core.package_identification:_identify(build) by extensions ['ignore', 'ignore_ament_install']
[0.305s] Level 1:colcon.colcon_core.package_identification:_identify(build) by extension 'ignore'
[0.305s] Level 1:colcon.colcon_core.package_identification:_identify(build) ignored
[0.305s] Level 1:colcon.colcon_core.package_identification:_identify(docker) by extensions ['ignore', 'ignore_ament_install']
[0.305s] Level 1:colcon.colcon_core.package_identification:_identify(docker) by extension 'ignore'
[0.306s] Level 1:colcon.colcon_core.package_identification:_identify(docker) by extension 'ignore_ament_install'
[0.306s] Level 1:colcon.colcon_core.package_identification:_identify(docker) by extensions ['colcon_pkg']
[0.306s] Level 1:colcon.colcon_core.package_identification:_identify(docker) by extension 'colcon_pkg'
[0.306s] Level 1:colcon.colcon_core.package_identification:_identify(docker) by extensions ['colcon_meta']
[0.306s] Level 1:colcon.colcon_core.package_identification:_identify(docker) by extension 'colcon_meta'
[0.306s] Level 1:colcon.colcon_core.package_identification:_identify(docker) by extensions ['ros']
[0.306s] Level 1:colcon.colcon_core.package_identification:_identify(docker) by extension 'ros'
[0.306s] Level 1:colcon.colcon_core.package_identification:_identify(docker) by extensions ['cmake', 'python']
[0.306s] Level 1:colcon.colcon_core.package_identification:_identify(docker) by extension 'cmake'
[0.307s] Level 1:colcon.colcon_core.package_identification:_identify(docker) by extension 'python'
[0.307s] Level 1:colcon.colcon_core.package_identification:_identify(docker) by extensions ['python_setup_py']
[0.307s] Level 1:colcon.colcon_core.package_identification:_identify(docker) by extension 'python_setup_py'
[0.307s] Level 1:colcon.colcon_core.package_identification:_identify(docs) by extensions ['ignore', 'ignore_ament_install']
[0.307s] Level 1:colcon.colcon_core.package_identification:_identify(docs) by extension 'ignore'
[0.307s] Level 1:colcon.colcon_core.package_identification:_identify(docs) by extension 'ignore_ament_install'
[0.307s] Level 1:colcon.colcon_core.package_identification:_identify(docs) by extensions ['colcon_pkg']
[0.308s] Level 1:colcon.colcon_core.package_identification:_identify(docs) by extension 'colcon_pkg'
[0.308s] Level 1:colcon.colcon_core.package_identification:_identify(docs) by extensions ['colcon_meta']
[0.308s] Level 1:colcon.colcon_core.package_identification:_identify(docs) by extension 'colcon_meta'
[0.308s] Level 1:colcon.colcon_core.package_identification:_identify(docs) by extensions ['ros']
[0.308s] Level 1:colcon.colcon_core.package_identification:_identify(docs) by extension 'ros'
[0.308s] Level 1:colcon.colcon_core.package_identification:_identify(docs) by extensions ['cmake', 'python']
[0.308s] Level 1:colcon.colcon_core.package_identification:_identify(docs) by extension 'cmake'
[0.308s] Level 1:colcon.colcon_core.package_identification:_identify(docs) by extension 'python'
[0.308s] Level 1:colcon.colcon_core.package_identification:_identify(docs) by extensions ['python_setup_py']
[0.308s] Level 1:colcon.colcon_core.package_identification:_identify(docs) by extension 'python_setup_py'
[0.309s] Level 1:colcon.colcon_core.package_identification:_identify(install) by extensions ['ignore', 'ignore_ament_install']
[0.309s] Level 1:colcon.colcon_core.package_identification:_identify(install) by extension 'ignore'
[0.309s] Level 1:colcon.colcon_core.package_identification:_identify(install) ignored
[0.309s] Level 1:colcon.colcon_core.package_identification:_identify(log) by extensions ['ignore', 'ignore_ament_install']
[0.309s] Level 1:colcon.colcon_core.package_identification:_identify(log) by extension 'ignore'
[0.309s] Level 1:colcon.colcon_core.package_identification:_identify(log) ignored
[0.310s] Level 1:colcon.colcon_core.package_identification:_identify(models) by extensions ['ignore', 'ignore_ament_install']
[0.310s] Level 1:colcon.colcon_core.package_identification:_identify(models) by extension 'ignore'
[0.310s] Level 1:colcon.colcon_core.package_identification:_identify(models) by extension 'ignore_ament_install'
[0.310s] Level 1:colcon.colcon_core.package_identification:_identify(models) by extensions ['colcon_pkg']
[0.310s] Level 1:colcon.colcon_core.package_identification:_identify(models) by extension 'colcon_pkg'
[0.310s] Level 1:colcon.colcon_core.package_identification:_identify(models) by extensions ['colcon_meta']
[0.310s] Level 1:colcon.colcon_core.package_identification:_identify(models) by extension 'colcon_meta'
[0.311s] Level 1:colcon.colcon_core.package_identification:_identify(models) by extensions ['ros']
[0.311s] Level 1:colcon.colcon_core.package_identification:_identify(models) by extension 'ros'
[0.311s] Level 1:colcon.colcon_core.package_identification:_identify(models) by extensions ['cmake', 'python']
[0.311s] Level 1:colcon.colcon_core.package_identification:_identify(models) by extension 'cmake'
[0.311s] Level 1:colcon.colcon_core.package_identification:_identify(models) by extension 'python'
[0.311s] Level 1:colcon.colcon_core.package_identification:_identify(models) by extensions ['python_setup_py']
[0.311s] Level 1:colcon.colcon_core.package_identification:_identify(models) by extension 'python_setup_py'
[0.311s] Level 1:colcon.colcon_core.package_identification:_identify(models/yolov11) by extensions ['ignore', 'ignore_ament_install']
[0.312s] Level 1:colcon.colcon_core.package_identification:_identify(models/yolov11) by extension 'ignore'
[0.312s] Level 1:colcon.colcon_core.package_identification:_identify(models/yolov11) by extension 'ignore_ament_install'
[0.312s] Level 1:colcon.colcon_core.package_identification:_identify(models/yolov11) by extensions ['colcon_pkg']
[0.312s] Level 1:colcon.colcon_core.package_identification:_identify(models/yolov11) by extension 'colcon_pkg'
[0.312s] Level 1:colcon.colcon_core.package_identification:_identify(models/yolov11) by extensions ['colcon_meta']
[0.312s] Level 1:colcon.colcon_core.package_identification:_identify(models/yolov11) by extension 'colcon_meta'
[0.312s] Level 1:colcon.colcon_core.package_identification:_identify(models/yolov11) by extensions ['ros']
[0.312s] Level 1:colcon.colcon_core.package_identification:_identify(models/yolov11) by extension 'ros'
[0.313s] Level 1:colcon.colcon_core.package_identification:_identify(models/yolov11) by extensions ['cmake', 'python']
[0.313s] Level 1:colcon.colcon_core.package_identification:_identify(models/yolov11) by extension 'cmake'
[0.313s] Level 1:colcon.colcon_core.package_identification:_identify(models/yolov11) by extension 'python'
[0.313s] Level 1:colcon.colcon_core.package_identification:_identify(models/yolov11) by extensions ['python_setup_py']
[0.313s] Level 1:colcon.colcon_core.package_identification:_identify(models/yolov11) by extension 'python_setup_py'
[0.313s] Level 1:colcon.colcon_core.package_identification:_identify(models/yolov12) by extensions ['ignore', 'ignore_ament_install']
[0.313s] Level 1:colcon.colcon_core.package_identification:_identify(models/yolov12) by extension 'ignore'
[0.313s] Level 1:colcon.colcon_core.package_identification:_identify(models/yolov12) by extension 'ignore_ament_install'
[0.314s] Level 1:colcon.colcon_core.package_identification:_identify(models/yolov12) by extensions ['colcon_pkg']
[0.314s] Level 1:colcon.colcon_core.package_identification:_identify(models/yolov12) by extension 'colcon_pkg'
[0.314s] Level 1:colcon.colcon_core.package_identification:_identify(models/yolov12) by extensions ['colcon_meta']
[0.314s] Level 1:colcon.colcon_core.package_identification:_identify(models/yolov12) by extension 'colcon_meta'
[0.314s] Level 1:colcon.colcon_core.package_identification:_identify(models/yolov12) by extensions ['ros']
[0.314s] Level 1:colcon.colcon_core.package_identification:_identify(models/yolov12) by extension 'ros'
[0.314s] Level 1:colcon.colcon_core.package_identification:_identify(models/yolov12) by extensions ['cmake', 'python']
[0.314s] Level 1:colcon.colcon_core.package_identification:_identify(models/yolov12) by extension 'cmake'
[0.314s] Level 1:colcon.colcon_core.package_identification:_identify(models/yolov12) by extension 'python'
[0.315s] Level 1:colcon.colcon_core.package_identification:_identify(models/yolov12) by extensions ['python_setup_py']
[0.315s] Level 1:colcon.colcon_core.package_identification:_identify(models/yolov12) by extension 'python_setup_py'
[0.315s] Level 1:colcon.colcon_core.package_identification:_identify(scripts) by extensions ['ignore', 'ignore_ament_install']
[0.315s] Level 1:colcon.colcon_core.package_identification:_identify(scripts) by extension 'ignore'
[0.315s] Level 1:colcon.colcon_core.package_identification:_identify(scripts) by extension 'ignore_ament_install'
[0.315s] Level 1:colcon.colcon_core.package_identification:_identify(scripts) by extensions ['colcon_pkg']
[0.315s] Level 1:colcon.colcon_core.package_identification:_identify(scripts) by extension 'colcon_pkg'
[0.315s] Level 1:colcon.colcon_core.package_identification:_identify(scripts) by extensions ['colcon_meta']
[0.316s] Level 1:colcon.colcon_core.package_identification:_identify(scripts) by extension 'colcon_meta'
[0.316s] Level 1:colcon.colcon_core.package_identification:_identify(scripts) by extensions ['ros']
[0.316s] Level 1:colcon.colcon_core.package_identification:_identify(scripts) by extension 'ros'
[0.316s] Level 1:colcon.colcon_core.package_identification:_identify(scripts) by extensions ['cmake', 'python']
[0.316s] Level 1:colcon.colcon_core.package_identification:_identify(scripts) by extension 'cmake'
[0.316s] Level 1:colcon.colcon_core.package_identification:_identify(scripts) by extension 'python'
[0.316s] Level 1:colcon.colcon_core.package_identification:_identify(scripts) by extensions ['python_setup_py']
[0.316s] Level 1:colcon.colcon_core.package_identification:_identify(scripts) by extension 'python_setup_py'
[0.316s] Level 1:colcon.colcon_core.package_identification:_identify(simulation) by extensions ['ignore', 'ignore_ament_install']
[0.317s] Level 1:colcon.colcon_core.package_identification:_identify(simulation) by extension 'ignore'
[0.317s] Level 1:colcon.colcon_core.package_identification:_identify(simulation) by extension 'ignore_ament_install'
[0.317s] Level 1:colcon.colcon_core.package_identification:_identify(simulation) by extensions ['colcon_pkg']
[0.317s] Level 1:colcon.colcon_core.package_identification:_identify(simulation) by extension 'colcon_pkg'
[0.317s] Level 1:colcon.colcon_core.package_identification:_identify(simulation) by extensions ['colcon_meta']
[0.317s] Level 1:colcon.colcon_core.package_identification:_identify(simulation) by extension 'colcon_meta'
[0.317s] Level 1:colcon.colcon_core.package_identification:_identify(simulation) by extensions ['ros']
[0.317s] Level 1:colcon.colcon_core.package_identification:_identify(simulation) by extension 'ros'
[0.318s] Level 1:colcon.colcon_core.package_identification:_identify(simulation) by extensions ['cmake', 'python']
[0.318s] Level 1:colcon.colcon_core.package_identification:_identify(simulation) by extension 'cmake'
[0.318s] Level 1:colcon.colcon_core.package_identification:_identify(simulation) by extension 'python'
[0.318s] Level 1:colcon.colcon_core.package_identification:_identify(simulation) by extensions ['python_setup_py']
[0.318s] Level 1:colcon.colcon_core.package_identification:_identify(simulation) by extension 'python_setup_py'
[0.318s] Level 1:colcon.colcon_core.package_identification:_identify(simulation/models) by extensions ['ignore', 'ignore_ament_install']
[0.318s] Level 1:colcon.colcon_core.package_identification:_identify(simulation/models) by extension 'ignore'
[0.318s] Level 1:colcon.colcon_core.package_identification:_identify(simulation/models) by extension 'ignore_ament_install'
[0.319s] Level 1:colcon.colcon_core.package_identification:_identify(simulation/models) by extensions ['colcon_pkg']
[0.319s] Level 1:colcon.colcon_core.package_identification:_identify(simulation/models) by extension 'colcon_pkg'
[0.319s] Level 1:colcon.colcon_core.package_identification:_identify(simulation/models) by extensions ['colcon_meta']
[0.319s] Level 1:colcon.colcon_core.package_identification:_identify(simulation/models) by extension 'colcon_meta'
[0.319s] Level 1:colcon.colcon_core.package_identification:_identify(simulation/models) by extensions ['ros']
[0.319s] Level 1:colcon.colcon_core.package_identification:_identify(simulation/models) by extension 'ros'
[0.319s] Level 1:colcon.colcon_core.package_identification:_identify(simulation/models) by extensions ['cmake', 'python']
[0.319s] Level 1:colcon.colcon_core.package_identification:_identify(simulation/models) by extension 'cmake'
[0.319s] Level 1:colcon.colcon_core.package_identification:_identify(simulation/models) by extension 'python'
[0.319s] Level 1:colcon.colcon_core.package_identification:_identify(simulation/models) by extensions ['python_setup_py']
[0.320s] Level 1:colcon.colcon_core.package_identification:_identify(simulation/models) by extension 'python_setup_py'
[0.320s] Level 1:colcon.colcon_core.package_identification:_identify(simulation/sitl_configs) by extensions ['ignore', 'ignore_ament_install']
[0.320s] Level 1:colcon.colcon_core.package_identification:_identify(simulation/sitl_configs) by extension 'ignore'
[0.320s] Level 1:colcon.colcon_core.package_identification:_identify(simulation/sitl_configs) by extension 'ignore_ament_install'
[0.320s] Level 1:colcon.colcon_core.package_identification:_identify(simulation/sitl_configs) by extensions ['colcon_pkg']
[0.320s] Level 1:colcon.colcon_core.package_identification:_identify(simulation/sitl_configs) by extension 'colcon_pkg'
[0.320s] Level 1:colcon.colcon_core.package_identification:_identify(simulation/sitl_configs) by extensions ['colcon_meta']
[0.320s] Level 1:colcon.colcon_core.package_identification:_identify(simulation/sitl_configs) by extension 'colcon_meta'
[0.321s] Level 1:colcon.colcon_core.package_identification:_identify(simulation/sitl_configs) by extensions ['ros']
[0.321s] Level 1:colcon.colcon_core.package_identification:_identify(simulation/sitl_configs) by extension 'ros'
[0.321s] Level 1:colcon.colcon_core.package_identification:_identify(simulation/sitl_configs) by extensions ['cmake', 'python']
[0.321s] Level 1:colcon.colcon_core.package_identification:_identify(simulation/sitl_configs) by extension 'cmake'
[0.321s] Level 1:colcon.colcon_core.package_identification:_identify(simulation/sitl_configs) by extension 'python'
[0.321s] Level 1:colcon.colcon_core.package_identification:_identify(simulation/sitl_configs) by extensions ['python_setup_py']
[0.321s] Level 1:colcon.colcon_core.package_identification:_identify(simulation/sitl_configs) by extension 'python_setup_py'
[0.321s] Level 1:colcon.colcon_core.package_identification:_identify(simulation/worlds) by extensions ['ignore', 'ignore_ament_install']
[0.322s] Level 1:colcon.colcon_core.package_identification:_identify(simulation/worlds) by extension 'ignore'
[0.322s] Level 1:colcon.colcon_core.package_identification:_identify(simulation/worlds) by extension 'ignore_ament_install'
[0.322s] Level 1:colcon.colcon_core.package_identification:_identify(simulation/worlds) by extensions ['colcon_pkg']
[0.322s] Level 1:colcon.colcon_core.package_identification:_identify(simulation/worlds) by extension 'colcon_pkg'
[0.322s] Level 1:colcon.colcon_core.package_identification:_identify(simulation/worlds) by extensions ['colcon_meta']
[0.322s] Level 1:colcon.colcon_core.package_identification:_identify(simulation/worlds) by extension 'colcon_meta'
[0.322s] Level 1:colcon.colcon_core.package_identification:_identify(simulation/worlds) by extensions ['ros']
[0.322s] Level 1:colcon.colcon_core.package_identification:_identify(simulation/worlds) by extension 'ros'
[0.322s] Level 1:colcon.colcon_core.package_identification:_identify(simulation/worlds) by extensions ['cmake', 'python']
[0.323s] Level 1:colcon.colcon_core.package_identification:_identify(simulation/worlds) by extension 'cmake'
[0.323s] Level 1:colcon.colcon_core.package_identification:_identify(simulation/worlds) by extension 'python'
[0.323s] Level 1:colcon.colcon_core.package_identification:_identify(simulation/worlds) by extensions ['python_setup_py']
[0.323s] Level 1:colcon.colcon_core.package_identification:_identify(simulation/worlds) by extension 'python_setup_py'
[0.323s] Level 1:colcon.colcon_core.package_identification:_identify(src) by extensions ['ignore', 'ignore_ament_install']
[0.323s] Level 1:colcon.colcon_core.package_identification:_identify(src) by extension 'ignore'
[0.323s] Level 1:colcon.colcon_core.package_identification:_identify(src) by extension 'ignore_ament_install'
[0.323s] Level 1:colcon.colcon_core.package_identification:_identify(src) by extensions ['colcon_pkg']
[0.324s] Level 1:colcon.colcon_core.package_identification:_identify(src) by extension 'colcon_pkg'
[0.324s] Level 1:colcon.colcon_core.package_identification:_identify(src) by extensions ['colcon_meta']
[0.324s] Level 1:colcon.colcon_core.package_identification:_identify(src) by extension 'colcon_meta'
[0.324s] Level 1:colcon.colcon_core.package_identification:_identify(src) by extensions ['ros']
[0.324s] Level 1:colcon.colcon_core.package_identification:_identify(src) by extension 'ros'
[0.324s] Level 1:colcon.colcon_core.package_identification:_identify(src) by extensions ['cmake', 'python']
[0.324s] Level 1:colcon.colcon_core.package_identification:_identify(src) by extension 'cmake'
[0.324s] Level 1:colcon.colcon_core.package_identification:_identify(src) by extension 'python'
[0.324s] Level 1:colcon.colcon_core.package_identification:_identify(src) by extensions ['python_setup_py']
[0.324s] Level 1:colcon.colcon_core.package_identification:_identify(src) by extension 'python_setup_py'
[0.325s] Level 1:colcon.colcon_core.package_identification:_identify(src/clearrun_bringup) by extensions ['ignore', 'ignore_ament_install']
[0.325s] Level 1:colcon.colcon_core.package_identification:_identify(src/clearrun_bringup) by extension 'ignore'
[0.325s] Level 1:colcon.colcon_core.package_identification:_identify(src/clearrun_bringup) by extension 'ignore_ament_install'
[0.325s] Level 1:colcon.colcon_core.package_identification:_identify(src/clearrun_bringup) by extensions ['colcon_pkg']
[0.325s] Level 1:colcon.colcon_core.package_identification:_identify(src/clearrun_bringup) by extension 'colcon_pkg'
[0.325s] Level 1:colcon.colcon_core.package_identification:_identify(src/clearrun_bringup) by extensions ['colcon_meta']
[0.325s] Level 1:colcon.colcon_core.package_identification:_identify(src/clearrun_bringup) by extension 'colcon_meta'
[0.326s] Level 1:colcon.colcon_core.package_identification:_identify(src/clearrun_bringup) by extensions ['ros']
[0.326s] Level 1:colcon.colcon_core.package_identification:_identify(src/clearrun_bringup) by extension 'ros'
[0.332s] DEBUG:colcon.colcon_core.package_identification:Package 'src/clearrun_bringup' with type 'ros.ament_python' and name 'clearrun_bringup'
[0.332s] Level 1:colcon.colcon_core.package_identification:_identify(src/clearrun_msgs) by extensions ['ignore', 'ignore_ament_install']
[0.335s] Level 1:colcon.colcon_core.package_identification:_identify(src/clearrun_msgs) by extension 'ignore'
[0.336s] Level 1:colcon.colcon_core.package_identification:_identify(src/clearrun_msgs) by extension 'ignore_ament_install'
[0.336s] Level 1:colcon.colcon_core.package_identification:_identify(src/clearrun_msgs) by extensions ['colcon_pkg']
[0.336s] Level 1:colcon.colcon_core.package_identification:_identify(src/clearrun_msgs) by extension 'colcon_pkg'
[0.336s] Level 1:colcon.colcon_core.package_identification:_identify(src/clearrun_msgs) by extensions ['colcon_meta']
[0.336s] Level 1:colcon.colcon_core.package_identification:_identify(src/clearrun_msgs) by extension 'colcon_meta'
[0.336s] Level 1:colcon.colcon_core.package_identification:_identify(src/clearrun_msgs) by extensions ['ros']
[0.336s] Level 1:colcon.colcon_core.package_identification:_identify(src/clearrun_msgs) by extension 'ros'
[0.338s] DEBUG:colcon.colcon_core.package_identification:Package 'src/clearrun_msgs' with type 'ros.ament_cmake' and name 'clearrun_msgs'
[0.339s] Level 1:colcon.colcon_core.package_identification:_identify(src/clearrun_uav) by extensions ['ignore', 'ignore_ament_install']
[0.339s] Level 1:colcon.colcon_core.package_identification:_identify(src/clearrun_uav) by extension 'ignore'
[0.339s] Level 1:colcon.colcon_core.package_identification:_identify(src/clearrun_uav) by extension 'ignore_ament_install'
[0.339s] Level 1:colcon.colcon_core.package_identification:_identify(src/clearrun_uav) by extensions ['colcon_pkg']
[0.339s] Level 1:colcon.colcon_core.package_identification:_identify(src/clearrun_uav) by extension 'colcon_pkg'
[0.340s] Level 1:colcon.colcon_core.package_identification:_identify(src/clearrun_uav) by extensions ['colcon_meta']
[0.340s] Level 1:colcon.colcon_core.package_identification:_identify(src/clearrun_uav) by extension 'colcon_meta'
[0.340s] Level 1:colcon.colcon_core.package_identification:_identify(src/clearrun_uav) by extensions ['ros']
[0.340s] Level 1:colcon.colcon_core.package_identification:_identify(src/clearrun_uav) by extension 'ros'
[0.342s] DEBUG:colcon.colcon_core.package_identification:Package 'src/clearrun_uav' with type 'ros.ament_python' and name 'clearrun_uav'
[0.342s] Level 1:colcon.colcon_core.package_identification:_identify(src/clearrun_ugv) by extensions ['ignore', 'ignore_ament_install']
[0.342s] Level 1:colcon.colcon_core.package_identification:_identify(src/clearrun_ugv) by extension 'ignore'
[0.343s] Level 1:colcon.colcon_core.package_identification:_identify(src/clearrun_ugv) by extension 'ignore_ament_install'
[0.343s] Level 1:colcon.colcon_core.package_identification:_identify(src/clearrun_ugv) by extensions ['colcon_pkg']
[0.343s] Level 1:colcon.colcon_core.package_identification:_identify(src/clearrun_ugv) by extension 'colcon_pkg'
[0.343s] Level 1:colcon.colcon_core.package_identification:_identify(src/clearrun_ugv) by extensions ['colcon_meta']
[0.343s] Level 1:colcon.colcon_core.package_identification:_identify(src/clearrun_ugv) by extension 'colcon_meta'
[0.343s] Level 1:colcon.colcon_core.package_identification:_identify(src/clearrun_ugv) by extensions ['ros']
[0.343s] Level 1:colcon.colcon_core.package_identification:_identify(src/clearrun_ugv) by extension 'ros'
[0.345s] DEBUG:colcon.colcon_core.package_identification:Package 'src/clearrun_ugv' with type 'ros.ament_python' and name 'clearrun_ugv'
[0.345s] Level 1:colcon.colcon_core.package_discovery:discover_packages(recursive) using defaults
[0.345s] Level 1:colcon.colcon_core.package_discovery:discover_packages(ignore) discover
[0.345s] Level 1:colcon.colcon_core.package_discovery:discover_packages(ignore) using defaults
[0.345s] Level 1:colcon.colcon_core.package_discovery:discover_packages(path) discover
[0.345s] Level 1:colcon.colcon_core.package_discovery:discover_packages(path) using defaults
[0.375s] Level 1:colcon.colcon_core.package_discovery:discover_packages(prefix_path) check parameters
[0.375s] Level 1:colcon.colcon_core.package_discovery:discover_packages(prefix_path) discover
[0.378s] DEBUG:colcon.colcon_installed_package_information.package_discovery:Found 1 installed packages in /home/gondal/Clear-Run/install
[0.378s] Level 1:colcon.colcon_core.package_discovery:discover_packages(prefix_path) using defaults
[0.380s] Level 5:colcon.colcon_core.verb:set package 'clearrun_msgs' build argument 'cmake_args' from command line to 'None'
[0.380s] Level 5:colcon.colcon_core.verb:set package 'clearrun_msgs' build argument 'cmake_target' from command line to 'None'
[0.380s] Level 5:colcon.colcon_core.verb:set package 'clearrun_msgs' build argument 'cmake_target_skip_unavailable' from command line to 'False'
[0.380s] Level 5:colcon.colcon_core.verb:set package 'clearrun_msgs' build argument 'cmake_clean_cache' from command line to 'False'
[0.380s] Level 5:colcon.colcon_core.verb:set package 'clearrun_msgs' build argument 'cmake_clean_first' from command line to 'False'
[0.380s] Level 5:colcon.colcon_core.verb:set package 'clearrun_msgs' build argument 'cmake_force_configure' from command line to 'False'
[0.380s] Level 5:colcon.colcon_core.verb:set package 'clearrun_msgs' build argument 'ament_cmake_args' from command line to 'None'
[0.380s] Level 5:colcon.colcon_core.verb:set package 'clearrun_msgs' build argument 'catkin_cmake_args' from command line to 'None'
[0.380s] Level 5:colcon.colcon_core.verb:set package 'clearrun_msgs' build argument 'catkin_skip_building_tests' from command line to 'False'
[0.380s] DEBUG:colcon.colcon_core.verb:Building package 'clearrun_msgs' with the following arguments: {'ament_cmake_args': None, 'build_base': '/home/gondal/Clear-Run/build/clearrun_msgs', 'catkin_cmake_args': None, 'catkin_skip_building_tests': False, 'cmake_args': None, 'cmake_clean_cache': False, 'cmake_clean_first': False, 'cmake_force_configure': False, 'cmake_target': None, 'cmake_target_skip_unavailable': False, 'install_base': '/home/gondal/Clear-Run/install/clearrun_msgs', 'merge_install': False, 'path': '/home/gondal/Clear-Run/src/clearrun_msgs', 'symlink_install': True, 'test_result_base': None}
[0.381s] Level 5:colcon.colcon_core.verb:set package 'clearrun_uav' build argument 'cmake_args' from command line to 'None'
[0.381s] Level 5:colcon.colcon_core.verb:set package 'clearrun_uav' build argument 'cmake_target' from command line to 'None'
[0.381s] Level 5:colcon.colcon_core.verb:set package 'clearrun_uav' build argument 'cmake_target_skip_unavailable' from command line to 'False'
[0.381s] Level 5:colcon.colcon_core.verb:set package 'clearrun_uav' build argument 'cmake_clean_cache' from command line to 'False'
[0.381s] Level 5:colcon.colcon_core.verb:set package 'clearrun_uav' build argument 'cmake_clean_first' from command line to 'False'
[0.381s] Level 5:colcon.colcon_core.verb:set package 'clearrun_uav' build argument 'cmake_force_configure' from command line to 'False'
[0.381s] Level 5:colcon.colcon_core.verb:set package 'clearrun_uav' build argument 'ament_cmake_args' from command line to 'None'
[0.381s] Level 5:colcon.colcon_core.verb:set package 'clearrun_uav' build argument 'catkin_cmake_args' from command line to 'None'
[0.381s] Level 5:colcon.colcon_core.verb:set package 'clearrun_uav' build argument 'catkin_skip_building_tests' from command line to 'False'
[0.381s] DEBUG:colcon.colcon_core.verb:Building package 'clearrun_uav' with the following arguments: {'ament_cmake_args': None, 'build_base': '/home/gondal/Clear-Run/build/clearrun_uav', 'catkin_cmake_args': None, 'catkin_skip_building_tests': False, 'cmake_args': None, 'cmake_clean_cache': False, 'cmake_clean_first': False, 'cmake_force_configure': False, 'cmake_target': None, 'cmake_target_skip_unavailable': False, 'install_base': '/home/gondal/Clear-Run/install/clearrun_uav', 'merge_install': False, 'path': '/home/gondal/Clear-Run/src/clearrun_uav', 'symlink_install': True, 'test_result_base': None}
[0.381s] Level 5:colcon.colcon_core.verb:set package 'clearrun_ugv' build argument 'cmake_args' from command line to 'None'
[0.381s] Level 5:colcon.colcon_core.verb:set package 'clearrun_ugv' build argument 'cmake_target' from command line to 'None'
[0.382s] Level 5:colcon.colcon_core.verb:set package 'clearrun_ugv' build argument 'cmake_target_skip_unavailable' from command line to 'False'
[0.382s] Level 5:colcon.colcon_core.verb:set package 'clearrun_ugv' build argument 'cmake_clean_cache' from command line to 'False'
[0.382s] Level 5:colcon.colcon_core.verb:set package 'clearrun_ugv' build argument 'cmake_clean_first' from command line to 'False'
[0.382s] Level 5:colcon.colcon_core.verb:set package 'clearrun_ugv' build argument 'cmake_force_configure' from command line to 'False'
[0.382s] Level 5:colcon.colcon_core.verb:set package 'clearrun_ugv' build argument 'ament_cmake_args' from command line to 'None'
[0.382s] Level 5:colcon.colcon_core.verb:set package 'clearrun_ugv' build argument 'catkin_cmake_args' from command line to 'None'
[0.382s] Level 5:colcon.colcon_core.verb:set package 'clearrun_ugv' build argument 'catkin_skip_building_tests' from command line to 'False'
[0.382s] DEBUG:colcon.colcon_core.verb:Building package 'clearrun_ugv' with the following arguments: {'ament_cmake_args': None, 'build_base': '/home/gondal/Clear-Run/build/clearrun_ugv', 'catkin_cmake_args': None, 'catkin_skip_building_tests': False, 'cmake_args': None, 'cmake_clean_cache': False, 'cmake_clean_first': False, 'cmake_force_configure': False, 'cmake_target': None, 'cmake_target_skip_unavailable': False, 'install_base': '/home/gondal/Clear-Run/install/clearrun_ugv', 'merge_install': False, 'path': '/home/gondal/Clear-Run/src/clearrun_ugv', 'symlink_install': True, 'test_result_base': None}
[0.382s] Level 5:colcon.colcon_core.verb:set package 'clearrun_bringup' build argument 'cmake_args' from command line to 'None'
[0.382s] Level 5:colcon.colcon_core.verb:set package 'clearrun_bringup' build argument 'cmake_target' from command line to 'None'
[0.382s] Level 5:colcon.colcon_core.verb:set package 'clearrun_bringup' build argument 'cmake_target_skip_unavailable' from command line to 'False'
[0.382s] Level 5:colcon.colcon_core.verb:set package 'clearrun_bringup' build argument 'cmake_clean_cache' from command line to 'False'
[0.382s] Level 5:colcon.colcon_core.verb:set package 'clearrun_bringup' build argument 'cmake_clean_first' from command line to 'False'
[0.382s] Level 5:colcon.colcon_core.verb:set package 'clearrun_bringup' build argument 'cmake_force_configure' from command line to 'False'
[0.382s] Level 5:colcon.colcon_core.verb:set package 'clearrun_bringup' build argument 'ament_cmake_args' from command line to 'None'
[0.382s] Level 5:colcon.colcon_core.verb:set package 'clearrun_bringup' build argument 'catkin_cmake_args' from command line to 'None'
[0.383s] Level 5:colcon.colcon_core.verb:set package 'clearrun_bringup' build argument 'catkin_skip_building_tests' from command line to 'False'
[0.383s] DEBUG:colcon.colcon_core.verb:Building package 'clearrun_bringup' with the following arguments: {'ament_cmake_args': None, 'build_base': '/home/gondal/Clear-Run/build/clearrun_bringup', 'catkin_cmake_args': None, 'catkin_skip_building_tests': False, 'cmake_args': None, 'cmake_clean_cache': False, 'cmake_clean_first': False, 'cmake_force_configure': False, 'cmake_target': None, 'cmake_target_skip_unavailable': False, 'install_base': '/home/gondal/Clear-Run/install/clearrun_bringup', 'merge_install': False, 'path': '/home/gondal/Clear-Run/src/clearrun_bringup', 'symlink_install': True, 'test_result_base': None}
[0.383s] INFO:colcon.colcon_core.executor:Executing jobs using 'parallel' executor
[0.384s] DEBUG:colcon.colcon_parallel_executor.executor.parallel:run_until_complete
[0.384s] INFO:colcon.colcon_ros.task.ament_cmake.build:Building ROS package in '/home/gondal/Clear-Run/src/clearrun_msgs' with build type 'ament_cmake'
[0.384s] INFO:colcon.colcon_cmake.task.cmake.build:Building CMake package in '/home/gondal/Clear-Run/src/clearrun_msgs'
[0.388s] INFO:colcon.colcon_core.plugin_system:Skipping extension 'colcon_core.shell.bat': Not used on non-Windows systems
[0.388s] INFO:colcon.colcon_core.shell:Skip shell extension 'powershell' for command environment: Not usable outside of PowerShell
[0.388s] DEBUG:colcon.colcon_core.shell:Skip shell extension 'dsv' for command environment
[0.400s] DEBUG:colcon.colcon_core.event_handler.log_command:Invoking command in '/home/gondal/Clear-Run/build/clearrun_msgs': DEBUGINFOD_URLS=https://debuginfod.ubuntu.com /usr/bin/cmake /home/gondal/Clear-Run/src/clearrun_msgs -DAMENT_CMAKE_SYMLINK_INSTALL=1 -DCMAKE_INSTALL_PREFIX=/home/gondal/Clear-Run/install/clearrun_msgs
[0.468s] DEBUG:colcon.colcon_core.event_handler.log_command:Invoked command in '/home/gondal/Clear-Run/build/clearrun_msgs' returned '1': DEBUGINFOD_URLS=https://debuginfod.ubuntu.com /usr/bin/cmake /home/gondal/Clear-Run/src/clearrun_msgs -DAMENT_CMAKE_SYMLINK_INSTALL=1 -DCMAKE_INSTALL_PREFIX=/home/gondal/Clear-Run/install/clearrun_msgs
[0.490s] Level 1:colcon.colcon_core.environment:create_environment_scripts_only(clearrun_msgs)
[0.496s] Level 1:colcon.colcon_core.environment:checking '/home/gondal/Clear-Run/install/clearrun_msgs' for CMake module files
[0.497s] Level 1:colcon.colcon_core.environment:checking '/home/gondal/Clear-Run/install/clearrun_msgs' for CMake config files
[0.498s] Level 1:colcon.colcon_core.environment:checking '/home/gondal/Clear-Run/install/clearrun_msgs/bin'
[0.498s] Level 1:colcon.colcon_core.environment:checking '/home/gondal/Clear-Run/install/clearrun_msgs/lib/pkgconfig/clearrun_msgs.pc'
[0.504s] Level 1:colcon.colcon_core.environment:checking '/home/gondal/Clear-Run/install/clearrun_msgs/lib/python3.12/site-packages'
[0.506s] Level 1:colcon.colcon_core.environment:checking '/home/gondal/Clear-Run/install/clearrun_msgs/bin'
[0.507s] INFO:colcon.colcon_core.shell:Creating package script '/home/gondal/Clear-Run/install/clearrun_msgs/share/clearrun_msgs/package.ps1'
[0.509s] INFO:colcon.colcon_core.shell:Creating package descriptor '/home/gondal/Clear-Run/install/clearrun_msgs/share/clearrun_msgs/package.dsv'
[0.510s] INFO:colcon.colcon_core.shell:Creating package script '/home/gondal/Clear-Run/install/clearrun_msgs/share/clearrun_msgs/package.sh'
[0.512s] INFO:colcon.colcon_core.shell:Creating package script '/home/gondal/Clear-Run/install/clearrun_msgs/share/clearrun_msgs/package.bash'
[0.514s] INFO:colcon.colcon_core.shell:Creating package script '/home/gondal/Clear-Run/install/clearrun_msgs/share/clearrun_msgs/package.zsh'
[0.516s] Level 1:colcon.colcon_core.environment:create_file_with_runtime_dependencies(/home/gondal/Clear-Run/install/clearrun_msgs/share/colcon-core/packages/clearrun_msgs)
[0.527s] DEBUG:colcon.colcon_parallel_executor.executor.parallel:closing loop
[0.527s] DEBUG:colcon.colcon_parallel_executor.executor.parallel:loop closed
[0.527s] DEBUG:colcon.colcon_parallel_executor.executor.parallel:run_until_complete finished with '1'
[0.527s] DEBUG:colcon.colcon_core.event_reactor:joining thread
[0.543s] INFO:colcon.colcon_core.plugin_system:Skipping extension 'colcon_notification.desktop_notification.terminal_notifier': Not used on non-Darwin systems
[0.543s] INFO:colcon.colcon_core.plugin_system:Skipping extension 'colcon_notification.desktop_notification.win32': Not used on non-Windows systems
[0.544s] INFO:colcon.colcon_notification.desktop_notification:Sending desktop notification using 'notify2'
[0.589s] DEBUG:colcon.colcon_core.event_reactor:joined thread
[0.590s] INFO:colcon.colcon_core.shell:Creating prefix script '/home/gondal/Clear-Run/install/local_setup.ps1'
[0.596s] INFO:colcon.colcon_core.shell:Creating prefix util module '/home/gondal/Clear-Run/install/_local_setup_util_ps1.py'
[0.605s] INFO:colcon.colcon_core.shell:Creating prefix chain script '/home/gondal/Clear-Run/install/setup.ps1'
[0.609s] INFO:colcon.colcon_core.shell:Creating prefix script '/home/gondal/Clear-Run/install/local_setup.sh'
[0.612s] INFO:colcon.colcon_core.shell:Creating prefix util module '/home/gondal/Clear-Run/install/_local_setup_util_sh.py'
[0.615s] INFO:colcon.colcon_core.shell:Creating prefix chain script '/home/gondal/Clear-Run/install/setup.sh'
[0.618s] INFO:colcon.colcon_core.shell:Creating prefix script '/home/gondal/Clear-Run/install/local_setup.bash'
[0.619s] INFO:colcon.colcon_core.shell:Creating prefix chain script '/home/gondal/Clear-Run/install/setup.bash'
[0.622s] INFO:colcon.colcon_core.shell:Creating prefix script '/home/gondal/Clear-Run/install/local_setup.zsh'
[0.624s] INFO:colcon.colcon_core.shell:Creating prefix chain script '/home/gondal/Clear-Run/install/setup.zsh'
