[0.014s] Invoking command in '/home/gondal/Clear-Run/build/clearrun_msgs': DEBUGINFOD_URLS=https://debuginfod.ubuntu.com /usr/bin/cmake /home/gondal/Clear-Run/src/clearrun_msgs -DAMENT_CMAKE_SYMLINK_INSTALL=1 -DCMAKE_INSTALL_PREFIX=/home/gondal/Clear-Run/install/clearrun_msgs
[0.074s] [31mCMake Error at CMakeLists.txt:9 (find_package):
[0.074s]   By not providing "Findament_cmake.cmake" in CMAKE_MODULE_PATH this project
[0.074s]   has asked CMake to find a package configuration file provided by
[0.075s]   "ament_cmake", but CMake did not find one.
[0.075s] 
[0.075s]   Could not find a package configuration file provided by "ament_cmake" with
[0.076s]   any of the following names:
[0.076s] 
[0.076s]     ament_cmakeConfig.cmake
[0.076s]     ament_cmake-config.cmake
[0.077s] 
[0.077s]   Add the installation prefix of "ament_cmake" to CMAKE_PREFIX_PATH or set
[0.078s]   "ament_cmake_DIR" to a directory containing one of the above files.  If
[0.078s]   "ament_cmake" provides a separate development package or SDK, be sure it
[0.079s]   has been installed.
[0.079s] 
[0.080s] [0m
[0.081s] -- Configuring incomplete, errors occurred!
[0.082s] Invoked command in '/home/gondal/Clear-Run/build/clearrun_msgs' returned '1': DEBUGINFOD_URLS=https://debuginfod.ubuntu.com /usr/bin/cmake /home/gondal/Clear-Run/src/clearrun_msgs -DAMENT_CMAKE_SYMLINK_INSTALL=1 -DCMAKE_INSTALL_PREFIX=/home/gondal/Clear-Run/install/clearrun_msgs
