[0.289s] DEBUG:colcon:Command line arguments: ['/usr/bin/colcon', 'build', '--symlink-install', '--packages-select', 'clearrun_uav', 'clearrun_ugv', 'clearrun_bringup']
[0.290s] DEBUG:colcon:Parsed command line arguments: Namespace(log_base=None, log_level=None, verb_name='build', build_base='build', install_base='install', merge_install=False, symlink_install=True, test_result_base=None, continue_on_error=False, executor='parallel', parallel_workers=8, event_handlers=None, ignore_user_meta=False, metas=['./colcon.meta'], base_paths=['.'], packages_ignore=None, packages_ignore_regex=None, paths=None, packages_up_to=None, packages_up_to_regex=None, packages_above=None, packages_above_and_dependencies=None, packages_above_depth=None, packages_select_by_dep=None, packages_skip_by_dep=None, packages_skip_up_to=None, packages_select_build_failed=False, packages_skip_build_finished=False, packages_select_test_failures=False, packages_skip_test_passed=False, packages_select=['clearrun_uav', 'clearrun_ugv', 'clearrun_bringup'], packages_skip=None, packages_select_regex=None, packages_skip_regex=None, packages_start=None, packages_end=None, allow_overriding=[], cmake_args=None, cmake_target=None, cmake_target_skip_unavailable=False, cmake_clean_cache=False, cmake_clean_first=False, cmake_force_configure=False, ament_cmake_args=None, catkin_cmake_args=None, catkin_skip_building_tests=False, mixin_files=None, mixin=None, verb_parser=<colcon_mixin.mixin.mixin_argument.MixinArgumentDecorator object at 0x7773057bde20>, verb_extension=<colcon_core.verb.build.BuildVerb object at 0x7773057bda00>, main=<bound method BuildVerb.main of <colcon_core.verb.build.BuildVerb object at 0x7773057bda00>>, mixin_verb=('build',))
[0.388s] Level 1:colcon.colcon_core.package_discovery:discover_packages(colcon_meta) check parameters
[0.388s] Level 1:colcon.colcon_core.package_discovery:discover_packages(recursive) check parameters
[0.388s] Level 1:colcon.colcon_core.package_discovery:discover_packages(ignore) check parameters
[0.388s] Level 1:colcon.colcon_core.package_discovery:discover_packages(path) check parameters
[0.388s] Level 1:colcon.colcon_core.package_discovery:discover_packages(colcon_meta) discover
[0.388s] Level 1:colcon.colcon_core.package_discovery:discover_packages(recursive) discover
[0.388s] INFO:colcon.colcon_core.package_discovery:Crawling recursively for packages in '/home/gondal/Clear-Run'
[0.389s] Level 1:colcon.colcon_core.package_identification:_identify(.) by extensions ['ignore', 'ignore_ament_install']
[0.389s] Level 1:colcon.colcon_core.package_identification:_identify(.) by extension 'ignore'
[0.389s] Level 1:colcon.colcon_core.package_identification:_identify(.) by extension 'ignore_ament_install'
[0.389s] Level 1:colcon.colcon_core.package_identification:_identify(.) by extensions ['colcon_pkg']
[0.389s] Level 1:colcon.colcon_core.package_identification:_identify(.) by extension 'colcon_pkg'
[0.389s] Level 1:colcon.colcon_core.package_identification:_identify(.) by extensions ['colcon_meta']
[0.389s] Level 1:colcon.colcon_core.package_identification:_identify(.) by extension 'colcon_meta'
[0.389s] Level 1:colcon.colcon_core.package_identification:_identify(.) by extensions ['ros']
[0.389s] Level 1:colcon.colcon_core.package_identification:_identify(.) by extension 'ros'
[0.438s] Level 1:colcon.colcon_core.package_identification:_identify(.) by extensions ['cmake', 'python']
[0.438s] Level 1:colcon.colcon_core.package_identification:_identify(.) by extension 'cmake'
[0.439s] Level 1:colcon.colcon_core.package_identification:_identify(.) by extension 'python'
[0.439s] Level 1:colcon.colcon_core.package_identification:_identify(.) by extensions ['python_setup_py']
[0.439s] Level 1:colcon.colcon_core.package_identification:_identify(.) by extension 'python_setup_py'
[0.439s] Level 1:colcon.colcon_core.package_identification:_identify(build) by extensions ['ignore', 'ignore_ament_install']
[0.439s] Level 1:colcon.colcon_core.package_identification:_identify(build) by extension 'ignore'
[0.439s] Level 1:colcon.colcon_core.package_identification:_identify(build) ignored
[0.439s] Level 1:colcon.colcon_core.package_identification:_identify(docker) by extensions ['ignore', 'ignore_ament_install']
[0.439s] Level 1:colcon.colcon_core.package_identification:_identify(docker) by extension 'ignore'
[0.440s] Level 1:colcon.colcon_core.package_identification:_identify(docker) by extension 'ignore_ament_install'
[0.440s] Level 1:colcon.colcon_core.package_identification:_identify(docker) by extensions ['colcon_pkg']
[0.440s] Level 1:colcon.colcon_core.package_identification:_identify(docker) by extension 'colcon_pkg'
[0.440s] Level 1:colcon.colcon_core.package_identification:_identify(docker) by extensions ['colcon_meta']
[0.440s] Level 1:colcon.colcon_core.package_identification:_identify(docker) by extension 'colcon_meta'
[0.440s] Level 1:colcon.colcon_core.package_identification:_identify(docker) by extensions ['ros']
[0.440s] Level 1:colcon.colcon_core.package_identification:_identify(docker) by extension 'ros'
[0.440s] Level 1:colcon.colcon_core.package_identification:_identify(docker) by extensions ['cmake', 'python']
[0.440s] Level 1:colcon.colcon_core.package_identification:_identify(docker) by extension 'cmake'
[0.440s] Level 1:colcon.colcon_core.package_identification:_identify(docker) by extension 'python'
[0.440s] Level 1:colcon.colcon_core.package_identification:_identify(docker) by extensions ['python_setup_py']
[0.440s] Level 1:colcon.colcon_core.package_identification:_identify(docker) by extension 'python_setup_py'
[0.440s] Level 1:colcon.colcon_core.package_identification:_identify(docs) by extensions ['ignore', 'ignore_ament_install']
[0.441s] Level 1:colcon.colcon_core.package_identification:_identify(docs) by extension 'ignore'
[0.441s] Level 1:colcon.colcon_core.package_identification:_identify(docs) by extension 'ignore_ament_install'
[0.441s] Level 1:colcon.colcon_core.package_identification:_identify(docs) by extensions ['colcon_pkg']
[0.441s] Level 1:colcon.colcon_core.package_identification:_identify(docs) by extension 'colcon_pkg'
[0.441s] Level 1:colcon.colcon_core.package_identification:_identify(docs) by extensions ['colcon_meta']
[0.441s] Level 1:colcon.colcon_core.package_identification:_identify(docs) by extension 'colcon_meta'
[0.441s] Level 1:colcon.colcon_core.package_identification:_identify(docs) by extensions ['ros']
[0.441s] Level 1:colcon.colcon_core.package_identification:_identify(docs) by extension 'ros'
[0.441s] Level 1:colcon.colcon_core.package_identification:_identify(docs) by extensions ['cmake', 'python']
[0.441s] Level 1:colcon.colcon_core.package_identification:_identify(docs) by extension 'cmake'
[0.441s] Level 1:colcon.colcon_core.package_identification:_identify(docs) by extension 'python'
[0.441s] Level 1:colcon.colcon_core.package_identification:_identify(docs) by extensions ['python_setup_py']
[0.441s] Level 1:colcon.colcon_core.package_identification:_identify(docs) by extension 'python_setup_py'
[0.441s] Level 1:colcon.colcon_core.package_identification:_identify(install) by extensions ['ignore', 'ignore_ament_install']
[0.442s] Level 1:colcon.colcon_core.package_identification:_identify(install) by extension 'ignore'
[0.442s] Level 1:colcon.colcon_core.package_identification:_identify(install) ignored
[0.442s] Level 1:colcon.colcon_core.package_identification:_identify(log) by extensions ['ignore', 'ignore_ament_install']
[0.442s] Level 1:colcon.colcon_core.package_identification:_identify(log) by extension 'ignore'
[0.442s] Level 1:colcon.colcon_core.package_identification:_identify(log) ignored
[0.442s] Level 1:colcon.colcon_core.package_identification:_identify(models) by extensions ['ignore', 'ignore_ament_install']
[0.442s] Level 1:colcon.colcon_core.package_identification:_identify(models) by extension 'ignore'
[0.442s] Level 1:colcon.colcon_core.package_identification:_identify(models) by extension 'ignore_ament_install'
[0.442s] Level 1:colcon.colcon_core.package_identification:_identify(models) by extensions ['colcon_pkg']
[0.442s] Level 1:colcon.colcon_core.package_identification:_identify(models) by extension 'colcon_pkg'
[0.443s] Level 1:colcon.colcon_core.package_identification:_identify(models) by extensions ['colcon_meta']
[0.443s] Level 1:colcon.colcon_core.package_identification:_identify(models) by extension 'colcon_meta'
[0.443s] Level 1:colcon.colcon_core.package_identification:_identify(models) by extensions ['ros']
[0.443s] Level 1:colcon.colcon_core.package_identification:_identify(models) by extension 'ros'
[0.443s] Level 1:colcon.colcon_core.package_identification:_identify(models) by extensions ['cmake', 'python']
[0.443s] Level 1:colcon.colcon_core.package_identification:_identify(models) by extension 'cmake'
[0.443s] Level 1:colcon.colcon_core.package_identification:_identify(models) by extension 'python'
[0.443s] Level 1:colcon.colcon_core.package_identification:_identify(models) by extensions ['python_setup_py']
[0.443s] Level 1:colcon.colcon_core.package_identification:_identify(models) by extension 'python_setup_py'
[0.443s] Level 1:colcon.colcon_core.package_identification:_identify(models/yolov11) by extensions ['ignore', 'ignore_ament_install']
[0.443s] Level 1:colcon.colcon_core.package_identification:_identify(models/yolov11) by extension 'ignore'
[0.443s] Level 1:colcon.colcon_core.package_identification:_identify(models/yolov11) by extension 'ignore_ament_install'
[0.444s] Level 1:colcon.colcon_core.package_identification:_identify(models/yolov11) by extensions ['colcon_pkg']
[0.444s] Level 1:colcon.colcon_core.package_identification:_identify(models/yolov11) by extension 'colcon_pkg'
[0.444s] Level 1:colcon.colcon_core.package_identification:_identify(models/yolov11) by extensions ['colcon_meta']
[0.444s] Level 1:colcon.colcon_core.package_identification:_identify(models/yolov11) by extension 'colcon_meta'
[0.444s] Level 1:colcon.colcon_core.package_identification:_identify(models/yolov11) by extensions ['ros']
[0.444s] Level 1:colcon.colcon_core.package_identification:_identify(models/yolov11) by extension 'ros'
[0.444s] Level 1:colcon.colcon_core.package_identification:_identify(models/yolov11) by extensions ['cmake', 'python']
[0.444s] Level 1:colcon.colcon_core.package_identification:_identify(models/yolov11) by extension 'cmake'
[0.444s] Level 1:colcon.colcon_core.package_identification:_identify(models/yolov11) by extension 'python'
[0.444s] Level 1:colcon.colcon_core.package_identification:_identify(models/yolov11) by extensions ['python_setup_py']
[0.444s] Level 1:colcon.colcon_core.package_identification:_identify(models/yolov11) by extension 'python_setup_py'
[0.445s] Level 1:colcon.colcon_core.package_identification:_identify(models/yolov12) by extensions ['ignore', 'ignore_ament_install']
[0.445s] Level 1:colcon.colcon_core.package_identification:_identify(models/yolov12) by extension 'ignore'
[0.445s] Level 1:colcon.colcon_core.package_identification:_identify(models/yolov12) by extension 'ignore_ament_install'
[0.445s] Level 1:colcon.colcon_core.package_identification:_identify(models/yolov12) by extensions ['colcon_pkg']
[0.445s] Level 1:colcon.colcon_core.package_identification:_identify(models/yolov12) by extension 'colcon_pkg'
[0.445s] Level 1:colcon.colcon_core.package_identification:_identify(models/yolov12) by extensions ['colcon_meta']
[0.445s] Level 1:colcon.colcon_core.package_identification:_identify(models/yolov12) by extension 'colcon_meta'
[0.445s] Level 1:colcon.colcon_core.package_identification:_identify(models/yolov12) by extensions ['ros']
[0.445s] Level 1:colcon.colcon_core.package_identification:_identify(models/yolov12) by extension 'ros'
[0.446s] Level 1:colcon.colcon_core.package_identification:_identify(models/yolov12) by extensions ['cmake', 'python']
[0.446s] Level 1:colcon.colcon_core.package_identification:_identify(models/yolov12) by extension 'cmake'
[0.446s] Level 1:colcon.colcon_core.package_identification:_identify(models/yolov12) by extension 'python'
[0.446s] Level 1:colcon.colcon_core.package_identification:_identify(models/yolov12) by extensions ['python_setup_py']
[0.446s] Level 1:colcon.colcon_core.package_identification:_identify(models/yolov12) by extension 'python_setup_py'
[0.446s] Level 1:colcon.colcon_core.package_identification:_identify(scripts) by extensions ['ignore', 'ignore_ament_install']
[0.446s] Level 1:colcon.colcon_core.package_identification:_identify(scripts) by extension 'ignore'
[0.446s] Level 1:colcon.colcon_core.package_identification:_identify(scripts) by extension 'ignore_ament_install'
[0.446s] Level 1:colcon.colcon_core.package_identification:_identify(scripts) by extensions ['colcon_pkg']
[0.446s] Level 1:colcon.colcon_core.package_identification:_identify(scripts) by extension 'colcon_pkg'
[0.447s] Level 1:colcon.colcon_core.package_identification:_identify(scripts) by extensions ['colcon_meta']
[0.447s] Level 1:colcon.colcon_core.package_identification:_identify(scripts) by extension 'colcon_meta'
[0.447s] Level 1:colcon.colcon_core.package_identification:_identify(scripts) by extensions ['ros']
[0.447s] Level 1:colcon.colcon_core.package_identification:_identify(scripts) by extension 'ros'
[0.447s] Level 1:colcon.colcon_core.package_identification:_identify(scripts) by extensions ['cmake', 'python']
[0.447s] Level 1:colcon.colcon_core.package_identification:_identify(scripts) by extension 'cmake'
[0.447s] Level 1:colcon.colcon_core.package_identification:_identify(scripts) by extension 'python'
[0.447s] Level 1:colcon.colcon_core.package_identification:_identify(scripts) by extensions ['python_setup_py']
[0.447s] Level 1:colcon.colcon_core.package_identification:_identify(scripts) by extension 'python_setup_py'
[0.447s] Level 1:colcon.colcon_core.package_identification:_identify(simulation) by extensions ['ignore', 'ignore_ament_install']
[0.447s] Level 1:colcon.colcon_core.package_identification:_identify(simulation) by extension 'ignore'
[0.447s] Level 1:colcon.colcon_core.package_identification:_identify(simulation) by extension 'ignore_ament_install'
[0.447s] Level 1:colcon.colcon_core.package_identification:_identify(simulation) by extensions ['colcon_pkg']
[0.447s] Level 1:colcon.colcon_core.package_identification:_identify(simulation) by extension 'colcon_pkg'
[0.448s] Level 1:colcon.colcon_core.package_identification:_identify(simulation) by extensions ['colcon_meta']
[0.448s] Level 1:colcon.colcon_core.package_identification:_identify(simulation) by extension 'colcon_meta'
[0.448s] Level 1:colcon.colcon_core.package_identification:_identify(simulation) by extensions ['ros']
[0.448s] Level 1:colcon.colcon_core.package_identification:_identify(simulation) by extension 'ros'
[0.448s] Level 1:colcon.colcon_core.package_identification:_identify(simulation) by extensions ['cmake', 'python']
[0.448s] Level 1:colcon.colcon_core.package_identification:_identify(simulation) by extension 'cmake'
[0.448s] Level 1:colcon.colcon_core.package_identification:_identify(simulation) by extension 'python'
[0.448s] Level 1:colcon.colcon_core.package_identification:_identify(simulation) by extensions ['python_setup_py']
[0.448s] Level 1:colcon.colcon_core.package_identification:_identify(simulation) by extension 'python_setup_py'
[0.448s] Level 1:colcon.colcon_core.package_identification:_identify(simulation/models) by extensions ['ignore', 'ignore_ament_install']
[0.448s] Level 1:colcon.colcon_core.package_identification:_identify(simulation/models) by extension 'ignore'
[0.448s] Level 1:colcon.colcon_core.package_identification:_identify(simulation/models) by extension 'ignore_ament_install'
[0.449s] Level 1:colcon.colcon_core.package_identification:_identify(simulation/models) by extensions ['colcon_pkg']
[0.449s] Level 1:colcon.colcon_core.package_identification:_identify(simulation/models) by extension 'colcon_pkg'
[0.449s] Level 1:colcon.colcon_core.package_identification:_identify(simulation/models) by extensions ['colcon_meta']
[0.449s] Level 1:colcon.colcon_core.package_identification:_identify(simulation/models) by extension 'colcon_meta'
[0.449s] Level 1:colcon.colcon_core.package_identification:_identify(simulation/models) by extensions ['ros']
[0.449s] Level 1:colcon.colcon_core.package_identification:_identify(simulation/models) by extension 'ros'
[0.449s] Level 1:colcon.colcon_core.package_identification:_identify(simulation/models) by extensions ['cmake', 'python']
[0.449s] Level 1:colcon.colcon_core.package_identification:_identify(simulation/models) by extension 'cmake'
[0.449s] Level 1:colcon.colcon_core.package_identification:_identify(simulation/models) by extension 'python'
[0.449s] Level 1:colcon.colcon_core.package_identification:_identify(simulation/models) by extensions ['python_setup_py']
[0.449s] Level 1:colcon.colcon_core.package_identification:_identify(simulation/models) by extension 'python_setup_py'
[0.450s] Level 1:colcon.colcon_core.package_identification:_identify(simulation/sitl_configs) by extensions ['ignore', 'ignore_ament_install']
[0.450s] Level 1:colcon.colcon_core.package_identification:_identify(simulation/sitl_configs) by extension 'ignore'
[0.450s] Level 1:colcon.colcon_core.package_identification:_identify(simulation/sitl_configs) by extension 'ignore_ament_install'
[0.450s] Level 1:colcon.colcon_core.package_identification:_identify(simulation/sitl_configs) by extensions ['colcon_pkg']
[0.450s] Level 1:colcon.colcon_core.package_identification:_identify(simulation/sitl_configs) by extension 'colcon_pkg'
[0.450s] Level 1:colcon.colcon_core.package_identification:_identify(simulation/sitl_configs) by extensions ['colcon_meta']
[0.450s] Level 1:colcon.colcon_core.package_identification:_identify(simulation/sitl_configs) by extension 'colcon_meta'
[0.451s] Level 1:colcon.colcon_core.package_identification:_identify(simulation/sitl_configs) by extensions ['ros']
[0.451s] Level 1:colcon.colcon_core.package_identification:_identify(simulation/sitl_configs) by extension 'ros'
[0.451s] Level 1:colcon.colcon_core.package_identification:_identify(simulation/sitl_configs) by extensions ['cmake', 'python']
[0.451s] Level 1:colcon.colcon_core.package_identification:_identify(simulation/sitl_configs) by extension 'cmake'
[0.451s] Level 1:colcon.colcon_core.package_identification:_identify(simulation/sitl_configs) by extension 'python'
[0.451s] Level 1:colcon.colcon_core.package_identification:_identify(simulation/sitl_configs) by extensions ['python_setup_py']
[0.451s] Level 1:colcon.colcon_core.package_identification:_identify(simulation/sitl_configs) by extension 'python_setup_py'
[0.451s] Level 1:colcon.colcon_core.package_identification:_identify(simulation/worlds) by extensions ['ignore', 'ignore_ament_install']
[0.451s] Level 1:colcon.colcon_core.package_identification:_identify(simulation/worlds) by extension 'ignore'
[0.451s] Level 1:colcon.colcon_core.package_identification:_identify(simulation/worlds) by extension 'ignore_ament_install'
[0.452s] Level 1:colcon.colcon_core.package_identification:_identify(simulation/worlds) by extensions ['colcon_pkg']
[0.452s] Level 1:colcon.colcon_core.package_identification:_identify(simulation/worlds) by extension 'colcon_pkg'
[0.452s] Level 1:colcon.colcon_core.package_identification:_identify(simulation/worlds) by extensions ['colcon_meta']
[0.452s] Level 1:colcon.colcon_core.package_identification:_identify(simulation/worlds) by extension 'colcon_meta'
[0.452s] Level 1:colcon.colcon_core.package_identification:_identify(simulation/worlds) by extensions ['ros']
[0.452s] Level 1:colcon.colcon_core.package_identification:_identify(simulation/worlds) by extension 'ros'
[0.452s] Level 1:colcon.colcon_core.package_identification:_identify(simulation/worlds) by extensions ['cmake', 'python']
[0.452s] Level 1:colcon.colcon_core.package_identification:_identify(simulation/worlds) by extension 'cmake'
[0.452s] Level 1:colcon.colcon_core.package_identification:_identify(simulation/worlds) by extension 'python'
[0.452s] Level 1:colcon.colcon_core.package_identification:_identify(simulation/worlds) by extensions ['python_setup_py']
[0.452s] Level 1:colcon.colcon_core.package_identification:_identify(simulation/worlds) by extension 'python_setup_py'
[0.452s] Level 1:colcon.colcon_core.package_identification:_identify(src) by extensions ['ignore', 'ignore_ament_install']
[0.453s] Level 1:colcon.colcon_core.package_identification:_identify(src) by extension 'ignore'
[0.453s] Level 1:colcon.colcon_core.package_identification:_identify(src) by extension 'ignore_ament_install'
[0.453s] Level 1:colcon.colcon_core.package_identification:_identify(src) by extensions ['colcon_pkg']
[0.453s] Level 1:colcon.colcon_core.package_identification:_identify(src) by extension 'colcon_pkg'
[0.453s] Level 1:colcon.colcon_core.package_identification:_identify(src) by extensions ['colcon_meta']
[0.453s] Level 1:colcon.colcon_core.package_identification:_identify(src) by extension 'colcon_meta'
[0.453s] Level 1:colcon.colcon_core.package_identification:_identify(src) by extensions ['ros']
[0.453s] Level 1:colcon.colcon_core.package_identification:_identify(src) by extension 'ros'
[0.453s] Level 1:colcon.colcon_core.package_identification:_identify(src) by extensions ['cmake', 'python']
[0.453s] Level 1:colcon.colcon_core.package_identification:_identify(src) by extension 'cmake'
[0.453s] Level 1:colcon.colcon_core.package_identification:_identify(src) by extension 'python'
[0.454s] Level 1:colcon.colcon_core.package_identification:_identify(src) by extensions ['python_setup_py']
[0.454s] Level 1:colcon.colcon_core.package_identification:_identify(src) by extension 'python_setup_py'
[0.454s] Level 1:colcon.colcon_core.package_identification:_identify(src/clearrun_bringup) by extensions ['ignore', 'ignore_ament_install']
[0.454s] Level 1:colcon.colcon_core.package_identification:_identify(src/clearrun_bringup) by extension 'ignore'
[0.454s] Level 1:colcon.colcon_core.package_identification:_identify(src/clearrun_bringup) by extension 'ignore_ament_install'
[0.454s] Level 1:colcon.colcon_core.package_identification:_identify(src/clearrun_bringup) by extensions ['colcon_pkg']
[0.454s] Level 1:colcon.colcon_core.package_identification:_identify(src/clearrun_bringup) by extension 'colcon_pkg'
[0.454s] Level 1:colcon.colcon_core.package_identification:_identify(src/clearrun_bringup) by extensions ['colcon_meta']
[0.454s] Level 1:colcon.colcon_core.package_identification:_identify(src/clearrun_bringup) by extension 'colcon_meta'
[0.454s] Level 1:colcon.colcon_core.package_identification:_identify(src/clearrun_bringup) by extensions ['ros']
[0.455s] Level 1:colcon.colcon_core.package_identification:_identify(src/clearrun_bringup) by extension 'ros'
[0.458s] DEBUG:colcon.colcon_core.package_identification:Package 'src/clearrun_bringup' with type 'ros.ament_python' and name 'clearrun_bringup'
[0.458s] Level 1:colcon.colcon_core.package_identification:_identify(src/clearrun_msgs) by extensions ['ignore', 'ignore_ament_install']
[0.458s] Level 1:colcon.colcon_core.package_identification:_identify(src/clearrun_msgs) by extension 'ignore'
[0.458s] Level 1:colcon.colcon_core.package_identification:_identify(src/clearrun_msgs) by extension 'ignore_ament_install'
[0.459s] Level 1:colcon.colcon_core.package_identification:_identify(src/clearrun_msgs) by extensions ['colcon_pkg']
[0.459s] Level 1:colcon.colcon_core.package_identification:_identify(src/clearrun_msgs) by extension 'colcon_pkg'
[0.459s] Level 1:colcon.colcon_core.package_identification:_identify(src/clearrun_msgs) by extensions ['colcon_meta']
[0.459s] Level 1:colcon.colcon_core.package_identification:_identify(src/clearrun_msgs) by extension 'colcon_meta'
[0.459s] Level 1:colcon.colcon_core.package_identification:_identify(src/clearrun_msgs) by extensions ['ros']
[0.459s] Level 1:colcon.colcon_core.package_identification:_identify(src/clearrun_msgs) by extension 'ros'
[0.460s] DEBUG:colcon.colcon_core.package_identification:Package 'src/clearrun_msgs' with type 'ros.ament_cmake' and name 'clearrun_msgs'
[0.460s] Level 1:colcon.colcon_core.package_identification:_identify(src/clearrun_uav) by extensions ['ignore', 'ignore_ament_install']
[0.460s] Level 1:colcon.colcon_core.package_identification:_identify(src/clearrun_uav) by extension 'ignore'
[0.460s] Level 1:colcon.colcon_core.package_identification:_identify(src/clearrun_uav) by extension 'ignore_ament_install'
[0.460s] Level 1:colcon.colcon_core.package_identification:_identify(src/clearrun_uav) by extensions ['colcon_pkg']
[0.461s] Level 1:colcon.colcon_core.package_identification:_identify(src/clearrun_uav) by extension 'colcon_pkg'
[0.461s] Level 1:colcon.colcon_core.package_identification:_identify(src/clearrun_uav) by extensions ['colcon_meta']
[0.461s] Level 1:colcon.colcon_core.package_identification:_identify(src/clearrun_uav) by extension 'colcon_meta'
[0.461s] Level 1:colcon.colcon_core.package_identification:_identify(src/clearrun_uav) by extensions ['ros']
[0.461s] Level 1:colcon.colcon_core.package_identification:_identify(src/clearrun_uav) by extension 'ros'
[0.463s] DEBUG:colcon.colcon_core.package_identification:Package 'src/clearrun_uav' with type 'ros.ament_python' and name 'clearrun_uav'
[0.463s] Level 1:colcon.colcon_core.package_identification:_identify(src/clearrun_ugv) by extensions ['ignore', 'ignore_ament_install']
[0.463s] Level 1:colcon.colcon_core.package_identification:_identify(src/clearrun_ugv) by extension 'ignore'
[0.464s] Level 1:colcon.colcon_core.package_identification:_identify(src/clearrun_ugv) by extension 'ignore_ament_install'
[0.464s] Level 1:colcon.colcon_core.package_identification:_identify(src/clearrun_ugv) by extensions ['colcon_pkg']
[0.464s] Level 1:colcon.colcon_core.package_identification:_identify(src/clearrun_ugv) by extension 'colcon_pkg'
[0.464s] Level 1:colcon.colcon_core.package_identification:_identify(src/clearrun_ugv) by extensions ['colcon_meta']
[0.464s] Level 1:colcon.colcon_core.package_identification:_identify(src/clearrun_ugv) by extension 'colcon_meta'
[0.464s] Level 1:colcon.colcon_core.package_identification:_identify(src/clearrun_ugv) by extensions ['ros']
[0.464s] Level 1:colcon.colcon_core.package_identification:_identify(src/clearrun_ugv) by extension 'ros'
[0.466s] DEBUG:colcon.colcon_core.package_identification:Package 'src/clearrun_ugv' with type 'ros.ament_python' and name 'clearrun_ugv'
[0.466s] Level 1:colcon.colcon_core.package_discovery:discover_packages(recursive) using defaults
[0.466s] Level 1:colcon.colcon_core.package_discovery:discover_packages(ignore) discover
[0.466s] Level 1:colcon.colcon_core.package_discovery:discover_packages(ignore) using defaults
[0.466s] Level 1:colcon.colcon_core.package_discovery:discover_packages(path) discover
[0.466s] Level 1:colcon.colcon_core.package_discovery:discover_packages(path) using defaults
[0.503s] INFO:colcon.colcon_core.package_selection:Skipping not selected package 'clearrun_msgs' in 'src/clearrun_msgs'
[0.504s] Level 1:colcon.colcon_core.package_discovery:discover_packages(prefix_path) check parameters
[0.504s] Level 1:colcon.colcon_core.package_discovery:discover_packages(prefix_path) discover
[0.509s] DEBUG:colcon.colcon_installed_package_information.package_discovery:Found 390 installed packages in /opt/ros/jazzy
[0.513s] Level 1:colcon.colcon_core.package_discovery:discover_packages(prefix_path) using defaults
[0.655s] Level 5:colcon.colcon_core.verb:set package 'clearrun_uav' build argument 'cmake_args' from command line to 'None'
[0.655s] Level 5:colcon.colcon_core.verb:set package 'clearrun_uav' build argument 'cmake_target' from command line to 'None'
[0.655s] Level 5:colcon.colcon_core.verb:set package 'clearrun_uav' build argument 'cmake_target_skip_unavailable' from command line to 'False'
[0.655s] Level 5:colcon.colcon_core.verb:set package 'clearrun_uav' build argument 'cmake_clean_cache' from command line to 'False'
[0.655s] Level 5:colcon.colcon_core.verb:set package 'clearrun_uav' build argument 'cmake_clean_first' from command line to 'False'
[0.655s] Level 5:colcon.colcon_core.verb:set package 'clearrun_uav' build argument 'cmake_force_configure' from command line to 'False'
[0.655s] Level 5:colcon.colcon_core.verb:set package 'clearrun_uav' build argument 'ament_cmake_args' from command line to 'None'
[0.655s] Level 5:colcon.colcon_core.verb:set package 'clearrun_uav' build argument 'catkin_cmake_args' from command line to 'None'
[0.655s] Level 5:colcon.colcon_core.verb:set package 'clearrun_uav' build argument 'catkin_skip_building_tests' from command line to 'False'
[0.655s] DEBUG:colcon.colcon_core.verb:Building package 'clearrun_uav' with the following arguments: {'ament_cmake_args': None, 'build_base': '/home/gondal/Clear-Run/build/clearrun_uav', 'catkin_cmake_args': None, 'catkin_skip_building_tests': False, 'cmake_args': None, 'cmake_clean_cache': False, 'cmake_clean_first': False, 'cmake_force_configure': False, 'cmake_target': None, 'cmake_target_skip_unavailable': False, 'install_base': '/home/gondal/Clear-Run/install/clearrun_uav', 'merge_install': False, 'path': '/home/gondal/Clear-Run/src/clearrun_uav', 'symlink_install': True, 'test_result_base': None}
[0.656s] Level 5:colcon.colcon_core.verb:set package 'clearrun_ugv' build argument 'cmake_args' from command line to 'None'
[0.656s] Level 5:colcon.colcon_core.verb:set package 'clearrun_ugv' build argument 'cmake_target' from command line to 'None'
[0.656s] Level 5:colcon.colcon_core.verb:set package 'clearrun_ugv' build argument 'cmake_target_skip_unavailable' from command line to 'False'
[0.656s] Level 5:colcon.colcon_core.verb:set package 'clearrun_ugv' build argument 'cmake_clean_cache' from command line to 'False'
[0.656s] Level 5:colcon.colcon_core.verb:set package 'clearrun_ugv' build argument 'cmake_clean_first' from command line to 'False'
[0.656s] Level 5:colcon.colcon_core.verb:set package 'clearrun_ugv' build argument 'cmake_force_configure' from command line to 'False'
[0.656s] Level 5:colcon.colcon_core.verb:set package 'clearrun_ugv' build argument 'ament_cmake_args' from command line to 'None'
[0.656s] Level 5:colcon.colcon_core.verb:set package 'clearrun_ugv' build argument 'catkin_cmake_args' from command line to 'None'
[0.656s] Level 5:colcon.colcon_core.verb:set package 'clearrun_ugv' build argument 'catkin_skip_building_tests' from command line to 'False'
[0.656s] DEBUG:colcon.colcon_core.verb:Building package 'clearrun_ugv' with the following arguments: {'ament_cmake_args': None, 'build_base': '/home/gondal/Clear-Run/build/clearrun_ugv', 'catkin_cmake_args': None, 'catkin_skip_building_tests': False, 'cmake_args': None, 'cmake_clean_cache': False, 'cmake_clean_first': False, 'cmake_force_configure': False, 'cmake_target': None, 'cmake_target_skip_unavailable': False, 'install_base': '/home/gondal/Clear-Run/install/clearrun_ugv', 'merge_install': False, 'path': '/home/gondal/Clear-Run/src/clearrun_ugv', 'symlink_install': True, 'test_result_base': None}
[0.657s] Level 5:colcon.colcon_core.verb:set package 'clearrun_bringup' build argument 'cmake_args' from command line to 'None'
[0.657s] Level 5:colcon.colcon_core.verb:set package 'clearrun_bringup' build argument 'cmake_target' from command line to 'None'
[0.657s] Level 5:colcon.colcon_core.verb:set package 'clearrun_bringup' build argument 'cmake_target_skip_unavailable' from command line to 'False'
[0.657s] Level 5:colcon.colcon_core.verb:set package 'clearrun_bringup' build argument 'cmake_clean_cache' from command line to 'False'
[0.657s] Level 5:colcon.colcon_core.verb:set package 'clearrun_bringup' build argument 'cmake_clean_first' from command line to 'False'
[0.657s] Level 5:colcon.colcon_core.verb:set package 'clearrun_bringup' build argument 'cmake_force_configure' from command line to 'False'
[0.657s] Level 5:colcon.colcon_core.verb:set package 'clearrun_bringup' build argument 'ament_cmake_args' from command line to 'None'
[0.657s] Level 5:colcon.colcon_core.verb:set package 'clearrun_bringup' build argument 'catkin_cmake_args' from command line to 'None'
[0.657s] Level 5:colcon.colcon_core.verb:set package 'clearrun_bringup' build argument 'catkin_skip_building_tests' from command line to 'False'
[0.657s] DEBUG:colcon.colcon_core.verb:Building package 'clearrun_bringup' with the following arguments: {'ament_cmake_args': None, 'build_base': '/home/gondal/Clear-Run/build/clearrun_bringup', 'catkin_cmake_args': None, 'catkin_skip_building_tests': False, 'cmake_args': None, 'cmake_clean_cache': False, 'cmake_clean_first': False, 'cmake_force_configure': False, 'cmake_target': None, 'cmake_target_skip_unavailable': False, 'install_base': '/home/gondal/Clear-Run/install/clearrun_bringup', 'merge_install': False, 'path': '/home/gondal/Clear-Run/src/clearrun_bringup', 'symlink_install': True, 'test_result_base': None}
[0.657s] INFO:colcon.colcon_core.executor:Executing jobs using 'parallel' executor
[0.659s] DEBUG:colcon.colcon_parallel_executor.executor.parallel:run_until_complete
[0.660s] INFO:colcon.colcon_ros.task.ament_python.build:Building ROS package in '/home/gondal/Clear-Run/src/clearrun_uav' with build type 'ament_python'
[0.660s] Level 1:colcon.colcon_core.shell:create_environment_hook('clearrun_uav', 'ament_prefix_path')
[0.667s] INFO:colcon.colcon_core.plugin_system:Skipping extension 'colcon_core.shell.bat': Not used on non-Windows systems
[0.668s] INFO:colcon.colcon_core.shell:Creating environment hook '/home/gondal/Clear-Run/install/clearrun_uav/share/clearrun_uav/hook/ament_prefix_path.ps1'
[0.669s] INFO:colcon.colcon_core.shell:Creating environment descriptor '/home/gondal/Clear-Run/install/clearrun_uav/share/clearrun_uav/hook/ament_prefix_path.dsv'
[0.670s] INFO:colcon.colcon_core.shell:Creating environment hook '/home/gondal/Clear-Run/install/clearrun_uav/share/clearrun_uav/hook/ament_prefix_path.sh'
[0.672s] INFO:colcon.colcon_core.shell:Skip shell extension 'powershell' for command environment: Not usable outside of PowerShell
[0.672s] DEBUG:colcon.colcon_core.shell:Skip shell extension 'dsv' for command environment
[0.680s] INFO:colcon.colcon_ros.task.ament_python.build:Building ROS package in '/home/gondal/Clear-Run/src/clearrun_ugv' with build type 'ament_python'
[0.680s] Level 1:colcon.colcon_core.shell:create_environment_hook('clearrun_ugv', 'ament_prefix_path')
[0.680s] INFO:colcon.colcon_core.shell:Creating environment hook '/home/gondal/Clear-Run/install/clearrun_ugv/share/clearrun_ugv/hook/ament_prefix_path.ps1'
[0.681s] INFO:colcon.colcon_core.shell:Creating environment descriptor '/home/gondal/Clear-Run/install/clearrun_ugv/share/clearrun_ugv/hook/ament_prefix_path.dsv'
[0.682s] INFO:colcon.colcon_core.shell:Creating environment hook '/home/gondal/Clear-Run/install/clearrun_ugv/share/clearrun_ugv/hook/ament_prefix_path.sh'
[0.684s] INFO:colcon.colcon_core.shell:Skip shell extension 'powershell' for command environment: Not usable outside of PowerShell
[0.684s] DEBUG:colcon.colcon_core.shell:Skip shell extension 'dsv' for command environment
[1.148s] INFO:colcon.colcon_core.task.python.build:Building Python package in '/home/gondal/Clear-Run/src/clearrun_uav'
[1.148s] INFO:colcon.colcon_core.shell:Skip shell extension 'powershell' for command environment: Not usable outside of PowerShell
[1.148s] DEBUG:colcon.colcon_core.shell:Skip shell extension 'dsv' for command environment
[1.619s] INFO:colcon.colcon_core.task.python.build:Building Python package in '/home/gondal/Clear-Run/src/clearrun_ugv'
[1.620s] INFO:colcon.colcon_core.shell:Skip shell extension 'powershell' for command environment: Not usable outside of PowerShell
[1.620s] DEBUG:colcon.colcon_core.shell:Skip shell extension 'dsv' for command environment
[3.034s] DEBUG:colcon.colcon_core.event_handler.log_command:Invoking command in '/home/gondal/Clear-Run/build/clearrun_ugv': AMENT_PREFIX_PATH=/home/gondal/Clear-Run/install/clearrun_msgs:${AMENT_PREFIX_PATH} CMAKE_PREFIX_PATH=/home/gondal/Clear-Run/install/clearrun_msgs:${CMAKE_PREFIX_PATH} DEBUGINFOD_URLS=https://debuginfod.ubuntu.com LD_LIBRARY_PATH=/home/gondal/Clear-Run/install/clearrun_msgs/lib:${LD_LIBRARY_PATH} PYTHONPATH=/home/gondal/Clear-Run/build/clearrun_ugv/prefix_override:/usr/lib/python3/dist-packages/colcon_core/task/python/colcon_distutils_commands:/home/gondal/Clear-Run/install/clearrun_ugv/lib/python3.12/site-packages:/home/gondal/Clear-Run/install/clearrun_msgs/lib/python3.12/site-packages:${PYTHONPATH} VIRTUAL_ENV_PROMPT=(venv-ardupilot) /usr/bin/python3 -W ignore:setup.py install is deprecated -W ignore:easy_install command is deprecated setup.py develop --editable --build-directory /home/gondal/Clear-Run/build/clearrun_ugv/build --no-deps symlink_data
[3.061s] DEBUG:colcon.colcon_core.event_handler.log_command:Invoking command in '/home/gondal/Clear-Run/build/clearrun_uav': AMENT_PREFIX_PATH=/home/gondal/Clear-Run/install/clearrun_msgs:${AMENT_PREFIX_PATH} CMAKE_PREFIX_PATH=/home/gondal/Clear-Run/install/clearrun_msgs:${CMAKE_PREFIX_PATH} DEBUGINFOD_URLS=https://debuginfod.ubuntu.com LD_LIBRARY_PATH=/home/gondal/Clear-Run/install/clearrun_msgs/lib:${LD_LIBRARY_PATH} PYTHONPATH=/home/gondal/Clear-Run/build/clearrun_uav/prefix_override:/usr/lib/python3/dist-packages/colcon_core/task/python/colcon_distutils_commands:/home/gondal/Clear-Run/install/clearrun_uav/lib/python3.12/site-packages:/home/gondal/Clear-Run/install/clearrun_msgs/lib/python3.12/site-packages:${PYTHONPATH} VIRTUAL_ENV_PROMPT=(venv-ardupilot) /usr/bin/python3 -W ignore:setup.py install is deprecated -W ignore:easy_install command is deprecated setup.py develop --editable --build-directory /home/gondal/Clear-Run/build/clearrun_uav/build --no-deps symlink_data
[4.581s] Level 1:colcon.colcon_core.shell:create_environment_hook('clearrun_ugv', 'pythonpath_develop')
[4.582s] INFO:colcon.colcon_core.shell:Creating environment hook '/home/gondal/Clear-Run/build/clearrun_ugv/share/clearrun_ugv/hook/pythonpath_develop.ps1'
[4.583s] DEBUG:colcon.colcon_core.event_handler.log_command:Invoked command in '/home/gondal/Clear-Run/build/clearrun_ugv' returned '0': AMENT_PREFIX_PATH=/home/gondal/Clear-Run/install/clearrun_msgs:${AMENT_PREFIX_PATH} CMAKE_PREFIX_PATH=/home/gondal/Clear-Run/install/clearrun_msgs:${CMAKE_PREFIX_PATH} DEBUGINFOD_URLS=https://debuginfod.ubuntu.com LD_LIBRARY_PATH=/home/gondal/Clear-Run/install/clearrun_msgs/lib:${LD_LIBRARY_PATH} PYTHONPATH=/home/gondal/Clear-Run/build/clearrun_ugv/prefix_override:/usr/lib/python3/dist-packages/colcon_core/task/python/colcon_distutils_commands:/home/gondal/Clear-Run/install/clearrun_ugv/lib/python3.12/site-packages:/home/gondal/Clear-Run/install/clearrun_msgs/lib/python3.12/site-packages:${PYTHONPATH} VIRTUAL_ENV_PROMPT=(venv-ardupilot) /usr/bin/python3 -W ignore:setup.py install is deprecated -W ignore:easy_install command is deprecated setup.py develop --editable --build-directory /home/gondal/Clear-Run/build/clearrun_ugv/build --no-deps symlink_data
[4.584s] INFO:colcon.colcon_core.shell:Creating environment descriptor '/home/gondal/Clear-Run/build/clearrun_ugv/share/clearrun_ugv/hook/pythonpath_develop.dsv'
[4.585s] INFO:colcon.colcon_core.shell:Creating environment hook '/home/gondal/Clear-Run/build/clearrun_ugv/share/clearrun_ugv/hook/pythonpath_develop.sh'
[4.597s] Level 1:colcon.colcon_core.environment:checking '/home/gondal/Clear-Run/install/clearrun_ugv' for CMake module files
[4.602s] Level 1:colcon.colcon_core.environment:checking '/home/gondal/Clear-Run/install/clearrun_ugv' for CMake config files
[4.605s] Level 1:colcon.colcon_core.environment:checking '/home/gondal/Clear-Run/install/clearrun_ugv/lib'
[4.607s] Level 1:colcon.colcon_core.environment:checking '/home/gondal/Clear-Run/install/clearrun_ugv/bin'
[4.607s] Level 1:colcon.colcon_core.environment:checking '/home/gondal/Clear-Run/install/clearrun_ugv/lib/pkgconfig/clearrun_ugv.pc'
[4.609s] Level 1:colcon.colcon_core.environment:checking '/home/gondal/Clear-Run/install/clearrun_ugv/lib/python3.12/site-packages'
[4.609s] Level 1:colcon.colcon_core.shell:create_environment_hook('clearrun_ugv', 'pythonpath')
[4.610s] INFO:colcon.colcon_core.shell:Creating environment hook '/home/gondal/Clear-Run/install/clearrun_ugv/share/clearrun_ugv/hook/pythonpath.ps1'
[4.611s] INFO:colcon.colcon_core.shell:Creating environment descriptor '/home/gondal/Clear-Run/install/clearrun_ugv/share/clearrun_ugv/hook/pythonpath.dsv'
[4.613s] INFO:colcon.colcon_core.shell:Creating environment hook '/home/gondal/Clear-Run/install/clearrun_ugv/share/clearrun_ugv/hook/pythonpath.sh'
[4.615s] Level 1:colcon.colcon_core.environment:checking '/home/gondal/Clear-Run/install/clearrun_ugv/bin'
[4.615s] Level 1:colcon.colcon_core.environment:create_environment_scripts_only(clearrun_ugv)
[4.616s] INFO:colcon.colcon_core.shell:Creating package script '/home/gondal/Clear-Run/install/clearrun_ugv/share/clearrun_ugv/package.ps1'
[4.618s] INFO:colcon.colcon_core.shell:Creating package descriptor '/home/gondal/Clear-Run/install/clearrun_ugv/share/clearrun_ugv/package.dsv'
[4.620s] INFO:colcon.colcon_core.shell:Creating package script '/home/gondal/Clear-Run/install/clearrun_ugv/share/clearrun_ugv/package.sh'
[4.623s] INFO:colcon.colcon_core.shell:Creating package script '/home/gondal/Clear-Run/install/clearrun_ugv/share/clearrun_ugv/package.bash'
[4.625s] INFO:colcon.colcon_core.shell:Creating package script '/home/gondal/Clear-Run/install/clearrun_ugv/share/clearrun_ugv/package.zsh'
[4.626s] Level 1:colcon.colcon_core.environment:create_file_with_runtime_dependencies(/home/gondal/Clear-Run/install/clearrun_ugv/share/colcon-core/packages/clearrun_ugv)
[4.682s] Level 1:colcon.colcon_core.shell:create_environment_hook('clearrun_uav', 'pythonpath_develop')
[4.683s] DEBUG:colcon.colcon_core.event_handler.log_command:Invoked command in '/home/gondal/Clear-Run/build/clearrun_uav' returned '0': AMENT_PREFIX_PATH=/home/gondal/Clear-Run/install/clearrun_msgs:${AMENT_PREFIX_PATH} CMAKE_PREFIX_PATH=/home/gondal/Clear-Run/install/clearrun_msgs:${CMAKE_PREFIX_PATH} DEBUGINFOD_URLS=https://debuginfod.ubuntu.com LD_LIBRARY_PATH=/home/gondal/Clear-Run/install/clearrun_msgs/lib:${LD_LIBRARY_PATH} PYTHONPATH=/home/gondal/Clear-Run/build/clearrun_uav/prefix_override:/usr/lib/python3/dist-packages/colcon_core/task/python/colcon_distutils_commands:/home/gondal/Clear-Run/install/clearrun_uav/lib/python3.12/site-packages:/home/gondal/Clear-Run/install/clearrun_msgs/lib/python3.12/site-packages:${PYTHONPATH} VIRTUAL_ENV_PROMPT=(venv-ardupilot) /usr/bin/python3 -W ignore:setup.py install is deprecated -W ignore:easy_install command is deprecated setup.py develop --editable --build-directory /home/gondal/Clear-Run/build/clearrun_uav/build --no-deps symlink_data
[4.683s] INFO:colcon.colcon_core.shell:Creating environment hook '/home/gondal/Clear-Run/build/clearrun_uav/share/clearrun_uav/hook/pythonpath_develop.ps1'
[4.685s] INFO:colcon.colcon_core.shell:Creating environment descriptor '/home/gondal/Clear-Run/build/clearrun_uav/share/clearrun_uav/hook/pythonpath_develop.dsv'
[4.685s] INFO:colcon.colcon_core.shell:Creating environment hook '/home/gondal/Clear-Run/build/clearrun_uav/share/clearrun_uav/hook/pythonpath_develop.sh'
[4.687s] Level 1:colcon.colcon_core.environment:checking '/home/gondal/Clear-Run/install/clearrun_uav' for CMake module files
[4.688s] Level 1:colcon.colcon_core.environment:checking '/home/gondal/Clear-Run/install/clearrun_uav' for CMake config files
[4.689s] Level 1:colcon.colcon_core.environment:checking '/home/gondal/Clear-Run/install/clearrun_uav/lib'
[4.689s] Level 1:colcon.colcon_core.environment:checking '/home/gondal/Clear-Run/install/clearrun_uav/bin'
[4.689s] Level 1:colcon.colcon_core.environment:checking '/home/gondal/Clear-Run/install/clearrun_uav/lib/pkgconfig/clearrun_uav.pc'
[4.690s] Level 1:colcon.colcon_core.environment:checking '/home/gondal/Clear-Run/install/clearrun_uav/lib/python3.12/site-packages'
[4.690s] Level 1:colcon.colcon_core.shell:create_environment_hook('clearrun_uav', 'pythonpath')
[4.690s] INFO:colcon.colcon_core.shell:Creating environment hook '/home/gondal/Clear-Run/install/clearrun_uav/share/clearrun_uav/hook/pythonpath.ps1'
[4.691s] INFO:colcon.colcon_core.shell:Creating environment descriptor '/home/gondal/Clear-Run/install/clearrun_uav/share/clearrun_uav/hook/pythonpath.dsv'
[4.692s] INFO:colcon.colcon_core.shell:Creating environment hook '/home/gondal/Clear-Run/install/clearrun_uav/share/clearrun_uav/hook/pythonpath.sh'
[4.693s] Level 1:colcon.colcon_core.environment:checking '/home/gondal/Clear-Run/install/clearrun_uav/bin'
[4.693s] Level 1:colcon.colcon_core.environment:create_environment_scripts_only(clearrun_uav)
[4.694s] INFO:colcon.colcon_core.shell:Creating package script '/home/gondal/Clear-Run/install/clearrun_uav/share/clearrun_uav/package.ps1'
[4.695s] INFO:colcon.colcon_core.shell:Creating package descriptor '/home/gondal/Clear-Run/install/clearrun_uav/share/clearrun_uav/package.dsv'
[4.696s] INFO:colcon.colcon_core.shell:Creating package script '/home/gondal/Clear-Run/install/clearrun_uav/share/clearrun_uav/package.sh'
[4.697s] INFO:colcon.colcon_core.shell:Creating package script '/home/gondal/Clear-Run/install/clearrun_uav/share/clearrun_uav/package.bash'
[4.698s] INFO:colcon.colcon_core.shell:Creating package script '/home/gondal/Clear-Run/install/clearrun_uav/share/clearrun_uav/package.zsh'
[4.699s] Level 1:colcon.colcon_core.environment:create_file_with_runtime_dependencies(/home/gondal/Clear-Run/install/clearrun_uav/share/colcon-core/packages/clearrun_uav)
[4.700s] INFO:colcon.colcon_ros.task.ament_python.build:Building ROS package in '/home/gondal/Clear-Run/src/clearrun_bringup' with build type 'ament_python'
[4.700s] Level 1:colcon.colcon_core.shell:create_environment_hook('clearrun_bringup', 'ament_prefix_path')
[4.701s] INFO:colcon.colcon_core.shell:Creating environment hook '/home/gondal/Clear-Run/install/clearrun_bringup/share/clearrun_bringup/hook/ament_prefix_path.ps1'
[4.707s] INFO:colcon.colcon_core.shell:Creating environment descriptor '/home/gondal/Clear-Run/install/clearrun_bringup/share/clearrun_bringup/hook/ament_prefix_path.dsv'
[4.710s] INFO:colcon.colcon_core.shell:Creating environment hook '/home/gondal/Clear-Run/install/clearrun_bringup/share/clearrun_bringup/hook/ament_prefix_path.sh'
[4.711s] INFO:colcon.colcon_core.shell:Skip shell extension 'powershell' for command environment: Not usable outside of PowerShell
[4.711s] DEBUG:colcon.colcon_core.shell:Skip shell extension 'dsv' for command environment
[5.235s] INFO:colcon.colcon_core.task.python.build:Building Python package in '/home/gondal/Clear-Run/src/clearrun_bringup'
[5.235s] INFO:colcon.colcon_core.shell:Skip shell extension 'powershell' for command environment: Not usable outside of PowerShell
[5.235s] DEBUG:colcon.colcon_core.shell:Skip shell extension 'dsv' for command environment
[6.573s] DEBUG:colcon.colcon_core.event_handler.log_command:Invoking command in '/home/gondal/Clear-Run/build/clearrun_bringup': AMENT_PREFIX_PATH=/home/gondal/Clear-Run/install/clearrun_ugv:/home/gondal/Clear-Run/install/clearrun_uav:/home/gondal/Clear-Run/install/clearrun_msgs:${AMENT_PREFIX_PATH} CMAKE_PREFIX_PATH=/home/gondal/Clear-Run/install/clearrun_msgs:${CMAKE_PREFIX_PATH} DEBUGINFOD_URLS=https://debuginfod.ubuntu.com LD_LIBRARY_PATH=/home/gondal/Clear-Run/install/clearrun_msgs/lib:${LD_LIBRARY_PATH} PYTHONPATH=/home/gondal/Clear-Run/build/clearrun_bringup/prefix_override:/usr/lib/python3/dist-packages/colcon_core/task/python/colcon_distutils_commands:/home/gondal/Clear-Run/install/clearrun_bringup/lib/python3.12/site-packages:/home/gondal/Clear-Run/build/clearrun_ugv:/home/gondal/Clear-Run/install/clearrun_ugv/lib/python3.12/site-packages:/home/gondal/Clear-Run/build/clearrun_uav:/home/gondal/Clear-Run/install/clearrun_uav/lib/python3.12/site-packages:/home/gondal/Clear-Run/install/clearrun_msgs/lib/python3.12/site-packages:${PYTHONPATH} VIRTUAL_ENV_PROMPT=(venv-ardupilot) /usr/bin/python3 -W ignore:setup.py install is deprecated -W ignore:easy_install command is deprecated setup.py develop --editable --build-directory /home/gondal/Clear-Run/build/clearrun_bringup/build --no-deps symlink_data
[7.971s] Level 1:colcon.colcon_core.shell:create_environment_hook('clearrun_bringup', 'pythonpath_develop')
[7.972s] INFO:colcon.colcon_core.shell:Creating environment hook '/home/gondal/Clear-Run/build/clearrun_bringup/share/clearrun_bringup/hook/pythonpath_develop.ps1'
[7.973s] DEBUG:colcon.colcon_core.event_handler.log_command:Invoked command in '/home/gondal/Clear-Run/build/clearrun_bringup' returned '0': AMENT_PREFIX_PATH=/home/gondal/Clear-Run/install/clearrun_ugv:/home/gondal/Clear-Run/install/clearrun_uav:/home/gondal/Clear-Run/install/clearrun_msgs:${AMENT_PREFIX_PATH} CMAKE_PREFIX_PATH=/home/gondal/Clear-Run/install/clearrun_msgs:${CMAKE_PREFIX_PATH} DEBUGINFOD_URLS=https://debuginfod.ubuntu.com LD_LIBRARY_PATH=/home/gondal/Clear-Run/install/clearrun_msgs/lib:${LD_LIBRARY_PATH} PYTHONPATH=/home/gondal/Clear-Run/build/clearrun_bringup/prefix_override:/usr/lib/python3/dist-packages/colcon_core/task/python/colcon_distutils_commands:/home/gondal/Clear-Run/install/clearrun_bringup/lib/python3.12/site-packages:/home/gondal/Clear-Run/build/clearrun_ugv:/home/gondal/Clear-Run/install/clearrun_ugv/lib/python3.12/site-packages:/home/gondal/Clear-Run/build/clearrun_uav:/home/gondal/Clear-Run/install/clearrun_uav/lib/python3.12/site-packages:/home/gondal/Clear-Run/install/clearrun_msgs/lib/python3.12/site-packages:${PYTHONPATH} VIRTUAL_ENV_PROMPT=(venv-ardupilot) /usr/bin/python3 -W ignore:setup.py install is deprecated -W ignore:easy_install command is deprecated setup.py develop --editable --build-directory /home/gondal/Clear-Run/build/clearrun_bringup/build --no-deps symlink_data
[7.974s] INFO:colcon.colcon_core.shell:Creating environment descriptor '/home/gondal/Clear-Run/build/clearrun_bringup/share/clearrun_bringup/hook/pythonpath_develop.dsv'
[7.975s] INFO:colcon.colcon_core.shell:Creating environment hook '/home/gondal/Clear-Run/build/clearrun_bringup/share/clearrun_bringup/hook/pythonpath_develop.sh'
[7.976s] Level 1:colcon.colcon_core.environment:checking '/home/gondal/Clear-Run/install/clearrun_bringup' for CMake module files
[7.977s] Level 1:colcon.colcon_core.environment:checking '/home/gondal/Clear-Run/install/clearrun_bringup' for CMake config files
[7.978s] Level 1:colcon.colcon_core.environment:checking '/home/gondal/Clear-Run/install/clearrun_bringup/lib'
[7.978s] Level 1:colcon.colcon_core.environment:checking '/home/gondal/Clear-Run/install/clearrun_bringup/bin'
[7.978s] Level 1:colcon.colcon_core.environment:checking '/home/gondal/Clear-Run/install/clearrun_bringup/lib/pkgconfig/clearrun_bringup.pc'
[7.978s] Level 1:colcon.colcon_core.environment:checking '/home/gondal/Clear-Run/install/clearrun_bringup/lib/python3.12/site-packages'
[7.979s] Level 1:colcon.colcon_core.shell:create_environment_hook('clearrun_bringup', 'pythonpath')
[7.979s] INFO:colcon.colcon_core.shell:Creating environment hook '/home/gondal/Clear-Run/install/clearrun_bringup/share/clearrun_bringup/hook/pythonpath.ps1'
[7.979s] INFO:colcon.colcon_core.shell:Creating environment descriptor '/home/gondal/Clear-Run/install/clearrun_bringup/share/clearrun_bringup/hook/pythonpath.dsv'
[7.980s] INFO:colcon.colcon_core.shell:Creating environment hook '/home/gondal/Clear-Run/install/clearrun_bringup/share/clearrun_bringup/hook/pythonpath.sh'
[7.981s] Level 1:colcon.colcon_core.environment:checking '/home/gondal/Clear-Run/install/clearrun_bringup/bin'
[7.981s] Level 1:colcon.colcon_core.environment:create_environment_scripts_only(clearrun_bringup)
[7.982s] INFO:colcon.colcon_core.shell:Creating package script '/home/gondal/Clear-Run/install/clearrun_bringup/share/clearrun_bringup/package.ps1'
[7.983s] INFO:colcon.colcon_core.shell:Creating package descriptor '/home/gondal/Clear-Run/install/clearrun_bringup/share/clearrun_bringup/package.dsv'
[7.984s] INFO:colcon.colcon_core.shell:Creating package script '/home/gondal/Clear-Run/install/clearrun_bringup/share/clearrun_bringup/package.sh'
[7.985s] INFO:colcon.colcon_core.shell:Creating package script '/home/gondal/Clear-Run/install/clearrun_bringup/share/clearrun_bringup/package.bash'
[7.986s] INFO:colcon.colcon_core.shell:Creating package script '/home/gondal/Clear-Run/install/clearrun_bringup/share/clearrun_bringup/package.zsh'
[7.986s] Level 1:colcon.colcon_core.environment:create_file_with_runtime_dependencies(/home/gondal/Clear-Run/install/clearrun_bringup/share/colcon-core/packages/clearrun_bringup)
[7.987s] DEBUG:colcon.colcon_parallel_executor.executor.parallel:closing loop
[7.987s] DEBUG:colcon.colcon_parallel_executor.executor.parallel:loop closed
[7.987s] DEBUG:colcon.colcon_parallel_executor.executor.parallel:run_until_complete finished with '0'
[7.987s] DEBUG:colcon.colcon_core.event_reactor:joining thread
[8.001s] INFO:colcon.colcon_core.plugin_system:Skipping extension 'colcon_notification.desktop_notification.terminal_notifier': Not used on non-Darwin systems
[8.001s] INFO:colcon.colcon_core.plugin_system:Skipping extension 'colcon_notification.desktop_notification.win32': Not used on non-Windows systems
[8.001s] INFO:colcon.colcon_notification.desktop_notification:Sending desktop notification using 'notify2'
[8.042s] DEBUG:colcon.colcon_core.event_reactor:joined thread
[8.042s] INFO:colcon.colcon_core.shell:Creating prefix script '/home/gondal/Clear-Run/install/local_setup.ps1'
[8.045s] INFO:colcon.colcon_core.shell:Creating prefix util module '/home/gondal/Clear-Run/install/_local_setup_util_ps1.py'
[8.048s] INFO:colcon.colcon_core.shell:Creating prefix chain script '/home/gondal/Clear-Run/install/setup.ps1'
[8.051s] INFO:colcon.colcon_core.shell:Creating prefix script '/home/gondal/Clear-Run/install/local_setup.sh'
[8.053s] INFO:colcon.colcon_core.shell:Creating prefix util module '/home/gondal/Clear-Run/install/_local_setup_util_sh.py'
[8.054s] INFO:colcon.colcon_core.shell:Creating prefix chain script '/home/gondal/Clear-Run/install/setup.sh'
[8.056s] INFO:colcon.colcon_core.shell:Creating prefix script '/home/gondal/Clear-Run/install/local_setup.bash'
[8.058s] INFO:colcon.colcon_core.shell:Creating prefix chain script '/home/gondal/Clear-Run/install/setup.bash'
[8.062s] INFO:colcon.colcon_core.shell:Creating prefix script '/home/gondal/Clear-Run/install/local_setup.zsh'
[8.063s] INFO:colcon.colcon_core.shell:Creating prefix chain script '/home/gondal/Clear-Run/install/setup.zsh'
