[0.022s] Invoking command in '/home/gondal/Clear-Run/build/clearrun_msgs': DEBUGINFOD_URLS=https://debuginfod.ubuntu.com /usr/bin/cmake /home/gondal/Clear-Run/src/clearrun_msgs -DAMENT_CMAKE_SYMLINK_INSTALL=1 -DCMAKE_INSTALL_PREFIX=/home/gondal/Clear-Run/install/clearrun_msgs
[0.155s] [31mCMake Error at CMakeLists.txt:9 (find_package):
[0.155s]   By not providing "Findament_cmake.cmake" in CMAKE_MODULE_PATH this project
[0.156s]   has asked CMake to find a package configuration file provided by
[0.157s]   "ament_cmake", but CMake did not find one.
[0.157s] 
[0.158s]   Could not find a package configuration file provided by "ament_cmake" with
[0.162s]   any of the following names:
[0.163s] 
[0.166s]     ament_cmakeConfig.cmake
[0.167s]     ament_cmake-config.cmake
[0.168s] 
[0.169s]   Add the installation prefix of "ament_cmake" to CMAKE_PREFIX_PATH or set
[0.170s]   "ament_cmake_DIR" to a directory containing one of the above files.  If
[0.171s]   "ament_cmake" provides a separate development package or SDK, be sure it
[0.172s]   has been installed.
[0.174s] 
[0.177s] [0m
[0.178s] -- Configuring incomplete, errors occurred!
[0.180s] Invoked command in '/home/gondal/Clear-Run/build/clearrun_msgs' returned '1': DEBUGINFOD_URLS=https://debuginfod.ubuntu.com /usr/bin/cmake /home/gondal/Clear-Run/src/clearrun_msgs -DAMENT_CMAKE_SYMLINK_INSTALL=1 -DCMAKE_INSTALL_PREFIX=/home/gondal/Clear-Run/install/clearrun_msgs
