[0.353s] DEBUG:colcon:Command line arguments: ['/usr/bin/colcon', 'build', '--symlink-install']
[0.354s] DEBUG:colcon:Parsed command line arguments: Namespace(log_base=None, log_level=None, verb_name='build', build_base='build', install_base='install', merge_install=False, symlink_install=True, test_result_base=None, continue_on_error=False, executor='parallel', parallel_workers=8, event_handlers=None, ignore_user_meta=False, metas=['./colcon.meta'], base_paths=['.'], packages_ignore=None, packages_ignore_regex=None, paths=None, packages_up_to=None, packages_up_to_regex=None, packages_above=None, packages_above_and_dependencies=None, packages_above_depth=None, packages_select_by_dep=None, packages_skip_by_dep=None, packages_skip_up_to=None, packages_select_build_failed=False, packages_skip_build_finished=False, packages_select_test_failures=False, packages_skip_test_passed=False, packages_select=None, packages_skip=None, packages_select_regex=None, packages_skip_regex=None, packages_start=None, packages_end=None, allow_overriding=[], cmake_args=None, cmake_target=None, cmake_target_skip_unavailable=False, cmake_clean_cache=False, cmake_clean_first=False, cmake_force_configure=False, ament_cmake_args=None, catkin_cmake_args=None, catkin_skip_building_tests=False, mixin_files=None, mixin=None, verb_parser=<colcon_mixin.mixin.mixin_argument.MixinArgumentDecorator object at 0x766da92c1af0>, verb_extension=<colcon_core.verb.build.BuildVerb object at 0x766da92c16d0>, main=<bound method BuildVerb.main of <colcon_core.verb.build.BuildVerb object at 0x766da92c16d0>>, mixin_verb=('build',))
[0.436s] Level 1:colcon.colcon_core.package_discovery:discover_packages(colcon_meta) check parameters
[0.437s] Level 1:colcon.colcon_core.package_discovery:discover_packages(recursive) check parameters
[0.437s] Level 1:colcon.colcon_core.package_discovery:discover_packages(ignore) check parameters
[0.437s] Level 1:colcon.colcon_core.package_discovery:discover_packages(path) check parameters
[0.437s] Level 1:colcon.colcon_core.package_discovery:discover_packages(colcon_meta) discover
[0.437s] Level 1:colcon.colcon_core.package_discovery:discover_packages(recursive) discover
[0.437s] INFO:colcon.colcon_core.package_discovery:Crawling recursively for packages in '/home/gondal/Clear-Run'
[0.437s] Level 1:colcon.colcon_core.package_identification:_identify(.) by extensions ['ignore', 'ignore_ament_install']
[0.438s] Level 1:colcon.colcon_core.package_identification:_identify(.) by extension 'ignore'
[0.438s] Level 1:colcon.colcon_core.package_identification:_identify(.) by extension 'ignore_ament_install'
[0.438s] Level 1:colcon.colcon_core.package_identification:_identify(.) by extensions ['colcon_pkg']
[0.438s] Level 1:colcon.colcon_core.package_identification:_identify(.) by extension 'colcon_pkg'
[0.438s] Level 1:colcon.colcon_core.package_identification:_identify(.) by extensions ['colcon_meta']
[0.438s] Level 1:colcon.colcon_core.package_identification:_identify(.) by extension 'colcon_meta'
[0.438s] Level 1:colcon.colcon_core.package_identification:_identify(.) by extensions ['ros']
[0.438s] Level 1:colcon.colcon_core.package_identification:_identify(.) by extension 'ros'
[0.488s] Level 1:colcon.colcon_core.package_identification:_identify(.) by extensions ['cmake', 'python']
[0.488s] Level 1:colcon.colcon_core.package_identification:_identify(.) by extension 'cmake'
[0.488s] Level 1:colcon.colcon_core.package_identification:_identify(.) by extension 'python'
[0.489s] Level 1:colcon.colcon_core.package_identification:_identify(.) by extensions ['python_setup_py']
[0.489s] Level 1:colcon.colcon_core.package_identification:_identify(.) by extension 'python_setup_py'
[0.489s] Level 1:colcon.colcon_core.package_identification:_identify(build) by extensions ['ignore', 'ignore_ament_install']
[0.489s] Level 1:colcon.colcon_core.package_identification:_identify(build) by extension 'ignore'
[0.489s] Level 1:colcon.colcon_core.package_identification:_identify(build) ignored
[0.489s] Level 1:colcon.colcon_core.package_identification:_identify(docker) by extensions ['ignore', 'ignore_ament_install']
[0.490s] Level 1:colcon.colcon_core.package_identification:_identify(docker) by extension 'ignore'
[0.490s] Level 1:colcon.colcon_core.package_identification:_identify(docker) by extension 'ignore_ament_install'
[0.490s] Level 1:colcon.colcon_core.package_identification:_identify(docker) by extensions ['colcon_pkg']
[0.490s] Level 1:colcon.colcon_core.package_identification:_identify(docker) by extension 'colcon_pkg'
[0.490s] Level 1:colcon.colcon_core.package_identification:_identify(docker) by extensions ['colcon_meta']
[0.490s] Level 1:colcon.colcon_core.package_identification:_identify(docker) by extension 'colcon_meta'
[0.490s] Level 1:colcon.colcon_core.package_identification:_identify(docker) by extensions ['ros']
[0.490s] Level 1:colcon.colcon_core.package_identification:_identify(docker) by extension 'ros'
[0.490s] Level 1:colcon.colcon_core.package_identification:_identify(docker) by extensions ['cmake', 'python']
[0.490s] Level 1:colcon.colcon_core.package_identification:_identify(docker) by extension 'cmake'
[0.490s] Level 1:colcon.colcon_core.package_identification:_identify(docker) by extension 'python'
[0.491s] Level 1:colcon.colcon_core.package_identification:_identify(docker) by extensions ['python_setup_py']
[0.491s] Level 1:colcon.colcon_core.package_identification:_identify(docker) by extension 'python_setup_py'
[0.491s] Level 1:colcon.colcon_core.package_identification:_identify(docs) by extensions ['ignore', 'ignore_ament_install']
[0.491s] Level 1:colcon.colcon_core.package_identification:_identify(docs) by extension 'ignore'
[0.491s] Level 1:colcon.colcon_core.package_identification:_identify(docs) by extension 'ignore_ament_install'
[0.491s] Level 1:colcon.colcon_core.package_identification:_identify(docs) by extensions ['colcon_pkg']
[0.491s] Level 1:colcon.colcon_core.package_identification:_identify(docs) by extension 'colcon_pkg'
[0.491s] Level 1:colcon.colcon_core.package_identification:_identify(docs) by extensions ['colcon_meta']
[0.491s] Level 1:colcon.colcon_core.package_identification:_identify(docs) by extension 'colcon_meta'
[0.491s] Level 1:colcon.colcon_core.package_identification:_identify(docs) by extensions ['ros']
[0.491s] Level 1:colcon.colcon_core.package_identification:_identify(docs) by extension 'ros'
[0.492s] Level 1:colcon.colcon_core.package_identification:_identify(docs) by extensions ['cmake', 'python']
[0.492s] Level 1:colcon.colcon_core.package_identification:_identify(docs) by extension 'cmake'
[0.492s] Level 1:colcon.colcon_core.package_identification:_identify(docs) by extension 'python'
[0.492s] Level 1:colcon.colcon_core.package_identification:_identify(docs) by extensions ['python_setup_py']
[0.492s] Level 1:colcon.colcon_core.package_identification:_identify(docs) by extension 'python_setup_py'
[0.492s] Level 1:colcon.colcon_core.package_identification:_identify(install) by extensions ['ignore', 'ignore_ament_install']
[0.492s] Level 1:colcon.colcon_core.package_identification:_identify(install) by extension 'ignore'
[0.492s] Level 1:colcon.colcon_core.package_identification:_identify(install) ignored
[0.492s] Level 1:colcon.colcon_core.package_identification:_identify(log) by extensions ['ignore', 'ignore_ament_install']
[0.493s] Level 1:colcon.colcon_core.package_identification:_identify(log) by extension 'ignore'
[0.493s] Level 1:colcon.colcon_core.package_identification:_identify(log) ignored
[0.493s] Level 1:colcon.colcon_core.package_identification:_identify(models) by extensions ['ignore', 'ignore_ament_install']
[0.493s] Level 1:colcon.colcon_core.package_identification:_identify(models) by extension 'ignore'
[0.493s] Level 1:colcon.colcon_core.package_identification:_identify(models) by extension 'ignore_ament_install'
[0.493s] Level 1:colcon.colcon_core.package_identification:_identify(models) by extensions ['colcon_pkg']
[0.493s] Level 1:colcon.colcon_core.package_identification:_identify(models) by extension 'colcon_pkg'
[0.493s] Level 1:colcon.colcon_core.package_identification:_identify(models) by extensions ['colcon_meta']
[0.493s] Level 1:colcon.colcon_core.package_identification:_identify(models) by extension 'colcon_meta'
[0.493s] Level 1:colcon.colcon_core.package_identification:_identify(models) by extensions ['ros']
[0.493s] Level 1:colcon.colcon_core.package_identification:_identify(models) by extension 'ros'
[0.494s] Level 1:colcon.colcon_core.package_identification:_identify(models) by extensions ['cmake', 'python']
[0.494s] Level 1:colcon.colcon_core.package_identification:_identify(models) by extension 'cmake'
[0.494s] Level 1:colcon.colcon_core.package_identification:_identify(models) by extension 'python'
[0.494s] Level 1:colcon.colcon_core.package_identification:_identify(models) by extensions ['python_setup_py']
[0.494s] Level 1:colcon.colcon_core.package_identification:_identify(models) by extension 'python_setup_py'
[0.494s] Level 1:colcon.colcon_core.package_identification:_identify(models/yolov11) by extensions ['ignore', 'ignore_ament_install']
[0.494s] Level 1:colcon.colcon_core.package_identification:_identify(models/yolov11) by extension 'ignore'
[0.494s] Level 1:colcon.colcon_core.package_identification:_identify(models/yolov11) by extension 'ignore_ament_install'
[0.494s] Level 1:colcon.colcon_core.package_identification:_identify(models/yolov11) by extensions ['colcon_pkg']
[0.494s] Level 1:colcon.colcon_core.package_identification:_identify(models/yolov11) by extension 'colcon_pkg'
[0.494s] Level 1:colcon.colcon_core.package_identification:_identify(models/yolov11) by extensions ['colcon_meta']
[0.494s] Level 1:colcon.colcon_core.package_identification:_identify(models/yolov11) by extension 'colcon_meta'
[0.495s] Level 1:colcon.colcon_core.package_identification:_identify(models/yolov11) by extensions ['ros']
[0.495s] Level 1:colcon.colcon_core.package_identification:_identify(models/yolov11) by extension 'ros'
[0.495s] Level 1:colcon.colcon_core.package_identification:_identify(models/yolov11) by extensions ['cmake', 'python']
[0.495s] Level 1:colcon.colcon_core.package_identification:_identify(models/yolov11) by extension 'cmake'
[0.495s] Level 1:colcon.colcon_core.package_identification:_identify(models/yolov11) by extension 'python'
[0.495s] Level 1:colcon.colcon_core.package_identification:_identify(models/yolov11) by extensions ['python_setup_py']
[0.495s] Level 1:colcon.colcon_core.package_identification:_identify(models/yolov11) by extension 'python_setup_py'
[0.495s] Level 1:colcon.colcon_core.package_identification:_identify(models/yolov12) by extensions ['ignore', 'ignore_ament_install']
[0.495s] Level 1:colcon.colcon_core.package_identification:_identify(models/yolov12) by extension 'ignore'
[0.496s] Level 1:colcon.colcon_core.package_identification:_identify(models/yolov12) by extension 'ignore_ament_install'
[0.496s] Level 1:colcon.colcon_core.package_identification:_identify(models/yolov12) by extensions ['colcon_pkg']
[0.496s] Level 1:colcon.colcon_core.package_identification:_identify(models/yolov12) by extension 'colcon_pkg'
[0.496s] Level 1:colcon.colcon_core.package_identification:_identify(models/yolov12) by extensions ['colcon_meta']
[0.496s] Level 1:colcon.colcon_core.package_identification:_identify(models/yolov12) by extension 'colcon_meta'
[0.496s] Level 1:colcon.colcon_core.package_identification:_identify(models/yolov12) by extensions ['ros']
[0.496s] Level 1:colcon.colcon_core.package_identification:_identify(models/yolov12) by extension 'ros'
[0.497s] Level 1:colcon.colcon_core.package_identification:_identify(models/yolov12) by extensions ['cmake', 'python']
[0.497s] Level 1:colcon.colcon_core.package_identification:_identify(models/yolov12) by extension 'cmake'
[0.497s] Level 1:colcon.colcon_core.package_identification:_identify(models/yolov12) by extension 'python'
[0.497s] Level 1:colcon.colcon_core.package_identification:_identify(models/yolov12) by extensions ['python_setup_py']
[0.497s] Level 1:colcon.colcon_core.package_identification:_identify(models/yolov12) by extension 'python_setup_py'
[0.497s] Level 1:colcon.colcon_core.package_identification:_identify(scripts) by extensions ['ignore', 'ignore_ament_install']
[0.498s] Level 1:colcon.colcon_core.package_identification:_identify(scripts) by extension 'ignore'
[0.498s] Level 1:colcon.colcon_core.package_identification:_identify(scripts) by extension 'ignore_ament_install'
[0.498s] Level 1:colcon.colcon_core.package_identification:_identify(scripts) by extensions ['colcon_pkg']
[0.498s] Level 1:colcon.colcon_core.package_identification:_identify(scripts) by extension 'colcon_pkg'
[0.498s] Level 1:colcon.colcon_core.package_identification:_identify(scripts) by extensions ['colcon_meta']
[0.498s] Level 1:colcon.colcon_core.package_identification:_identify(scripts) by extension 'colcon_meta'
[0.498s] Level 1:colcon.colcon_core.package_identification:_identify(scripts) by extensions ['ros']
[0.498s] Level 1:colcon.colcon_core.package_identification:_identify(scripts) by extension 'ros'
[0.499s] Level 1:colcon.colcon_core.package_identification:_identify(scripts) by extensions ['cmake', 'python']
[0.499s] Level 1:colcon.colcon_core.package_identification:_identify(scripts) by extension 'cmake'
[0.499s] Level 1:colcon.colcon_core.package_identification:_identify(scripts) by extension 'python'
[0.499s] Level 1:colcon.colcon_core.package_identification:_identify(scripts) by extensions ['python_setup_py']
[0.499s] Level 1:colcon.colcon_core.package_identification:_identify(scripts) by extension 'python_setup_py'
[0.499s] Level 1:colcon.colcon_core.package_identification:_identify(simulation) by extensions ['ignore', 'ignore_ament_install']
[0.499s] Level 1:colcon.colcon_core.package_identification:_identify(simulation) by extension 'ignore'
[0.499s] Level 1:colcon.colcon_core.package_identification:_identify(simulation) by extension 'ignore_ament_install'
[0.499s] Level 1:colcon.colcon_core.package_identification:_identify(simulation) by extensions ['colcon_pkg']
[0.500s] Level 1:colcon.colcon_core.package_identification:_identify(simulation) by extension 'colcon_pkg'
[0.500s] Level 1:colcon.colcon_core.package_identification:_identify(simulation) by extensions ['colcon_meta']
[0.500s] Level 1:colcon.colcon_core.package_identification:_identify(simulation) by extension 'colcon_meta'
[0.500s] Level 1:colcon.colcon_core.package_identification:_identify(simulation) by extensions ['ros']
[0.500s] Level 1:colcon.colcon_core.package_identification:_identify(simulation) by extension 'ros'
[0.500s] Level 1:colcon.colcon_core.package_identification:_identify(simulation) by extensions ['cmake', 'python']
[0.500s] Level 1:colcon.colcon_core.package_identification:_identify(simulation) by extension 'cmake'
[0.500s] Level 1:colcon.colcon_core.package_identification:_identify(simulation) by extension 'python'
[0.500s] Level 1:colcon.colcon_core.package_identification:_identify(simulation) by extensions ['python_setup_py']
[0.500s] Level 1:colcon.colcon_core.package_identification:_identify(simulation) by extension 'python_setup_py'
[0.500s] Level 1:colcon.colcon_core.package_identification:_identify(simulation/models) by extensions ['ignore', 'ignore_ament_install']
[0.501s] Level 1:colcon.colcon_core.package_identification:_identify(simulation/models) by extension 'ignore'
[0.501s] Level 1:colcon.colcon_core.package_identification:_identify(simulation/models) by extension 'ignore_ament_install'
[0.501s] Level 1:colcon.colcon_core.package_identification:_identify(simulation/models) by extensions ['colcon_pkg']
[0.501s] Level 1:colcon.colcon_core.package_identification:_identify(simulation/models) by extension 'colcon_pkg'
[0.501s] Level 1:colcon.colcon_core.package_identification:_identify(simulation/models) by extensions ['colcon_meta']
[0.501s] Level 1:colcon.colcon_core.package_identification:_identify(simulation/models) by extension 'colcon_meta'
[0.501s] Level 1:colcon.colcon_core.package_identification:_identify(simulation/models) by extensions ['ros']
[0.501s] Level 1:colcon.colcon_core.package_identification:_identify(simulation/models) by extension 'ros'
[0.501s] Level 1:colcon.colcon_core.package_identification:_identify(simulation/models) by extensions ['cmake', 'python']
[0.501s] Level 1:colcon.colcon_core.package_identification:_identify(simulation/models) by extension 'cmake'
[0.502s] Level 1:colcon.colcon_core.package_identification:_identify(simulation/models) by extension 'python'
[0.502s] Level 1:colcon.colcon_core.package_identification:_identify(simulation/models) by extensions ['python_setup_py']
[0.502s] Level 1:colcon.colcon_core.package_identification:_identify(simulation/models) by extension 'python_setup_py'
[0.502s] Level 1:colcon.colcon_core.package_identification:_identify(simulation/sitl_configs) by extensions ['ignore', 'ignore_ament_install']
[0.502s] Level 1:colcon.colcon_core.package_identification:_identify(simulation/sitl_configs) by extension 'ignore'
[0.502s] Level 1:colcon.colcon_core.package_identification:_identify(simulation/sitl_configs) by extension 'ignore_ament_install'
[0.502s] Level 1:colcon.colcon_core.package_identification:_identify(simulation/sitl_configs) by extensions ['colcon_pkg']
[0.502s] Level 1:colcon.colcon_core.package_identification:_identify(simulation/sitl_configs) by extension 'colcon_pkg'
[0.502s] Level 1:colcon.colcon_core.package_identification:_identify(simulation/sitl_configs) by extensions ['colcon_meta']
[0.502s] Level 1:colcon.colcon_core.package_identification:_identify(simulation/sitl_configs) by extension 'colcon_meta'
[0.503s] Level 1:colcon.colcon_core.package_identification:_identify(simulation/sitl_configs) by extensions ['ros']
[0.503s] Level 1:colcon.colcon_core.package_identification:_identify(simulation/sitl_configs) by extension 'ros'
[0.503s] Level 1:colcon.colcon_core.package_identification:_identify(simulation/sitl_configs) by extensions ['cmake', 'python']
[0.503s] Level 1:colcon.colcon_core.package_identification:_identify(simulation/sitl_configs) by extension 'cmake'
[0.503s] Level 1:colcon.colcon_core.package_identification:_identify(simulation/sitl_configs) by extension 'python'
[0.503s] Level 1:colcon.colcon_core.package_identification:_identify(simulation/sitl_configs) by extensions ['python_setup_py']
[0.503s] Level 1:colcon.colcon_core.package_identification:_identify(simulation/sitl_configs) by extension 'python_setup_py'
[0.503s] Level 1:colcon.colcon_core.package_identification:_identify(simulation/worlds) by extensions ['ignore', 'ignore_ament_install']
[0.504s] Level 1:colcon.colcon_core.package_identification:_identify(simulation/worlds) by extension 'ignore'
[0.504s] Level 1:colcon.colcon_core.package_identification:_identify(simulation/worlds) by extension 'ignore_ament_install'
[0.504s] Level 1:colcon.colcon_core.package_identification:_identify(simulation/worlds) by extensions ['colcon_pkg']
[0.504s] Level 1:colcon.colcon_core.package_identification:_identify(simulation/worlds) by extension 'colcon_pkg'
[0.504s] Level 1:colcon.colcon_core.package_identification:_identify(simulation/worlds) by extensions ['colcon_meta']
[0.504s] Level 1:colcon.colcon_core.package_identification:_identify(simulation/worlds) by extension 'colcon_meta'
[0.504s] Level 1:colcon.colcon_core.package_identification:_identify(simulation/worlds) by extensions ['ros']
[0.504s] Level 1:colcon.colcon_core.package_identification:_identify(simulation/worlds) by extension 'ros'
[0.504s] Level 1:colcon.colcon_core.package_identification:_identify(simulation/worlds) by extensions ['cmake', 'python']
[0.505s] Level 1:colcon.colcon_core.package_identification:_identify(simulation/worlds) by extension 'cmake'
[0.505s] Level 1:colcon.colcon_core.package_identification:_identify(simulation/worlds) by extension 'python'
[0.505s] Level 1:colcon.colcon_core.package_identification:_identify(simulation/worlds) by extensions ['python_setup_py']
[0.505s] Level 1:colcon.colcon_core.package_identification:_identify(simulation/worlds) by extension 'python_setup_py'
[0.505s] Level 1:colcon.colcon_core.package_identification:_identify(src) by extensions ['ignore', 'ignore_ament_install']
[0.505s] Level 1:colcon.colcon_core.package_identification:_identify(src) by extension 'ignore'
[0.505s] Level 1:colcon.colcon_core.package_identification:_identify(src) by extension 'ignore_ament_install'
[0.505s] Level 1:colcon.colcon_core.package_identification:_identify(src) by extensions ['colcon_pkg']
[0.505s] Level 1:colcon.colcon_core.package_identification:_identify(src) by extension 'colcon_pkg'
[0.505s] Level 1:colcon.colcon_core.package_identification:_identify(src) by extensions ['colcon_meta']
[0.506s] Level 1:colcon.colcon_core.package_identification:_identify(src) by extension 'colcon_meta'
[0.506s] Level 1:colcon.colcon_core.package_identification:_identify(src) by extensions ['ros']
[0.506s] Level 1:colcon.colcon_core.package_identification:_identify(src) by extension 'ros'
[0.506s] Level 1:colcon.colcon_core.package_identification:_identify(src) by extensions ['cmake', 'python']
[0.506s] Level 1:colcon.colcon_core.package_identification:_identify(src) by extension 'cmake'
[0.506s] Level 1:colcon.colcon_core.package_identification:_identify(src) by extension 'python'
[0.506s] Level 1:colcon.colcon_core.package_identification:_identify(src) by extensions ['python_setup_py']
[0.506s] Level 1:colcon.colcon_core.package_identification:_identify(src) by extension 'python_setup_py'
[0.506s] Level 1:colcon.colcon_core.package_identification:_identify(src/clearrun_bringup) by extensions ['ignore', 'ignore_ament_install']
[0.506s] Level 1:colcon.colcon_core.package_identification:_identify(src/clearrun_bringup) by extension 'ignore'
[0.507s] Level 1:colcon.colcon_core.package_identification:_identify(src/clearrun_bringup) by extension 'ignore_ament_install'
[0.507s] Level 1:colcon.colcon_core.package_identification:_identify(src/clearrun_bringup) by extensions ['colcon_pkg']
[0.507s] Level 1:colcon.colcon_core.package_identification:_identify(src/clearrun_bringup) by extension 'colcon_pkg'
[0.507s] Level 1:colcon.colcon_core.package_identification:_identify(src/clearrun_bringup) by extensions ['colcon_meta']
[0.507s] Level 1:colcon.colcon_core.package_identification:_identify(src/clearrun_bringup) by extension 'colcon_meta'
[0.507s] Level 1:colcon.colcon_core.package_identification:_identify(src/clearrun_bringup) by extensions ['ros']
[0.507s] Level 1:colcon.colcon_core.package_identification:_identify(src/clearrun_bringup) by extension 'ros'
[0.511s] DEBUG:colcon.colcon_core.package_identification:Package 'src/clearrun_bringup' with type 'ros.ament_python' and name 'clearrun_bringup'
[0.511s] Level 1:colcon.colcon_core.package_identification:_identify(src/clearrun_msgs) by extensions ['ignore', 'ignore_ament_install']
[0.512s] Level 1:colcon.colcon_core.package_identification:_identify(src/clearrun_msgs) by extension 'ignore'
[0.512s] Level 1:colcon.colcon_core.package_identification:_identify(src/clearrun_msgs) by extension 'ignore_ament_install'
[0.512s] Level 1:colcon.colcon_core.package_identification:_identify(src/clearrun_msgs) by extensions ['colcon_pkg']
[0.512s] Level 1:colcon.colcon_core.package_identification:_identify(src/clearrun_msgs) by extension 'colcon_pkg'
[0.512s] Level 1:colcon.colcon_core.package_identification:_identify(src/clearrun_msgs) by extensions ['colcon_meta']
[0.512s] Level 1:colcon.colcon_core.package_identification:_identify(src/clearrun_msgs) by extension 'colcon_meta'
[0.512s] Level 1:colcon.colcon_core.package_identification:_identify(src/clearrun_msgs) by extensions ['ros']
[0.512s] Level 1:colcon.colcon_core.package_identification:_identify(src/clearrun_msgs) by extension 'ros'
[0.514s] DEBUG:colcon.colcon_core.package_identification:Package 'src/clearrun_msgs' with type 'ros.ament_cmake' and name 'clearrun_msgs'
[0.515s] Level 1:colcon.colcon_core.package_identification:_identify(src/clearrun_uav) by extensions ['ignore', 'ignore_ament_install']
[0.515s] Level 1:colcon.colcon_core.package_identification:_identify(src/clearrun_uav) by extension 'ignore'
[0.515s] Level 1:colcon.colcon_core.package_identification:_identify(src/clearrun_uav) by extension 'ignore_ament_install'
[0.515s] Level 1:colcon.colcon_core.package_identification:_identify(src/clearrun_uav) by extensions ['colcon_pkg']
[0.515s] Level 1:colcon.colcon_core.package_identification:_identify(src/clearrun_uav) by extension 'colcon_pkg'
[0.515s] Level 1:colcon.colcon_core.package_identification:_identify(src/clearrun_uav) by extensions ['colcon_meta']
[0.515s] Level 1:colcon.colcon_core.package_identification:_identify(src/clearrun_uav) by extension 'colcon_meta'
[0.516s] Level 1:colcon.colcon_core.package_identification:_identify(src/clearrun_uav) by extensions ['ros']
[0.516s] Level 1:colcon.colcon_core.package_identification:_identify(src/clearrun_uav) by extension 'ros'
[0.517s] DEBUG:colcon.colcon_core.package_identification:Package 'src/clearrun_uav' with type 'ros.ament_python' and name 'clearrun_uav'
[0.517s] Level 1:colcon.colcon_core.package_identification:_identify(src/clearrun_ugv) by extensions ['ignore', 'ignore_ament_install']
[0.518s] Level 1:colcon.colcon_core.package_identification:_identify(src/clearrun_ugv) by extension 'ignore'
[0.518s] Level 1:colcon.colcon_core.package_identification:_identify(src/clearrun_ugv) by extension 'ignore_ament_install'
[0.518s] Level 1:colcon.colcon_core.package_identification:_identify(src/clearrun_ugv) by extensions ['colcon_pkg']
[0.518s] Level 1:colcon.colcon_core.package_identification:_identify(src/clearrun_ugv) by extension 'colcon_pkg'
[0.518s] Level 1:colcon.colcon_core.package_identification:_identify(src/clearrun_ugv) by extensions ['colcon_meta']
[0.518s] Level 1:colcon.colcon_core.package_identification:_identify(src/clearrun_ugv) by extension 'colcon_meta'
[0.518s] Level 1:colcon.colcon_core.package_identification:_identify(src/clearrun_ugv) by extensions ['ros']
[0.518s] Level 1:colcon.colcon_core.package_identification:_identify(src/clearrun_ugv) by extension 'ros'
[0.520s] DEBUG:colcon.colcon_core.package_identification:Package 'src/clearrun_ugv' with type 'ros.ament_python' and name 'clearrun_ugv'
[0.520s] Level 1:colcon.colcon_core.package_discovery:discover_packages(recursive) using defaults
[0.520s] Level 1:colcon.colcon_core.package_discovery:discover_packages(ignore) discover
[0.520s] Level 1:colcon.colcon_core.package_discovery:discover_packages(ignore) using defaults
[0.521s] Level 1:colcon.colcon_core.package_discovery:discover_packages(path) discover
[0.521s] Level 1:colcon.colcon_core.package_discovery:discover_packages(path) using defaults
[0.555s] Level 1:colcon.colcon_core.package_discovery:discover_packages(prefix_path) check parameters
[0.555s] Level 1:colcon.colcon_core.package_discovery:discover_packages(prefix_path) discover
[0.561s] DEBUG:colcon.colcon_installed_package_information.package_discovery:Found 390 installed packages in /opt/ros/jazzy
[0.565s] Level 1:colcon.colcon_core.package_discovery:discover_packages(prefix_path) using defaults
[0.677s] Level 5:colcon.colcon_core.verb:set package 'clearrun_msgs' build argument 'cmake_args' from command line to 'None'
[0.677s] Level 5:colcon.colcon_core.verb:set package 'clearrun_msgs' build argument 'cmake_target' from command line to 'None'
[0.677s] Level 5:colcon.colcon_core.verb:set package 'clearrun_msgs' build argument 'cmake_target_skip_unavailable' from command line to 'False'
[0.677s] Level 5:colcon.colcon_core.verb:set package 'clearrun_msgs' build argument 'cmake_clean_cache' from command line to 'False'
[0.677s] Level 5:colcon.colcon_core.verb:set package 'clearrun_msgs' build argument 'cmake_clean_first' from command line to 'False'
[0.677s] Level 5:colcon.colcon_core.verb:set package 'clearrun_msgs' build argument 'cmake_force_configure' from command line to 'False'
[0.677s] Level 5:colcon.colcon_core.verb:set package 'clearrun_msgs' build argument 'ament_cmake_args' from command line to 'None'
[0.677s] Level 5:colcon.colcon_core.verb:set package 'clearrun_msgs' build argument 'catkin_cmake_args' from command line to 'None'
[0.677s] Level 5:colcon.colcon_core.verb:set package 'clearrun_msgs' build argument 'catkin_skip_building_tests' from command line to 'False'
[0.677s] DEBUG:colcon.colcon_core.verb:Building package 'clearrun_msgs' with the following arguments: {'ament_cmake_args': None, 'build_base': '/home/gondal/Clear-Run/build/clearrun_msgs', 'catkin_cmake_args': None, 'catkin_skip_building_tests': False, 'cmake_args': None, 'cmake_clean_cache': False, 'cmake_clean_first': False, 'cmake_force_configure': False, 'cmake_target': None, 'cmake_target_skip_unavailable': False, 'install_base': '/home/gondal/Clear-Run/install/clearrun_msgs', 'merge_install': False, 'path': '/home/gondal/Clear-Run/src/clearrun_msgs', 'symlink_install': True, 'test_result_base': None}
[0.678s] Level 5:colcon.colcon_core.verb:set package 'clearrun_uav' build argument 'cmake_args' from command line to 'None'
[0.678s] Level 5:colcon.colcon_core.verb:set package 'clearrun_uav' build argument 'cmake_target' from command line to 'None'
[0.678s] Level 5:colcon.colcon_core.verb:set package 'clearrun_uav' build argument 'cmake_target_skip_unavailable' from command line to 'False'
[0.678s] Level 5:colcon.colcon_core.verb:set package 'clearrun_uav' build argument 'cmake_clean_cache' from command line to 'False'
[0.678s] Level 5:colcon.colcon_core.verb:set package 'clearrun_uav' build argument 'cmake_clean_first' from command line to 'False'
[0.678s] Level 5:colcon.colcon_core.verb:set package 'clearrun_uav' build argument 'cmake_force_configure' from command line to 'False'
[0.678s] Level 5:colcon.colcon_core.verb:set package 'clearrun_uav' build argument 'ament_cmake_args' from command line to 'None'
[0.678s] Level 5:colcon.colcon_core.verb:set package 'clearrun_uav' build argument 'catkin_cmake_args' from command line to 'None'
[0.678s] Level 5:colcon.colcon_core.verb:set package 'clearrun_uav' build argument 'catkin_skip_building_tests' from command line to 'False'
[0.678s] DEBUG:colcon.colcon_core.verb:Building package 'clearrun_uav' with the following arguments: {'ament_cmake_args': None, 'build_base': '/home/gondal/Clear-Run/build/clearrun_uav', 'catkin_cmake_args': None, 'catkin_skip_building_tests': False, 'cmake_args': None, 'cmake_clean_cache': False, 'cmake_clean_first': False, 'cmake_force_configure': False, 'cmake_target': None, 'cmake_target_skip_unavailable': False, 'install_base': '/home/gondal/Clear-Run/install/clearrun_uav', 'merge_install': False, 'path': '/home/gondal/Clear-Run/src/clearrun_uav', 'symlink_install': True, 'test_result_base': None}
[0.678s] Level 5:colcon.colcon_core.verb:set package 'clearrun_ugv' build argument 'cmake_args' from command line to 'None'
[0.679s] Level 5:colcon.colcon_core.verb:set package 'clearrun_ugv' build argument 'cmake_target' from command line to 'None'
[0.679s] Level 5:colcon.colcon_core.verb:set package 'clearrun_ugv' build argument 'cmake_target_skip_unavailable' from command line to 'False'
[0.679s] Level 5:colcon.colcon_core.verb:set package 'clearrun_ugv' build argument 'cmake_clean_cache' from command line to 'False'
[0.679s] Level 5:colcon.colcon_core.verb:set package 'clearrun_ugv' build argument 'cmake_clean_first' from command line to 'False'
[0.679s] Level 5:colcon.colcon_core.verb:set package 'clearrun_ugv' build argument 'cmake_force_configure' from command line to 'False'
[0.679s] Level 5:colcon.colcon_core.verb:set package 'clearrun_ugv' build argument 'ament_cmake_args' from command line to 'None'
[0.679s] Level 5:colcon.colcon_core.verb:set package 'clearrun_ugv' build argument 'catkin_cmake_args' from command line to 'None'
[0.679s] Level 5:colcon.colcon_core.verb:set package 'clearrun_ugv' build argument 'catkin_skip_building_tests' from command line to 'False'
[0.679s] DEBUG:colcon.colcon_core.verb:Building package 'clearrun_ugv' with the following arguments: {'ament_cmake_args': None, 'build_base': '/home/gondal/Clear-Run/build/clearrun_ugv', 'catkin_cmake_args': None, 'catkin_skip_building_tests': False, 'cmake_args': None, 'cmake_clean_cache': False, 'cmake_clean_first': False, 'cmake_force_configure': False, 'cmake_target': None, 'cmake_target_skip_unavailable': False, 'install_base': '/home/gondal/Clear-Run/install/clearrun_ugv', 'merge_install': False, 'path': '/home/gondal/Clear-Run/src/clearrun_ugv', 'symlink_install': True, 'test_result_base': None}
[0.680s] Level 5:colcon.colcon_core.verb:set package 'clearrun_bringup' build argument 'cmake_args' from command line to 'None'
[0.680s] Level 5:colcon.colcon_core.verb:set package 'clearrun_bringup' build argument 'cmake_target' from command line to 'None'
[0.680s] Level 5:colcon.colcon_core.verb:set package 'clearrun_bringup' build argument 'cmake_target_skip_unavailable' from command line to 'False'
[0.680s] Level 5:colcon.colcon_core.verb:set package 'clearrun_bringup' build argument 'cmake_clean_cache' from command line to 'False'
[0.680s] Level 5:colcon.colcon_core.verb:set package 'clearrun_bringup' build argument 'cmake_clean_first' from command line to 'False'
[0.680s] Level 5:colcon.colcon_core.verb:set package 'clearrun_bringup' build argument 'cmake_force_configure' from command line to 'False'
[0.680s] Level 5:colcon.colcon_core.verb:set package 'clearrun_bringup' build argument 'ament_cmake_args' from command line to 'None'
[0.680s] Level 5:colcon.colcon_core.verb:set package 'clearrun_bringup' build argument 'catkin_cmake_args' from command line to 'None'
[0.680s] Level 5:colcon.colcon_core.verb:set package 'clearrun_bringup' build argument 'catkin_skip_building_tests' from command line to 'False'
[0.680s] DEBUG:colcon.colcon_core.verb:Building package 'clearrun_bringup' with the following arguments: {'ament_cmake_args': None, 'build_base': '/home/gondal/Clear-Run/build/clearrun_bringup', 'catkin_cmake_args': None, 'catkin_skip_building_tests': False, 'cmake_args': None, 'cmake_clean_cache': False, 'cmake_clean_first': False, 'cmake_force_configure': False, 'cmake_target': None, 'cmake_target_skip_unavailable': False, 'install_base': '/home/gondal/Clear-Run/install/clearrun_bringup', 'merge_install': False, 'path': '/home/gondal/Clear-Run/src/clearrun_bringup', 'symlink_install': True, 'test_result_base': None}
[0.681s] INFO:colcon.colcon_core.executor:Executing jobs using 'parallel' executor
[0.682s] DEBUG:colcon.colcon_parallel_executor.executor.parallel:run_until_complete
[0.682s] INFO:colcon.colcon_ros.task.ament_cmake.build:Building ROS package in '/home/gondal/Clear-Run/src/clearrun_msgs' with build type 'ament_cmake'
[0.682s] INFO:colcon.colcon_cmake.task.cmake.build:Building CMake package in '/home/gondal/Clear-Run/src/clearrun_msgs'
[0.687s] INFO:colcon.colcon_core.plugin_system:Skipping extension 'colcon_core.shell.bat': Not used on non-Windows systems
[0.687s] INFO:colcon.colcon_core.shell:Skip shell extension 'powershell' for command environment: Not usable outside of PowerShell
[0.687s] DEBUG:colcon.colcon_core.shell:Skip shell extension 'dsv' for command environment
[0.706s] DEBUG:colcon.colcon_core.event_handler.log_command:Invoking command in '/home/gondal/Clear-Run/build/clearrun_msgs': CMAKE_PREFIX_PATH=${CMAKE_PREFIX_PATH}:/opt/ros/jazzy DEBUGINFOD_URLS=https://debuginfod.ubuntu.com VIRTUAL_ENV_PROMPT=(venv-ardupilot) /usr/bin/cmake /home/gondal/Clear-Run/src/clearrun_msgs -DAMENT_CMAKE_SYMLINK_INSTALL=1 -DCMAKE_INSTALL_PREFIX=/home/gondal/Clear-Run/install/clearrun_msgs
[9.986s] DEBUG:colcon.colcon_core.event_handler.log_command:Invoked command in '/home/gondal/Clear-Run/build/clearrun_msgs' returned '0': CMAKE_PREFIX_PATH=${CMAKE_PREFIX_PATH}:/opt/ros/jazzy DEBUGINFOD_URLS=https://debuginfod.ubuntu.com VIRTUAL_ENV_PROMPT=(venv-ardupilot) /usr/bin/cmake /home/gondal/Clear-Run/src/clearrun_msgs -DAMENT_CMAKE_SYMLINK_INSTALL=1 -DCMAKE_INSTALL_PREFIX=/home/gondal/Clear-Run/install/clearrun_msgs
[9.989s] DEBUG:colcon.colcon_core.event_handler.log_command:Invoking command in '/home/gondal/Clear-Run/build/clearrun_msgs': CMAKE_PREFIX_PATH=${CMAKE_PREFIX_PATH}:/opt/ros/jazzy DEBUGINFOD_URLS=https://debuginfod.ubuntu.com VIRTUAL_ENV_PROMPT=(venv-ardupilot) /usr/bin/cmake --build /home/gondal/Clear-Run/build/clearrun_msgs -- -j8 -l8
[28.182s] DEBUG:colcon.colcon_core.event_handler.log_command:Invoked command in '/home/gondal/Clear-Run/build/clearrun_msgs' returned '0': CMAKE_PREFIX_PATH=${CMAKE_PREFIX_PATH}:/opt/ros/jazzy DEBUGINFOD_URLS=https://debuginfod.ubuntu.com VIRTUAL_ENV_PROMPT=(venv-ardupilot) /usr/bin/cmake --build /home/gondal/Clear-Run/build/clearrun_msgs -- -j8 -l8
[28.225s] DEBUG:colcon.colcon_core.event_handler.log_command:Invoking command in '/home/gondal/Clear-Run/build/clearrun_msgs': CMAKE_PREFIX_PATH=${CMAKE_PREFIX_PATH}:/opt/ros/jazzy DEBUGINFOD_URLS=https://debuginfod.ubuntu.com VIRTUAL_ENV_PROMPT=(venv-ardupilot) /usr/bin/cmake --install /home/gondal/Clear-Run/build/clearrun_msgs
[32.911s] Level 1:colcon.colcon_core.environment:create_environment_scripts_only(clearrun_msgs)
[32.916s] DEBUG:colcon.colcon_core.event_handler.log_command:Invoked command in '/home/gondal/Clear-Run/build/clearrun_msgs' returned '0': CMAKE_PREFIX_PATH=${CMAKE_PREFIX_PATH}:/opt/ros/jazzy DEBUGINFOD_URLS=https://debuginfod.ubuntu.com VIRTUAL_ENV_PROMPT=(venv-ardupilot) /usr/bin/cmake --install /home/gondal/Clear-Run/build/clearrun_msgs
[32.922s] Level 1:colcon.colcon_core.environment:checking '/home/gondal/Clear-Run/install/clearrun_msgs' for CMake module files
[32.925s] Level 1:colcon.colcon_core.environment:checking '/home/gondal/Clear-Run/install/clearrun_msgs' for CMake config files
[32.927s] Level 1:colcon.colcon_core.shell:create_environment_hook('clearrun_msgs', 'cmake_prefix_path')
[32.928s] INFO:colcon.colcon_core.shell:Creating environment hook '/home/gondal/Clear-Run/install/clearrun_msgs/share/clearrun_msgs/hook/cmake_prefix_path.ps1'
[32.934s] INFO:colcon.colcon_core.shell:Creating environment descriptor '/home/gondal/Clear-Run/install/clearrun_msgs/share/clearrun_msgs/hook/cmake_prefix_path.dsv'
[32.936s] INFO:colcon.colcon_core.shell:Creating environment hook '/home/gondal/Clear-Run/install/clearrun_msgs/share/clearrun_msgs/hook/cmake_prefix_path.sh'
[32.938s] Level 1:colcon.colcon_core.environment:checking '/home/gondal/Clear-Run/install/clearrun_msgs/lib'
[32.939s] Level 1:colcon.colcon_core.shell:create_environment_hook('clearrun_msgs', 'ld_library_path_lib')
[32.940s] INFO:colcon.colcon_core.shell:Creating environment hook '/home/gondal/Clear-Run/install/clearrun_msgs/share/clearrun_msgs/hook/ld_library_path_lib.ps1'
[32.941s] INFO:colcon.colcon_core.shell:Creating environment descriptor '/home/gondal/Clear-Run/install/clearrun_msgs/share/clearrun_msgs/hook/ld_library_path_lib.dsv'
[32.942s] INFO:colcon.colcon_core.shell:Creating environment hook '/home/gondal/Clear-Run/install/clearrun_msgs/share/clearrun_msgs/hook/ld_library_path_lib.sh'
[32.943s] Level 1:colcon.colcon_core.environment:checking '/home/gondal/Clear-Run/install/clearrun_msgs/bin'
[32.943s] Level 1:colcon.colcon_core.environment:checking '/home/gondal/Clear-Run/install/clearrun_msgs/lib/pkgconfig/clearrun_msgs.pc'
[32.944s] Level 1:colcon.colcon_core.environment:checking '/home/gondal/Clear-Run/install/clearrun_msgs/lib/python3.12/site-packages'
[32.944s] Level 1:colcon.colcon_core.shell:create_environment_hook('clearrun_msgs', 'pythonpath')
[32.944s] INFO:colcon.colcon_core.shell:Creating environment hook '/home/gondal/Clear-Run/install/clearrun_msgs/share/clearrun_msgs/hook/pythonpath.ps1'
[32.945s] INFO:colcon.colcon_core.shell:Creating environment descriptor '/home/gondal/Clear-Run/install/clearrun_msgs/share/clearrun_msgs/hook/pythonpath.dsv'
[32.946s] INFO:colcon.colcon_core.shell:Creating environment hook '/home/gondal/Clear-Run/install/clearrun_msgs/share/clearrun_msgs/hook/pythonpath.sh'
[32.948s] Level 1:colcon.colcon_core.environment:checking '/home/gondal/Clear-Run/install/clearrun_msgs/bin'
[32.949s] INFO:colcon.colcon_core.shell:Creating package script '/home/gondal/Clear-Run/install/clearrun_msgs/share/clearrun_msgs/package.ps1'
[32.951s] INFO:colcon.colcon_core.shell:Creating package descriptor '/home/gondal/Clear-Run/install/clearrun_msgs/share/clearrun_msgs/package.dsv'
[32.952s] INFO:colcon.colcon_core.shell:Creating package script '/home/gondal/Clear-Run/install/clearrun_msgs/share/clearrun_msgs/package.sh'
[32.954s] INFO:colcon.colcon_core.shell:Creating package script '/home/gondal/Clear-Run/install/clearrun_msgs/share/clearrun_msgs/package.bash'
[32.956s] INFO:colcon.colcon_core.shell:Creating package script '/home/gondal/Clear-Run/install/clearrun_msgs/share/clearrun_msgs/package.zsh'
[32.958s] Level 1:colcon.colcon_core.environment:create_file_with_runtime_dependencies(/home/gondal/Clear-Run/install/clearrun_msgs/share/colcon-core/packages/clearrun_msgs)
[32.959s] Level 1:colcon.colcon_core.environment:create_environment_scripts_only(clearrun_msgs)
[32.959s] Level 1:colcon.colcon_core.environment:checking '/home/gondal/Clear-Run/install/clearrun_msgs' for CMake module files
[32.961s] Level 1:colcon.colcon_core.environment:checking '/home/gondal/Clear-Run/install/clearrun_msgs' for CMake config files
[32.962s] Level 1:colcon.colcon_core.shell:create_environment_hook('clearrun_msgs', 'cmake_prefix_path')
[32.963s] INFO:colcon.colcon_core.shell:Creating environment hook '/home/gondal/Clear-Run/install/clearrun_msgs/share/clearrun_msgs/hook/cmake_prefix_path.ps1'
[32.964s] INFO:colcon.colcon_core.shell:Creating environment descriptor '/home/gondal/Clear-Run/install/clearrun_msgs/share/clearrun_msgs/hook/cmake_prefix_path.dsv'
[32.964s] INFO:colcon.colcon_core.shell:Creating environment hook '/home/gondal/Clear-Run/install/clearrun_msgs/share/clearrun_msgs/hook/cmake_prefix_path.sh'
[32.966s] Level 1:colcon.colcon_core.environment:checking '/home/gondal/Clear-Run/install/clearrun_msgs/lib'
[32.966s] Level 1:colcon.colcon_core.shell:create_environment_hook('clearrun_msgs', 'ld_library_path_lib')
[32.966s] INFO:colcon.colcon_core.shell:Creating environment hook '/home/gondal/Clear-Run/install/clearrun_msgs/share/clearrun_msgs/hook/ld_library_path_lib.ps1'
[32.967s] INFO:colcon.colcon_core.shell:Creating environment descriptor '/home/gondal/Clear-Run/install/clearrun_msgs/share/clearrun_msgs/hook/ld_library_path_lib.dsv'
[32.968s] INFO:colcon.colcon_core.shell:Creating environment hook '/home/gondal/Clear-Run/install/clearrun_msgs/share/clearrun_msgs/hook/ld_library_path_lib.sh'
[32.969s] Level 1:colcon.colcon_core.environment:checking '/home/gondal/Clear-Run/install/clearrun_msgs/bin'
[32.969s] Level 1:colcon.colcon_core.environment:checking '/home/gondal/Clear-Run/install/clearrun_msgs/lib/pkgconfig/clearrun_msgs.pc'
[32.970s] Level 1:colcon.colcon_core.environment:checking '/home/gondal/Clear-Run/install/clearrun_msgs/lib/python3.12/site-packages'
[32.970s] Level 1:colcon.colcon_core.shell:create_environment_hook('clearrun_msgs', 'pythonpath')
[32.970s] INFO:colcon.colcon_core.shell:Creating environment hook '/home/gondal/Clear-Run/install/clearrun_msgs/share/clearrun_msgs/hook/pythonpath.ps1'
[32.971s] INFO:colcon.colcon_core.shell:Creating environment descriptor '/home/gondal/Clear-Run/install/clearrun_msgs/share/clearrun_msgs/hook/pythonpath.dsv'
[32.972s] INFO:colcon.colcon_core.shell:Creating environment hook '/home/gondal/Clear-Run/install/clearrun_msgs/share/clearrun_msgs/hook/pythonpath.sh'
[32.973s] Level 1:colcon.colcon_core.environment:checking '/home/gondal/Clear-Run/install/clearrun_msgs/bin'
[32.974s] INFO:colcon.colcon_core.shell:Creating package script '/home/gondal/Clear-Run/install/clearrun_msgs/share/clearrun_msgs/package.ps1'
[32.975s] INFO:colcon.colcon_core.shell:Creating package descriptor '/home/gondal/Clear-Run/install/clearrun_msgs/share/clearrun_msgs/package.dsv'
[32.977s] INFO:colcon.colcon_core.shell:Creating package script '/home/gondal/Clear-Run/install/clearrun_msgs/share/clearrun_msgs/package.sh'
[32.978s] INFO:colcon.colcon_core.shell:Creating package script '/home/gondal/Clear-Run/install/clearrun_msgs/share/clearrun_msgs/package.bash'
[32.979s] INFO:colcon.colcon_core.shell:Creating package script '/home/gondal/Clear-Run/install/clearrun_msgs/share/clearrun_msgs/package.zsh'
[32.979s] Level 1:colcon.colcon_core.environment:create_file_with_runtime_dependencies(/home/gondal/Clear-Run/install/clearrun_msgs/share/colcon-core/packages/clearrun_msgs)
[32.980s] INFO:colcon.colcon_ros.task.ament_python.build:Building ROS package in '/home/gondal/Clear-Run/src/clearrun_uav' with build type 'ament_python'
[32.980s] Level 1:colcon.colcon_core.shell:create_environment_hook('clearrun_uav', 'ament_prefix_path')
[32.981s] INFO:colcon.colcon_core.shell:Creating environment hook '/home/gondal/Clear-Run/install/clearrun_uav/share/clearrun_uav/hook/ament_prefix_path.ps1'
[32.983s] INFO:colcon.colcon_core.shell:Creating environment descriptor '/home/gondal/Clear-Run/install/clearrun_uav/share/clearrun_uav/hook/ament_prefix_path.dsv'
[32.984s] INFO:colcon.colcon_core.shell:Creating environment hook '/home/gondal/Clear-Run/install/clearrun_uav/share/clearrun_uav/hook/ament_prefix_path.sh'
[32.985s] INFO:colcon.colcon_core.shell:Skip shell extension 'powershell' for command environment: Not usable outside of PowerShell
[32.985s] DEBUG:colcon.colcon_core.shell:Skip shell extension 'dsv' for command environment
[32.993s] INFO:colcon.colcon_ros.task.ament_python.build:Building ROS package in '/home/gondal/Clear-Run/src/clearrun_ugv' with build type 'ament_python'
[32.994s] Level 1:colcon.colcon_core.shell:create_environment_hook('clearrun_ugv', 'ament_prefix_path')
[32.994s] INFO:colcon.colcon_core.shell:Creating environment hook '/home/gondal/Clear-Run/install/clearrun_ugv/share/clearrun_ugv/hook/ament_prefix_path.ps1'
[32.996s] INFO:colcon.colcon_core.shell:Creating environment descriptor '/home/gondal/Clear-Run/install/clearrun_ugv/share/clearrun_ugv/hook/ament_prefix_path.dsv'
[32.997s] INFO:colcon.colcon_core.shell:Creating environment hook '/home/gondal/Clear-Run/install/clearrun_ugv/share/clearrun_ugv/hook/ament_prefix_path.sh'
[32.998s] INFO:colcon.colcon_core.shell:Skip shell extension 'powershell' for command environment: Not usable outside of PowerShell
[32.998s] DEBUG:colcon.colcon_core.shell:Skip shell extension 'dsv' for command environment
[33.687s] INFO:colcon.colcon_core.task.python.build:Building Python package in '/home/gondal/Clear-Run/src/clearrun_uav'
[33.688s] INFO:colcon.colcon_core.shell:Skip shell extension 'powershell' for command environment: Not usable outside of PowerShell
[33.688s] DEBUG:colcon.colcon_core.shell:Skip shell extension 'dsv' for command environment
[34.374s] INFO:colcon.colcon_core.task.python.build:Building Python package in '/home/gondal/Clear-Run/src/clearrun_ugv'
[34.374s] INFO:colcon.colcon_core.shell:Skip shell extension 'powershell' for command environment: Not usable outside of PowerShell
[34.374s] DEBUG:colcon.colcon_core.shell:Skip shell extension 'dsv' for command environment
[36.544s] DEBUG:colcon.colcon_core.event_handler.log_command:Invoking command in '/home/gondal/Clear-Run/build/clearrun_uav': AMENT_PREFIX_PATH=/home/gondal/Clear-Run/install/clearrun_msgs:${AMENT_PREFIX_PATH} CMAKE_PREFIX_PATH=/home/gondal/Clear-Run/install/clearrun_msgs:${CMAKE_PREFIX_PATH} DEBUGINFOD_URLS=https://debuginfod.ubuntu.com LD_LIBRARY_PATH=/home/gondal/Clear-Run/install/clearrun_msgs/lib:${LD_LIBRARY_PATH} PYTHONPATH=/home/gondal/Clear-Run/build/clearrun_uav/prefix_override:/usr/lib/python3/dist-packages/colcon_core/task/python/colcon_distutils_commands:/home/gondal/Clear-Run/install/clearrun_uav/lib/python3.12/site-packages:/home/gondal/Clear-Run/install/clearrun_msgs/lib/python3.12/site-packages:${PYTHONPATH} VIRTUAL_ENV_PROMPT=(venv-ardupilot) /usr/bin/python3 -W ignore:setup.py install is deprecated -W ignore:easy_install command is deprecated setup.py develop --editable --build-directory /home/gondal/Clear-Run/build/clearrun_uav/build --no-deps symlink_data
[36.554s] DEBUG:colcon.colcon_core.event_handler.log_command:Invoking command in '/home/gondal/Clear-Run/build/clearrun_ugv': AMENT_PREFIX_PATH=/home/gondal/Clear-Run/install/clearrun_msgs:${AMENT_PREFIX_PATH} CMAKE_PREFIX_PATH=/home/gondal/Clear-Run/install/clearrun_msgs:${CMAKE_PREFIX_PATH} DEBUGINFOD_URLS=https://debuginfod.ubuntu.com LD_LIBRARY_PATH=/home/gondal/Clear-Run/install/clearrun_msgs/lib:${LD_LIBRARY_PATH} PYTHONPATH=/home/gondal/Clear-Run/build/clearrun_ugv/prefix_override:/usr/lib/python3/dist-packages/colcon_core/task/python/colcon_distutils_commands:/home/gondal/Clear-Run/install/clearrun_ugv/lib/python3.12/site-packages:/home/gondal/Clear-Run/install/clearrun_msgs/lib/python3.12/site-packages:${PYTHONPATH} VIRTUAL_ENV_PROMPT=(venv-ardupilot) /usr/bin/python3 -W ignore:setup.py install is deprecated -W ignore:easy_install command is deprecated setup.py develop --editable --build-directory /home/gondal/Clear-Run/build/clearrun_ugv/build --no-deps symlink_data
[38.384s] Level 1:colcon.colcon_core.shell:create_environment_hook('clearrun_uav', 'pythonpath_develop')
[38.384s] INFO:colcon.colcon_core.shell:Creating environment hook '/home/gondal/Clear-Run/build/clearrun_uav/share/clearrun_uav/hook/pythonpath_develop.ps1'
[38.386s] DEBUG:colcon.colcon_core.event_handler.log_command:Invoked command in '/home/gondal/Clear-Run/build/clearrun_uav' returned '0': AMENT_PREFIX_PATH=/home/gondal/Clear-Run/install/clearrun_msgs:${AMENT_PREFIX_PATH} CMAKE_PREFIX_PATH=/home/gondal/Clear-Run/install/clearrun_msgs:${CMAKE_PREFIX_PATH} DEBUGINFOD_URLS=https://debuginfod.ubuntu.com LD_LIBRARY_PATH=/home/gondal/Clear-Run/install/clearrun_msgs/lib:${LD_LIBRARY_PATH} PYTHONPATH=/home/gondal/Clear-Run/build/clearrun_uav/prefix_override:/usr/lib/python3/dist-packages/colcon_core/task/python/colcon_distutils_commands:/home/gondal/Clear-Run/install/clearrun_uav/lib/python3.12/site-packages:/home/gondal/Clear-Run/install/clearrun_msgs/lib/python3.12/site-packages:${PYTHONPATH} VIRTUAL_ENV_PROMPT=(venv-ardupilot) /usr/bin/python3 -W ignore:setup.py install is deprecated -W ignore:easy_install command is deprecated setup.py develop --editable --build-directory /home/gondal/Clear-Run/build/clearrun_uav/build --no-deps symlink_data
[38.387s] INFO:colcon.colcon_core.shell:Creating environment descriptor '/home/gondal/Clear-Run/build/clearrun_uav/share/clearrun_uav/hook/pythonpath_develop.dsv'
[38.387s] INFO:colcon.colcon_core.shell:Creating environment hook '/home/gondal/Clear-Run/build/clearrun_uav/share/clearrun_uav/hook/pythonpath_develop.sh'
[38.389s] Level 1:colcon.colcon_core.environment:checking '/home/gondal/Clear-Run/install/clearrun_uav' for CMake module files
[38.390s] Level 1:colcon.colcon_core.environment:checking '/home/gondal/Clear-Run/install/clearrun_uav' for CMake config files
[38.393s] Level 1:colcon.colcon_core.environment:checking '/home/gondal/Clear-Run/install/clearrun_uav/lib'
[38.393s] Level 1:colcon.colcon_core.environment:checking '/home/gondal/Clear-Run/install/clearrun_uav/bin'
[38.394s] Level 1:colcon.colcon_core.environment:checking '/home/gondal/Clear-Run/install/clearrun_uav/lib/pkgconfig/clearrun_uav.pc'
[38.395s] Level 1:colcon.colcon_core.environment:checking '/home/gondal/Clear-Run/install/clearrun_uav/lib/python3.12/site-packages'
[38.395s] Level 1:colcon.colcon_core.shell:create_environment_hook('clearrun_uav', 'pythonpath')
[38.395s] INFO:colcon.colcon_core.shell:Creating environment hook '/home/gondal/Clear-Run/install/clearrun_uav/share/clearrun_uav/hook/pythonpath.ps1'
[38.397s] INFO:colcon.colcon_core.shell:Creating environment descriptor '/home/gondal/Clear-Run/install/clearrun_uav/share/clearrun_uav/hook/pythonpath.dsv'
[38.397s] INFO:colcon.colcon_core.shell:Creating environment hook '/home/gondal/Clear-Run/install/clearrun_uav/share/clearrun_uav/hook/pythonpath.sh'
[38.400s] Level 1:colcon.colcon_core.environment:checking '/home/gondal/Clear-Run/install/clearrun_uav/bin'
[38.400s] Level 1:colcon.colcon_core.environment:create_environment_scripts_only(clearrun_uav)
[38.400s] INFO:colcon.colcon_core.shell:Creating package script '/home/gondal/Clear-Run/install/clearrun_uav/share/clearrun_uav/package.ps1'
[38.402s] INFO:colcon.colcon_core.shell:Creating package descriptor '/home/gondal/Clear-Run/install/clearrun_uav/share/clearrun_uav/package.dsv'
[38.403s] INFO:colcon.colcon_core.shell:Creating package script '/home/gondal/Clear-Run/install/clearrun_uav/share/clearrun_uav/package.sh'
[38.405s] INFO:colcon.colcon_core.shell:Creating package script '/home/gondal/Clear-Run/install/clearrun_uav/share/clearrun_uav/package.bash'
[38.406s] INFO:colcon.colcon_core.shell:Creating package script '/home/gondal/Clear-Run/install/clearrun_uav/share/clearrun_uav/package.zsh'
[38.407s] Level 1:colcon.colcon_core.environment:create_file_with_runtime_dependencies(/home/gondal/Clear-Run/install/clearrun_uav/share/colcon-core/packages/clearrun_uav)
[38.447s] Level 1:colcon.colcon_core.shell:create_environment_hook('clearrun_ugv', 'pythonpath_develop')
[38.447s] INFO:colcon.colcon_core.shell:Creating environment hook '/home/gondal/Clear-Run/build/clearrun_ugv/share/clearrun_ugv/hook/pythonpath_develop.ps1'
[38.449s] INFO:colcon.colcon_core.shell:Creating environment descriptor '/home/gondal/Clear-Run/build/clearrun_ugv/share/clearrun_ugv/hook/pythonpath_develop.dsv'
[38.450s] INFO:colcon.colcon_core.shell:Creating environment hook '/home/gondal/Clear-Run/build/clearrun_ugv/share/clearrun_ugv/hook/pythonpath_develop.sh'
[38.452s] DEBUG:colcon.colcon_core.event_handler.log_command:Invoked command in '/home/gondal/Clear-Run/build/clearrun_ugv' returned '0': AMENT_PREFIX_PATH=/home/gondal/Clear-Run/install/clearrun_msgs:${AMENT_PREFIX_PATH} CMAKE_PREFIX_PATH=/home/gondal/Clear-Run/install/clearrun_msgs:${CMAKE_PREFIX_PATH} DEBUGINFOD_URLS=https://debuginfod.ubuntu.com LD_LIBRARY_PATH=/home/gondal/Clear-Run/install/clearrun_msgs/lib:${LD_LIBRARY_PATH} PYTHONPATH=/home/gondal/Clear-Run/build/clearrun_ugv/prefix_override:/usr/lib/python3/dist-packages/colcon_core/task/python/colcon_distutils_commands:/home/gondal/Clear-Run/install/clearrun_ugv/lib/python3.12/site-packages:/home/gondal/Clear-Run/install/clearrun_msgs/lib/python3.12/site-packages:${PYTHONPATH} VIRTUAL_ENV_PROMPT=(venv-ardupilot) /usr/bin/python3 -W ignore:setup.py install is deprecated -W ignore:easy_install command is deprecated setup.py develop --editable --build-directory /home/gondal/Clear-Run/build/clearrun_ugv/build --no-deps symlink_data
[38.453s] Level 1:colcon.colcon_core.environment:checking '/home/gondal/Clear-Run/install/clearrun_ugv' for CMake module files
[38.454s] Level 1:colcon.colcon_core.environment:checking '/home/gondal/Clear-Run/install/clearrun_ugv' for CMake config files
[38.456s] Level 1:colcon.colcon_core.environment:checking '/home/gondal/Clear-Run/install/clearrun_ugv/lib'
[38.456s] Level 1:colcon.colcon_core.environment:checking '/home/gondal/Clear-Run/install/clearrun_ugv/bin'
[38.456s] Level 1:colcon.colcon_core.environment:checking '/home/gondal/Clear-Run/install/clearrun_ugv/lib/pkgconfig/clearrun_ugv.pc'
[38.457s] Level 1:colcon.colcon_core.environment:checking '/home/gondal/Clear-Run/install/clearrun_ugv/lib/python3.12/site-packages'
[38.457s] Level 1:colcon.colcon_core.shell:create_environment_hook('clearrun_ugv', 'pythonpath')
[38.458s] INFO:colcon.colcon_core.shell:Creating environment hook '/home/gondal/Clear-Run/install/clearrun_ugv/share/clearrun_ugv/hook/pythonpath.ps1'
[38.459s] INFO:colcon.colcon_core.shell:Creating environment descriptor '/home/gondal/Clear-Run/install/clearrun_ugv/share/clearrun_ugv/hook/pythonpath.dsv'
[38.459s] INFO:colcon.colcon_core.shell:Creating environment hook '/home/gondal/Clear-Run/install/clearrun_ugv/share/clearrun_ugv/hook/pythonpath.sh'
[38.461s] Level 1:colcon.colcon_core.environment:checking '/home/gondal/Clear-Run/install/clearrun_ugv/bin'
[38.461s] Level 1:colcon.colcon_core.environment:create_environment_scripts_only(clearrun_ugv)
[38.462s] INFO:colcon.colcon_core.shell:Creating package script '/home/gondal/Clear-Run/install/clearrun_ugv/share/clearrun_ugv/package.ps1'
[38.463s] INFO:colcon.colcon_core.shell:Creating package descriptor '/home/gondal/Clear-Run/install/clearrun_ugv/share/clearrun_ugv/package.dsv'
[38.465s] INFO:colcon.colcon_core.shell:Creating package script '/home/gondal/Clear-Run/install/clearrun_ugv/share/clearrun_ugv/package.sh'
[38.467s] INFO:colcon.colcon_core.shell:Creating package script '/home/gondal/Clear-Run/install/clearrun_ugv/share/clearrun_ugv/package.bash'
[38.468s] INFO:colcon.colcon_core.shell:Creating package script '/home/gondal/Clear-Run/install/clearrun_ugv/share/clearrun_ugv/package.zsh'
[38.469s] Level 1:colcon.colcon_core.environment:create_file_with_runtime_dependencies(/home/gondal/Clear-Run/install/clearrun_ugv/share/colcon-core/packages/clearrun_ugv)
[38.469s] INFO:colcon.colcon_ros.task.ament_python.build:Building ROS package in '/home/gondal/Clear-Run/src/clearrun_bringup' with build type 'ament_python'
[38.473s] Level 1:colcon.colcon_core.shell:create_environment_hook('clearrun_bringup', 'ament_prefix_path')
[38.474s] INFO:colcon.colcon_core.shell:Creating environment hook '/home/gondal/Clear-Run/install/clearrun_bringup/share/clearrun_bringup/hook/ament_prefix_path.ps1'
[38.476s] INFO:colcon.colcon_core.shell:Creating environment descriptor '/home/gondal/Clear-Run/install/clearrun_bringup/share/clearrun_bringup/hook/ament_prefix_path.dsv'
[38.480s] INFO:colcon.colcon_core.shell:Creating environment hook '/home/gondal/Clear-Run/install/clearrun_bringup/share/clearrun_bringup/hook/ament_prefix_path.sh'
[38.482s] INFO:colcon.colcon_core.shell:Skip shell extension 'powershell' for command environment: Not usable outside of PowerShell
[38.482s] DEBUG:colcon.colcon_core.shell:Skip shell extension 'dsv' for command environment
[39.502s] INFO:colcon.colcon_core.task.python.build:Building Python package in '/home/gondal/Clear-Run/src/clearrun_bringup'
[39.503s] INFO:colcon.colcon_core.shell:Skip shell extension 'powershell' for command environment: Not usable outside of PowerShell
[39.503s] DEBUG:colcon.colcon_core.shell:Skip shell extension 'dsv' for command environment
[41.329s] DEBUG:colcon.colcon_core.event_handler.log_command:Invoking command in '/home/gondal/Clear-Run/build/clearrun_bringup': AMENT_PREFIX_PATH=/home/gondal/Clear-Run/install/clearrun_ugv:/home/gondal/Clear-Run/install/clearrun_uav:/home/gondal/Clear-Run/install/clearrun_msgs:${AMENT_PREFIX_PATH} CMAKE_PREFIX_PATH=/home/gondal/Clear-Run/install/clearrun_msgs:${CMAKE_PREFIX_PATH} DEBUGINFOD_URLS=https://debuginfod.ubuntu.com LD_LIBRARY_PATH=/home/gondal/Clear-Run/install/clearrun_msgs/lib:${LD_LIBRARY_PATH} PYTHONPATH=/home/gondal/Clear-Run/build/clearrun_bringup/prefix_override:/usr/lib/python3/dist-packages/colcon_core/task/python/colcon_distutils_commands:/home/gondal/Clear-Run/install/clearrun_bringup/lib/python3.12/site-packages:/home/gondal/Clear-Run/build/clearrun_ugv:/home/gondal/Clear-Run/install/clearrun_ugv/lib/python3.12/site-packages:/home/gondal/Clear-Run/build/clearrun_uav:/home/gondal/Clear-Run/install/clearrun_uav/lib/python3.12/site-packages:/home/gondal/Clear-Run/install/clearrun_msgs/lib/python3.12/site-packages:${PYTHONPATH} VIRTUAL_ENV_PROMPT=(venv-ardupilot) /usr/bin/python3 -W ignore:setup.py install is deprecated -W ignore:easy_install command is deprecated setup.py develop --editable --build-directory /home/gondal/Clear-Run/build/clearrun_bringup/build --no-deps symlink_data
[43.001s] Level 1:colcon.colcon_core.shell:create_environment_hook('clearrun_bringup', 'pythonpath_develop')
[43.001s] INFO:colcon.colcon_core.shell:Creating environment hook '/home/gondal/Clear-Run/build/clearrun_bringup/share/clearrun_bringup/hook/pythonpath_develop.ps1'
[43.002s] DEBUG:colcon.colcon_core.event_handler.log_command:Invoked command in '/home/gondal/Clear-Run/build/clearrun_bringup' returned '0': AMENT_PREFIX_PATH=/home/gondal/Clear-Run/install/clearrun_ugv:/home/gondal/Clear-Run/install/clearrun_uav:/home/gondal/Clear-Run/install/clearrun_msgs:${AMENT_PREFIX_PATH} CMAKE_PREFIX_PATH=/home/gondal/Clear-Run/install/clearrun_msgs:${CMAKE_PREFIX_PATH} DEBUGINFOD_URLS=https://debuginfod.ubuntu.com LD_LIBRARY_PATH=/home/gondal/Clear-Run/install/clearrun_msgs/lib:${LD_LIBRARY_PATH} PYTHONPATH=/home/gondal/Clear-Run/build/clearrun_bringup/prefix_override:/usr/lib/python3/dist-packages/colcon_core/task/python/colcon_distutils_commands:/home/gondal/Clear-Run/install/clearrun_bringup/lib/python3.12/site-packages:/home/gondal/Clear-Run/build/clearrun_ugv:/home/gondal/Clear-Run/install/clearrun_ugv/lib/python3.12/site-packages:/home/gondal/Clear-Run/build/clearrun_uav:/home/gondal/Clear-Run/install/clearrun_uav/lib/python3.12/site-packages:/home/gondal/Clear-Run/install/clearrun_msgs/lib/python3.12/site-packages:${PYTHONPATH} VIRTUAL_ENV_PROMPT=(venv-ardupilot) /usr/bin/python3 -W ignore:setup.py install is deprecated -W ignore:easy_install command is deprecated setup.py develop --editable --build-directory /home/gondal/Clear-Run/build/clearrun_bringup/build --no-deps symlink_data
[43.003s] INFO:colcon.colcon_core.shell:Creating environment descriptor '/home/gondal/Clear-Run/build/clearrun_bringup/share/clearrun_bringup/hook/pythonpath_develop.dsv'
[43.003s] INFO:colcon.colcon_core.shell:Creating environment hook '/home/gondal/Clear-Run/build/clearrun_bringup/share/clearrun_bringup/hook/pythonpath_develop.sh'
[43.004s] Level 1:colcon.colcon_core.environment:checking '/home/gondal/Clear-Run/install/clearrun_bringup' for CMake module files
[43.005s] Level 1:colcon.colcon_core.environment:checking '/home/gondal/Clear-Run/install/clearrun_bringup' for CMake config files
[43.006s] Level 1:colcon.colcon_core.environment:checking '/home/gondal/Clear-Run/install/clearrun_bringup/lib'
[43.006s] Level 1:colcon.colcon_core.environment:checking '/home/gondal/Clear-Run/install/clearrun_bringup/bin'
[43.006s] Level 1:colcon.colcon_core.environment:checking '/home/gondal/Clear-Run/install/clearrun_bringup/lib/pkgconfig/clearrun_bringup.pc'
[43.006s] Level 1:colcon.colcon_core.environment:checking '/home/gondal/Clear-Run/install/clearrun_bringup/lib/python3.12/site-packages'
[43.007s] Level 1:colcon.colcon_core.shell:create_environment_hook('clearrun_bringup', 'pythonpath')
[43.007s] INFO:colcon.colcon_core.shell:Creating environment hook '/home/gondal/Clear-Run/install/clearrun_bringup/share/clearrun_bringup/hook/pythonpath.ps1'
[43.008s] INFO:colcon.colcon_core.shell:Creating environment descriptor '/home/gondal/Clear-Run/install/clearrun_bringup/share/clearrun_bringup/hook/pythonpath.dsv'
[43.008s] INFO:colcon.colcon_core.shell:Creating environment hook '/home/gondal/Clear-Run/install/clearrun_bringup/share/clearrun_bringup/hook/pythonpath.sh'
[43.009s] Level 1:colcon.colcon_core.environment:checking '/home/gondal/Clear-Run/install/clearrun_bringup/bin'
[43.010s] Level 1:colcon.colcon_core.environment:create_environment_scripts_only(clearrun_bringup)
[43.010s] INFO:colcon.colcon_core.shell:Creating package script '/home/gondal/Clear-Run/install/clearrun_bringup/share/clearrun_bringup/package.ps1'
[43.011s] INFO:colcon.colcon_core.shell:Creating package descriptor '/home/gondal/Clear-Run/install/clearrun_bringup/share/clearrun_bringup/package.dsv'
[43.012s] INFO:colcon.colcon_core.shell:Creating package script '/home/gondal/Clear-Run/install/clearrun_bringup/share/clearrun_bringup/package.sh'
[43.013s] INFO:colcon.colcon_core.shell:Creating package script '/home/gondal/Clear-Run/install/clearrun_bringup/share/clearrun_bringup/package.bash'
[43.013s] INFO:colcon.colcon_core.shell:Creating package script '/home/gondal/Clear-Run/install/clearrun_bringup/share/clearrun_bringup/package.zsh'
[43.014s] Level 1:colcon.colcon_core.environment:create_file_with_runtime_dependencies(/home/gondal/Clear-Run/install/clearrun_bringup/share/colcon-core/packages/clearrun_bringup)
[43.014s] DEBUG:colcon.colcon_parallel_executor.executor.parallel:closing loop
[43.014s] DEBUG:colcon.colcon_parallel_executor.executor.parallel:loop closed
[43.014s] DEBUG:colcon.colcon_parallel_executor.executor.parallel:run_until_complete finished with '0'
[43.015s] DEBUG:colcon.colcon_core.event_reactor:joining thread
[43.024s] INFO:colcon.colcon_core.plugin_system:Skipping extension 'colcon_notification.desktop_notification.terminal_notifier': Not used on non-Darwin systems
[43.024s] INFO:colcon.colcon_core.plugin_system:Skipping extension 'colcon_notification.desktop_notification.win32': Not used on non-Windows systems
[43.024s] INFO:colcon.colcon_notification.desktop_notification:Sending desktop notification using 'notify2'
[43.057s] DEBUG:colcon.colcon_core.event_reactor:joined thread
[43.057s] INFO:colcon.colcon_core.shell:Creating prefix script '/home/gondal/Clear-Run/install/local_setup.ps1'
[43.060s] INFO:colcon.colcon_core.shell:Creating prefix util module '/home/gondal/Clear-Run/install/_local_setup_util_ps1.py'
[43.062s] INFO:colcon.colcon_core.shell:Creating prefix chain script '/home/gondal/Clear-Run/install/setup.ps1'
[43.067s] INFO:colcon.colcon_core.shell:Creating prefix script '/home/gondal/Clear-Run/install/local_setup.sh'
[43.069s] INFO:colcon.colcon_core.shell:Creating prefix util module '/home/gondal/Clear-Run/install/_local_setup_util_sh.py'
[43.070s] INFO:colcon.colcon_core.shell:Creating prefix chain script '/home/gondal/Clear-Run/install/setup.sh'
[43.073s] INFO:colcon.colcon_core.shell:Creating prefix script '/home/gondal/Clear-Run/install/local_setup.bash'
[43.074s] INFO:colcon.colcon_core.shell:Creating prefix chain script '/home/gondal/Clear-Run/install/setup.bash'
[43.076s] INFO:colcon.colcon_core.shell:Creating prefix script '/home/gondal/Clear-Run/install/local_setup.zsh'
[43.077s] INFO:colcon.colcon_core.shell:Creating prefix chain script '/home/gondal/Clear-Run/install/setup.zsh'
