-- Found ament_cmake: 2.5.4 (/opt/ros/jazzy/share/ament_cmake/cmake)
-- Found Python3: /home/gondal/venv-ardupilot/bin/python3 (found version "3.12.3") found components: Interpreter 
-- Override CMake install command with custom implementation using symlinks instead of copying resources
-- Found std_msgs: 5.3.6 (/opt/ros/jazzy/share/std_msgs/cmake)
-- Found rosidl_generator_c: 4.6.6 (/opt/ros/jazzy/share/rosidl_generator_c/cmake)
-- Found rosidl_generator_cpp: 4.6.6 (/opt/ros/jazzy/share/rosidl_generator_cpp/cmake)
-- Using all available rosidl_typesupport_c: rosidl_typesupport_fastrtps_c;rosidl_typesupport_introspection_c
-- Using all available rosidl_typesupport_cpp: rosidl_typesupport_fastrtps_cpp;rosidl_typesupport_introspection_cpp
-- Found geometry_msgs: 5.3.6 (/opt/ros/jazzy/share/geometry_msgs/cmake)
-- Found sensor_msgs: 5.3.6 (/opt/ros/jazzy/share/sensor_msgs/cmake)
-- Found rosidl_default_generators: 1.6.0 (/opt/ros/jazzy/share/rosidl_default_generators/cmake)
-- Found rosidl_adapter: 4.6.6 (/opt/ros/jazzy/share/rosidl_adapter/cmake)
-- Found ament_cmake_ros: 0.12.0 (/opt/ros/jazzy/share/ament_cmake_ros/cmake)
-- Using all available rosidl_typesupport_c: rosidl_typesupport_fastrtps_c;rosidl_typesupport_introspection_c
-- Using all available rosidl_typesupport_cpp: rosidl_typesupport_fastrtps_cpp;rosidl_typesupport_introspection_cpp
-- Found python_cmake_module: 0.11.1 (/opt/ros/jazzy/share/python_cmake_module/cmake)
-- Found PythonExtra: /home/gondal/venv-ardupilot/bin/python3  
-- Found Python3: /home/gondal/venv-ardupilot/bin/python3 (found version "3.12.3") found components: Interpreter Development NumPy Development.Module Development.Embed 
-- Found ament_lint_auto: 0.17.3 (/opt/ros/jazzy/share/ament_lint_auto/cmake)
-- Added test 'copyright' to check source files copyright and LICENSE
-- Added test 'lint_cmake' to check CMake code style
-- Added test 'xmllint' to check XML markup files
-- Configuring done (9.1s)
-- Generating done (0.1s)
-- Build files have been written to: /home/gondal/Clear-Run/build/clearrun_msgs
[  1%] [34m[1mGenerating type hashes for ROS interfaces[0m
[  1%] Built target ament_cmake_python_symlink_clearrun_msgs
running egg_info
creating clearrun_msgs.egg-info
writing clearrun_msgs.egg-info/PKG-INFO
writing dependency_links to clearrun_msgs.egg-info/dependency_links.txt
writing top-level names to clearrun_msgs.egg-info/top_level.txt
writing manifest file 'clearrun_msgs.egg-info/SOURCES.txt'
reading manifest file 'clearrun_msgs.egg-info/SOURCES.txt'
writing manifest file 'clearrun_msgs.egg-info/SOURCES.txt'
[  1%] Built target ament_cmake_python_build_clearrun_msgs_egg
[  1%] Built target clearrun_msgs__rosidl_generator_type_description
[  3%] [34m[1mGenerating C code for ROS interfaces[0m
[  4%] [34m[1mGenerating C++ code for ROS interfaces[0m
[  4%] Built target clearrun_msgs__cpp
[  6%] [32mBuilding C object CMakeFiles/clearrun_msgs__rosidl_generator_c.dir/rosidl_generator_c/clearrun_msgs/msg/detail/fod_array__functions.c.o[0m
[  7%] [32mBuilding C object CMakeFiles/clearrun_msgs__rosidl_generator_c.dir/rosidl_generator_c/clearrun_msgs/msg/detail/fod_location__functions.c.o[0m
[  9%] [32mBuilding C object CMakeFiles/clearrun_msgs__rosidl_generator_c.dir/rosidl_generator_c/clearrun_msgs/msg/detail/scoop_command__description.c.o[0m
[ 10%] [32mBuilding C object CMakeFiles/clearrun_msgs__rosidl_generator_c.dir/rosidl_generator_c/clearrun_msgs/msg/detail/fod_array__type_support.c.o[0m
[ 12%] [32mBuilding C object CMakeFiles/clearrun_msgs__rosidl_generator_c.dir/rosidl_generator_c/clearrun_msgs/msg/detail/fod_location__description.c.o[0m
[ 14%] [32mBuilding C object CMakeFiles/clearrun_msgs__rosidl_generator_c.dir/rosidl_generator_c/clearrun_msgs/msg/detail/fod_location__type_support.c.o[0m
[ 15%] [32mBuilding C object CMakeFiles/clearrun_msgs__rosidl_generator_c.dir/rosidl_generator_c/clearrun_msgs/msg/detail/fod_array__description.c.o[0m
[ 17%] [32mBuilding C object CMakeFiles/clearrun_msgs__rosidl_generator_c.dir/rosidl_generator_c/clearrun_msgs/msg/detail/scoop_command__functions.c.o[0m
[ 18%] [32mBuilding C object CMakeFiles/clearrun_msgs__rosidl_generator_c.dir/rosidl_generator_c/clearrun_msgs/msg/detail/scoop_command__type_support.c.o[0m
[ 20%] [32mBuilding C object CMakeFiles/clearrun_msgs__rosidl_generator_c.dir/rosidl_generator_c/clearrun_msgs/msg/detail/scoop_status__description.c.o[0m
[ 21%] [32mBuilding C object CMakeFiles/clearrun_msgs__rosidl_generator_c.dir/rosidl_generator_c/clearrun_msgs/msg/detail/scoop_status__functions.c.o[0m
[ 23%] [32mBuilding C object CMakeFiles/clearrun_msgs__rosidl_generator_c.dir/rosidl_generator_c/clearrun_msgs/msg/detail/scoop_status__type_support.c.o[0m
[ 25%] [32m[1mLinking C shared library libclearrun_msgs__rosidl_generator_c.so[0m
[ 25%] Built target clearrun_msgs__rosidl_generator_c
[ 26%] [34m[1mGenerating C++ type support dispatch for ROS interfaces[0m
[ 28%] [34m[1mGenerating C++ type support for eProsima Fast-RTPS[0m
[ 29%] [34m[1mGenerating C++ introspection for ROS interfaces[0m
[ 31%] [34m[1mGenerating C type support dispatch for ROS interfaces[0m
[ 32%] [34m[1mGenerating C type support for eProsima Fast-RTPS[0m
[ 34%] [34m[1mGenerating C introspection for ROS interfaces[0m
[ 35%] [32mBuilding CXX object CMakeFiles/clearrun_msgs__rosidl_typesupport_c.dir/rosidl_typesupport_c/clearrun_msgs/msg/fod_location__type_support.cpp.o[0m
[ 37%] [32mBuilding CXX object CMakeFiles/clearrun_msgs__rosidl_typesupport_c.dir/rosidl_typesupport_c/clearrun_msgs/msg/fod_array__type_support.cpp.o[0m
[ 40%] [32mBuilding CXX object CMakeFiles/clearrun_msgs__rosidl_typesupport_cpp.dir/rosidl_typesupport_cpp/clearrun_msgs/msg/fod_location__type_support.cpp.o[0m
[ 40%] [32mBuilding CXX object CMakeFiles/clearrun_msgs__rosidl_typesupport_c.dir/rosidl_typesupport_c/clearrun_msgs/msg/scoop_command__type_support.cpp.o[0m
[ 42%] [32mBuilding CXX object CMakeFiles/clearrun_msgs__rosidl_typesupport_introspection_cpp.dir/rosidl_typesupport_introspection_cpp/clearrun_msgs/msg/detail/fod_location__type_support.cpp.o[0m
[ 43%] [32mBuilding C object CMakeFiles/clearrun_msgs__rosidl_typesupport_introspection_c.dir/rosidl_typesupport_introspection_c/clearrun_msgs/msg/detail/fod_location__type_support.c.o[0m
[ 48%] [32mBuilding CXX object CMakeFiles/clearrun_msgs__rosidl_typesupport_introspection_cpp.dir/rosidl_typesupport_introspection_cpp/clearrun_msgs/msg/detail/fod_array__type_support.cpp.o[0m
[ 48%] [32mBuilding CXX object CMakeFiles/clearrun_msgs__rosidl_typesupport_c.dir/rosidl_typesupport_c/clearrun_msgs/msg/scoop_status__type_support.cpp.o[0m
[ 48%] [32mBuilding CXX object CMakeFiles/clearrun_msgs__rosidl_typesupport_introspection_cpp.dir/rosidl_typesupport_introspection_cpp/clearrun_msgs/msg/detail/scoop_command__type_support.cpp.o[0m
[ 50%] [32mBuilding CXX object CMakeFiles/clearrun_msgs__rosidl_typesupport_fastrtps_c.dir/rosidl_typesupport_fastrtps_c/clearrun_msgs/msg/detail/fod_location__type_support_c.cpp.o[0m
[ 51%] [32mBuilding C object CMakeFiles/clearrun_msgs__rosidl_typesupport_introspection_c.dir/rosidl_typesupport_introspection_c/clearrun_msgs/msg/detail/fod_array__type_support.c.o[0m
[ 53%] [32m[1mLinking CXX shared library libclearrun_msgs__rosidl_typesupport_c.so[0m
[ 54%] [32mBuilding CXX object CMakeFiles/clearrun_msgs__rosidl_typesupport_fastrtps_cpp.dir/rosidl_typesupport_fastrtps_cpp/clearrun_msgs/msg/detail/dds_fastrtps/fod_location__type_support.cpp.o[0m
[ 54%] Built target clearrun_msgs__rosidl_typesupport_c
[ 57%] [32mBuilding CXX object CMakeFiles/clearrun_msgs__rosidl_typesupport_introspection_cpp.dir/rosidl_typesupport_introspection_cpp/clearrun_msgs/msg/detail/scoop_status__type_support.cpp.o[0m
[ 57%] [32mBuilding C object CMakeFiles/clearrun_msgs__rosidl_typesupport_introspection_c.dir/rosidl_typesupport_introspection_c/clearrun_msgs/msg/detail/scoop_command__type_support.c.o[0m
[ 59%] [32mBuilding C object CMakeFiles/clearrun_msgs__rosidl_typesupport_introspection_c.dir/rosidl_typesupport_introspection_c/clearrun_msgs/msg/detail/scoop_status__type_support.c.o[0m
[ 60%] [32m[1mLinking C shared library libclearrun_msgs__rosidl_typesupport_introspection_c.so[0m
[ 60%] Built target clearrun_msgs__rosidl_typesupport_introspection_c
[ 62%] [32mBuilding CXX object CMakeFiles/clearrun_msgs__rosidl_typesupport_cpp.dir/rosidl_typesupport_cpp/clearrun_msgs/msg/fod_array__type_support.cpp.o[0m
[ 64%] [32mBuilding CXX object CMakeFiles/clearrun_msgs__rosidl_typesupport_fastrtps_c.dir/rosidl_typesupport_fastrtps_c/clearrun_msgs/msg/detail/fod_array__type_support_c.cpp.o[0m
[ 65%] [32mBuilding CXX object CMakeFiles/clearrun_msgs__rosidl_typesupport_fastrtps_c.dir/rosidl_typesupport_fastrtps_c/clearrun_msgs/msg/detail/scoop_command__type_support_c.cpp.o[0m
[ 67%] [32mBuilding CXX object CMakeFiles/clearrun_msgs__rosidl_typesupport_fastrtps_cpp.dir/rosidl_typesupport_fastrtps_cpp/clearrun_msgs/msg/detail/dds_fastrtps/fod_array__type_support.cpp.o[0m
[ 68%] [32mBuilding CXX object CMakeFiles/clearrun_msgs__rosidl_typesupport_cpp.dir/rosidl_typesupport_cpp/clearrun_msgs/msg/scoop_command__type_support.cpp.o[0m
[ 70%] [32m[1mLinking CXX shared library libclearrun_msgs__rosidl_typesupport_introspection_cpp.so[0m
[ 70%] Built target clearrun_msgs__rosidl_typesupport_introspection_cpp
[ 71%] [32mBuilding CXX object CMakeFiles/clearrun_msgs__rosidl_typesupport_fastrtps_c.dir/rosidl_typesupport_fastrtps_c/clearrun_msgs/msg/detail/scoop_status__type_support_c.cpp.o[0m
[ 73%] [32mBuilding CXX object CMakeFiles/clearrun_msgs__rosidl_typesupport_fastrtps_cpp.dir/rosidl_typesupport_fastrtps_cpp/clearrun_msgs/msg/detail/dds_fastrtps/scoop_command__type_support.cpp.o[0m
[ 75%] [32mBuilding CXX object CMakeFiles/clearrun_msgs__rosidl_typesupport_fastrtps_cpp.dir/rosidl_typesupport_fastrtps_cpp/clearrun_msgs/msg/detail/dds_fastrtps/scoop_status__type_support.cpp.o[0m
[ 76%] [32mBuilding CXX object CMakeFiles/clearrun_msgs__rosidl_typesupport_cpp.dir/rosidl_typesupport_cpp/clearrun_msgs/msg/scoop_status__type_support.cpp.o[0m
[ 78%] [32m[1mLinking CXX shared library libclearrun_msgs__rosidl_typesupport_cpp.so[0m
[ 79%] [32m[1mLinking CXX shared library libclearrun_msgs__rosidl_typesupport_fastrtps_c.so[0m
[ 79%] Built target clearrun_msgs__rosidl_typesupport_cpp
[ 79%] Built target clearrun_msgs__rosidl_typesupport_fastrtps_c
[ 81%] [32m[1mLinking CXX shared library libclearrun_msgs__rosidl_typesupport_fastrtps_cpp.so[0m
[ 81%] Built target clearrun_msgs__rosidl_typesupport_fastrtps_cpp
[ 81%] Built target clearrun_msgs
[ 82%] [34m[1mGenerating Python code for ROS interfaces[0m
[ 82%] Built target clearrun_msgs__py
[ 84%] [32mBuilding C object CMakeFiles/clearrun_msgs__rosidl_generator_py.dir/rosidl_generator_py/clearrun_msgs/msg/_fod_location_s.c.o[0m
[ 85%] [32mBuilding C object CMakeFiles/clearrun_msgs__rosidl_generator_py.dir/rosidl_generator_py/clearrun_msgs/msg/_scoop_status_s.c.o[0m
[ 89%] [32mBuilding C object CMakeFiles/clearrun_msgs__rosidl_generator_py.dir/rosidl_generator_py/clearrun_msgs/msg/_fod_array_s.c.o[0m
[ 89%] [32mBuilding C object CMakeFiles/clearrun_msgs__rosidl_generator_py.dir/rosidl_generator_py/clearrun_msgs/msg/_scoop_command_s.c.o[0m
[ 90%] [32m[1mLinking C shared library libclearrun_msgs__rosidl_generator_py.so[0m
[ 90%] Built target clearrun_msgs__rosidl_generator_py
[ 93%] [32mBuilding C object CMakeFiles/clearrun_msgs_s__rosidl_typesupport_introspection_c.dir/rosidl_generator_py/clearrun_msgs/_clearrun_msgs_s.ep.rosidl_typesupport_introspection_c.c.o[0m
[ 93%] [32mBuilding C object CMakeFiles/clearrun_msgs_s__rosidl_typesupport_fastrtps_c.dir/rosidl_generator_py/clearrun_msgs/_clearrun_msgs_s.ep.rosidl_typesupport_fastrtps_c.c.o[0m
[ 95%] [32mBuilding C object CMakeFiles/clearrun_msgs_s__rosidl_typesupport_c.dir/rosidl_generator_py/clearrun_msgs/_clearrun_msgs_s.ep.rosidl_typesupport_c.c.o[0m
[ 96%] [32m[1mLinking C shared module rosidl_generator_py/clearrun_msgs/clearrun_msgs_s__rosidl_typesupport_c.so[0m
[ 98%] [32m[1mLinking C shared module rosidl_generator_py/clearrun_msgs/clearrun_msgs_s__rosidl_typesupport_fastrtps_c.so[0m
[100%] [32m[1mLinking C shared module rosidl_generator_py/clearrun_msgs/clearrun_msgs_s__rosidl_typesupport_introspection_c.so[0m
[100%] Built target clearrun_msgs_s__rosidl_typesupport_c
[100%] Built target clearrun_msgs_s__rosidl_typesupport_introspection_c
[100%] Built target clearrun_msgs_s__rosidl_typesupport_fastrtps_c
-- Install configuration: ""
-- Execute custom install script
-- Symlinking: /home/gondal/Clear-Run/install/clearrun_msgs/share/ament_index/resource_index/rosidl_interfaces/clearrun_msgs
-- Symlinking: /home/gondal/Clear-Run/install/clearrun_msgs/share/clearrun_msgs/msg/FodLocation.json
-- Symlinking: /home/gondal/Clear-Run/install/clearrun_msgs/share/clearrun_msgs/msg/FodArray.json
-- Symlinking: /home/gondal/Clear-Run/install/clearrun_msgs/share/clearrun_msgs/msg/ScoopCommand.json
-- Symlinking: /home/gondal/Clear-Run/install/clearrun_msgs/share/clearrun_msgs/msg/ScoopStatus.json
-- Symlinking: /home/gondal/Clear-Run/install/clearrun_msgs/include/clearrun_msgs/clearrun_msgs/msg/detail/fod_array__functions.h
-- Symlinking: /home/gondal/Clear-Run/install/clearrun_msgs/include/clearrun_msgs/clearrun_msgs/msg/detail/fod_array__struct.h
-- Symlinking: /home/gondal/Clear-Run/install/clearrun_msgs/include/clearrun_msgs/clearrun_msgs/msg/detail/fod_array__type_support.h
-- Symlinking: /home/gondal/Clear-Run/install/clearrun_msgs/include/clearrun_msgs/clearrun_msgs/msg/detail/fod_location__functions.h
-- Symlinking: /home/gondal/Clear-Run/install/clearrun_msgs/include/clearrun_msgs/clearrun_msgs/msg/detail/fod_location__struct.h
-- Symlinking: /home/gondal/Clear-Run/install/clearrun_msgs/include/clearrun_msgs/clearrun_msgs/msg/detail/fod_location__type_support.h
-- Symlinking: /home/gondal/Clear-Run/install/clearrun_msgs/include/clearrun_msgs/clearrun_msgs/msg/detail/scoop_command__functions.h
-- Symlinking: /home/gondal/Clear-Run/install/clearrun_msgs/include/clearrun_msgs/clearrun_msgs/msg/detail/scoop_command__struct.h
-- Symlinking: /home/gondal/Clear-Run/install/clearrun_msgs/include/clearrun_msgs/clearrun_msgs/msg/detail/scoop_command__type_support.h
-- Symlinking: /home/gondal/Clear-Run/install/clearrun_msgs/include/clearrun_msgs/clearrun_msgs/msg/detail/scoop_status__functions.h
-- Symlinking: /home/gondal/Clear-Run/install/clearrun_msgs/include/clearrun_msgs/clearrun_msgs/msg/detail/scoop_status__struct.h
-- Symlinking: /home/gondal/Clear-Run/install/clearrun_msgs/include/clearrun_msgs/clearrun_msgs/msg/detail/scoop_status__type_support.h
-- Symlinking: /home/gondal/Clear-Run/install/clearrun_msgs/include/clearrun_msgs/clearrun_msgs/msg/fod_array.h
-- Symlinking: /home/gondal/Clear-Run/install/clearrun_msgs/include/clearrun_msgs/clearrun_msgs/msg/fod_location.h
-- Symlinking: /home/gondal/Clear-Run/install/clearrun_msgs/include/clearrun_msgs/clearrun_msgs/msg/rosidl_generator_c__visibility_control.h
-- Symlinking: /home/gondal/Clear-Run/install/clearrun_msgs/include/clearrun_msgs/clearrun_msgs/msg/scoop_command.h
-- Symlinking: /home/gondal/Clear-Run/install/clearrun_msgs/include/clearrun_msgs/clearrun_msgs/msg/scoop_status.h
-- Symlinking: /home/gondal/Clear-Run/install/clearrun_msgs/share/clearrun_msgs/environment/library_path.sh
-- Symlinking: /home/gondal/Clear-Run/install/clearrun_msgs/share/clearrun_msgs/environment/library_path.dsv
-- Symlinking: /home/gondal/Clear-Run/install/clearrun_msgs/include/clearrun_msgs/clearrun_msgs/msg/detail/fod_array__rosidl_typesupport_fastrtps_c.h
-- Symlinking: /home/gondal/Clear-Run/install/clearrun_msgs/include/clearrun_msgs/clearrun_msgs/msg/detail/fod_location__rosidl_typesupport_fastrtps_c.h
-- Symlinking: /home/gondal/Clear-Run/install/clearrun_msgs/include/clearrun_msgs/clearrun_msgs/msg/detail/scoop_command__rosidl_typesupport_fastrtps_c.h
-- Symlinking: /home/gondal/Clear-Run/install/clearrun_msgs/include/clearrun_msgs/clearrun_msgs/msg/detail/scoop_status__rosidl_typesupport_fastrtps_c.h
-- Symlinking: /home/gondal/Clear-Run/install/clearrun_msgs/include/clearrun_msgs/clearrun_msgs/msg/rosidl_typesupport_fastrtps_c__visibility_control.h
-- Symlinking: /home/gondal/Clear-Run/install/clearrun_msgs/include/clearrun_msgs/clearrun_msgs/msg/detail/fod_array__builder.hpp
-- Symlinking: /home/gondal/Clear-Run/install/clearrun_msgs/include/clearrun_msgs/clearrun_msgs/msg/detail/fod_array__struct.hpp
-- Symlinking: /home/gondal/Clear-Run/install/clearrun_msgs/include/clearrun_msgs/clearrun_msgs/msg/detail/fod_array__traits.hpp
-- Symlinking: /home/gondal/Clear-Run/install/clearrun_msgs/include/clearrun_msgs/clearrun_msgs/msg/detail/fod_array__type_support.hpp
-- Symlinking: /home/gondal/Clear-Run/install/clearrun_msgs/include/clearrun_msgs/clearrun_msgs/msg/detail/fod_location__builder.hpp
-- Symlinking: /home/gondal/Clear-Run/install/clearrun_msgs/include/clearrun_msgs/clearrun_msgs/msg/detail/fod_location__struct.hpp
-- Symlinking: /home/gondal/Clear-Run/install/clearrun_msgs/include/clearrun_msgs/clearrun_msgs/msg/detail/fod_location__traits.hpp
-- Symlinking: /home/gondal/Clear-Run/install/clearrun_msgs/include/clearrun_msgs/clearrun_msgs/msg/detail/fod_location__type_support.hpp
-- Symlinking: /home/gondal/Clear-Run/install/clearrun_msgs/include/clearrun_msgs/clearrun_msgs/msg/detail/scoop_command__builder.hpp
-- Symlinking: /home/gondal/Clear-Run/install/clearrun_msgs/include/clearrun_msgs/clearrun_msgs/msg/detail/scoop_command__struct.hpp
-- Symlinking: /home/gondal/Clear-Run/install/clearrun_msgs/include/clearrun_msgs/clearrun_msgs/msg/detail/scoop_command__traits.hpp
-- Symlinking: /home/gondal/Clear-Run/install/clearrun_msgs/include/clearrun_msgs/clearrun_msgs/msg/detail/scoop_command__type_support.hpp
-- Symlinking: /home/gondal/Clear-Run/install/clearrun_msgs/include/clearrun_msgs/clearrun_msgs/msg/detail/scoop_status__builder.hpp
-- Symlinking: /home/gondal/Clear-Run/install/clearrun_msgs/include/clearrun_msgs/clearrun_msgs/msg/detail/scoop_status__struct.hpp
-- Symlinking: /home/gondal/Clear-Run/install/clearrun_msgs/include/clearrun_msgs/clearrun_msgs/msg/detail/scoop_status__traits.hpp
-- Symlinking: /home/gondal/Clear-Run/install/clearrun_msgs/include/clearrun_msgs/clearrun_msgs/msg/detail/scoop_status__type_support.hpp
-- Symlinking: /home/gondal/Clear-Run/install/clearrun_msgs/include/clearrun_msgs/clearrun_msgs/msg/fod_array.hpp
-- Symlinking: /home/gondal/Clear-Run/install/clearrun_msgs/include/clearrun_msgs/clearrun_msgs/msg/fod_location.hpp
-- Symlinking: /home/gondal/Clear-Run/install/clearrun_msgs/include/clearrun_msgs/clearrun_msgs/msg/rosidl_generator_cpp__visibility_control.hpp
-- Symlinking: /home/gondal/Clear-Run/install/clearrun_msgs/include/clearrun_msgs/clearrun_msgs/msg/scoop_command.hpp
-- Symlinking: /home/gondal/Clear-Run/install/clearrun_msgs/include/clearrun_msgs/clearrun_msgs/msg/scoop_status.hpp
-- Symlinking: /home/gondal/Clear-Run/install/clearrun_msgs/include/clearrun_msgs/clearrun_msgs/msg/detail/fod_array__rosidl_typesupport_fastrtps_cpp.hpp
-- Symlinking: /home/gondal/Clear-Run/install/clearrun_msgs/include/clearrun_msgs/clearrun_msgs/msg/detail/fod_location__rosidl_typesupport_fastrtps_cpp.hpp
-- Symlinking: /home/gondal/Clear-Run/install/clearrun_msgs/include/clearrun_msgs/clearrun_msgs/msg/detail/scoop_command__rosidl_typesupport_fastrtps_cpp.hpp
-- Symlinking: /home/gondal/Clear-Run/install/clearrun_msgs/include/clearrun_msgs/clearrun_msgs/msg/detail/scoop_status__rosidl_typesupport_fastrtps_cpp.hpp
-- Symlinking: /home/gondal/Clear-Run/install/clearrun_msgs/include/clearrun_msgs/clearrun_msgs/msg/rosidl_typesupport_fastrtps_cpp__visibility_control.h
-- Symlinking: /home/gondal/Clear-Run/install/clearrun_msgs/include/clearrun_msgs/clearrun_msgs/msg/detail/fod_array__rosidl_typesupport_introspection_c.h
-- Symlinking: /home/gondal/Clear-Run/install/clearrun_msgs/include/clearrun_msgs/clearrun_msgs/msg/detail/fod_location__rosidl_typesupport_introspection_c.h
-- Symlinking: /home/gondal/Clear-Run/install/clearrun_msgs/include/clearrun_msgs/clearrun_msgs/msg/detail/scoop_command__rosidl_typesupport_introspection_c.h
-- Symlinking: /home/gondal/Clear-Run/install/clearrun_msgs/include/clearrun_msgs/clearrun_msgs/msg/detail/scoop_status__rosidl_typesupport_introspection_c.h
-- Symlinking: /home/gondal/Clear-Run/install/clearrun_msgs/include/clearrun_msgs/clearrun_msgs/msg/rosidl_typesupport_introspection_c__visibility_control.h
-- Symlinking: /home/gondal/Clear-Run/install/clearrun_msgs/include/clearrun_msgs/clearrun_msgs/msg/detail/fod_array__rosidl_typesupport_introspection_cpp.hpp
-- Symlinking: /home/gondal/Clear-Run/install/clearrun_msgs/include/clearrun_msgs/clearrun_msgs/msg/detail/fod_location__rosidl_typesupport_introspection_cpp.hpp
-- Symlinking: /home/gondal/Clear-Run/install/clearrun_msgs/include/clearrun_msgs/clearrun_msgs/msg/detail/scoop_command__rosidl_typesupport_introspection_cpp.hpp
-- Symlinking: /home/gondal/Clear-Run/install/clearrun_msgs/include/clearrun_msgs/clearrun_msgs/msg/detail/scoop_status__rosidl_typesupport_introspection_cpp.hpp
-- Symlinking: /home/gondal/Clear-Run/install/clearrun_msgs/share/clearrun_msgs/environment/pythonpath.sh
-- Symlinking: /home/gondal/Clear-Run/install/clearrun_msgs/share/clearrun_msgs/environment/pythonpath.dsv
-- Symlinking: /home/gondal/Clear-Run/install/clearrun_msgs/lib/python3.12/site-packages/clearrun_msgs-1.0.0-py3.12.egg-info/PKG-INFO
-- Symlinking: /home/gondal/Clear-Run/install/clearrun_msgs/lib/python3.12/site-packages/clearrun_msgs-1.0.0-py3.12.egg-info/SOURCES.txt
-- Symlinking: /home/gondal/Clear-Run/install/clearrun_msgs/lib/python3.12/site-packages/clearrun_msgs-1.0.0-py3.12.egg-info/dependency_links.txt
-- Symlinking: /home/gondal/Clear-Run/install/clearrun_msgs/lib/python3.12/site-packages/clearrun_msgs-1.0.0-py3.12.egg-info/top_level.txt
-- Symlinking: /home/gondal/Clear-Run/install/clearrun_msgs/lib/python3.12/site-packages/clearrun_msgs/__init__.py
-- Symlinking: /home/gondal/Clear-Run/install/clearrun_msgs/lib/python3.12/site-packages/clearrun_msgs/_clearrun_msgs_s.ep.rosidl_typesupport_c.c
-- Symlinking: /home/gondal/Clear-Run/install/clearrun_msgs/lib/python3.12/site-packages/clearrun_msgs/_clearrun_msgs_s.ep.rosidl_typesupport_fastrtps_c.c
-- Symlinking: /home/gondal/Clear-Run/install/clearrun_msgs/lib/python3.12/site-packages/clearrun_msgs/_clearrun_msgs_s.ep.rosidl_typesupport_introspection_c.c
-- Symlinking: /home/gondal/Clear-Run/install/clearrun_msgs/lib/python3.12/site-packages/clearrun_msgs/clearrun_msgs_s__rosidl_typesupport_c.so
-- Symlinking: /home/gondal/Clear-Run/install/clearrun_msgs/lib/python3.12/site-packages/clearrun_msgs/clearrun_msgs_s__rosidl_typesupport_fastrtps_c.so
-- Symlinking: /home/gondal/Clear-Run/install/clearrun_msgs/lib/python3.12/site-packages/clearrun_msgs/clearrun_msgs_s__rosidl_typesupport_introspection_c.so
-- Symlinking: /home/gondal/Clear-Run/install/clearrun_msgs/lib/python3.12/site-packages/clearrun_msgs/msg/__init__.py
-- Symlinking: /home/gondal/Clear-Run/install/clearrun_msgs/lib/python3.12/site-packages/clearrun_msgs/msg/_fod_array.py
-- Symlinking: /home/gondal/Clear-Run/install/clearrun_msgs/lib/python3.12/site-packages/clearrun_msgs/msg/_fod_array_s.c
-- Symlinking: /home/gondal/Clear-Run/install/clearrun_msgs/lib/python3.12/site-packages/clearrun_msgs/msg/_fod_location.py
-- Symlinking: /home/gondal/Clear-Run/install/clearrun_msgs/lib/python3.12/site-packages/clearrun_msgs/msg/_fod_location_s.c
-- Symlinking: /home/gondal/Clear-Run/install/clearrun_msgs/lib/python3.12/site-packages/clearrun_msgs/msg/_scoop_command.py
-- Symlinking: /home/gondal/Clear-Run/install/clearrun_msgs/lib/python3.12/site-packages/clearrun_msgs/msg/_scoop_command_s.c
-- Symlinking: /home/gondal/Clear-Run/install/clearrun_msgs/lib/python3.12/site-packages/clearrun_msgs/msg/_scoop_status.py
-- Symlinking: /home/gondal/Clear-Run/install/clearrun_msgs/lib/python3.12/site-packages/clearrun_msgs/msg/_scoop_status_s.c
-- Up-to-date symlink: /home/gondal/Clear-Run/install/clearrun_msgs/lib/python3.12/site-packages/clearrun_msgs/clearrun_msgs_s__rosidl_typesupport_fastrtps_c.so
-- Up-to-date symlink: /home/gondal/Clear-Run/install/clearrun_msgs/lib/python3.12/site-packages/clearrun_msgs/clearrun_msgs_s__rosidl_typesupport_introspection_c.so
-- Up-to-date symlink: /home/gondal/Clear-Run/install/clearrun_msgs/lib/python3.12/site-packages/clearrun_msgs/clearrun_msgs_s__rosidl_typesupport_c.so
-- Symlinking: /home/gondal/Clear-Run/install/clearrun_msgs/share/clearrun_msgs/msg/FodLocation.idl
-- Symlinking: /home/gondal/Clear-Run/install/clearrun_msgs/share/clearrun_msgs/msg/FodArray.idl
-- Symlinking: /home/gondal/Clear-Run/install/clearrun_msgs/share/clearrun_msgs/msg/ScoopCommand.idl
-- Symlinking: /home/gondal/Clear-Run/install/clearrun_msgs/share/clearrun_msgs/msg/ScoopStatus.idl
-- Symlinking: /home/gondal/Clear-Run/install/clearrun_msgs/share/clearrun_msgs/msg/FodLocation.msg
-- Symlinking: /home/gondal/Clear-Run/install/clearrun_msgs/share/clearrun_msgs/msg/FodArray.msg
-- Symlinking: /home/gondal/Clear-Run/install/clearrun_msgs/share/clearrun_msgs/msg/ScoopCommand.msg
-- Symlinking: /home/gondal/Clear-Run/install/clearrun_msgs/share/clearrun_msgs/msg/ScoopStatus.msg
-- Symlinking: /home/gondal/Clear-Run/install/clearrun_msgs/share/ament_index/resource_index/package_run_dependencies/clearrun_msgs
-- Symlinking: /home/gondal/Clear-Run/install/clearrun_msgs/share/ament_index/resource_index/parent_prefix_path/clearrun_msgs
-- Symlinking: /home/gondal/Clear-Run/install/clearrun_msgs/share/clearrun_msgs/environment/ament_prefix_path.sh
-- Symlinking: /home/gondal/Clear-Run/install/clearrun_msgs/share/clearrun_msgs/environment/ament_prefix_path.dsv
-- Symlinking: /home/gondal/Clear-Run/install/clearrun_msgs/share/clearrun_msgs/environment/path.sh
-- Symlinking: /home/gondal/Clear-Run/install/clearrun_msgs/share/clearrun_msgs/environment/path.dsv
-- Symlinking: /home/gondal/Clear-Run/install/clearrun_msgs/share/clearrun_msgs/local_setup.bash
-- Symlinking: /home/gondal/Clear-Run/install/clearrun_msgs/share/clearrun_msgs/local_setup.sh
-- Symlinking: /home/gondal/Clear-Run/install/clearrun_msgs/share/clearrun_msgs/local_setup.zsh
-- Symlinking: /home/gondal/Clear-Run/install/clearrun_msgs/share/clearrun_msgs/local_setup.dsv
-- Symlinking: /home/gondal/Clear-Run/install/clearrun_msgs/share/clearrun_msgs/package.dsv
-- Symlinking: /home/gondal/Clear-Run/install/clearrun_msgs/share/ament_index/resource_index/packages/clearrun_msgs
-- Symlinking: /home/gondal/Clear-Run/install/clearrun_msgs/share/clearrun_msgs/cmake/rosidl_cmake-extras.cmake
-- Symlinking: /home/gondal/Clear-Run/install/clearrun_msgs/share/clearrun_msgs/cmake/ament_cmake_export_dependencies-extras.cmake
-- Symlinking: /home/gondal/Clear-Run/install/clearrun_msgs/share/clearrun_msgs/cmake/ament_cmake_export_include_directories-extras.cmake
-- Symlinking: /home/gondal/Clear-Run/install/clearrun_msgs/share/clearrun_msgs/cmake/ament_cmake_export_libraries-extras.cmake
-- Symlinking: /home/gondal/Clear-Run/install/clearrun_msgs/share/clearrun_msgs/cmake/ament_cmake_export_targets-extras.cmake
-- Symlinking: /home/gondal/Clear-Run/install/clearrun_msgs/share/clearrun_msgs/cmake/rosidl_cmake_export_typesupport_targets-extras.cmake
-- Symlinking: /home/gondal/Clear-Run/install/clearrun_msgs/share/clearrun_msgs/cmake/rosidl_cmake_export_typesupport_libraries-extras.cmake
-- Symlinking: /home/gondal/Clear-Run/install/clearrun_msgs/share/clearrun_msgs/cmake/clearrun_msgsConfig.cmake
-- Symlinking: /home/gondal/Clear-Run/install/clearrun_msgs/share/clearrun_msgs/cmake/clearrun_msgsConfig-version.cmake
-- Symlinking: /home/gondal/Clear-Run/install/clearrun_msgs/share/clearrun_msgs/package.xml
-- Installing: /home/gondal/Clear-Run/install/clearrun_msgs/lib/libclearrun_msgs__rosidl_generator_c.so
-- Set non-toolchain portion of runtime path of "/home/gondal/Clear-Run/install/clearrun_msgs/lib/libclearrun_msgs__rosidl_generator_c.so" to ""
-- Installing: /home/gondal/Clear-Run/install/clearrun_msgs/lib/libclearrun_msgs__rosidl_typesupport_fastrtps_c.so
-- Set non-toolchain portion of runtime path of "/home/gondal/Clear-Run/install/clearrun_msgs/lib/libclearrun_msgs__rosidl_typesupport_fastrtps_c.so" to ""
-- Installing: /home/gondal/Clear-Run/install/clearrun_msgs/lib/libclearrun_msgs__rosidl_typesupport_fastrtps_cpp.so
-- Set non-toolchain portion of runtime path of "/home/gondal/Clear-Run/install/clearrun_msgs/lib/libclearrun_msgs__rosidl_typesupport_fastrtps_cpp.so" to ""
-- Installing: /home/gondal/Clear-Run/install/clearrun_msgs/lib/libclearrun_msgs__rosidl_typesupport_introspection_c.so
-- Set non-toolchain portion of runtime path of "/home/gondal/Clear-Run/install/clearrun_msgs/lib/libclearrun_msgs__rosidl_typesupport_introspection_c.so" to ""
-- Installing: /home/gondal/Clear-Run/install/clearrun_msgs/lib/libclearrun_msgs__rosidl_typesupport_c.so
-- Set non-toolchain portion of runtime path of "/home/gondal/Clear-Run/install/clearrun_msgs/lib/libclearrun_msgs__rosidl_typesupport_c.so" to ""
-- Installing: /home/gondal/Clear-Run/install/clearrun_msgs/lib/libclearrun_msgs__rosidl_typesupport_introspection_cpp.so
-- Set non-toolchain portion of runtime path of "/home/gondal/Clear-Run/install/clearrun_msgs/lib/libclearrun_msgs__rosidl_typesupport_introspection_cpp.so" to ""
-- Installing: /home/gondal/Clear-Run/install/clearrun_msgs/lib/libclearrun_msgs__rosidl_typesupport_cpp.so
-- Set non-toolchain portion of runtime path of "/home/gondal/Clear-Run/install/clearrun_msgs/lib/libclearrun_msgs__rosidl_typesupport_cpp.so" to ""
Listing '/home/gondal/Clear-Run/install/clearrun_msgs/lib/python3.12/site-packages/clearrun_msgs'...
Compiling '/home/gondal/Clear-Run/install/clearrun_msgs/lib/python3.12/site-packages/clearrun_msgs/__init__.py'...
Listing '/home/gondal/Clear-Run/install/clearrun_msgs/lib/python3.12/site-packages/clearrun_msgs/msg'...
Compiling '/home/gondal/Clear-Run/install/clearrun_msgs/lib/python3.12/site-packages/clearrun_msgs/msg/__init__.py'...
Compiling '/home/gondal/Clear-Run/install/clearrun_msgs/lib/python3.12/site-packages/clearrun_msgs/msg/_fod_array.py'...
Compiling '/home/gondal/Clear-Run/install/clearrun_msgs/lib/python3.12/site-packages/clearrun_msgs/msg/_fod_location.py'...
Compiling '/home/gondal/Clear-Run/install/clearrun_msgs/lib/python3.12/site-packages/clearrun_msgs/msg/_scoop_command.py'...
Compiling '/home/gondal/Clear-Run/install/clearrun_msgs/lib/python3.12/site-packages/clearrun_msgs/msg/_scoop_status.py'...
-- Installing: /home/gondal/Clear-Run/install/clearrun_msgs/lib/libclearrun_msgs__rosidl_generator_py.so
-- Set non-toolchain portion of runtime path of "/home/gondal/Clear-Run/install/clearrun_msgs/lib/libclearrun_msgs__rosidl_generator_py.so" to ""
-- Installing: /home/gondal/Clear-Run/install/clearrun_msgs/share/clearrun_msgs/cmake/export_clearrun_msgs__rosidl_generator_cExport.cmake
-- Installing: /home/gondal/Clear-Run/install/clearrun_msgs/share/clearrun_msgs/cmake/export_clearrun_msgs__rosidl_generator_cExport-noconfig.cmake
-- Installing: /home/gondal/Clear-Run/install/clearrun_msgs/share/clearrun_msgs/cmake/export_clearrun_msgs__rosidl_typesupport_fastrtps_cExport.cmake
-- Installing: /home/gondal/Clear-Run/install/clearrun_msgs/share/clearrun_msgs/cmake/export_clearrun_msgs__rosidl_typesupport_fastrtps_cExport-noconfig.cmake
-- Installing: /home/gondal/Clear-Run/install/clearrun_msgs/share/clearrun_msgs/cmake/export_clearrun_msgs__rosidl_generator_cppExport.cmake
-- Installing: /home/gondal/Clear-Run/install/clearrun_msgs/share/clearrun_msgs/cmake/export_clearrun_msgs__rosidl_typesupport_fastrtps_cppExport.cmake
-- Installing: /home/gondal/Clear-Run/install/clearrun_msgs/share/clearrun_msgs/cmake/export_clearrun_msgs__rosidl_typesupport_fastrtps_cppExport-noconfig.cmake
-- Installing: /home/gondal/Clear-Run/install/clearrun_msgs/share/clearrun_msgs/cmake/clearrun_msgs__rosidl_typesupport_introspection_cExport.cmake
-- Installing: /home/gondal/Clear-Run/install/clearrun_msgs/share/clearrun_msgs/cmake/clearrun_msgs__rosidl_typesupport_introspection_cExport-noconfig.cmake
-- Installing: /home/gondal/Clear-Run/install/clearrun_msgs/share/clearrun_msgs/cmake/clearrun_msgs__rosidl_typesupport_cExport.cmake
-- Installing: /home/gondal/Clear-Run/install/clearrun_msgs/share/clearrun_msgs/cmake/clearrun_msgs__rosidl_typesupport_cExport-noconfig.cmake
-- Installing: /home/gondal/Clear-Run/install/clearrun_msgs/share/clearrun_msgs/cmake/clearrun_msgs__rosidl_typesupport_introspection_cppExport.cmake
-- Installing: /home/gondal/Clear-Run/install/clearrun_msgs/share/clearrun_msgs/cmake/clearrun_msgs__rosidl_typesupport_introspection_cppExport-noconfig.cmake
-- Installing: /home/gondal/Clear-Run/install/clearrun_msgs/share/clearrun_msgs/cmake/clearrun_msgs__rosidl_typesupport_cppExport.cmake
-- Installing: /home/gondal/Clear-Run/install/clearrun_msgs/share/clearrun_msgs/cmake/clearrun_msgs__rosidl_typesupport_cppExport-noconfig.cmake
-- Installing: /home/gondal/Clear-Run/install/clearrun_msgs/share/clearrun_msgs/cmake/export_clearrun_msgs__rosidl_generator_pyExport.cmake
-- Installing: /home/gondal/Clear-Run/install/clearrun_msgs/share/clearrun_msgs/cmake/export_clearrun_msgs__rosidl_generator_pyExport-noconfig.cmake
