[0.022s] Invoking command in '/home/gondal/Clear-Run/build/clearrun_msgs': CMAKE_PREFIX_PATH=${CMAKE_PREFIX_PATH}:/opt/ros/jazzy DEBUGINFOD_URLS=https://debuginfod.ubuntu.com VIRTUAL_ENV_PROMPT=(venv-ardupilot) /usr/bin/cmake /home/gondal/Clear-Run/src/clearrun_msgs -DAMENT_CMAKE_SYMLINK_INSTALL=1 -DCMAKE_INSTALL_PREFIX=/home/gondal/Clear-Run/install/clearrun_msgs
[0.074s] -- Found ament_cmake: 2.5.4 (/opt/ros/jazzy/share/ament_cmake/cmake)
[0.639s] -- Found Python3: /home/gondal/venv-ardupilot/bin/python3 (found version "3.12.3") found components: Interpreter 
[0.992s] -- Override CMake install command with custom implementation using symlinks instead of copying resources
[1.368s] -- Found std_msgs: 5.3.6 (/opt/ros/jazzy/share/std_msgs/cmake)
[1.684s] -- Found rosidl_generator_c: 4.6.6 (/opt/ros/jazzy/share/rosidl_generator_c/cmake)
[1.776s] -- Found rosidl_generator_cpp: 4.6.6 (/opt/ros/jazzy/share/rosidl_generator_cpp/cmake)
[1.841s] -- Using all available rosidl_typesupport_c: rosidl_typesupport_fastrtps_c;rosidl_typesupport_introspection_c
[1.913s] -- Using all available rosidl_typesupport_cpp: rosidl_typesupport_fastrtps_cpp;rosidl_typesupport_introspection_cpp
[2.013s] -- Found geometry_msgs: 5.3.6 (/opt/ros/jazzy/share/geometry_msgs/cmake)
[2.068s] -- Found sensor_msgs: 5.3.6 (/opt/ros/jazzy/share/sensor_msgs/cmake)
[2.222s] -- Found rosidl_default_generators: 1.6.0 (/opt/ros/jazzy/share/rosidl_default_generators/cmake)
[2.311s] -- Found rosidl_adapter: 4.6.6 (/opt/ros/jazzy/share/rosidl_adapter/cmake)
[3.965s] -- Found ament_cmake_ros: 0.12.0 (/opt/ros/jazzy/share/ament_cmake_ros/cmake)
[6.193s] -- Using all available rosidl_typesupport_c: rosidl_typesupport_fastrtps_c;rosidl_typesupport_introspection_c
[7.076s] -- Using all available rosidl_typesupport_cpp: rosidl_typesupport_fastrtps_cpp;rosidl_typesupport_introspection_cpp
[7.094s] -- Found python_cmake_module: 0.11.1 (/opt/ros/jazzy/share/python_cmake_module/cmake)
[7.474s] -- Found PythonExtra: /home/gondal/venv-ardupilot/bin/python3  
[8.702s] -- Found Python3: /home/gondal/venv-ardupilot/bin/python3 (found version "3.12.3") found components: Interpreter Development NumPy Development.Module Development.Embed 
[8.978s] -- Found ament_lint_auto: 0.17.3 (/opt/ros/jazzy/share/ament_lint_auto/cmake)
[9.128s] -- Added test 'copyright' to check source files copyright and LICENSE
[9.133s] -- Added test 'lint_cmake' to check CMake code style
[9.136s] -- Added test 'xmllint' to check XML markup files
[9.145s] -- Configuring done (9.1s)
[9.252s] -- Generating done (0.1s)
[9.284s] -- Build files have been written to: /home/gondal/Clear-Run/build/clearrun_msgs
[9.302s] Invoked command in '/home/gondal/Clear-Run/build/clearrun_msgs' returned '0': CMAKE_PREFIX_PATH=${CMAKE_PREFIX_PATH}:/opt/ros/jazzy DEBUGINFOD_URLS=https://debuginfod.ubuntu.com VIRTUAL_ENV_PROMPT=(venv-ardupilot) /usr/bin/cmake /home/gondal/Clear-Run/src/clearrun_msgs -DAMENT_CMAKE_SYMLINK_INSTALL=1 -DCMAKE_INSTALL_PREFIX=/home/gondal/Clear-Run/install/clearrun_msgs
[9.305s] Invoking command in '/home/gondal/Clear-Run/build/clearrun_msgs': CMAKE_PREFIX_PATH=${CMAKE_PREFIX_PATH}:/opt/ros/jazzy DEBUGINFOD_URLS=https://debuginfod.ubuntu.com VIRTUAL_ENV_PROMPT=(venv-ardupilot) /usr/bin/cmake --build /home/gondal/Clear-Run/build/clearrun_msgs -- -j8 -l8
[9.451s] [  1%] [34m[1mGenerating type hashes for ROS interfaces[0m
[9.486s] [  1%] Built target ament_cmake_python_symlink_clearrun_msgs
[10.278s] running egg_info
[10.342s] creating clearrun_msgs.egg-info
[10.342s] writing clearrun_msgs.egg-info/PKG-INFO
[10.342s] writing dependency_links to clearrun_msgs.egg-info/dependency_links.txt
[10.343s] writing top-level names to clearrun_msgs.egg-info/top_level.txt
[10.343s] writing manifest file 'clearrun_msgs.egg-info/SOURCES.txt'
[10.615s] reading manifest file 'clearrun_msgs.egg-info/SOURCES.txt'
[10.616s] writing manifest file 'clearrun_msgs.egg-info/SOURCES.txt'
[10.710s] [  1%] Built target ament_cmake_python_build_clearrun_msgs_egg
[11.037s] [  1%] Built target clearrun_msgs__rosidl_generator_type_description
[11.060s] [  3%] [34m[1mGenerating C code for ROS interfaces[0m
[11.090s] [  4%] [34m[1mGenerating C++ code for ROS interfaces[0m
[13.091s] [  4%] Built target clearrun_msgs__cpp
[13.339s] [  6%] [32mBuilding C object CMakeFiles/clearrun_msgs__rosidl_generator_c.dir/rosidl_generator_c/clearrun_msgs/msg/detail/fod_array__functions.c.o[0m
[13.342s] [  7%] [32mBuilding C object CMakeFiles/clearrun_msgs__rosidl_generator_c.dir/rosidl_generator_c/clearrun_msgs/msg/detail/fod_location__functions.c.o[0m
[13.343s] [  9%] [32mBuilding C object CMakeFiles/clearrun_msgs__rosidl_generator_c.dir/rosidl_generator_c/clearrun_msgs/msg/detail/scoop_command__description.c.o[0m
[13.349s] [ 10%] [32mBuilding C object CMakeFiles/clearrun_msgs__rosidl_generator_c.dir/rosidl_generator_c/clearrun_msgs/msg/detail/fod_array__type_support.c.o[0m
[13.366s] [ 12%] [32mBuilding C object CMakeFiles/clearrun_msgs__rosidl_generator_c.dir/rosidl_generator_c/clearrun_msgs/msg/detail/fod_location__description.c.o[0m
[13.369s] [ 14%] [32mBuilding C object CMakeFiles/clearrun_msgs__rosidl_generator_c.dir/rosidl_generator_c/clearrun_msgs/msg/detail/fod_location__type_support.c.o[0m
[13.370s] [ 15%] [32mBuilding C object CMakeFiles/clearrun_msgs__rosidl_generator_c.dir/rosidl_generator_c/clearrun_msgs/msg/detail/fod_array__description.c.o[0m
[13.385s] [ 17%] [32mBuilding C object CMakeFiles/clearrun_msgs__rosidl_generator_c.dir/rosidl_generator_c/clearrun_msgs/msg/detail/scoop_command__functions.c.o[0m
[13.606s] [ 18%] [32mBuilding C object CMakeFiles/clearrun_msgs__rosidl_generator_c.dir/rosidl_generator_c/clearrun_msgs/msg/detail/scoop_command__type_support.c.o[0m
[13.630s] [ 20%] [32mBuilding C object CMakeFiles/clearrun_msgs__rosidl_generator_c.dir/rosidl_generator_c/clearrun_msgs/msg/detail/scoop_status__description.c.o[0m
[13.664s] [ 21%] [32mBuilding C object CMakeFiles/clearrun_msgs__rosidl_generator_c.dir/rosidl_generator_c/clearrun_msgs/msg/detail/scoop_status__functions.c.o[0m
[13.689s] [ 23%] [32mBuilding C object CMakeFiles/clearrun_msgs__rosidl_generator_c.dir/rosidl_generator_c/clearrun_msgs/msg/detail/scoop_status__type_support.c.o[0m
[13.919s] [ 25%] [32m[1mLinking C shared library libclearrun_msgs__rosidl_generator_c.so[0m
[14.093s] [ 25%] Built target clearrun_msgs__rosidl_generator_c
[14.149s] [ 26%] [34m[1mGenerating C++ type support dispatch for ROS interfaces[0m
[14.151s] [ 28%] [34m[1mGenerating C++ type support for eProsima Fast-RTPS[0m
[14.156s] [ 29%] [34m[1mGenerating C++ introspection for ROS interfaces[0m
[14.159s] [ 31%] [34m[1mGenerating C type support dispatch for ROS interfaces[0m
[14.160s] [ 32%] [34m[1mGenerating C type support for eProsima Fast-RTPS[0m
[14.161s] [ 34%] [34m[1mGenerating C introspection for ROS interfaces[0m
[16.920s] [ 35%] [32mBuilding CXX object CMakeFiles/clearrun_msgs__rosidl_typesupport_c.dir/rosidl_typesupport_c/clearrun_msgs/msg/fod_location__type_support.cpp.o[0m
[16.971s] [ 37%] [32mBuilding CXX object CMakeFiles/clearrun_msgs__rosidl_typesupport_c.dir/rosidl_typesupport_c/clearrun_msgs/msg/fod_array__type_support.cpp.o[0m
[16.971s] [ 40%] [32mBuilding CXX object CMakeFiles/clearrun_msgs__rosidl_typesupport_cpp.dir/rosidl_typesupport_cpp/clearrun_msgs/msg/fod_location__type_support.cpp.o[0m
[16.971s] [ 40%] [32mBuilding CXX object CMakeFiles/clearrun_msgs__rosidl_typesupport_c.dir/rosidl_typesupport_c/clearrun_msgs/msg/scoop_command__type_support.cpp.o[0m
[17.147s] [ 42%] [32mBuilding CXX object CMakeFiles/clearrun_msgs__rosidl_typesupport_introspection_cpp.dir/rosidl_typesupport_introspection_cpp/clearrun_msgs/msg/detail/fod_location__type_support.cpp.o[0m
[17.172s] [ 43%] [32mBuilding C object CMakeFiles/clearrun_msgs__rosidl_typesupport_introspection_c.dir/rosidl_typesupport_introspection_c/clearrun_msgs/msg/detail/fod_location__type_support.c.o[0m
[17.279s] [ 48%] [32mBuilding CXX object CMakeFiles/clearrun_msgs__rosidl_typesupport_introspection_cpp.dir/rosidl_typesupport_introspection_cpp/clearrun_msgs/msg/detail/fod_array__type_support.cpp.o[0m
[17.280s] [ 48%] [32mBuilding CXX object CMakeFiles/clearrun_msgs__rosidl_typesupport_c.dir/rosidl_typesupport_c/clearrun_msgs/msg/scoop_status__type_support.cpp.o[0m
[17.282s] [ 48%] [32mBuilding CXX object CMakeFiles/clearrun_msgs__rosidl_typesupport_introspection_cpp.dir/rosidl_typesupport_introspection_cpp/clearrun_msgs/msg/detail/scoop_command__type_support.cpp.o[0m
[17.447s] [ 50%] [32mBuilding CXX object CMakeFiles/clearrun_msgs__rosidl_typesupport_fastrtps_c.dir/rosidl_typesupport_fastrtps_c/clearrun_msgs/msg/detail/fod_location__type_support_c.cpp.o[0m
[17.473s] [ 51%] [32mBuilding C object CMakeFiles/clearrun_msgs__rosidl_typesupport_introspection_c.dir/rosidl_typesupport_introspection_c/clearrun_msgs/msg/detail/fod_array__type_support.c.o[0m
[17.537s] [ 53%] [32m[1mLinking CXX shared library libclearrun_msgs__rosidl_typesupport_c.so[0m
[17.585s] [ 54%] [32mBuilding CXX object CMakeFiles/clearrun_msgs__rosidl_typesupport_fastrtps_cpp.dir/rosidl_typesupport_fastrtps_cpp/clearrun_msgs/msg/detail/dds_fastrtps/fod_location__type_support.cpp.o[0m
[17.708s] [ 54%] Built target clearrun_msgs__rosidl_typesupport_c
[17.737s] [ 57%] [32mBuilding CXX object CMakeFiles/clearrun_msgs__rosidl_typesupport_introspection_cpp.dir/rosidl_typesupport_introspection_cpp/clearrun_msgs/msg/detail/scoop_status__type_support.cpp.o[0m
[17.738s] [ 57%] [32mBuilding C object CMakeFiles/clearrun_msgs__rosidl_typesupport_introspection_c.dir/rosidl_typesupport_introspection_c/clearrun_msgs/msg/detail/scoop_command__type_support.c.o[0m
[17.956s] [ 59%] [32mBuilding C object CMakeFiles/clearrun_msgs__rosidl_typesupport_introspection_c.dir/rosidl_typesupport_introspection_c/clearrun_msgs/msg/detail/scoop_status__type_support.c.o[0m
[18.327s] [ 60%] [32m[1mLinking C shared library libclearrun_msgs__rosidl_typesupport_introspection_c.so[0m
[18.545s] [ 60%] Built target clearrun_msgs__rosidl_typesupport_introspection_c
[18.607s] [ 62%] [32mBuilding CXX object CMakeFiles/clearrun_msgs__rosidl_typesupport_cpp.dir/rosidl_typesupport_cpp/clearrun_msgs/msg/fod_array__type_support.cpp.o[0m
[18.744s] [ 64%] [32mBuilding CXX object CMakeFiles/clearrun_msgs__rosidl_typesupport_fastrtps_c.dir/rosidl_typesupport_fastrtps_c/clearrun_msgs/msg/detail/fod_array__type_support_c.cpp.o[0m
[18.780s] [ 65%] [32mBuilding CXX object CMakeFiles/clearrun_msgs__rosidl_typesupport_fastrtps_c.dir/rosidl_typesupport_fastrtps_c/clearrun_msgs/msg/detail/scoop_command__type_support_c.cpp.o[0m
[18.996s] [ 67%] [32mBuilding CXX object CMakeFiles/clearrun_msgs__rosidl_typesupport_fastrtps_cpp.dir/rosidl_typesupport_fastrtps_cpp/clearrun_msgs/msg/detail/dds_fastrtps/fod_array__type_support.cpp.o[0m
[19.199s] [ 68%] [32mBuilding CXX object CMakeFiles/clearrun_msgs__rosidl_typesupport_cpp.dir/rosidl_typesupport_cpp/clearrun_msgs/msg/scoop_command__type_support.cpp.o[0m
[19.294s] [ 70%] [32m[1mLinking CXX shared library libclearrun_msgs__rosidl_typesupport_introspection_cpp.so[0m
[19.649s] [ 70%] Built target clearrun_msgs__rosidl_typesupport_introspection_cpp
[19.678s] [ 71%] [32mBuilding CXX object CMakeFiles/clearrun_msgs__rosidl_typesupport_fastrtps_c.dir/rosidl_typesupport_fastrtps_c/clearrun_msgs/msg/detail/scoop_status__type_support_c.cpp.o[0m
[19.827s] [ 73%] [32mBuilding CXX object CMakeFiles/clearrun_msgs__rosidl_typesupport_fastrtps_cpp.dir/rosidl_typesupport_fastrtps_cpp/clearrun_msgs/msg/detail/dds_fastrtps/scoop_command__type_support.cpp.o[0m
[19.923s] [ 75%] [32mBuilding CXX object CMakeFiles/clearrun_msgs__rosidl_typesupport_fastrtps_cpp.dir/rosidl_typesupport_fastrtps_cpp/clearrun_msgs/msg/detail/dds_fastrtps/scoop_status__type_support.cpp.o[0m
[20.287s] [ 76%] [32mBuilding CXX object CMakeFiles/clearrun_msgs__rosidl_typesupport_cpp.dir/rosidl_typesupport_cpp/clearrun_msgs/msg/scoop_status__type_support.cpp.o[0m
[21.882s] [ 78%] [32m[1mLinking CXX shared library libclearrun_msgs__rosidl_typesupport_cpp.so[0m
[21.911s] [ 79%] [32m[1mLinking CXX shared library libclearrun_msgs__rosidl_typesupport_fastrtps_c.so[0m
[22.021s] [ 79%] Built target clearrun_msgs__rosidl_typesupport_cpp
[22.158s] [ 79%] Built target clearrun_msgs__rosidl_typesupport_fastrtps_c
[22.414s] [ 81%] [32m[1mLinking CXX shared library libclearrun_msgs__rosidl_typesupport_fastrtps_cpp.so[0m
[22.807s] [ 81%] Built target clearrun_msgs__rosidl_typesupport_fastrtps_cpp
[22.908s] [ 81%] Built target clearrun_msgs
[23.013s] [ 82%] [34m[1mGenerating Python code for ROS interfaces[0m
[25.590s] [ 82%] Built target clearrun_msgs__py
[25.646s] [ 84%] [32mBuilding C object CMakeFiles/clearrun_msgs__rosidl_generator_py.dir/rosidl_generator_py/clearrun_msgs/msg/_fod_location_s.c.o[0m
[25.647s] [ 85%] [32mBuilding C object CMakeFiles/clearrun_msgs__rosidl_generator_py.dir/rosidl_generator_py/clearrun_msgs/msg/_scoop_status_s.c.o[0m
[25.652s] [ 89%] [32mBuilding C object CMakeFiles/clearrun_msgs__rosidl_generator_py.dir/rosidl_generator_py/clearrun_msgs/msg/_fod_array_s.c.o[0m
[25.653s] [ 89%] [32mBuilding C object CMakeFiles/clearrun_msgs__rosidl_generator_py.dir/rosidl_generator_py/clearrun_msgs/msg/_scoop_command_s.c.o[0m
[26.493s] [ 90%] [32m[1mLinking C shared library libclearrun_msgs__rosidl_generator_py.so[0m
[26.640s] [ 90%] Built target clearrun_msgs__rosidl_generator_py
[26.724s] [ 93%] [32mBuilding C object CMakeFiles/clearrun_msgs_s__rosidl_typesupport_introspection_c.dir/rosidl_generator_py/clearrun_msgs/_clearrun_msgs_s.ep.rosidl_typesupport_introspection_c.c.o[0m
[26.726s] [ 93%] [32mBuilding C object CMakeFiles/clearrun_msgs_s__rosidl_typesupport_fastrtps_c.dir/rosidl_generator_py/clearrun_msgs/_clearrun_msgs_s.ep.rosidl_typesupport_fastrtps_c.c.o[0m
[26.726s] [ 95%] [32mBuilding C object CMakeFiles/clearrun_msgs_s__rosidl_typesupport_c.dir/rosidl_generator_py/clearrun_msgs/_clearrun_msgs_s.ep.rosidl_typesupport_c.c.o[0m
[27.282s] [ 96%] [32m[1mLinking C shared module rosidl_generator_py/clearrun_msgs/clearrun_msgs_s__rosidl_typesupport_c.so[0m
[27.317s] [ 98%] [32m[1mLinking C shared module rosidl_generator_py/clearrun_msgs/clearrun_msgs_s__rosidl_typesupport_fastrtps_c.so[0m
[27.325s] [100%] [32m[1mLinking C shared module rosidl_generator_py/clearrun_msgs/clearrun_msgs_s__rosidl_typesupport_introspection_c.so[0m
[27.375s] [100%] Built target clearrun_msgs_s__rosidl_typesupport_c
[27.444s] [100%] Built target clearrun_msgs_s__rosidl_typesupport_introspection_c
[27.445s] [100%] Built target clearrun_msgs_s__rosidl_typesupport_fastrtps_c
[27.498s] Invoked command in '/home/gondal/Clear-Run/build/clearrun_msgs' returned '0': CMAKE_PREFIX_PATH=${CMAKE_PREFIX_PATH}:/opt/ros/jazzy DEBUGINFOD_URLS=https://debuginfod.ubuntu.com VIRTUAL_ENV_PROMPT=(venv-ardupilot) /usr/bin/cmake --build /home/gondal/Clear-Run/build/clearrun_msgs -- -j8 -l8
[27.539s] Invoking command in '/home/gondal/Clear-Run/build/clearrun_msgs': CMAKE_PREFIX_PATH=${CMAKE_PREFIX_PATH}:/opt/ros/jazzy DEBUGINFOD_URLS=https://debuginfod.ubuntu.com VIRTUAL_ENV_PROMPT=(venv-ardupilot) /usr/bin/cmake --install /home/gondal/Clear-Run/build/clearrun_msgs
[27.577s] -- Install configuration: ""
[27.579s] -- Execute custom install script
[27.580s] -- Symlinking: /home/gondal/Clear-Run/install/clearrun_msgs/share/ament_index/resource_index/rosidl_interfaces/clearrun_msgs
[27.614s] -- Symlinking: /home/gondal/Clear-Run/install/clearrun_msgs/share/clearrun_msgs/msg/FodLocation.json
[27.659s] -- Symlinking: /home/gondal/Clear-Run/install/clearrun_msgs/share/clearrun_msgs/msg/FodArray.json
[27.691s] -- Symlinking: /home/gondal/Clear-Run/install/clearrun_msgs/share/clearrun_msgs/msg/ScoopCommand.json
[27.724s] -- Symlinking: /home/gondal/Clear-Run/install/clearrun_msgs/share/clearrun_msgs/msg/ScoopStatus.json
[27.768s] -- Symlinking: /home/gondal/Clear-Run/install/clearrun_msgs/include/clearrun_msgs/clearrun_msgs/msg/detail/fod_array__functions.h
[27.799s] -- Symlinking: /home/gondal/Clear-Run/install/clearrun_msgs/include/clearrun_msgs/clearrun_msgs/msg/detail/fod_array__struct.h
[27.833s] -- Symlinking: /home/gondal/Clear-Run/install/clearrun_msgs/include/clearrun_msgs/clearrun_msgs/msg/detail/fod_array__type_support.h
[27.876s] -- Symlinking: /home/gondal/Clear-Run/install/clearrun_msgs/include/clearrun_msgs/clearrun_msgs/msg/detail/fod_location__functions.h
[27.909s] -- Symlinking: /home/gondal/Clear-Run/install/clearrun_msgs/include/clearrun_msgs/clearrun_msgs/msg/detail/fod_location__struct.h
[27.951s] -- Symlinking: /home/gondal/Clear-Run/install/clearrun_msgs/include/clearrun_msgs/clearrun_msgs/msg/detail/fod_location__type_support.h
[27.985s] -- Symlinking: /home/gondal/Clear-Run/install/clearrun_msgs/include/clearrun_msgs/clearrun_msgs/msg/detail/scoop_command__functions.h
[28.016s] -- Symlinking: /home/gondal/Clear-Run/install/clearrun_msgs/include/clearrun_msgs/clearrun_msgs/msg/detail/scoop_command__struct.h
[28.057s] -- Symlinking: /home/gondal/Clear-Run/install/clearrun_msgs/include/clearrun_msgs/clearrun_msgs/msg/detail/scoop_command__type_support.h
[28.090s] -- Symlinking: /home/gondal/Clear-Run/install/clearrun_msgs/include/clearrun_msgs/clearrun_msgs/msg/detail/scoop_status__functions.h
[28.122s] -- Symlinking: /home/gondal/Clear-Run/install/clearrun_msgs/include/clearrun_msgs/clearrun_msgs/msg/detail/scoop_status__struct.h
[28.164s] -- Symlinking: /home/gondal/Clear-Run/install/clearrun_msgs/include/clearrun_msgs/clearrun_msgs/msg/detail/scoop_status__type_support.h
[28.194s] -- Symlinking: /home/gondal/Clear-Run/install/clearrun_msgs/include/clearrun_msgs/clearrun_msgs/msg/fod_array.h
[28.228s] -- Symlinking: /home/gondal/Clear-Run/install/clearrun_msgs/include/clearrun_msgs/clearrun_msgs/msg/fod_location.h
[28.261s] -- Symlinking: /home/gondal/Clear-Run/install/clearrun_msgs/include/clearrun_msgs/clearrun_msgs/msg/rosidl_generator_c__visibility_control.h
[28.289s] -- Symlinking: /home/gondal/Clear-Run/install/clearrun_msgs/include/clearrun_msgs/clearrun_msgs/msg/scoop_command.h
[28.314s] -- Symlinking: /home/gondal/Clear-Run/install/clearrun_msgs/include/clearrun_msgs/clearrun_msgs/msg/scoop_status.h
[28.349s] -- Symlinking: /home/gondal/Clear-Run/install/clearrun_msgs/share/clearrun_msgs/environment/library_path.sh
[28.382s] -- Symlinking: /home/gondal/Clear-Run/install/clearrun_msgs/share/clearrun_msgs/environment/library_path.dsv
[28.414s] -- Symlinking: /home/gondal/Clear-Run/install/clearrun_msgs/include/clearrun_msgs/clearrun_msgs/msg/detail/fod_array__rosidl_typesupport_fastrtps_c.h
[28.455s] -- Symlinking: /home/gondal/Clear-Run/install/clearrun_msgs/include/clearrun_msgs/clearrun_msgs/msg/detail/fod_location__rosidl_typesupport_fastrtps_c.h
[28.484s] -- Symlinking: /home/gondal/Clear-Run/install/clearrun_msgs/include/clearrun_msgs/clearrun_msgs/msg/detail/scoop_command__rosidl_typesupport_fastrtps_c.h
[28.513s] -- Symlinking: /home/gondal/Clear-Run/install/clearrun_msgs/include/clearrun_msgs/clearrun_msgs/msg/detail/scoop_status__rosidl_typesupport_fastrtps_c.h
[28.554s] -- Symlinking: /home/gondal/Clear-Run/install/clearrun_msgs/include/clearrun_msgs/clearrun_msgs/msg/rosidl_typesupport_fastrtps_c__visibility_control.h
[28.590s] -- Symlinking: /home/gondal/Clear-Run/install/clearrun_msgs/include/clearrun_msgs/clearrun_msgs/msg/detail/fod_array__builder.hpp
[28.624s] -- Symlinking: /home/gondal/Clear-Run/install/clearrun_msgs/include/clearrun_msgs/clearrun_msgs/msg/detail/fod_array__struct.hpp
[28.664s] -- Symlinking: /home/gondal/Clear-Run/install/clearrun_msgs/include/clearrun_msgs/clearrun_msgs/msg/detail/fod_array__traits.hpp
[28.697s] -- Symlinking: /home/gondal/Clear-Run/install/clearrun_msgs/include/clearrun_msgs/clearrun_msgs/msg/detail/fod_array__type_support.hpp
[28.732s] -- Symlinking: /home/gondal/Clear-Run/install/clearrun_msgs/include/clearrun_msgs/clearrun_msgs/msg/detail/fod_location__builder.hpp
[28.771s] -- Symlinking: /home/gondal/Clear-Run/install/clearrun_msgs/include/clearrun_msgs/clearrun_msgs/msg/detail/fod_location__struct.hpp
[28.801s] -- Symlinking: /home/gondal/Clear-Run/install/clearrun_msgs/include/clearrun_msgs/clearrun_msgs/msg/detail/fod_location__traits.hpp
[28.839s] -- Symlinking: /home/gondal/Clear-Run/install/clearrun_msgs/include/clearrun_msgs/clearrun_msgs/msg/detail/fod_location__type_support.hpp
[28.879s] -- Symlinking: /home/gondal/Clear-Run/install/clearrun_msgs/include/clearrun_msgs/clearrun_msgs/msg/detail/scoop_command__builder.hpp
[28.912s] -- Symlinking: /home/gondal/Clear-Run/install/clearrun_msgs/include/clearrun_msgs/clearrun_msgs/msg/detail/scoop_command__struct.hpp
[28.957s] -- Symlinking: /home/gondal/Clear-Run/install/clearrun_msgs/include/clearrun_msgs/clearrun_msgs/msg/detail/scoop_command__traits.hpp
[28.992s] -- Symlinking: /home/gondal/Clear-Run/install/clearrun_msgs/include/clearrun_msgs/clearrun_msgs/msg/detail/scoop_command__type_support.hpp
[29.029s] -- Symlinking: /home/gondal/Clear-Run/install/clearrun_msgs/include/clearrun_msgs/clearrun_msgs/msg/detail/scoop_status__builder.hpp
[29.066s] -- Symlinking: /home/gondal/Clear-Run/install/clearrun_msgs/include/clearrun_msgs/clearrun_msgs/msg/detail/scoop_status__struct.hpp
[29.100s] -- Symlinking: /home/gondal/Clear-Run/install/clearrun_msgs/include/clearrun_msgs/clearrun_msgs/msg/detail/scoop_status__traits.hpp
[29.136s] -- Symlinking: /home/gondal/Clear-Run/install/clearrun_msgs/include/clearrun_msgs/clearrun_msgs/msg/detail/scoop_status__type_support.hpp
[29.175s] -- Symlinking: /home/gondal/Clear-Run/install/clearrun_msgs/include/clearrun_msgs/clearrun_msgs/msg/fod_array.hpp
[29.208s] -- Symlinking: /home/gondal/Clear-Run/install/clearrun_msgs/include/clearrun_msgs/clearrun_msgs/msg/fod_location.hpp
[29.245s] -- Symlinking: /home/gondal/Clear-Run/install/clearrun_msgs/include/clearrun_msgs/clearrun_msgs/msg/rosidl_generator_cpp__visibility_control.hpp
[29.281s] -- Symlinking: /home/gondal/Clear-Run/install/clearrun_msgs/include/clearrun_msgs/clearrun_msgs/msg/scoop_command.hpp
[29.312s] -- Symlinking: /home/gondal/Clear-Run/install/clearrun_msgs/include/clearrun_msgs/clearrun_msgs/msg/scoop_status.hpp
[29.353s] -- Symlinking: /home/gondal/Clear-Run/install/clearrun_msgs/include/clearrun_msgs/clearrun_msgs/msg/detail/fod_array__rosidl_typesupport_fastrtps_cpp.hpp
[29.389s] -- Symlinking: /home/gondal/Clear-Run/install/clearrun_msgs/include/clearrun_msgs/clearrun_msgs/msg/detail/fod_location__rosidl_typesupport_fastrtps_cpp.hpp
[29.420s] -- Symlinking: /home/gondal/Clear-Run/install/clearrun_msgs/include/clearrun_msgs/clearrun_msgs/msg/detail/scoop_command__rosidl_typesupport_fastrtps_cpp.hpp
[29.461s] -- Symlinking: /home/gondal/Clear-Run/install/clearrun_msgs/include/clearrun_msgs/clearrun_msgs/msg/detail/scoop_status__rosidl_typesupport_fastrtps_cpp.hpp
[29.492s] -- Symlinking: /home/gondal/Clear-Run/install/clearrun_msgs/include/clearrun_msgs/clearrun_msgs/msg/rosidl_typesupport_fastrtps_cpp__visibility_control.h
[29.524s] -- Symlinking: /home/gondal/Clear-Run/install/clearrun_msgs/include/clearrun_msgs/clearrun_msgs/msg/detail/fod_array__rosidl_typesupport_introspection_c.h
[29.565s] -- Symlinking: /home/gondal/Clear-Run/install/clearrun_msgs/include/clearrun_msgs/clearrun_msgs/msg/detail/fod_location__rosidl_typesupport_introspection_c.h
[29.598s] -- Symlinking: /home/gondal/Clear-Run/install/clearrun_msgs/include/clearrun_msgs/clearrun_msgs/msg/detail/scoop_command__rosidl_typesupport_introspection_c.h
[29.632s] -- Symlinking: /home/gondal/Clear-Run/install/clearrun_msgs/include/clearrun_msgs/clearrun_msgs/msg/detail/scoop_status__rosidl_typesupport_introspection_c.h
[29.673s] -- Symlinking: /home/gondal/Clear-Run/install/clearrun_msgs/include/clearrun_msgs/clearrun_msgs/msg/rosidl_typesupport_introspection_c__visibility_control.h
[29.703s] -- Symlinking: /home/gondal/Clear-Run/install/clearrun_msgs/include/clearrun_msgs/clearrun_msgs/msg/detail/fod_array__rosidl_typesupport_introspection_cpp.hpp
[29.741s] -- Symlinking: /home/gondal/Clear-Run/install/clearrun_msgs/include/clearrun_msgs/clearrun_msgs/msg/detail/fod_location__rosidl_typesupport_introspection_cpp.hpp
[29.778s] -- Symlinking: /home/gondal/Clear-Run/install/clearrun_msgs/include/clearrun_msgs/clearrun_msgs/msg/detail/scoop_command__rosidl_typesupport_introspection_cpp.hpp
[29.813s] -- Symlinking: /home/gondal/Clear-Run/install/clearrun_msgs/include/clearrun_msgs/clearrun_msgs/msg/detail/scoop_status__rosidl_typesupport_introspection_cpp.hpp
[29.855s] -- Symlinking: /home/gondal/Clear-Run/install/clearrun_msgs/share/clearrun_msgs/environment/pythonpath.sh
[29.891s] -- Symlinking: /home/gondal/Clear-Run/install/clearrun_msgs/share/clearrun_msgs/environment/pythonpath.dsv
[29.922s] -- Symlinking: /home/gondal/Clear-Run/install/clearrun_msgs/lib/python3.12/site-packages/clearrun_msgs-1.0.0-py3.12.egg-info/PKG-INFO
[29.963s] -- Symlinking: /home/gondal/Clear-Run/install/clearrun_msgs/lib/python3.12/site-packages/clearrun_msgs-1.0.0-py3.12.egg-info/SOURCES.txt
[29.997s] -- Symlinking: /home/gondal/Clear-Run/install/clearrun_msgs/lib/python3.12/site-packages/clearrun_msgs-1.0.0-py3.12.egg-info/dependency_links.txt
[30.027s] -- Symlinking: /home/gondal/Clear-Run/install/clearrun_msgs/lib/python3.12/site-packages/clearrun_msgs-1.0.0-py3.12.egg-info/top_level.txt
[30.071s] -- Symlinking: /home/gondal/Clear-Run/install/clearrun_msgs/lib/python3.12/site-packages/clearrun_msgs/__init__.py
[30.102s] -- Symlinking: /home/gondal/Clear-Run/install/clearrun_msgs/lib/python3.12/site-packages/clearrun_msgs/_clearrun_msgs_s.ep.rosidl_typesupport_c.c
[30.149s] -- Symlinking: /home/gondal/Clear-Run/install/clearrun_msgs/lib/python3.12/site-packages/clearrun_msgs/_clearrun_msgs_s.ep.rosidl_typesupport_fastrtps_c.c
[30.191s] -- Symlinking: /home/gondal/Clear-Run/install/clearrun_msgs/lib/python3.12/site-packages/clearrun_msgs/_clearrun_msgs_s.ep.rosidl_typesupport_introspection_c.c
[30.228s] -- Symlinking: /home/gondal/Clear-Run/install/clearrun_msgs/lib/python3.12/site-packages/clearrun_msgs/clearrun_msgs_s__rosidl_typesupport_c.so
[30.276s] -- Symlinking: /home/gondal/Clear-Run/install/clearrun_msgs/lib/python3.12/site-packages/clearrun_msgs/clearrun_msgs_s__rosidl_typesupport_fastrtps_c.so
[30.316s] -- Symlinking: /home/gondal/Clear-Run/install/clearrun_msgs/lib/python3.12/site-packages/clearrun_msgs/clearrun_msgs_s__rosidl_typesupport_introspection_c.so
[30.361s] -- Symlinking: /home/gondal/Clear-Run/install/clearrun_msgs/lib/python3.12/site-packages/clearrun_msgs/msg/__init__.py
[30.403s] -- Symlinking: /home/gondal/Clear-Run/install/clearrun_msgs/lib/python3.12/site-packages/clearrun_msgs/msg/_fod_array.py
[30.451s] -- Symlinking: /home/gondal/Clear-Run/install/clearrun_msgs/lib/python3.12/site-packages/clearrun_msgs/msg/_fod_array_s.c
[30.493s] -- Symlinking: /home/gondal/Clear-Run/install/clearrun_msgs/lib/python3.12/site-packages/clearrun_msgs/msg/_fod_location.py
[30.542s] -- Symlinking: /home/gondal/Clear-Run/install/clearrun_msgs/lib/python3.12/site-packages/clearrun_msgs/msg/_fod_location_s.c
[30.587s] -- Symlinking: /home/gondal/Clear-Run/install/clearrun_msgs/lib/python3.12/site-packages/clearrun_msgs/msg/_scoop_command.py
[30.628s] -- Symlinking: /home/gondal/Clear-Run/install/clearrun_msgs/lib/python3.12/site-packages/clearrun_msgs/msg/_scoop_command_s.c
[30.673s] -- Symlinking: /home/gondal/Clear-Run/install/clearrun_msgs/lib/python3.12/site-packages/clearrun_msgs/msg/_scoop_status.py
[30.713s] -- Symlinking: /home/gondal/Clear-Run/install/clearrun_msgs/lib/python3.12/site-packages/clearrun_msgs/msg/_scoop_status_s.c
[30.759s] -- Up-to-date symlink: /home/gondal/Clear-Run/install/clearrun_msgs/lib/python3.12/site-packages/clearrun_msgs/clearrun_msgs_s__rosidl_typesupport_fastrtps_c.so
[30.760s] -- Up-to-date symlink: /home/gondal/Clear-Run/install/clearrun_msgs/lib/python3.12/site-packages/clearrun_msgs/clearrun_msgs_s__rosidl_typesupport_introspection_c.so
[30.762s] -- Up-to-date symlink: /home/gondal/Clear-Run/install/clearrun_msgs/lib/python3.12/site-packages/clearrun_msgs/clearrun_msgs_s__rosidl_typesupport_c.so
[30.763s] -- Symlinking: /home/gondal/Clear-Run/install/clearrun_msgs/share/clearrun_msgs/msg/FodLocation.idl
[30.821s] -- Symlinking: /home/gondal/Clear-Run/install/clearrun_msgs/share/clearrun_msgs/msg/FodArray.idl
[30.858s] -- Symlinking: /home/gondal/Clear-Run/install/clearrun_msgs/share/clearrun_msgs/msg/ScoopCommand.idl
[30.907s] -- Symlinking: /home/gondal/Clear-Run/install/clearrun_msgs/share/clearrun_msgs/msg/ScoopStatus.idl
[30.945s] -- Symlinking: /home/gondal/Clear-Run/install/clearrun_msgs/share/clearrun_msgs/msg/FodLocation.msg
[30.992s] -- Symlinking: /home/gondal/Clear-Run/install/clearrun_msgs/share/clearrun_msgs/msg/FodArray.msg
[31.033s] -- Symlinking: /home/gondal/Clear-Run/install/clearrun_msgs/share/clearrun_msgs/msg/ScoopCommand.msg
[31.077s] -- Symlinking: /home/gondal/Clear-Run/install/clearrun_msgs/share/clearrun_msgs/msg/ScoopStatus.msg
[31.126s] -- Symlinking: /home/gondal/Clear-Run/install/clearrun_msgs/share/ament_index/resource_index/package_run_dependencies/clearrun_msgs
[31.194s] -- Symlinking: /home/gondal/Clear-Run/install/clearrun_msgs/share/ament_index/resource_index/parent_prefix_path/clearrun_msgs
[31.236s] -- Symlinking: /home/gondal/Clear-Run/install/clearrun_msgs/share/clearrun_msgs/environment/ament_prefix_path.sh
[31.266s] -- Symlinking: /home/gondal/Clear-Run/install/clearrun_msgs/share/clearrun_msgs/environment/ament_prefix_path.dsv
[31.294s] -- Symlinking: /home/gondal/Clear-Run/install/clearrun_msgs/share/clearrun_msgs/environment/path.sh
[31.333s] -- Symlinking: /home/gondal/Clear-Run/install/clearrun_msgs/share/clearrun_msgs/environment/path.dsv
[31.390s] -- Symlinking: /home/gondal/Clear-Run/install/clearrun_msgs/share/clearrun_msgs/local_setup.bash
[31.434s] -- Symlinking: /home/gondal/Clear-Run/install/clearrun_msgs/share/clearrun_msgs/local_setup.sh
[31.474s] -- Symlinking: /home/gondal/Clear-Run/install/clearrun_msgs/share/clearrun_msgs/local_setup.zsh
[31.517s] -- Symlinking: /home/gondal/Clear-Run/install/clearrun_msgs/share/clearrun_msgs/local_setup.dsv
[31.569s] -- Symlinking: /home/gondal/Clear-Run/install/clearrun_msgs/share/clearrun_msgs/package.dsv
[31.603s] -- Symlinking: /home/gondal/Clear-Run/install/clearrun_msgs/share/ament_index/resource_index/packages/clearrun_msgs
[31.640s] -- Symlinking: /home/gondal/Clear-Run/install/clearrun_msgs/share/clearrun_msgs/cmake/rosidl_cmake-extras.cmake
[31.680s] -- Symlinking: /home/gondal/Clear-Run/install/clearrun_msgs/share/clearrun_msgs/cmake/ament_cmake_export_dependencies-extras.cmake
[31.710s] -- Symlinking: /home/gondal/Clear-Run/install/clearrun_msgs/share/clearrun_msgs/cmake/ament_cmake_export_include_directories-extras.cmake
[31.748s] -- Symlinking: /home/gondal/Clear-Run/install/clearrun_msgs/share/clearrun_msgs/cmake/ament_cmake_export_libraries-extras.cmake
[31.784s] -- Symlinking: /home/gondal/Clear-Run/install/clearrun_msgs/share/clearrun_msgs/cmake/ament_cmake_export_targets-extras.cmake
[31.815s] -- Symlinking: /home/gondal/Clear-Run/install/clearrun_msgs/share/clearrun_msgs/cmake/rosidl_cmake_export_typesupport_targets-extras.cmake
[31.857s] -- Symlinking: /home/gondal/Clear-Run/install/clearrun_msgs/share/clearrun_msgs/cmake/rosidl_cmake_export_typesupport_libraries-extras.cmake
[31.893s] -- Symlinking: /home/gondal/Clear-Run/install/clearrun_msgs/share/clearrun_msgs/cmake/clearrun_msgsConfig.cmake
[31.929s] -- Symlinking: /home/gondal/Clear-Run/install/clearrun_msgs/share/clearrun_msgs/cmake/clearrun_msgsConfig-version.cmake
[31.967s] -- Symlinking: /home/gondal/Clear-Run/install/clearrun_msgs/share/clearrun_msgs/package.xml
[31.998s] -- Installing: /home/gondal/Clear-Run/install/clearrun_msgs/lib/libclearrun_msgs__rosidl_generator_c.so
[32.000s] -- Set non-toolchain portion of runtime path of "/home/gondal/Clear-Run/install/clearrun_msgs/lib/libclearrun_msgs__rosidl_generator_c.so" to ""
[32.001s] -- Installing: /home/gondal/Clear-Run/install/clearrun_msgs/lib/libclearrun_msgs__rosidl_typesupport_fastrtps_c.so
[32.003s] -- Set non-toolchain portion of runtime path of "/home/gondal/Clear-Run/install/clearrun_msgs/lib/libclearrun_msgs__rosidl_typesupport_fastrtps_c.so" to ""
[32.003s] -- Installing: /home/gondal/Clear-Run/install/clearrun_msgs/lib/libclearrun_msgs__rosidl_typesupport_fastrtps_cpp.so
[32.005s] -- Set non-toolchain portion of runtime path of "/home/gondal/Clear-Run/install/clearrun_msgs/lib/libclearrun_msgs__rosidl_typesupport_fastrtps_cpp.so" to ""
[32.006s] -- Installing: /home/gondal/Clear-Run/install/clearrun_msgs/lib/libclearrun_msgs__rosidl_typesupport_introspection_c.so
[32.008s] -- Set non-toolchain portion of runtime path of "/home/gondal/Clear-Run/install/clearrun_msgs/lib/libclearrun_msgs__rosidl_typesupport_introspection_c.so" to ""
[32.008s] -- Installing: /home/gondal/Clear-Run/install/clearrun_msgs/lib/libclearrun_msgs__rosidl_typesupport_c.so
[32.010s] -- Set non-toolchain portion of runtime path of "/home/gondal/Clear-Run/install/clearrun_msgs/lib/libclearrun_msgs__rosidl_typesupport_c.so" to ""
[32.010s] -- Installing: /home/gondal/Clear-Run/install/clearrun_msgs/lib/libclearrun_msgs__rosidl_typesupport_introspection_cpp.so
[32.012s] -- Set non-toolchain portion of runtime path of "/home/gondal/Clear-Run/install/clearrun_msgs/lib/libclearrun_msgs__rosidl_typesupport_introspection_cpp.so" to ""
[32.012s] -- Installing: /home/gondal/Clear-Run/install/clearrun_msgs/lib/libclearrun_msgs__rosidl_typesupport_cpp.so
[32.014s] -- Set non-toolchain portion of runtime path of "/home/gondal/Clear-Run/install/clearrun_msgs/lib/libclearrun_msgs__rosidl_typesupport_cpp.so" to ""
[32.190s] Listing '/home/gondal/Clear-Run/install/clearrun_msgs/lib/python3.12/site-packages/clearrun_msgs'...
[32.191s] Compiling '/home/gondal/Clear-Run/install/clearrun_msgs/lib/python3.12/site-packages/clearrun_msgs/__init__.py'...
[32.191s] Listing '/home/gondal/Clear-Run/install/clearrun_msgs/lib/python3.12/site-packages/clearrun_msgs/msg'...
[32.192s] Compiling '/home/gondal/Clear-Run/install/clearrun_msgs/lib/python3.12/site-packages/clearrun_msgs/msg/__init__.py'...
[32.192s] Compiling '/home/gondal/Clear-Run/install/clearrun_msgs/lib/python3.12/site-packages/clearrun_msgs/msg/_fod_array.py'...
[32.192s] Compiling '/home/gondal/Clear-Run/install/clearrun_msgs/lib/python3.12/site-packages/clearrun_msgs/msg/_fod_location.py'...
[32.193s] Compiling '/home/gondal/Clear-Run/install/clearrun_msgs/lib/python3.12/site-packages/clearrun_msgs/msg/_scoop_command.py'...
[32.193s] Compiling '/home/gondal/Clear-Run/install/clearrun_msgs/lib/python3.12/site-packages/clearrun_msgs/msg/_scoop_status.py'...
[32.208s] -- Installing: /home/gondal/Clear-Run/install/clearrun_msgs/lib/libclearrun_msgs__rosidl_generator_py.so
[32.210s] -- Set non-toolchain portion of runtime path of "/home/gondal/Clear-Run/install/clearrun_msgs/lib/libclearrun_msgs__rosidl_generator_py.so" to ""
[32.210s] -- Installing: /home/gondal/Clear-Run/install/clearrun_msgs/share/clearrun_msgs/cmake/export_clearrun_msgs__rosidl_generator_cExport.cmake
[32.211s] -- Installing: /home/gondal/Clear-Run/install/clearrun_msgs/share/clearrun_msgs/cmake/export_clearrun_msgs__rosidl_generator_cExport-noconfig.cmake
[32.212s] -- Installing: /home/gondal/Clear-Run/install/clearrun_msgs/share/clearrun_msgs/cmake/export_clearrun_msgs__rosidl_typesupport_fastrtps_cExport.cmake
[32.212s] -- Installing: /home/gondal/Clear-Run/install/clearrun_msgs/share/clearrun_msgs/cmake/export_clearrun_msgs__rosidl_typesupport_fastrtps_cExport-noconfig.cmake
[32.213s] -- Installing: /home/gondal/Clear-Run/install/clearrun_msgs/share/clearrun_msgs/cmake/export_clearrun_msgs__rosidl_generator_cppExport.cmake
[32.213s] -- Installing: /home/gondal/Clear-Run/install/clearrun_msgs/share/clearrun_msgs/cmake/export_clearrun_msgs__rosidl_typesupport_fastrtps_cppExport.cmake
[32.213s] -- Installing: /home/gondal/Clear-Run/install/clearrun_msgs/share/clearrun_msgs/cmake/export_clearrun_msgs__rosidl_typesupport_fastrtps_cppExport-noconfig.cmake
[32.214s] -- Installing: /home/gondal/Clear-Run/install/clearrun_msgs/share/clearrun_msgs/cmake/clearrun_msgs__rosidl_typesupport_introspection_cExport.cmake
[32.215s] -- Installing: /home/gondal/Clear-Run/install/clearrun_msgs/share/clearrun_msgs/cmake/clearrun_msgs__rosidl_typesupport_introspection_cExport-noconfig.cmake
[32.215s] -- Installing: /home/gondal/Clear-Run/install/clearrun_msgs/share/clearrun_msgs/cmake/clearrun_msgs__rosidl_typesupport_cExport.cmake
[32.216s] -- Installing: /home/gondal/Clear-Run/install/clearrun_msgs/share/clearrun_msgs/cmake/clearrun_msgs__rosidl_typesupport_cExport-noconfig.cmake
[32.216s] -- Installing: /home/gondal/Clear-Run/install/clearrun_msgs/share/clearrun_msgs/cmake/clearrun_msgs__rosidl_typesupport_introspection_cppExport.cmake
[32.217s] -- Installing: /home/gondal/Clear-Run/install/clearrun_msgs/share/clearrun_msgs/cmake/clearrun_msgs__rosidl_typesupport_introspection_cppExport-noconfig.cmake
[32.217s] -- Installing: /home/gondal/Clear-Run/install/clearrun_msgs/share/clearrun_msgs/cmake/clearrun_msgs__rosidl_typesupport_cppExport.cmake
[32.218s] -- Installing: /home/gondal/Clear-Run/install/clearrun_msgs/share/clearrun_msgs/cmake/clearrun_msgs__rosidl_typesupport_cppExport-noconfig.cmake
[32.218s] -- Installing: /home/gondal/Clear-Run/install/clearrun_msgs/share/clearrun_msgs/cmake/export_clearrun_msgs__rosidl_generator_pyExport.cmake
[32.219s] -- Installing: /home/gondal/Clear-Run/install/clearrun_msgs/share/clearrun_msgs/cmake/export_clearrun_msgs__rosidl_generator_pyExport-noconfig.cmake
[32.232s] Invoked command in '/home/gondal/Clear-Run/build/clearrun_msgs' returned '0': CMAKE_PREFIX_PATH=${CMAKE_PREFIX_PATH}:/opt/ros/jazzy DEBUGINFOD_URLS=https://debuginfod.ubuntu.com VIRTUAL_ENV_PROMPT=(venv-ardupilot) /usr/bin/cmake --install /home/gondal/Clear-Run/build/clearrun_msgs
